device: cuda:0
Epoch [60/800], Loss: 0.4889
Epoch [120/800], Loss: 0.2976
Epoch [180/800], Loss: 0.1993
Epoch [240/800], Loss: 0.0985
Epoch [300/800], Loss: 0.0198
Epoch [360/800], Loss: 0.0040
Epoch [420/800], Loss: 0.0023
Epoch [480/800], Loss: 0.0031
Epoch [540/800], Loss: 0.0013
Epoch [600/800], Loss: 0.0033
Epoch [660/800], Loss: 0.0014
Epoch [720/800], Loss: 0.0011
Epoch [780/800], Loss: 0.0011
0.6830212473869324
0.6706985235214233
0.6735811233520508
0.643521249294281
0.6315778493881226
Test Power of C2ST-L:  0.0
Epoch [60/800], Loss: 0.4610
Epoch [120/800], Loss: 0.3044
Epoch [180/800], Loss: 0.2870
Epoch [240/800], Loss: 0.1054
Epoch [300/800], Loss: 0.0637
Epoch [360/800], Loss: 0.0054
Epoch [420/800], Loss: 0.0045
Epoch [480/800], Loss: 0.0026
Epoch [540/800], Loss: 0.0019
Epoch [600/800], Loss: 0.0014
Epoch [660/800], Loss: 0.0044
Epoch [720/800], Loss: 0.0011
Epoch [780/800], Loss: 0.0010
0.6872376203536987
0.6695929169654846
0.6584961414337158
0.640680730342865
0.6207795143127441
Test Power of C2ST-L:  0.0
Epoch [60/800], Loss: 0.4860
Epoch [120/800], Loss: 0.3042
Epoch [180/800], Loss: 0.2538
Epoch [240/800], Loss: 0.1016
Epoch [300/800], Loss: 0.0955
Epoch [360/800], Loss: 0.0925
Epoch [420/800], Loss: 0.0104
Epoch [480/800], Loss: 0.0057
Epoch [540/800], Loss: 0.0033
Epoch [600/800], Loss: 0.0030
Epoch [660/800], Loss: 0.0034
Epoch [720/800], Loss: 0.0014
Epoch [780/800], Loss: 0.0023
0.6824436187744141
0.6637528538703918
0.6621717810630798
0.6357763409614563
0.6148049831390381
Test Power of C2ST-L:  1.0
Epoch [60/800], Loss: 0.4347
Epoch [120/800], Loss: 0.2976
Epoch [180/800], Loss: 0.1233
Epoch [240/800], Loss: 0.0984
Epoch [300/800], Loss: 0.0991
Epoch [360/800], Loss: 0.0972
Epoch [420/800], Loss: 0.0916
Epoch [480/800], Loss: 0.0060
Epoch [540/800], Loss: 0.0026
Epoch [600/800], Loss: 0.0025
Epoch [660/800], Loss: 0.0018
Epoch [720/800], Loss: 0.0017
Epoch [780/800], Loss: 0.0012
0.6893945932388306
0.6757979393005371
0.6727683544158936
0.6492604613304138
0.6404769420623779
Test Power of C2ST-L:  0.0
Epoch [60/800], Loss: 0.4815
Epoch [120/800], Loss: 0.2999
Epoch [180/800], Loss: 0.2801
Epoch [240/800], Loss: 0.1993
Epoch [300/800], Loss: 0.1011
Epoch [360/800], Loss: 0.0075
Epoch [420/800], Loss: 0.0038
Epoch [480/800], Loss: 0.0027
Epoch [540/800], Loss: 0.0025
Epoch [600/800], Loss: 0.0024
Epoch [660/800], Loss: 0.0027
Epoch [720/800], Loss: 0.0013
Epoch [780/800], Loss: 0.0028
0.6823281049728394
0.6643853187561035
0.6421583294868469
0.6190943121910095
0.5999839901924133
Test Power of C2ST-L:  0.0
Epoch [60/800], Loss: 0.4896
Epoch [120/800], Loss: 0.2832
Epoch [180/800], Loss: 0.2053
Epoch [240/800], Loss: 0.1245
Epoch [300/800], Loss: 0.1011
Epoch [360/800], Loss: 0.0966
Epoch [420/800], Loss: 0.0997
Epoch [480/800], Loss: 0.0933
Epoch [540/800], Loss: 0.0934
Epoch [600/800], Loss: 0.0092
Epoch [660/800], Loss: 0.0030
Epoch [720/800], Loss: 0.0017
Epoch [780/800], Loss: 0.0013
0.6825420260429382
0.6579917073249817
0.6323264241218567
0.6088705062866211
0.5840039849281311
Test Power of C2ST-L:  0.0
Epoch [60/800], Loss: 0.4471
Epoch [120/800], Loss: 0.3070
Epoch [180/800], Loss: 0.1955
Epoch [240/800], Loss: 0.1928
Epoch [300/800], Loss: 0.0986
Epoch [360/800], Loss: 0.0922
Epoch [420/800], Loss: 0.0905
Epoch [480/800], Loss: 0.0173
Epoch [540/800], Loss: 0.0037
Epoch [600/800], Loss: 0.0041
Epoch [660/800], Loss: 0.0016
Epoch [720/800], Loss: 0.0017
Epoch [780/800], Loss: 0.0015
0.6799960136413574
0.6638820171356201
0.6598431468009949
0.6418899297714233
0.620413064956665
Test Power of C2ST-L:  1.0
Epoch [60/800], Loss: 0.4694
Epoch [120/800], Loss: 0.2997
Epoch [180/800], Loss: 0.1703
Epoch [240/800], Loss: 0.0982
Epoch [300/800], Loss: 0.0795
Epoch [360/800], Loss: 0.0046
Epoch [420/800], Loss: 0.0031
Epoch [480/800], Loss: 0.0017
Epoch [540/800], Loss: 0.0019
Epoch [600/800], Loss: 0.0016
Epoch [660/800], Loss: 0.0017
Epoch [720/800], Loss: 0.0051
Epoch [780/800], Loss: 0.0022
0.6786803603172302
0.6622084975242615
0.6477420926094055
0.6213160157203674
0.6036072969436646
Test Power of C2ST-L:  0.0
Epoch [60/800], Loss: 0.4641
Epoch [120/800], Loss: 0.3074
Epoch [180/800], Loss: 0.2708
Epoch [240/800], Loss: 0.1030
Epoch [300/800], Loss: 0.1000
Epoch [360/800], Loss: 0.0978
Epoch [420/800], Loss: 0.0923
Epoch [480/800], Loss: 0.0063
Epoch [540/800], Loss: 0.0036
Epoch [600/800], Loss: 0.0022
Epoch [660/800], Loss: 0.0024
Epoch [720/800], Loss: 0.0016
Epoch [780/800], Loss: 0.0018
0.6894503235816956
0.6781318783760071
0.665871262550354
0.6440176963806152
0.6272082924842834
Test Power of C2ST-L:  0.0
Epoch [60/800], Loss: 0.4753
Epoch [120/800], Loss: 0.2965
Epoch [180/800], Loss: 0.1972
Epoch [240/800], Loss: 0.1717
Epoch [300/800], Loss: 0.0985
Epoch [360/800], Loss: 0.0916
Epoch [420/800], Loss: 0.0965
Epoch [480/800], Loss: 0.0956
Epoch [540/800], Loss: 0.0928
Epoch [600/800], Loss: 0.0436
Epoch [660/800], Loss: 0.0024
Epoch [720/800], Loss: 0.0020
Epoch [780/800], Loss: 0.0012
0.6806322336196899
0.6534916162490845
0.6474158763885498
0.6213760375976562
0.6075779795646667
Test Power of C2ST-L:  0.0
Epoch [60/800], Loss: 0.4798
Epoch [120/800], Loss: 0.2974
Epoch [180/800], Loss: 0.2050
Epoch [240/800], Loss: 0.1019
Epoch [300/800], Loss: 0.0967
Epoch [360/800], Loss: 0.0957
Epoch [420/800], Loss: 0.0876
Epoch [480/800], Loss: 0.0034
Epoch [540/800], Loss: 0.0021
Epoch [600/800], Loss: 0.0014
Epoch [660/800], Loss: 0.0015
Epoch [720/800], Loss: 0.0013
Epoch [780/800], Loss: 0.0011
0.6807783246040344
0.659320056438446
0.64054274559021
0.6163285970687866
0.5872860550880432
Test Power of C2ST-L:  0.0
Epoch [60/800], Loss: 0.4580
Epoch [120/800], Loss: 0.2922
Epoch [180/800], Loss: 0.2539
Epoch [240/800], Loss: 0.1246
Epoch [300/800], Loss: 0.1001
Epoch [360/800], Loss: 0.0153
Epoch [420/800], Loss: 0.0044
Epoch [480/800], Loss: 0.0024
Epoch [540/800], Loss: 0.0024
Epoch [600/800], Loss: 0.0017
Epoch [660/800], Loss: 0.0023
Epoch [720/800], Loss: 0.0009
Epoch [780/800], Loss: 0.0025
0.6878049969673157
0.6738155484199524
0.6601741909980774
0.6293001770973206
0.59610915184021
Test Power of C2ST-L:  1.0
Epoch [60/800], Loss: 0.4498
Epoch [120/800], Loss: 0.2940
Epoch [180/800], Loss: 0.2019
Epoch [240/800], Loss: 0.1941
Epoch [300/800], Loss: 0.1052
Epoch [360/800], Loss: 0.0965
Epoch [420/800], Loss: 0.0088
Epoch [480/800], Loss: 0.0038
Epoch [540/800], Loss: 0.0028
Epoch [600/800], Loss: 0.0021
Epoch [660/800], Loss: 0.0016
Epoch [720/800], Loss: 0.0012
Epoch [780/800], Loss: 0.0016
0.6839442849159241
0.6625474095344543
0.6429684162139893
0.60795658826828
0.5901938080787659
Test Power of C2ST-L:  1.0
Epoch [60/800], Loss: 0.4871
Epoch [120/800], Loss: 0.2887
Epoch [180/800], Loss: 0.2051
Epoch [240/800], Loss: 0.1144
Epoch [300/800], Loss: 0.0909
Epoch [360/800], Loss: 0.1021
Epoch [420/800], Loss: 0.0083
Epoch [480/800], Loss: 0.0062
Epoch [540/800], Loss: 0.0023
Epoch [600/800], Loss: 0.0036
Epoch [660/800], Loss: 0.0093
Epoch [720/800], Loss: 0.0011
Epoch [780/800], Loss: 0.0010
0.6836367249488831
0.6612118482589722
0.653304398059845
0.635437548160553
0.6259166598320007
Test Power of C2ST-L:  1.0
Epoch [60/800], Loss: 0.5081
Epoch [120/800], Loss: 0.2934
Epoch [180/800], Loss: 0.2781
Epoch [240/800], Loss: 0.1049
Epoch [300/800], Loss: 0.0993
Epoch [360/800], Loss: 0.0085
Epoch [420/800], Loss: 0.0027
Epoch [480/800], Loss: 0.0082
Epoch [540/800], Loss: 0.0028
Epoch [600/800], Loss: 0.0018
Epoch [660/800], Loss: 0.0028
Epoch [720/800], Loss: 0.0026
Epoch [780/800], Loss: 0.0031
0.6855999827384949
0.664202868938446
0.6581135392189026
0.6366311311721802
0.6194008588790894
Test Power of C2ST-L:  1.0
Epoch [60/800], Loss: 0.4839
Epoch [120/800], Loss: 0.3185
Epoch [180/800], Loss: 0.2806
Epoch [240/800], Loss: 0.1974
Epoch [300/800], Loss: 0.1020
Epoch [360/800], Loss: 0.0063
Epoch [420/800], Loss: 0.0041
Epoch [480/800], Loss: 0.0031
Epoch [540/800], Loss: 0.0036
Epoch [600/800], Loss: 0.0019
Epoch [660/800], Loss: 0.0012
Epoch [720/800], Loss: 0.0012
Epoch [780/800], Loss: 0.0035
0.6850877404212952
0.670703649520874
0.667168378829956
0.6376956105232239
0.6185083985328674
Test Power of C2ST-L:  1.0
Epoch [60/800], Loss: 0.4731
Epoch [120/800], Loss: 0.2939
Epoch [180/800], Loss: 0.1984
Epoch [240/800], Loss: 0.1879
Epoch [300/800], Loss: 0.1020
Epoch [360/800], Loss: 0.1069
Epoch [420/800], Loss: 0.0049
Epoch [480/800], Loss: 0.0041
Epoch [540/800], Loss: 0.0016
Epoch [600/800], Loss: 0.0025
Epoch [660/800], Loss: 0.0017
Epoch [720/800], Loss: 0.0013
Epoch [780/800], Loss: 0.0016
0.6849762797355652
0.6680270433425903
0.6606240272521973
0.6376460194587708
0.6266769766807556
Test Power of C2ST-L:  0.0
Epoch [60/800], Loss: 0.4977
Epoch [120/800], Loss: 0.2951
Epoch [180/800], Loss: 0.2111
Epoch [240/800], Loss: 0.1076
Epoch [300/800], Loss: 0.0942
Epoch [360/800], Loss: 0.0954
Epoch [420/800], Loss: 0.0933
Epoch [480/800], Loss: 0.0672
Epoch [540/800], Loss: 0.0080
Epoch [600/800], Loss: 0.0024
Epoch [660/800], Loss: 0.0050
Epoch [720/800], Loss: 0.0026
Epoch [780/800], Loss: 0.0024
0.6865020990371704
0.6705418229103088
0.6594496369361877
0.6391217708587646
0.6176996231079102
Test Power of C2ST-L:  0.0
Epoch [60/800], Loss: 0.4785
Epoch [120/800], Loss: 0.2920
Epoch [180/800], Loss: 0.2043
Epoch [240/800], Loss: 0.1892
Epoch [300/800], Loss: 0.1921
Epoch [360/800], Loss: 0.0986
Epoch [420/800], Loss: 0.0051
Epoch [480/800], Loss: 0.0030
Epoch [540/800], Loss: 0.0024
Epoch [600/800], Loss: 0.0020
Epoch [660/800], Loss: 0.0019
Epoch [720/800], Loss: 0.0010
Epoch [780/800], Loss: 0.0031
0.6877254247665405
0.673780083656311
0.6687944531440735
0.6392632722854614
0.6239368915557861
Test Power of C2ST-L:  1.0
Epoch [60/800], Loss: 0.4585
Epoch [120/800], Loss: 0.2867
Epoch [180/800], Loss: 0.2008
Epoch [240/800], Loss: 0.0973
Epoch [300/800], Loss: 0.0896
Epoch [360/800], Loss: 0.0056
Epoch [420/800], Loss: 0.0037
Epoch [480/800], Loss: 0.0057
Epoch [540/800], Loss: 0.0020
Epoch [600/800], Loss: 0.0019
Epoch [660/800], Loss: 0.0031
Epoch [720/800], Loss: 0.0018
Epoch [780/800], Loss: 0.0023
0.6872978806495667
0.660149097442627
0.6475096344947815
0.6272767186164856
0.6148754358291626
Test Power of C2ST-L:  1.0
Epoch [60/800], Loss: 0.4308
Epoch [120/800], Loss: 0.2973
Epoch [180/800], Loss: 0.1959
Epoch [240/800], Loss: 0.1076
Epoch [300/800], Loss: 0.0818
Epoch [360/800], Loss: 0.0054
Epoch [420/800], Loss: 0.0167
Epoch [480/800], Loss: 0.0016
Epoch [540/800], Loss: 0.0038
Epoch [600/800], Loss: 0.0041
Epoch [660/800], Loss: 0.0013
Epoch [720/800], Loss: 0.0010
Epoch [780/800], Loss: 0.0013
0.6833120584487915
0.6649803519248962
0.6471630930900574
0.6395106911659241
0.6229573488235474
Test Power of C2ST-L:  0.0
Epoch [60/800], Loss: 0.4406
Epoch [120/800], Loss: 0.2927
Epoch [180/800], Loss: 0.1990
Epoch [240/800], Loss: 0.1020
Epoch [300/800], Loss: 0.0920
Epoch [360/800], Loss: 0.0049
Epoch [420/800], Loss: 0.0023
Epoch [480/800], Loss: 0.0017
Epoch [540/800], Loss: 0.0016
Epoch [600/800], Loss: 0.0015
Epoch [660/800], Loss: 0.0020
Epoch [720/800], Loss: 0.0020
Epoch [780/800], Loss: 0.0015
0.685947835445404
0.6749734282493591
0.663162350654602
0.6411502361297607
0.6289835572242737
Test Power of C2ST-L:  1.0
Epoch [60/800], Loss: 0.4408
Epoch [120/800], Loss: 0.2909
Epoch [180/800], Loss: 0.1938
Epoch [240/800], Loss: 0.1729
Epoch [300/800], Loss: 0.0655
Epoch [360/800], Loss: 0.0052
Epoch [420/800], Loss: 0.0031
Epoch [480/800], Loss: 0.0015
Epoch [540/800], Loss: 0.0015
Epoch [600/800], Loss: 0.0019
Epoch [660/800], Loss: 0.0012
Epoch [720/800], Loss: 0.0017
Epoch [780/800], Loss: 0.0025
0.6860748529434204
0.6699886918067932
0.6545166373252869
0.6367053389549255
0.6178385019302368
Test Power of C2ST-L:  0.0
Epoch [60/800], Loss: 0.4749
Epoch [120/800], Loss: 0.2972
Epoch [180/800], Loss: 0.2069
Epoch [240/800], Loss: 0.1872
Epoch [300/800], Loss: 0.1018
Epoch [360/800], Loss: 0.0992
Epoch [420/800], Loss: 0.0976
Epoch [480/800], Loss: 0.0983
Epoch [540/800], Loss: 0.0048
Epoch [600/800], Loss: 0.0021
Epoch [660/800], Loss: 0.0077
Epoch [720/800], Loss: 0.0013
Epoch [780/800], Loss: 0.0030
0.6839563250541687
0.6744762659072876
0.6717318296432495
0.6429654359817505
0.6257480382919312
Test Power of C2ST-L:  0.0
Epoch [60/800], Loss: 0.4299
Epoch [120/800], Loss: 0.2925
Epoch [180/800], Loss: 0.2490
Epoch [240/800], Loss: 0.1170
Epoch [300/800], Loss: 0.0941
Epoch [360/800], Loss: 0.0904
Epoch [420/800], Loss: 0.0919
Epoch [480/800], Loss: 0.0581
Epoch [540/800], Loss: 0.0048
Epoch [600/800], Loss: 0.0022
Epoch [660/800], Loss: 0.0014
Epoch [720/800], Loss: 0.0023
Epoch [780/800], Loss: 0.0022
0.6835388541221619
0.6680846810340881
0.6562776565551758
0.6362008452415466
0.6191041469573975
Test Power of C2ST-L:  0.0
Epoch [60/800], Loss: 0.4679
Epoch [120/800], Loss: 0.2957
Epoch [180/800], Loss: 0.2632
Epoch [240/800], Loss: 0.1185
Epoch [300/800], Loss: 0.1008
Epoch [360/800], Loss: 0.0121
Epoch [420/800], Loss: 0.0027
Epoch [480/800], Loss: 0.0028
Epoch [540/800], Loss: 0.0021
Epoch [600/800], Loss: 0.0012
Epoch [660/800], Loss: 0.0015
Epoch [720/800], Loss: 0.0021
Epoch [780/800], Loss: 0.0019
0.6878833174705505
0.6750400066375732
0.6705528497695923
0.6547493934631348
0.6398102641105652
Test Power of C2ST-L:  1.0
Epoch [60/800], Loss: 0.4599
Epoch [120/800], Loss: 0.2901
Epoch [180/800], Loss: 0.1908
Epoch [240/800], Loss: 0.1046
Epoch [300/800], Loss: 0.0104
Epoch [360/800], Loss: 0.0078
Epoch [420/800], Loss: 0.0033
Epoch [480/800], Loss: 0.0019
Epoch [540/800], Loss: 0.0013
Epoch [600/800], Loss: 0.0017
Epoch [660/800], Loss: 0.0010
Epoch [720/800], Loss: 0.0009
Epoch [780/800], Loss: 0.0010
0.6800310611724854
0.6570377945899963
0.6436105370521545
0.6312135457992554
0.6153614521026611
Test Power of C2ST-L:  0.0
Epoch [60/800], Loss: 0.4682
Epoch [120/800], Loss: 0.3146
Epoch [180/800], Loss: 0.2084
Epoch [240/800], Loss: 0.1061
Epoch [300/800], Loss: 0.0877
Epoch [360/800], Loss: 0.0090
Epoch [420/800], Loss: 0.0036
Epoch [480/800], Loss: 0.0020
Epoch [540/800], Loss: 0.0024
Epoch [600/800], Loss: 0.0015
Epoch [660/800], Loss: 0.0013
Epoch [720/800], Loss: 0.0029
Epoch [780/800], Loss: 0.0026
0.6881348490715027
0.6707695722579956
0.6597167253494263
0.6304455399513245
0.6132506728172302
Test Power of C2ST-L:  1.0
Epoch [60/800], Loss: 0.4698
Epoch [120/800], Loss: 0.2785
Epoch [180/800], Loss: 0.1781
Epoch [240/800], Loss: 0.0958
Epoch [300/800], Loss: 0.0975
Epoch [360/800], Loss: 0.0898
Epoch [420/800], Loss: 0.0079
Epoch [480/800], Loss: 0.0034
Epoch [540/800], Loss: 0.0016
Epoch [600/800], Loss: 0.0036
Epoch [660/800], Loss: 0.0021
Epoch [720/800], Loss: 0.0019
Epoch [780/800], Loss: 0.0018
0.6872925758361816
0.6741477251052856
0.6713992357254028
0.645876407623291
0.629270613193512
Test Power of C2ST-L:  0.0
Epoch [60/800], Loss: 0.4679
Epoch [120/800], Loss: 0.2967
Epoch [180/800], Loss: 0.1445
Epoch [240/800], Loss: 0.0974
Epoch [300/800], Loss: 0.0979
Epoch [360/800], Loss: 0.0895
Epoch [420/800], Loss: 0.0113
Epoch [480/800], Loss: 0.0035
Epoch [540/800], Loss: 0.0021
Epoch [600/800], Loss: 0.0022
Epoch [660/800], Loss: 0.0033
Epoch [720/800], Loss: 0.0033
Epoch [780/800], Loss: 0.0018
0.686555027961731
0.6737409234046936
0.6662094593048096
0.6579671502113342
0.6444100141525269
Test Power of C2ST-L:  1.0
Epoch [60/800], Loss: 0.4747
Epoch [120/800], Loss: 0.2985
Epoch [180/800], Loss: 0.2052
Epoch [240/800], Loss: 0.1652
Epoch [300/800], Loss: 0.0159
Epoch [360/800], Loss: 0.0040
Epoch [420/800], Loss: 0.0028
Epoch [480/800], Loss: 0.0017
Epoch [540/800], Loss: 0.0018
Epoch [600/800], Loss: 0.0016
Epoch [660/800], Loss: 0.0014
Epoch [720/800], Loss: 0.0015
Epoch [780/800], Loss: 0.0025
0.6787963509559631
0.6598016023635864
0.6440228819847107
0.615247905254364
0.59376460313797
Test Power of C2ST-L:  1.0
Epoch [60/800], Loss: 0.4909
Epoch [120/800], Loss: 0.3042
Epoch [180/800], Loss: 0.1648
Epoch [240/800], Loss: 0.0988
Epoch [300/800], Loss: 0.0987
Epoch [360/800], Loss: 0.0949
Epoch [420/800], Loss: 0.0087
Epoch [480/800], Loss: 0.0070
Epoch [540/800], Loss: 0.0073
Epoch [600/800], Loss: 0.0017
Epoch [660/800], Loss: 0.0018
Epoch [720/800], Loss: 0.0015
Epoch [780/800], Loss: 0.0024
0.6839132308959961
0.6681532263755798
0.6567205190658569
0.6322838664054871
0.6100553870201111
Test Power of C2ST-L:  1.0
Epoch [60/800], Loss: 0.4759
Epoch [120/800], Loss: 0.2890
Epoch [180/800], Loss: 0.1809
Epoch [240/800], Loss: 0.1012
Epoch [300/800], Loss: 0.0906
Epoch [360/800], Loss: 0.0914
Epoch [420/800], Loss: 0.0070
Epoch [480/800], Loss: 0.0034
Epoch [540/800], Loss: 0.0020
Epoch [600/800], Loss: 0.0018
Epoch [660/800], Loss: 0.0018
Epoch [720/800], Loss: 0.0012
Epoch [780/800], Loss: 0.0048
0.6856158971786499
0.6676884889602661
0.6509503722190857
0.6294848918914795
0.6158701181411743
Test Power of C2ST-L:  1.0
Epoch [60/800], Loss: 0.4741
Epoch [120/800], Loss: 0.2997
Epoch [180/800], Loss: 0.1911
Epoch [240/800], Loss: 0.1047
Epoch [300/800], Loss: 0.1062
Epoch [360/800], Loss: 0.0970
Epoch [420/800], Loss: 0.0877
Epoch [480/800], Loss: 0.0185
Epoch [540/800], Loss: 0.0080
Epoch [600/800], Loss: 0.0020
Epoch [660/800], Loss: 0.0018
Epoch [720/800], Loss: 0.0024
Epoch [780/800], Loss: 0.0025
0.6900924444198608
0.6772284507751465
0.6715024709701538
0.6520629525184631
0.641818106174469
Test Power of C2ST-L:  0.0
Epoch [60/800], Loss: 0.4841
Epoch [120/800], Loss: 0.3011
Epoch [180/800], Loss: 0.2331
Epoch [240/800], Loss: 0.0954
Epoch [300/800], Loss: 0.0933
Epoch [360/800], Loss: 0.0926
Epoch [420/800], Loss: 0.0940
Epoch [480/800], Loss: 0.0069
Epoch [540/800], Loss: 0.0023
Epoch [600/800], Loss: 0.0019
Epoch [660/800], Loss: 0.0022
Epoch [720/800], Loss: 0.0053
Epoch [780/800], Loss: 0.0011
0.6817519068717957
0.6672892570495605
0.6651995778083801
0.6421021223068237
0.6283289790153503
Test Power of C2ST-L:  0.0
Epoch [60/800], Loss: 0.4872
Epoch [120/800], Loss: 0.2917
Epoch [180/800], Loss: 0.1901
Epoch [240/800], Loss: 0.0974
Epoch [300/800], Loss: 0.0971
Epoch [360/800], Loss: 0.0098
Epoch [420/800], Loss: 0.0061
Epoch [480/800], Loss: 0.0062
Epoch [540/800], Loss: 0.0028
Epoch [600/800], Loss: 0.0015
Epoch [660/800], Loss: 0.0015
Epoch [720/800], Loss: 0.0010
Epoch [780/800], Loss: 0.0019
0.6880450248718262
0.6701734662055969
0.6520776152610779
0.6364269852638245
0.6257017254829407
Test Power of C2ST-L:  1.0
Epoch [60/800], Loss: 0.4596
Epoch [120/800], Loss: 0.3055
Epoch [180/800], Loss: 0.1828
Epoch [240/800], Loss: 0.1031
Epoch [300/800], Loss: 0.0979
Epoch [360/800], Loss: 0.0086
Epoch [420/800], Loss: 0.0027
Epoch [480/800], Loss: 0.0036
Epoch [540/800], Loss: 0.0018
Epoch [600/800], Loss: 0.0012
Epoch [660/800], Loss: 0.0013
Epoch [720/800], Loss: 0.0013
Epoch [780/800], Loss: 0.0014
0.6839086413383484
0.6588207483291626
0.6591121554374695
0.6315456628799438
0.6186787486076355
Test Power of C2ST-L:  1.0
Epoch [60/800], Loss: 0.4798
Epoch [120/800], Loss: 0.2986
Epoch [180/800], Loss: 0.2121
Epoch [240/800], Loss: 0.1047
Epoch [300/800], Loss: 0.0837
Epoch [360/800], Loss: 0.0940
Epoch [420/800], Loss: 0.0053
Epoch [480/800], Loss: 0.0029
Epoch [540/800], Loss: 0.0025
Epoch [600/800], Loss: 0.0015
Epoch [660/800], Loss: 0.0015
Epoch [720/800], Loss: 0.0010
Epoch [780/800], Loss: 0.0010
0.6881056427955627
0.6744721531867981
0.6634998917579651
0.6340419054031372
0.6185796856880188
Test Power of C2ST-L:  1.0
Epoch [60/800], Loss: 0.4774
Epoch [120/800], Loss: 0.2993
Epoch [180/800], Loss: 0.1323
Epoch [240/800], Loss: 0.1035
Epoch [300/800], Loss: 0.0959
Epoch [360/800], Loss: 0.0943
Epoch [420/800], Loss: 0.0956
Epoch [480/800], Loss: 0.0130
Epoch [540/800], Loss: 0.0036
Epoch [600/800], Loss: 0.0024
Epoch [660/800], Loss: 0.0022
Epoch [720/800], Loss: 0.0018
Epoch [780/800], Loss: 0.0014
0.6862307190895081
0.6607944965362549
0.6553876996040344
0.635624349117279
0.6140236854553223
Test Power of C2ST-L:  1.0
Epoch [60/800], Loss: 0.4857
Epoch [120/800], Loss: 0.2999
Epoch [180/800], Loss: 0.2255
Epoch [240/800], Loss: 0.1048
Epoch [300/800], Loss: 0.1044
Epoch [360/800], Loss: 0.0972
Epoch [420/800], Loss: 0.0939
Epoch [480/800], Loss: 0.0887
Epoch [540/800], Loss: 0.0942
Epoch [600/800], Loss: 0.0078
Epoch [660/800], Loss: 0.0029
Epoch [720/800], Loss: 0.0022
Epoch [780/800], Loss: 0.0036
0.6864578127861023
0.6775264143943787
0.6716196537017822
0.6484187245368958
0.6276797652244568
Test Power of C2ST-L:  1.0
Epoch [60/800], Loss: 0.4764
Epoch [120/800], Loss: 0.2928
Epoch [180/800], Loss: 0.1988
Epoch [240/800], Loss: 0.0987
Epoch [300/800], Loss: 0.0870
Epoch [360/800], Loss: 0.0941
Epoch [420/800], Loss: 0.1638
Epoch [480/800], Loss: 0.0066
Epoch [540/800], Loss: 0.0033
Epoch [600/800], Loss: 0.0033
Epoch [660/800], Loss: 0.0017
Epoch [720/800], Loss: 0.0016
Epoch [780/800], Loss: 0.0020
0.6874870657920837
0.6704968214035034
0.6657723188400269
0.641432523727417
0.6234133243560791
Test Power of C2ST-L:  0.0
Epoch [60/800], Loss: 0.4927
Epoch [120/800], Loss: 0.2985
Epoch [180/800], Loss: 0.1952
Epoch [240/800], Loss: 0.1062
Epoch [300/800], Loss: 0.1060
Epoch [360/800], Loss: 0.0162
Epoch [420/800], Loss: 0.0081
Epoch [480/800], Loss: 0.0025
Epoch [540/800], Loss: 0.0014
Epoch [600/800], Loss: 0.0030
Epoch [660/800], Loss: 0.0020
Epoch [720/800], Loss: 0.0013
Epoch [780/800], Loss: 0.0015
0.6834093332290649
0.6659871339797974
0.6615548133850098
0.6503128409385681
0.6297751665115356
Test Power of C2ST-L:  0.0
Epoch [60/800], Loss: 0.4907
Epoch [120/800], Loss: 0.3017
Epoch [180/800], Loss: 0.2119
Epoch [240/800], Loss: 0.1047
Epoch [300/800], Loss: 0.1006
Epoch [360/800], Loss: 0.0910
Epoch [420/800], Loss: 0.0886
Epoch [480/800], Loss: 0.0085
Epoch [540/800], Loss: 0.0038
Epoch [600/800], Loss: 0.0063
Epoch [660/800], Loss: 0.0013
Epoch [720/800], Loss: 0.0023
Epoch [780/800], Loss: 0.0020
0.6767488718032837
0.6540830731391907
0.6453026533126831
0.6249068975448608
0.6090292930603027
Test Power of C2ST-L:  1.0
Epoch [60/800], Loss: 0.4775
Epoch [120/800], Loss: 0.2986
Epoch [180/800], Loss: 0.2047
Epoch [240/800], Loss: 0.1524
Epoch [300/800], Loss: 0.0965
Epoch [360/800], Loss: 0.0957
Epoch [420/800], Loss: 0.0059
Epoch [480/800], Loss: 0.0042
Epoch [540/800], Loss: 0.0021
Epoch [600/800], Loss: 0.0018
Epoch [660/800], Loss: 0.0024
Epoch [720/800], Loss: 0.0018
Epoch [780/800], Loss: 0.0023
0.6873192191123962
0.6717618703842163
0.6582452654838562
0.6341002583503723
0.615832507610321
Test Power of C2ST-L:  1.0
Epoch [60/800], Loss: 0.4646
Epoch [120/800], Loss: 0.2806
Epoch [180/800], Loss: 0.2021
Epoch [240/800], Loss: 0.1001
Epoch [300/800], Loss: 0.0897
Epoch [360/800], Loss: 0.0086
Epoch [420/800], Loss: 0.0162
Epoch [480/800], Loss: 0.0026
Epoch [540/800], Loss: 0.0017
Epoch [600/800], Loss: 0.0018
Epoch [660/800], Loss: 0.0013
Epoch [720/800], Loss: 0.0010
Epoch [780/800], Loss: 0.0009
0.6834914088249207
0.6697938442230225
0.6471976041793823
0.627781867980957
0.6106401681900024
Test Power of C2ST-L:  1.0
Epoch [60/800], Loss: 0.4481
Epoch [120/800], Loss: 0.3117
Epoch [180/800], Loss: 0.1955
Epoch [240/800], Loss: 0.1019
Epoch [300/800], Loss: 0.0888
Epoch [360/800], Loss: 0.0050
Epoch [420/800], Loss: 0.0033
Epoch [480/800], Loss: 0.0024
Epoch [540/800], Loss: 0.0036
Epoch [600/800], Loss: 0.0036
Epoch [660/800], Loss: 0.0015
Epoch [720/800], Loss: 0.0037
Epoch [780/800], Loss: 0.0010
0.6852906346321106
0.6719063520431519
0.6622397899627686
0.6429125070571899
0.6237003207206726
Test Power of C2ST-L:  0.0
Epoch [60/800], Loss: 0.4828
Epoch [120/800], Loss: 0.2900
Epoch [180/800], Loss: 0.1955
Epoch [240/800], Loss: 0.1104
Epoch [300/800], Loss: 0.0904
Epoch [360/800], Loss: 0.0990
Epoch [420/800], Loss: 0.0983
Epoch [480/800], Loss: 0.0858
Epoch [540/800], Loss: 0.0032
Epoch [600/800], Loss: 0.0023
Epoch [660/800], Loss: 0.0017
Epoch [720/800], Loss: 0.0011
Epoch [780/800], Loss: 0.0015
0.682582437992096
0.6583094596862793
0.651802659034729
0.6328836679458618
0.6148638725280762
Test Power of C2ST-L:  1.0
Epoch [60/800], Loss: 0.4828
Epoch [120/800], Loss: 0.3043
Epoch [180/800], Loss: 0.1972
Epoch [240/800], Loss: 0.1044
Epoch [300/800], Loss: 0.0889
Epoch [360/800], Loss: 0.0920
Epoch [420/800], Loss: 0.0062
Epoch [480/800], Loss: 0.0040
Epoch [540/800], Loss: 0.0038
Epoch [600/800], Loss: 0.0016
Epoch [660/800], Loss: 0.0027
Epoch [720/800], Loss: 0.0081
Epoch [780/800], Loss: 0.0012
0.6890341639518738
0.6750585436820984
0.671622633934021
0.6431616544723511
0.6269338130950928
Test Power of C2ST-L:  1.0
Epoch [60/800], Loss: 0.4849
Epoch [120/800], Loss: 0.2966
Epoch [180/800], Loss: 0.2158
Epoch [240/800], Loss: 0.1029
Epoch [300/800], Loss: 0.0957
Epoch [360/800], Loss: 0.0140
Epoch [420/800], Loss: 0.0060
Epoch [480/800], Loss: 0.0024
Epoch [540/800], Loss: 0.0026
Epoch [600/800], Loss: 0.0038
Epoch [660/800], Loss: 0.0023
Epoch [720/800], Loss: 0.0014
Epoch [780/800], Loss: 0.0024
0.6835530400276184
0.6724497079849243
0.6771185994148254
0.6378432512283325
0.6230989694595337
Test Power of C2ST-L:  0.0
Epoch [60/800], Loss: 0.4054
Epoch [120/800], Loss: 0.2941
Epoch [180/800], Loss: 0.1839
Epoch [240/800], Loss: 0.1961
Epoch [300/800], Loss: 0.0975
Epoch [360/800], Loss: 0.0111
Epoch [420/800], Loss: 0.0038
Epoch [480/800], Loss: 0.0028
Epoch [540/800], Loss: 0.0073
Epoch [600/800], Loss: 0.0015
Epoch [660/800], Loss: 0.0017
Epoch [720/800], Loss: 0.0040
Epoch [780/800], Loss: 0.0016
0.6811283826828003
0.6590812802314758
0.6564775109291077
0.6279218196868896
0.6051825881004333
Test Power of C2ST-L:  1.0
Epoch [60/800], Loss: 0.4591
Epoch [120/800], Loss: 0.2840
Epoch [180/800], Loss: 0.1302
Epoch [240/800], Loss: 0.0894
Epoch [300/800], Loss: 0.0149
Epoch [360/800], Loss: 0.0050
Epoch [420/800], Loss: 0.0053
Epoch [480/800], Loss: 0.0016
Epoch [540/800], Loss: 0.0027
Epoch [600/800], Loss: 0.0018
Epoch [660/800], Loss: 0.0031
Epoch [720/800], Loss: 0.0015
Epoch [780/800], Loss: 0.0031
0.6830213069915771
0.6630117297172546
0.6546568870544434
0.6334601640701294
0.6070565581321716
Test Power of C2ST-L:  0.0
Epoch [60/800], Loss: 0.4864
Epoch [120/800], Loss: 0.2934
Epoch [180/800], Loss: 0.1890
Epoch [240/800], Loss: 0.0955
Epoch [300/800], Loss: 0.1004
Epoch [360/800], Loss: 0.0212
Epoch [420/800], Loss: 0.0038
Epoch [480/800], Loss: 0.0059
Epoch [540/800], Loss: 0.0069
Epoch [600/800], Loss: 0.0011
Epoch [660/800], Loss: 0.0019
Epoch [720/800], Loss: 0.0021
Epoch [780/800], Loss: 0.0065
0.6846557259559631
0.6658965349197388
0.6454833149909973
0.6239871978759766
0.6036055088043213
Test Power of C2ST-L:  1.0
Epoch [60/800], Loss: 0.4237
Epoch [120/800], Loss: 0.2888
Epoch [180/800], Loss: 0.1940
Epoch [240/800], Loss: 0.1005
Epoch [300/800], Loss: 0.0965
Epoch [360/800], Loss: 0.0072
Epoch [420/800], Loss: 0.0076
Epoch [480/800], Loss: 0.0022
Epoch [540/800], Loss: 0.0015
Epoch [600/800], Loss: 0.0018
Epoch [660/800], Loss: 0.0034
Epoch [720/800], Loss: 0.0021
Epoch [780/800], Loss: 0.0020
0.6856504082679749
0.667545735836029
0.664017915725708
0.6366096138954163
0.6200044751167297
Test Power of C2ST-L:  0.0
Epoch [60/800], Loss: 0.4239
Epoch [120/800], Loss: 0.2940
Epoch [180/800], Loss: 0.1960
Epoch [240/800], Loss: 0.1506
Epoch [300/800], Loss: 0.0957
Epoch [360/800], Loss: 0.0094
Epoch [420/800], Loss: 0.0037
Epoch [480/800], Loss: 0.0029
Epoch [540/800], Loss: 0.0040
Epoch [600/800], Loss: 0.0024
Epoch [660/800], Loss: 0.0015
Epoch [720/800], Loss: 0.0019
Epoch [780/800], Loss: 0.0019
0.6817144155502319
0.6671589016914368
0.666255533695221
0.6233201026916504
0.6047915816307068
Test Power of C2ST-L:  1.0
Epoch [60/800], Loss: 0.4867
Epoch [120/800], Loss: 0.2994
Epoch [180/800], Loss: 0.1958
Epoch [240/800], Loss: 0.1012
Epoch [300/800], Loss: 0.0950
Epoch [360/800], Loss: 0.0953
Epoch [420/800], Loss: 0.0056
Epoch [480/800], Loss: 0.0031
Epoch [540/800], Loss: 0.0027
Epoch [600/800], Loss: 0.0025
Epoch [660/800], Loss: 0.0044
Epoch [720/800], Loss: 0.0014
Epoch [780/800], Loss: 0.0010
0.6881323456764221
0.6735237240791321
0.6699684858322144
0.6378075480461121
0.6161398887634277
Test Power of C2ST-L:  0.0
Epoch [60/800], Loss: 0.4835
Epoch [120/800], Loss: 0.3006
Epoch [180/800], Loss: 0.2965
Epoch [240/800], Loss: 0.1193
Epoch [300/800], Loss: 0.1000
Epoch [360/800], Loss: 0.0067
Epoch [420/800], Loss: 0.0044
Epoch [480/800], Loss: 0.0028
Epoch [540/800], Loss: 0.0013
Epoch [600/800], Loss: 0.0012
Epoch [660/800], Loss: 0.0017
Epoch [720/800], Loss: 0.0086
Epoch [780/800], Loss: 0.0012
0.6820626258850098
0.6657771468162537
0.6465548872947693
0.6240034103393555
0.6086657047271729
Test Power of C2ST-L:  0.0
Epoch [60/800], Loss: 0.4121
Epoch [120/800], Loss: 0.2990
Epoch [180/800], Loss: 0.1896
Epoch [240/800], Loss: 0.1624
Epoch [300/800], Loss: 0.0975
Epoch [360/800], Loss: 0.0907
Epoch [420/800], Loss: 0.0082
Epoch [480/800], Loss: 0.0043
Epoch [540/800], Loss: 0.0037
Epoch [600/800], Loss: 0.0025
Epoch [660/800], Loss: 0.0018
Epoch [720/800], Loss: 0.0041
Epoch [780/800], Loss: 0.0026
0.6864641308784485
0.6756556630134583
0.6763812303543091
0.6570353507995605
0.6483110785484314
Test Power of C2ST-L:  0.0
Epoch [60/800], Loss: 0.4726
Epoch [120/800], Loss: 0.2889
Epoch [180/800], Loss: 0.2031
Epoch [240/800], Loss: 0.1668
Epoch [300/800], Loss: 0.1019
Epoch [360/800], Loss: 0.0085
Epoch [420/800], Loss: 0.0031
Epoch [480/800], Loss: 0.0023
Epoch [540/800], Loss: 0.0027
Epoch [600/800], Loss: 0.0031
Epoch [660/800], Loss: 0.0024
Epoch [720/800], Loss: 0.0013
Epoch [780/800], Loss: 0.0020
0.6843658685684204
0.6650984287261963
0.6640035510063171
0.6356099247932434
0.6178499460220337
Test Power of C2ST-L:  0.0
Epoch [60/800], Loss: 0.4947
Epoch [120/800], Loss: 0.3062
Epoch [180/800], Loss: 0.2520
Epoch [240/800], Loss: 0.1021
Epoch [300/800], Loss: 0.0073
Epoch [360/800], Loss: 0.0048
Epoch [420/800], Loss: 0.0021
Epoch [480/800], Loss: 0.0016
Epoch [540/800], Loss: 0.0021
Epoch [600/800], Loss: 0.0045
Epoch [660/800], Loss: 0.0008
Epoch [720/800], Loss: 0.0073
Epoch [780/800], Loss: 0.0020
0.6877949833869934
0.6767650246620178
0.6698645353317261
0.6469634175300598
0.6226538419723511
Test Power of C2ST-L:  1.0
Epoch [60/800], Loss: 0.4515
Epoch [120/800], Loss: 0.3063
Epoch [180/800], Loss: 0.2063
Epoch [240/800], Loss: 0.1039
Epoch [300/800], Loss: 0.0936
Epoch [360/800], Loss: 0.0782
Epoch [420/800], Loss: 0.0089
Epoch [480/800], Loss: 0.0025
Epoch [540/800], Loss: 0.0017
Epoch [600/800], Loss: 0.0014
Epoch [660/800], Loss: 0.0011
Epoch [720/800], Loss: 0.0020
Epoch [780/800], Loss: 0.0034
0.6819565296173096
0.6615760326385498
0.6528542041778564
0.6283119320869446
0.610507071018219
Test Power of C2ST-L:  0.0
Epoch [60/800], Loss: 0.4834
Epoch [120/800], Loss: 0.2880
Epoch [180/800], Loss: 0.1915
Epoch [240/800], Loss: 0.1292
Epoch [300/800], Loss: 0.1015
Epoch [360/800], Loss: 0.1016
Epoch [420/800], Loss: 0.0902
Epoch [480/800], Loss: 0.0784
Epoch [540/800], Loss: 0.0073
Epoch [600/800], Loss: 0.0036
Epoch [660/800], Loss: 0.0063
Epoch [720/800], Loss: 0.0023
Epoch [780/800], Loss: 0.0022
0.6819007992744446
0.6578889489173889
0.6358466148376465
0.6249409914016724
0.6047242283821106
Test Power of C2ST-L:  0.0
Epoch [60/800], Loss: 0.4831
Epoch [120/800], Loss: 0.2899
Epoch [180/800], Loss: 0.1990
Epoch [240/800], Loss: 0.1142
Epoch [300/800], Loss: 0.0987
Epoch [360/800], Loss: 0.0930
Epoch [420/800], Loss: 0.0900
Epoch [480/800], Loss: 0.0251
Epoch [540/800], Loss: 0.0047
Epoch [600/800], Loss: 0.0086
Epoch [660/800], Loss: 0.0023
Epoch [720/800], Loss: 0.0024
Epoch [780/800], Loss: 0.0013
0.6852907538414001
0.6694150567054749
0.6638757586479187
0.6436014175415039
0.6248261332511902
Test Power of C2ST-L:  1.0
Epoch [60/800], Loss: 0.4514
Epoch [120/800], Loss: 0.3034
Epoch [180/800], Loss: 0.2010
Epoch [240/800], Loss: 0.1904
Epoch [300/800], Loss: 0.0987
Epoch [360/800], Loss: 0.0625
Epoch [420/800], Loss: 0.0047
Epoch [480/800], Loss: 0.0031
Epoch [540/800], Loss: 0.0021
Epoch [600/800], Loss: 0.0060
Epoch [660/800], Loss: 0.0021
Epoch [720/800], Loss: 0.0077
Epoch [780/800], Loss: 0.0056
0.6883702278137207
0.6756388545036316
0.6634160876274109
0.6470548510551453
0.636902928352356
Test Power of C2ST-L:  0.0
Epoch [60/800], Loss: 0.4609
Epoch [120/800], Loss: 0.3054
Epoch [180/800], Loss: 0.2126
Epoch [240/800], Loss: 0.1019
Epoch [300/800], Loss: 0.0943
Epoch [360/800], Loss: 0.0949
Epoch [420/800], Loss: 0.0829
Epoch [480/800], Loss: 0.0064
Epoch [540/800], Loss: 0.0026
Epoch [600/800], Loss: 0.0025
Epoch [660/800], Loss: 0.0026
Epoch [720/800], Loss: 0.0024
Epoch [780/800], Loss: 0.0018
0.6862208247184753
0.6719622015953064
0.6605618000030518
0.637550413608551
0.6170515418052673
Test Power of C2ST-L:  1.0
Epoch [60/800], Loss: 0.4428
Epoch [120/800], Loss: 0.3069
Epoch [180/800], Loss: 0.1933
Epoch [240/800], Loss: 0.0997
Epoch [300/800], Loss: 0.0972
Epoch [360/800], Loss: 0.0882
Epoch [420/800], Loss: 0.0077
Epoch [480/800], Loss: 0.0027
Epoch [540/800], Loss: 0.0019
Epoch [600/800], Loss: 0.0027
Epoch [660/800], Loss: 0.0013
Epoch [720/800], Loss: 0.0019
Epoch [780/800], Loss: 0.0021
0.6829025745391846
0.6694344878196716
0.6509997844696045
0.6321470737457275
0.6148565411567688
Test Power of C2ST-L:  1.0
Epoch [60/800], Loss: 0.4745
Epoch [120/800], Loss: 0.3035
Epoch [180/800], Loss: 0.2799
Epoch [240/800], Loss: 0.1154
Epoch [300/800], Loss: 0.0852
Epoch [360/800], Loss: 0.0056
Epoch [420/800], Loss: 0.0023
Epoch [480/800], Loss: 0.0017
Epoch [540/800], Loss: 0.0017
Epoch [600/800], Loss: 0.0018
Epoch [660/800], Loss: 0.0092
Epoch [720/800], Loss: 0.0032
Epoch [780/800], Loss: 0.0020
0.6888077259063721
0.6749869585037231
0.6566252708435059
0.6314760446548462
0.6161603927612305
Test Power of C2ST-L:  1.0
Epoch [60/800], Loss: 0.4745
Epoch [120/800], Loss: 0.2845
Epoch [180/800], Loss: 0.2005
Epoch [240/800], Loss: 0.0963
Epoch [300/800], Loss: 0.0880
Epoch [360/800], Loss: 0.0044
Epoch [420/800], Loss: 0.0031
Epoch [480/800], Loss: 0.0107
Epoch [540/800], Loss: 0.0022
Epoch [600/800], Loss: 0.0020
Epoch [660/800], Loss: 0.0012
Epoch [720/800], Loss: 0.0009
Epoch [780/800], Loss: 0.0081
0.686256468296051
0.6755104660987854
0.6597561836242676
0.6345717310905457
0.6148250699043274
Test Power of C2ST-L:  0.0
Epoch [60/800], Loss: 0.4549
Epoch [120/800], Loss: 0.3013
Epoch [180/800], Loss: 0.2743
Epoch [240/800], Loss: 0.0929
Epoch [300/800], Loss: 0.0547
Epoch [360/800], Loss: 0.0059
Epoch [420/800], Loss: 0.0025
Epoch [480/800], Loss: 0.0029
Epoch [540/800], Loss: 0.0064
Epoch [600/800], Loss: 0.0017
Epoch [660/800], Loss: 0.0053
Epoch [720/800], Loss: 0.0017
Epoch [780/800], Loss: 0.0017
0.6853090524673462
0.6673573851585388
0.6511030793190002
0.6330700516700745
0.6168514490127563
Test Power of C2ST-L:  1.0
Epoch [60/800], Loss: 0.4786
Epoch [120/800], Loss: 0.2988
Epoch [180/800], Loss: 0.1923
Epoch [240/800], Loss: 0.1167
Epoch [300/800], Loss: 0.0935
Epoch [360/800], Loss: 0.0689
Epoch [420/800], Loss: 0.0066
Epoch [480/800], Loss: 0.0041
Epoch [540/800], Loss: 0.0022
Epoch [600/800], Loss: 0.0020
Epoch [660/800], Loss: 0.0015
Epoch [720/800], Loss: 0.0017
Epoch [780/800], Loss: 0.0016
0.6865109205245972
0.6693809032440186
0.6634210348129272
0.6333158612251282
0.615235447883606
Test Power of C2ST-L:  1.0
Epoch [60/800], Loss: 0.4499
Epoch [120/800], Loss: 0.2921
Epoch [180/800], Loss: 0.2071
Epoch [240/800], Loss: 0.0970
Epoch [300/800], Loss: 0.0941
Epoch [360/800], Loss: 0.1041
Epoch [420/800], Loss: 0.0880
Epoch [480/800], Loss: 0.0875
Epoch [540/800], Loss: 0.0042
Epoch [600/800], Loss: 0.0024
Epoch [660/800], Loss: 0.0014
Epoch [720/800], Loss: 0.0019
Epoch [780/800], Loss: 0.0051
0.6890605092048645
0.6704422235488892
0.6689632534980774
0.6484502553939819
0.6359049081802368
Test Power of C2ST-L:  1.0
Epoch [60/800], Loss: 0.4786
Epoch [120/800], Loss: 0.2996
Epoch [180/800], Loss: 0.1979
Epoch [240/800], Loss: 0.1998
Epoch [300/800], Loss: 0.0963
Epoch [360/800], Loss: 0.0057
Epoch [420/800], Loss: 0.0026
Epoch [480/800], Loss: 0.0017
Epoch [540/800], Loss: 0.0029
Epoch [600/800], Loss: 0.0012
Epoch [660/800], Loss: 0.0016
Epoch [720/800], Loss: 0.0024
Epoch [780/800], Loss: 0.0086
0.6809831261634827
0.6497030258178711
0.6389299631118774
0.6146761178970337
0.5976991057395935
Test Power of C2ST-L:  0.0
Epoch [60/800], Loss: 0.4988
Epoch [120/800], Loss: 0.3054
Epoch [180/800], Loss: 0.2085
Epoch [240/800], Loss: 0.1916
Epoch [300/800], Loss: 0.0930
Epoch [360/800], Loss: 0.0057
Epoch [420/800], Loss: 0.0106
Epoch [480/800], Loss: 0.0025
Epoch [540/800], Loss: 0.0013
Epoch [600/800], Loss: 0.0015
Epoch [660/800], Loss: 0.0013
Epoch [720/800], Loss: 0.0016
Epoch [780/800], Loss: 0.0012
0.686739981174469
0.6755476593971252
0.6735062599182129
0.6385368704795837
0.6203187108039856
Test Power of C2ST-L:  1.0
Epoch [60/800], Loss: 0.4831
Epoch [120/800], Loss: 0.2866
Epoch [180/800], Loss: 0.1921
Epoch [240/800], Loss: 0.1797
Epoch [300/800], Loss: 0.0974
Epoch [360/800], Loss: 0.1002
Epoch [420/800], Loss: 0.0917
Epoch [480/800], Loss: 0.0077
Epoch [540/800], Loss: 0.0025
Epoch [600/800], Loss: 0.0016
Epoch [660/800], Loss: 0.0014
Epoch [720/800], Loss: 0.0027
Epoch [780/800], Loss: 0.0011
0.6771295666694641
0.6552315950393677
0.6412792801856995
0.6190422773361206
0.598986029624939
Test Power of C2ST-L:  1.0
Epoch [60/800], Loss: 0.4857
Epoch [120/800], Loss: 0.3009
Epoch [180/800], Loss: 0.2090
Epoch [240/800], Loss: 0.1146
Epoch [300/800], Loss: 0.0998
Epoch [360/800], Loss: 0.0146
Epoch [420/800], Loss: 0.0047
Epoch [480/800], Loss: 0.0120
Epoch [540/800], Loss: 0.0030
Epoch [600/800], Loss: 0.0021
Epoch [660/800], Loss: 0.0031
Epoch [720/800], Loss: 0.0020
Epoch [780/800], Loss: 0.0014
0.6839021444320679
0.6609934568405151
0.6505580544471741
0.6321240067481995
0.6175667643547058
Test Power of C2ST-L:  0.0
Epoch [60/800], Loss: 0.4756
Epoch [120/800], Loss: 0.3009
Epoch [180/800], Loss: 0.1790
Epoch [240/800], Loss: 0.0891
Epoch [300/800], Loss: 0.0951
Epoch [360/800], Loss: 0.0867
Epoch [420/800], Loss: 0.0849
Epoch [480/800], Loss: 0.0496
Epoch [540/800], Loss: 0.0035
Epoch [600/800], Loss: 0.0026
Epoch [660/800], Loss: 0.0021
Epoch [720/800], Loss: 0.0050
Epoch [780/800], Loss: 0.0018
0.6880341172218323
0.6677781939506531
0.6656036376953125
0.6525421142578125
0.6358121633529663
Test Power of C2ST-L:  0.0
Epoch [60/800], Loss: 0.4646
Epoch [120/800], Loss: 0.2902
Epoch [180/800], Loss: 0.2745
Epoch [240/800], Loss: 0.0999
Epoch [300/800], Loss: 0.1007
Epoch [360/800], Loss: 0.0147
Epoch [420/800], Loss: 0.0029
Epoch [480/800], Loss: 0.0026
Epoch [540/800], Loss: 0.0021
Epoch [600/800], Loss: 0.0015
Epoch [660/800], Loss: 0.0019
Epoch [720/800], Loss: 0.0013
Epoch [780/800], Loss: 0.0041
0.6787797808647156
0.6666706800460815
0.6549984216690063
0.6246767044067383
0.6046581864356995
Test Power of C2ST-L:  1.0
Epoch [60/800], Loss: 0.4680
Epoch [120/800], Loss: 0.3003
Epoch [180/800], Loss: 0.2009
Epoch [240/800], Loss: 0.1720
Epoch [300/800], Loss: 0.1033
Epoch [360/800], Loss: 0.0385
Epoch [420/800], Loss: 0.0034
Epoch [480/800], Loss: 0.0024
Epoch [540/800], Loss: 0.0016
Epoch [600/800], Loss: 0.0016
Epoch [660/800], Loss: 0.0028
Epoch [720/800], Loss: 0.0015
Epoch [780/800], Loss: 0.0010
0.6860289573669434
0.6663388013839722
0.6597585678100586
0.6281818747520447
0.6039190888404846
Test Power of C2ST-L:  0.0
Epoch [60/800], Loss: 0.4727
Epoch [120/800], Loss: 0.3091
Epoch [180/800], Loss: 0.1928
Epoch [240/800], Loss: 0.0993
Epoch [300/800], Loss: 0.0992
Epoch [360/800], Loss: 0.0959
Epoch [420/800], Loss: 0.0937
Epoch [480/800], Loss: 0.0953
Epoch [540/800], Loss: 0.0719
Epoch [600/800], Loss: 0.0163
Epoch [660/800], Loss: 0.0025
Epoch [720/800], Loss: 0.0018
Epoch [780/800], Loss: 0.0016
0.6820167899131775
0.669940710067749
0.6529126167297363
0.6313422918319702
0.6188667416572571
Test Power of C2ST-L:  1.0
Epoch [60/800], Loss: 0.4776
Epoch [120/800], Loss: 0.3013
Epoch [180/800], Loss: 0.1907
Epoch [240/800], Loss: 0.0986
Epoch [300/800], Loss: 0.0285
Epoch [360/800], Loss: 0.0051
Epoch [420/800], Loss: 0.0024
Epoch [480/800], Loss: 0.0052
Epoch [540/800], Loss: 0.0037
Epoch [600/800], Loss: 0.0012
Epoch [660/800], Loss: 0.0057
Epoch [720/800], Loss: 0.0026
Epoch [780/800], Loss: 0.0011
0.6872031092643738
0.6735643744468689
0.6754941344261169
0.6456658244132996
0.6263331174850464
Test Power of C2ST-L:  0.0
Epoch [60/800], Loss: 0.5002
Epoch [120/800], Loss: 0.2921
Epoch [180/800], Loss: 0.1938
Epoch [240/800], Loss: 0.1096
Epoch [300/800], Loss: 0.0954
Epoch [360/800], Loss: 0.0886
Epoch [420/800], Loss: 0.0946
Epoch [480/800], Loss: 0.0051
Epoch [540/800], Loss: 0.0031
Epoch [600/800], Loss: 0.0023
Epoch [660/800], Loss: 0.0025
Epoch [720/800], Loss: 0.0018
Epoch [780/800], Loss: 0.0020
0.6902894973754883
0.6822668313980103
0.672389805316925
0.6561354398727417
0.6360096335411072
Test Power of C2ST-L:  0.0
Epoch [60/800], Loss: 0.4194
Epoch [120/800], Loss: 0.2834
Epoch [180/800], Loss: 0.2076
Epoch [240/800], Loss: 0.1007
Epoch [300/800], Loss: 0.0973
Epoch [360/800], Loss: 0.0089
Epoch [420/800], Loss: 0.0052
Epoch [480/800], Loss: 0.0023
Epoch [540/800], Loss: 0.0018
Epoch [600/800], Loss: 0.0018
Epoch [660/800], Loss: 0.0013
Epoch [720/800], Loss: 0.0011
Epoch [780/800], Loss: 0.0016
0.6865839958190918
0.6698880195617676
0.6545940041542053
0.6338832378387451
0.6152358651161194
Test Power of C2ST-L:  1.0
Epoch [60/800], Loss: 0.4490
Epoch [120/800], Loss: 0.2972
Epoch [180/800], Loss: 0.2240
Epoch [240/800], Loss: 0.1013
Epoch [300/800], Loss: 0.0899
Epoch [360/800], Loss: 0.0880
Epoch [420/800], Loss: 0.0083
Epoch [480/800], Loss: 0.0039
Epoch [540/800], Loss: 0.0023
Epoch [600/800], Loss: 0.0021
Epoch [660/800], Loss: 0.0016
Epoch [720/800], Loss: 0.0018
Epoch [780/800], Loss: 0.0017
0.675362765789032
0.6598129868507385
0.6538017392158508
0.6251794695854187
0.6123277544975281
Test Power of C2ST-L:  1.0
Epoch [60/800], Loss: 0.4168
Epoch [120/800], Loss: 0.2897
Epoch [180/800], Loss: 0.2061
Epoch [240/800], Loss: 0.1965
Epoch [300/800], Loss: 0.0522
Epoch [360/800], Loss: 0.0051
Epoch [420/800], Loss: 0.0026
Epoch [480/800], Loss: 0.0020
Epoch [540/800], Loss: 0.0025
Epoch [600/800], Loss: 0.0014
Epoch [660/800], Loss: 0.0082
Epoch [720/800], Loss: 0.0011
Epoch [780/800], Loss: 0.0014
0.6828922629356384
0.6726555824279785
0.6704960465431213
0.6473413109779358
0.6250319480895996
Test Power of C2ST-L:  0.0
Epoch [60/800], Loss: 0.4603
Epoch [120/800], Loss: 0.3067
Epoch [180/800], Loss: 0.1944
Epoch [240/800], Loss: 0.1862
Epoch [300/800], Loss: 0.0929
Epoch [360/800], Loss: 0.0635
Epoch [420/800], Loss: 0.0060
Epoch [480/800], Loss: 0.0031
Epoch [540/800], Loss: 0.0024
Epoch [600/800], Loss: 0.0017
Epoch [660/800], Loss: 0.0022
Epoch [720/800], Loss: 0.0013
Epoch [780/800], Loss: 0.0062
0.6832329034805298
0.6630482077598572
0.6603744626045227
0.6366214156150818
0.6234808564186096
Test Power of C2ST-L:  0.0
Epoch [60/800], Loss: 0.4789
Epoch [120/800], Loss: 0.2769
Epoch [180/800], Loss: 0.2133
Epoch [240/800], Loss: 0.1888
Epoch [300/800], Loss: 0.1223
Epoch [360/800], Loss: 0.0080
Epoch [420/800], Loss: 0.0023
Epoch [480/800], Loss: 0.0033
Epoch [540/800], Loss: 0.0112
Epoch [600/800], Loss: 0.0034
Epoch [660/800], Loss: 0.0015
Epoch [720/800], Loss: 0.0015
Epoch [780/800], Loss: 0.0012
0.6895605325698853
0.6773293614387512
0.6666865348815918
0.6431931853294373
0.6239405274391174
Test Power of C2ST-L:  1.0
Epoch [60/800], Loss: 0.4805
Epoch [120/800], Loss: 0.3002
Epoch [180/800], Loss: 0.2211
Epoch [240/800], Loss: 0.0972
Epoch [300/800], Loss: 0.0988
Epoch [360/800], Loss: 0.0945
Epoch [420/800], Loss: 0.0990
Epoch [480/800], Loss: 0.0069
Epoch [540/800], Loss: 0.0032
Epoch [600/800], Loss: 0.0026
Epoch [660/800], Loss: 0.0021
Epoch [720/800], Loss: 0.0016
Epoch [780/800], Loss: 0.0023
0.6880555152893066
0.679516613483429
0.6621196866035461
0.6426429152488708
0.6319181323051453
Test Power of C2ST-L:  1.0
Epoch [60/800], Loss: 0.4992
Epoch [120/800], Loss: 0.2957
Epoch [180/800], Loss: 0.1880
Epoch [240/800], Loss: 0.1010
Epoch [300/800], Loss: 0.0986
Epoch [360/800], Loss: 0.1017
Epoch [420/800], Loss: 0.0032
Epoch [480/800], Loss: 0.0051
Epoch [540/800], Loss: 0.0014
Epoch [600/800], Loss: 0.0015
Epoch [660/800], Loss: 0.0023
Epoch [720/800], Loss: 0.0013
Epoch [780/800], Loss: 0.0013
0.6777995824813843
0.6610836386680603
0.651196300983429
0.6178082823753357
0.5983003973960876
Test Power of C2ST-L:  0.0
Epoch [60/800], Loss: 0.4667
Epoch [120/800], Loss: 0.2947
Epoch [180/800], Loss: 0.1858
Epoch [240/800], Loss: 0.1014
Epoch [300/800], Loss: 0.0962
Epoch [360/800], Loss: 0.0083
Epoch [420/800], Loss: 0.0034
Epoch [480/800], Loss: 0.0037
Epoch [540/800], Loss: 0.0015
Epoch [600/800], Loss: 0.0029
Epoch [660/800], Loss: 0.0034
Epoch [720/800], Loss: 0.0012
Epoch [780/800], Loss: 0.0027
0.6764802932739258
0.6644794940948486
0.6640348434448242
0.6356143951416016
0.6161359548568726
Test Power of C2ST-L:  1.0
Epoch [60/800], Loss: 0.4670
Epoch [120/800], Loss: 0.3003
Epoch [180/800], Loss: 0.2032
Epoch [240/800], Loss: 0.1002
Epoch [300/800], Loss: 0.0993
Epoch [360/800], Loss: 0.0921
Epoch [420/800], Loss: 0.0080
Epoch [480/800], Loss: 0.0044
Epoch [540/800], Loss: 0.0020
Epoch [600/800], Loss: 0.0017
Epoch [660/800], Loss: 0.0017
Epoch [720/800], Loss: 0.0015
Epoch [780/800], Loss: 0.0033
0.6756425499916077
0.6606530547142029
0.6442612409591675
0.6245256066322327
0.6087287068367004
Test Power of C2ST-L:  1.0
Epoch [60/800], Loss: 0.4750
Epoch [120/800], Loss: 0.3021
Epoch [180/800], Loss: 0.2021
Epoch [240/800], Loss: 0.0960
Epoch [300/800], Loss: 0.0069
Epoch [360/800], Loss: 0.0040
Epoch [420/800], Loss: 0.0020
Epoch [480/800], Loss: 0.0014
Epoch [540/800], Loss: 0.0031
Epoch [600/800], Loss: 0.0020
Epoch [660/800], Loss: 0.0014
Epoch [720/800], Loss: 0.0016
Epoch [780/800], Loss: 0.0015
0.6833101511001587
0.673525333404541
0.6604297161102295
0.6378380656242371
0.6267437934875488
Test Power of C2ST-L:  0.0
Epoch [60/800], Loss: 0.4700
Epoch [120/800], Loss: 0.2872
Epoch [180/800], Loss: 0.2081
Epoch [240/800], Loss: 0.0943
Epoch [300/800], Loss: 0.1113
Epoch [360/800], Loss: 0.0995
Epoch [420/800], Loss: 0.0174
Epoch [480/800], Loss: 0.0065
Epoch [540/800], Loss: 0.0021
Epoch [600/800], Loss: 0.0027
Epoch [660/800], Loss: 0.0013
Epoch [720/800], Loss: 0.0015
Epoch [780/800], Loss: 0.0027
0.6835611462593079
0.6632076501846313
0.6530329585075378
0.635363757610321
0.6125461459159851
Test Power of C2ST-L:  0.0
Epoch [60/800], Loss: 0.4700
Epoch [120/800], Loss: 0.2850
Epoch [180/800], Loss: 0.2034
Epoch [240/800], Loss: 0.1047
Epoch [300/800], Loss: 0.1010
Epoch [360/800], Loss: 0.0083
Epoch [420/800], Loss: 0.0034
Epoch [480/800], Loss: 0.0026
Epoch [540/800], Loss: 0.0097
Epoch [600/800], Loss: 0.0027
Epoch [660/800], Loss: 0.0046
Epoch [720/800], Loss: 0.0035
Epoch [780/800], Loss: 0.0018
0.6839081645011902
0.6737543940544128
0.6709914207458496
0.6447268724441528
0.6321268081665039
Test Power of C2ST-L:  0.0
Epoch [60/800], Loss: 0.4591
Epoch [120/800], Loss: 0.3058
Epoch [180/800], Loss: 0.2345
Epoch [240/800], Loss: 0.1965
Epoch [300/800], Loss: 0.0996
Epoch [360/800], Loss: 0.0969
Epoch [420/800], Loss: 0.0959
Epoch [480/800], Loss: 0.1032
Epoch [540/800], Loss: 0.0719
Epoch [600/800], Loss: 0.0026
Epoch [660/800], Loss: 0.0016
Epoch [720/800], Loss: 0.0013
Epoch [780/800], Loss: 0.0013
0.6848516464233398
0.6719282865524292
0.6606336236000061
0.639315664768219
0.6224703192710876
Test Power of C2ST-L:  0.0
Epoch [60/800], Loss: 0.4800
Epoch [120/800], Loss: 0.3125
Epoch [180/800], Loss: 0.1982
Epoch [240/800], Loss: 0.0986
Epoch [300/800], Loss: 0.0889
Epoch [360/800], Loss: 0.0082
Epoch [420/800], Loss: 0.0032
Epoch [480/800], Loss: 0.0019
Epoch [540/800], Loss: 0.0029
Epoch [600/800], Loss: 0.0018
Epoch [660/800], Loss: 0.0022
Epoch [720/800], Loss: 0.0011
Epoch [780/800], Loss: 0.0010
0.6855617165565491
0.6634554266929626
0.637144923210144
0.623474657535553
0.6077743768692017
Test Power of C2ST-L:  0.0
Epoch [60/800], Loss: 0.4789
Epoch [120/800], Loss: 0.2824
Epoch [180/800], Loss: 0.1956
Epoch [240/800], Loss: 0.1604
Epoch [300/800], Loss: 0.0922
Epoch [360/800], Loss: 0.0804
Epoch [420/800], Loss: 0.0041
Epoch [480/800], Loss: 0.0040
Epoch [540/800], Loss: 0.0017
Epoch [600/800], Loss: 0.0013
Epoch [660/800], Loss: 0.0019
Epoch [720/800], Loss: 0.0024
Epoch [780/800], Loss: 0.0028
0.6869705319404602
0.6663318276405334
0.6591941118240356
0.6288726925849915
0.6113061904907227
Test Power of C2ST-L:  0.0
Epoch [60/800], Loss: 0.4719
Epoch [120/800], Loss: 0.3011
Epoch [180/800], Loss: 0.1953
Epoch [240/800], Loss: 0.1895
Epoch [300/800], Loss: 0.1048
Epoch [360/800], Loss: 0.0957
Epoch [420/800], Loss: 0.0936
Epoch [480/800], Loss: 0.0064
Epoch [540/800], Loss: 0.0030
Epoch [600/800], Loss: 0.0017
Epoch [660/800], Loss: 0.0026
Epoch [720/800], Loss: 0.0020
Epoch [780/800], Loss: 0.0018
0.6876204609870911
0.6678090691566467
0.6524039506912231
0.6313129663467407
0.6073322296142578
Test Power of C2ST-L:  1.0
Epoch [60/800], Loss: 0.4860
Epoch [120/800], Loss: 0.2902
Epoch [180/800], Loss: 0.2202
Epoch [240/800], Loss: 0.1948
Epoch [300/800], Loss: 0.1212
Epoch [360/800], Loss: 0.0058
Epoch [420/800], Loss: 0.0032
Epoch [480/800], Loss: 0.0018
Epoch [540/800], Loss: 0.0036
Epoch [600/800], Loss: 0.0012
Epoch [660/800], Loss: 0.0030
Epoch [720/800], Loss: 0.0019
Epoch [780/800], Loss: 0.0012
0.6871767044067383
0.6770119071006775
0.670199453830719
0.6441341042518616
0.6295100450515747
Test Power of C2ST-L:  1.0
Epoch [60/800], Loss: 0.4739
Epoch [120/800], Loss: 0.2911
Epoch [180/800], Loss: 0.2524
Epoch [240/800], Loss: 0.1172
Epoch [300/800], Loss: 0.1038
Epoch [360/800], Loss: 0.0919
Epoch [420/800], Loss: 0.0823
Epoch [480/800], Loss: 0.0052
Epoch [540/800], Loss: 0.0034
Epoch [600/800], Loss: 0.0026
Epoch [660/800], Loss: 0.0018
Epoch [720/800], Loss: 0.0024
Epoch [780/800], Loss: 0.0016
0.6882728338241577
0.6742556691169739
0.6724056005477905
0.6500774621963501
0.6353617310523987
Test Power of C2ST-L:  0.0
Epoch [60/800], Loss: 0.4820
Epoch [120/800], Loss: 0.2984
Epoch [180/800], Loss: 0.2804
Epoch [240/800], Loss: 0.0996
Epoch [300/800], Loss: 0.0952
Epoch [360/800], Loss: 0.0064
Epoch [420/800], Loss: 0.0031
Epoch [480/800], Loss: 0.0018
Epoch [540/800], Loss: 0.0014
Epoch [600/800], Loss: 0.0026
Epoch [660/800], Loss: 0.0027
Epoch [720/800], Loss: 0.0013
Epoch [780/800], Loss: 0.0011
0.6782504320144653
0.6532396674156189
0.6422247886657715
0.6115527153015137
0.5844870805740356
Test Power of C2ST-L:  0.0
Epoch [60/800], Loss: 0.4912
Epoch [120/800], Loss: 0.3208
Epoch [180/800], Loss: 0.1841
Epoch [240/800], Loss: 0.0986
Epoch [300/800], Loss: 0.0970
Epoch [360/800], Loss: 0.0551
Epoch [420/800], Loss: 0.0037
Epoch [480/800], Loss: 0.0026
Epoch [540/800], Loss: 0.0022
Epoch [600/800], Loss: 0.0020
Epoch [660/800], Loss: 0.0061
Epoch [720/800], Loss: 0.0033
Epoch [780/800], Loss: 0.0013
0.6842044591903687
0.6717400550842285
0.6598409414291382
0.6392230987548828
0.6209559440612793
Test Power of C2ST-L:  1.0


=====================================================
Average test power at training size =  500  :  0.5
=====================================================



-----------------------------------------------

Finished with execution of c2st_semi_HDGM.py script

-----------------------------------------------

Job ID           : 55586055
Cluster          : spartan
User/Project     : xunyet/punim2112
Nodes            : 1
Wall-clock time  : 00:46:58 / 1-00:00:00

Displaying overall resources usage from 2024-02-02 20:18:27 to 2024-02-02 21:05:25:

NODE            CPU#        TOT%   ( USR   / SYS   / WIO   / IDLE  ) 

spartan-gpgpu135 : 
                CPU# 1    : 32.1   (  31.5 /   0.6 /   0.0 /  67.9 ) 
                CPU# 2    : 23.6   (  22.9 /   0.6 /   0.0 /  76.4 ) 
                CPU# 3    : 22.2   (  21.6 /   0.6 /   0.0 /  77.8 ) 
                CPU# 4    : 24.4   (  23.9 /   0.5 /   0.0 /  75.6 ) 

                GPU# 1    : 19.0  


Allocated CPUs            : 4    
  CPUs with usage <25%    : 3    
  CPUs with usage <50%    : 1    
  CPUs with usage >50%    : 0    


Allocated GPUs            : 1    
  GPUs with usage <25%    : 1    
  GPUs with usage <50%    : 0    
  GPUs with usage >50%    : 0    

Memory used (RAM)         : 26.0%  [2232MB of 8590MB]

--------------------------------------------

