device: cuda:0
Epoch [60/1600], Loss: 0.7928
Epoch [120/1600], Loss: 0.4036
Epoch [180/1600], Loss: 0.3198
Epoch [240/1600], Loss: 0.2871
Epoch [300/1600], Loss: 0.2788
Epoch [360/1600], Loss: 0.2373
Epoch [420/1600], Loss: 0.1774
Epoch [480/1600], Loss: 0.1678
Epoch [540/1600], Loss: 0.0912
Epoch [600/1600], Loss: 0.0880
Epoch [660/1600], Loss: 0.0813
Epoch [720/1600], Loss: 0.0817
Epoch [780/1600], Loss: 0.0149
Epoch [840/1600], Loss: 0.0059
Epoch [900/1600], Loss: 0.0032
Epoch [960/1600], Loss: 0.0024
Epoch [1020/1600], Loss: 0.0021
Epoch [1080/1600], Loss: 0.0024
Epoch [1140/1600], Loss: 0.0024
Epoch [1200/1600], Loss: 0.0024
Epoch [1260/1600], Loss: 0.0027
Epoch [1320/1600], Loss: 0.0034
Epoch [1380/1600], Loss: 0.0058
Epoch [1440/1600], Loss: 0.0012
Epoch [1500/1600], Loss: 0.0025
Epoch [1560/1600], Loss: 0.0013
0.6893384456634521
0.6706866025924683
0.6279279589653015
0.5936399698257446
0.5757203698158264
Test Power of C2ST-L:  0.0
Epoch [60/1600], Loss: 0.7819
Epoch [120/1600], Loss: 0.4743
Epoch [180/1600], Loss: 0.3491
Epoch [240/1600], Loss: 0.2759
Epoch [300/1600], Loss: 0.2642
Epoch [360/1600], Loss: 0.1901
Epoch [420/1600], Loss: 0.1699
Epoch [480/1600], Loss: 0.0914
Epoch [540/1600], Loss: 0.0677
Epoch [600/1600], Loss: 0.0101
Epoch [660/1600], Loss: 0.0052
Epoch [720/1600], Loss: 0.0052
Epoch [780/1600], Loss: 0.0026
Epoch [840/1600], Loss: 0.0036
Epoch [900/1600], Loss: 0.0017
Epoch [960/1600], Loss: 0.0019
Epoch [1020/1600], Loss: 0.0017
Epoch [1080/1600], Loss: 0.0013
Epoch [1140/1600], Loss: 0.0060
Epoch [1200/1600], Loss: 0.0012
Epoch [1260/1600], Loss: 0.0080
Epoch [1320/1600], Loss: 0.0012
Epoch [1380/1600], Loss: 0.0012
Epoch [1440/1600], Loss: 0.0010
Epoch [1500/1600], Loss: 0.0018
Epoch [1560/1600], Loss: 0.0010
0.6747772693634033
0.657543957233429
0.6222231388092041
0.5952803492546082
0.5771302580833435
Test Power of C2ST-L:  1.0
Epoch [60/1600], Loss: 0.7854
Epoch [120/1600], Loss: 0.4838
Epoch [180/1600], Loss: 0.3861
Epoch [240/1600], Loss: 0.3048
Epoch [300/1600], Loss: 0.2773
Epoch [360/1600], Loss: 0.1991
Epoch [420/1600], Loss: 0.1816
Epoch [480/1600], Loss: 0.1030
Epoch [540/1600], Loss: 0.0931
Epoch [600/1600], Loss: 0.0855
Epoch [660/1600], Loss: 0.0902
Epoch [720/1600], Loss: 0.0847
Epoch [780/1600], Loss: 0.0134
Epoch [840/1600], Loss: 0.0055
Epoch [900/1600], Loss: 0.0032
Epoch [960/1600], Loss: 0.0027
Epoch [1020/1600], Loss: 0.0039
Epoch [1080/1600], Loss: 0.0024
Epoch [1140/1600], Loss: 0.0016
Epoch [1200/1600], Loss: 0.0024
Epoch [1260/1600], Loss: 0.0025
Epoch [1320/1600], Loss: 0.0083
Epoch [1380/1600], Loss: 0.0016
Epoch [1440/1600], Loss: 0.0011
Epoch [1500/1600], Loss: 0.0013
Epoch [1560/1600], Loss: 0.0015
0.6738440990447998
0.6292045712471008
0.5942691564559937
0.5745673775672913
0.5627590417861938
Test Power of C2ST-L:  0.0
Epoch [60/1600], Loss: 0.7779
Epoch [120/1600], Loss: 0.4445
Epoch [180/1600], Loss: 0.3093
Epoch [240/1600], Loss: 0.2904
Epoch [300/1600], Loss: 0.3652
Epoch [360/1600], Loss: 0.1912
Epoch [420/1600], Loss: 0.1734
Epoch [480/1600], Loss: 0.0992
Epoch [540/1600], Loss: 0.0991
Epoch [600/1600], Loss: 0.0939
Epoch [660/1600], Loss: 0.0927
Epoch [720/1600], Loss: 0.0876
Epoch [780/1600], Loss: 0.0616
Epoch [840/1600], Loss: 0.0108
Epoch [900/1600], Loss: 0.0053
Epoch [960/1600], Loss: 0.0047
Epoch [1020/1600], Loss: 0.0048
Epoch [1080/1600], Loss: 0.0034
Epoch [1140/1600], Loss: 0.0020
Epoch [1200/1600], Loss: 0.0025
Epoch [1260/1600], Loss: 0.0019
Epoch [1320/1600], Loss: 0.0027
Epoch [1380/1600], Loss: 0.0103
Epoch [1440/1600], Loss: 0.0013
Epoch [1500/1600], Loss: 0.0012
Epoch [1560/1600], Loss: 0.0011
0.683221697807312
0.6515233516693115
0.6256002187728882
0.5999584197998047
0.5799829959869385
Test Power of C2ST-L:  0.0
Epoch [60/1600], Loss: 0.7573
Epoch [120/1600], Loss: 0.4888
Epoch [180/1600], Loss: 0.3332
Epoch [240/1600], Loss: 0.2885
Epoch [300/1600], Loss: 0.2843
Epoch [360/1600], Loss: 0.2064
Epoch [420/1600], Loss: 0.1857
Epoch [480/1600], Loss: 0.1453
Epoch [540/1600], Loss: 0.0919
Epoch [600/1600], Loss: 0.0883
Epoch [660/1600], Loss: 0.0925
Epoch [720/1600], Loss: 0.0868
Epoch [780/1600], Loss: 0.0858
Epoch [840/1600], Loss: 0.0838
Epoch [900/1600], Loss: 0.0833
Epoch [960/1600], Loss: 0.0089
Epoch [1020/1600], Loss: 0.0030
Epoch [1080/1600], Loss: 0.0040
Epoch [1140/1600], Loss: 0.0020
Epoch [1200/1600], Loss: 0.0016
Epoch [1260/1600], Loss: 0.0017
Epoch [1320/1600], Loss: 0.0018
Epoch [1380/1600], Loss: 0.0014
Epoch [1440/1600], Loss: 0.0009
Epoch [1500/1600], Loss: 0.0012
Epoch [1560/1600], Loss: 0.0015
0.6762569546699524
0.6399605870246887
0.6088892221450806
0.5841590166091919
0.5502035617828369
Test Power of C2ST-L:  0.0
Epoch [60/1600], Loss: 0.7278
Epoch [120/1600], Loss: 0.4669
Epoch [180/1600], Loss: 0.3209
Epoch [240/1600], Loss: 0.2973
Epoch [300/1600], Loss: 0.1920
Epoch [360/1600], Loss: 0.1859
Epoch [420/1600], Loss: 0.1313
Epoch [480/1600], Loss: 0.1006
Epoch [540/1600], Loss: 0.0889
Epoch [600/1600], Loss: 0.0911
Epoch [660/1600], Loss: 0.0912
Epoch [720/1600], Loss: 0.0961
Epoch [780/1600], Loss: 0.0896
Epoch [840/1600], Loss: 0.0083
Epoch [900/1600], Loss: 0.0047
Epoch [960/1600], Loss: 0.0028
Epoch [1020/1600], Loss: 0.0022
Epoch [1080/1600], Loss: 0.0024
Epoch [1140/1600], Loss: 0.0019
Epoch [1200/1600], Loss: 0.0022
Epoch [1260/1600], Loss: 0.0015
Epoch [1320/1600], Loss: 0.0018
Epoch [1380/1600], Loss: 0.0015
Epoch [1440/1600], Loss: 0.0046
Epoch [1500/1600], Loss: 0.0012
Epoch [1560/1600], Loss: 0.0029
0.6568614840507507
0.624061107635498
0.5987035632133484
0.582364559173584
0.5638177990913391
Test Power of C2ST-L:  1.0
Epoch [60/1600], Loss: 0.7126
Epoch [120/1600], Loss: 0.4515
Epoch [180/1600], Loss: 0.3686
Epoch [240/1600], Loss: 0.2932
Epoch [300/1600], Loss: 0.2360
Epoch [360/1600], Loss: 0.1766
Epoch [420/1600], Loss: 0.1133
Epoch [480/1600], Loss: 0.0972
Epoch [540/1600], Loss: 0.0816
Epoch [600/1600], Loss: 0.0150
Epoch [660/1600], Loss: 0.0057
Epoch [720/1600], Loss: 0.0038
Epoch [780/1600], Loss: 0.0051
Epoch [840/1600], Loss: 0.0027
Epoch [900/1600], Loss: 0.0018
Epoch [960/1600], Loss: 0.0018
Epoch [1020/1600], Loss: 0.0020
Epoch [1080/1600], Loss: 0.0083
Epoch [1140/1600], Loss: 0.0028
Epoch [1200/1600], Loss: 0.0013
Epoch [1260/1600], Loss: 0.0039
Epoch [1320/1600], Loss: 0.0016
Epoch [1380/1600], Loss: 0.0010
Epoch [1440/1600], Loss: 0.0014
Epoch [1500/1600], Loss: 0.0018
Epoch [1560/1600], Loss: 0.0009
0.6739088892936707
0.646551251411438
0.6209051012992859
0.6071334481239319
0.5858604907989502
Test Power of C2ST-L:  0.0
Epoch [60/1600], Loss: 0.7334
Epoch [120/1600], Loss: 0.3969
Epoch [180/1600], Loss: 0.3108
Epoch [240/1600], Loss: 0.2950
Epoch [300/1600], Loss: 0.2732
Epoch [360/1600], Loss: 0.1951
Epoch [420/1600], Loss: 0.1096
Epoch [480/1600], Loss: 0.1012
Epoch [540/1600], Loss: 0.0986
Epoch [600/1600], Loss: 0.0971
Epoch [660/1600], Loss: 0.0935
Epoch [720/1600], Loss: 0.0932
Epoch [780/1600], Loss: 0.0856
Epoch [840/1600], Loss: 0.0924
Epoch [900/1600], Loss: 0.0239
Epoch [960/1600], Loss: 0.0071
Epoch [1020/1600], Loss: 0.0036
Epoch [1080/1600], Loss: 0.0027
Epoch [1140/1600], Loss: 0.0037
Epoch [1200/1600], Loss: 0.0019
Epoch [1260/1600], Loss: 0.0018
Epoch [1320/1600], Loss: 0.0022
Epoch [1380/1600], Loss: 0.0012
Epoch [1440/1600], Loss: 0.0044
Epoch [1500/1600], Loss: 0.0015
Epoch [1560/1600], Loss: 0.0014
0.6698874235153198
0.6321791410446167
0.6043273210525513
0.5721684694290161
0.5486885905265808
Test Power of C2ST-L:  0.0
Epoch [60/1600], Loss: 0.7291
Epoch [120/1600], Loss: 0.4737
Epoch [180/1600], Loss: 0.3534
Epoch [240/1600], Loss: 0.2905
Epoch [300/1600], Loss: 0.2581
Epoch [360/1600], Loss: 0.1934
Epoch [420/1600], Loss: 0.0967
Epoch [480/1600], Loss: 0.0959
Epoch [540/1600], Loss: 0.0956
Epoch [600/1600], Loss: 0.0866
Epoch [660/1600], Loss: 0.0393
Epoch [720/1600], Loss: 0.0077
Epoch [780/1600], Loss: 0.0045
Epoch [840/1600], Loss: 0.0041
Epoch [900/1600], Loss: 0.0044
Epoch [960/1600], Loss: 0.0021
Epoch [1020/1600], Loss: 0.0021
Epoch [1080/1600], Loss: 0.0033
Epoch [1140/1600], Loss: 0.0057
Epoch [1200/1600], Loss: 0.0025
Epoch [1260/1600], Loss: 0.0033
Epoch [1320/1600], Loss: 0.0025
Epoch [1380/1600], Loss: 0.0074
Epoch [1440/1600], Loss: 0.0031
Epoch [1500/1600], Loss: 0.0046
Epoch [1560/1600], Loss: 0.0012
0.6846240162849426
0.6610642671585083
0.6336520910263062
0.6112087368965149
0.5971929430961609
Test Power of C2ST-L:  0.0
Epoch [60/1600], Loss: 0.8072
Epoch [120/1600], Loss: 0.4841
Epoch [180/1600], Loss: 0.3384
Epoch [240/1600], Loss: 0.2830
Epoch [300/1600], Loss: 0.2753
Epoch [360/1600], Loss: 0.2361
Epoch [420/1600], Loss: 0.1772
Epoch [480/1600], Loss: 0.1060
Epoch [540/1600], Loss: 0.0887
Epoch [600/1600], Loss: 0.0904
Epoch [660/1600], Loss: 0.0883
Epoch [720/1600], Loss: 0.0106
Epoch [780/1600], Loss: 0.0043
Epoch [840/1600], Loss: 0.0038
Epoch [900/1600], Loss: 0.0032
Epoch [960/1600], Loss: 0.0018
Epoch [1020/1600], Loss: 0.0023
Epoch [1080/1600], Loss: 0.0095
Epoch [1140/1600], Loss: 0.0014
Epoch [1200/1600], Loss: 0.0012
Epoch [1260/1600], Loss: 0.0015
Epoch [1320/1600], Loss: 0.0017
Epoch [1380/1600], Loss: 0.0023
Epoch [1440/1600], Loss: 0.0025
Epoch [1500/1600], Loss: 0.0010
Epoch [1560/1600], Loss: 0.0021
0.6699923276901245
0.6229373216629028
0.5721388459205627
0.5502729415893555
0.5313018560409546
Test Power of C2ST-L:  1.0
Epoch [60/1600], Loss: 0.7246
Epoch [120/1600], Loss: 0.4718
Epoch [180/1600], Loss: 0.3466
Epoch [240/1600], Loss: 0.2871
Epoch [300/1600], Loss: 0.2619
Epoch [360/1600], Loss: 0.1916
Epoch [420/1600], Loss: 0.1373
Epoch [480/1600], Loss: 0.0935
Epoch [540/1600], Loss: 0.0866
Epoch [600/1600], Loss: 0.0350
Epoch [660/1600], Loss: 0.0068
Epoch [720/1600], Loss: 0.0043
Epoch [780/1600], Loss: 0.0032
Epoch [840/1600], Loss: 0.0027
Epoch [900/1600], Loss: 0.0021
Epoch [960/1600], Loss: 0.0054
Epoch [1020/1600], Loss: 0.0016
Epoch [1080/1600], Loss: 0.0012
Epoch [1140/1600], Loss: 0.0012
Epoch [1200/1600], Loss: 0.0012
Epoch [1260/1600], Loss: 0.0027
Epoch [1320/1600], Loss: 0.0013
Epoch [1380/1600], Loss: 0.0014
Epoch [1440/1600], Loss: 0.0012
Epoch [1500/1600], Loss: 0.0023
Epoch [1560/1600], Loss: 0.0012
0.6793895363807678
0.6540736556053162
0.6275746822357178
0.6091293096542358
0.589104413986206
Test Power of C2ST-L:  0.0
Epoch [60/1600], Loss: 0.7640
Epoch [120/1600], Loss: 0.4999
Epoch [180/1600], Loss: 0.3992
Epoch [240/1600], Loss: 0.3012
Epoch [300/1600], Loss: 0.2063
Epoch [360/1600], Loss: 0.1884
Epoch [420/1600], Loss: 0.1058
Epoch [480/1600], Loss: 0.0985
Epoch [540/1600], Loss: 0.0970
Epoch [600/1600], Loss: 0.0978
Epoch [660/1600], Loss: 0.0935
Epoch [720/1600], Loss: 0.1021
Epoch [780/1600], Loss: 0.0909
Epoch [840/1600], Loss: 0.0864
Epoch [900/1600], Loss: 0.0404
Epoch [960/1600], Loss: 0.0054
Epoch [1020/1600], Loss: 0.0037
Epoch [1080/1600], Loss: 0.0039
Epoch [1140/1600], Loss: 0.0039
Epoch [1200/1600], Loss: 0.0018
Epoch [1260/1600], Loss: 0.0075
Epoch [1320/1600], Loss: 0.0013
Epoch [1380/1600], Loss: 0.0059
Epoch [1440/1600], Loss: 0.0021
Epoch [1500/1600], Loss: 0.0088
Epoch [1560/1600], Loss: 0.0013
0.668741762638092
0.6445267200469971
0.6145114302635193
0.5820719599723816
0.5520223379135132
Test Power of C2ST-L:  0.0
Epoch [60/1600], Loss: 0.8177
Epoch [120/1600], Loss: 0.4531
Epoch [180/1600], Loss: 0.3933
Epoch [240/1600], Loss: 0.3802
Epoch [300/1600], Loss: 0.2203
Epoch [360/1600], Loss: 0.2005
Epoch [420/1600], Loss: 0.1159
Epoch [480/1600], Loss: 0.0618
Epoch [540/1600], Loss: 0.0091
Epoch [600/1600], Loss: 0.0050
Epoch [660/1600], Loss: 0.0043
Epoch [720/1600], Loss: 0.0035
Epoch [780/1600], Loss: 0.0027
Epoch [840/1600], Loss: 0.0020
Epoch [900/1600], Loss: 0.0030
Epoch [960/1600], Loss: 0.0021
Epoch [1020/1600], Loss: 0.0020
Epoch [1080/1600], Loss: 0.0036
Epoch [1140/1600], Loss: 0.0016
Epoch [1200/1600], Loss: 0.0016
Epoch [1260/1600], Loss: 0.0010
Epoch [1320/1600], Loss: 0.0015
Epoch [1380/1600], Loss: 0.0011
Epoch [1440/1600], Loss: 0.0017
Epoch [1500/1600], Loss: 0.0022
Epoch [1560/1600], Loss: 0.0008
0.682137668132782
0.6525276899337769
0.6226420402526855
0.5935021638870239
0.5703756213188171
Test Power of C2ST-L:  0.0
Epoch [60/1600], Loss: 0.7178
Epoch [120/1600], Loss: 0.4510
Epoch [180/1600], Loss: 0.3623
Epoch [240/1600], Loss: 0.2901
Epoch [300/1600], Loss: 0.2732
Epoch [360/1600], Loss: 0.2583
Epoch [420/1600], Loss: 0.1780
Epoch [480/1600], Loss: 0.1474
Epoch [540/1600], Loss: 0.1231
Epoch [600/1600], Loss: 0.0193
Epoch [660/1600], Loss: 0.0074
Epoch [720/1600], Loss: 0.0063
Epoch [780/1600], Loss: 0.0055
Epoch [840/1600], Loss: 0.0028
Epoch [900/1600], Loss: 0.0045
Epoch [960/1600], Loss: 0.0034
Epoch [1020/1600], Loss: 0.0054
Epoch [1080/1600], Loss: 0.0022
Epoch [1140/1600], Loss: 0.0036
Epoch [1200/1600], Loss: 0.0013
Epoch [1260/1600], Loss: 0.0030
Epoch [1320/1600], Loss: 0.0016
Epoch [1380/1600], Loss: 0.0015
Epoch [1440/1600], Loss: 0.0021
Epoch [1500/1600], Loss: 0.0016
Epoch [1560/1600], Loss: 0.0024
0.6770918369293213
0.6453794240951538
0.6227024793624878
0.6489914059638977
0.5968456268310547
Test Power of C2ST-L:  0.0
Epoch [60/1600], Loss: 0.7602
Epoch [120/1600], Loss: 0.4830
Epoch [180/1600], Loss: 0.3912
Epoch [240/1600], Loss: 0.3036
Epoch [300/1600], Loss: 0.2871
Epoch [360/1600], Loss: 0.2195
Epoch [420/1600], Loss: 0.1040
Epoch [480/1600], Loss: 0.0948
Epoch [540/1600], Loss: 0.0956
Epoch [600/1600], Loss: 0.0943
Epoch [660/1600], Loss: 0.0095
Epoch [720/1600], Loss: 0.0062
Epoch [780/1600], Loss: 0.0073
Epoch [840/1600], Loss: 0.0036
Epoch [900/1600], Loss: 0.0025
Epoch [960/1600], Loss: 0.0054
Epoch [1020/1600], Loss: 0.0023
Epoch [1080/1600], Loss: 0.0019
Epoch [1140/1600], Loss: 0.0018
Epoch [1200/1600], Loss: 0.0016
Epoch [1260/1600], Loss: 0.0019
Epoch [1320/1600], Loss: 0.0032
Epoch [1380/1600], Loss: 0.0011
Epoch [1440/1600], Loss: 0.0016
Epoch [1500/1600], Loss: 0.0009
Epoch [1560/1600], Loss: 0.0023
0.6708826422691345
0.6049066781997681
0.5713551044464111
0.5564491152763367
0.5125068426132202
Test Power of C2ST-L:  0.0
Epoch [60/1600], Loss: 0.7863
Epoch [120/1600], Loss: 0.4742
Epoch [180/1600], Loss: 0.3728
Epoch [240/1600], Loss: 0.2838
Epoch [300/1600], Loss: 0.2837
Epoch [360/1600], Loss: 0.2132
Epoch [420/1600], Loss: 0.1934
Epoch [480/1600], Loss: 0.1134
Epoch [540/1600], Loss: 0.0960
Epoch [600/1600], Loss: 0.0909
Epoch [660/1600], Loss: 0.0767
Epoch [720/1600], Loss: 0.0143
Epoch [780/1600], Loss: 0.0086
Epoch [840/1600], Loss: 0.0049
Epoch [900/1600], Loss: 0.0043
Epoch [960/1600], Loss: 0.0058
Epoch [1020/1600], Loss: 0.0027
Epoch [1080/1600], Loss: 0.0018
Epoch [1140/1600], Loss: 0.0022
Epoch [1200/1600], Loss: 0.0029
Epoch [1260/1600], Loss: 0.0015
Epoch [1320/1600], Loss: 0.0011
Epoch [1380/1600], Loss: 0.0015
Epoch [1440/1600], Loss: 0.0019
Epoch [1500/1600], Loss: 0.0010
Epoch [1560/1600], Loss: 0.0012
0.6773372292518616
0.6464400887489319
0.6140146255493164
0.5937349200248718
0.5741388201713562
Test Power of C2ST-L:  1.0
Epoch [60/1600], Loss: 0.6946
Epoch [120/1600], Loss: 0.4012
Epoch [180/1600], Loss: 0.3819
Epoch [240/1600], Loss: 0.2743
Epoch [300/1600], Loss: 0.1975
Epoch [360/1600], Loss: 0.1072
Epoch [420/1600], Loss: 0.0987
Epoch [480/1600], Loss: 0.0968
Epoch [540/1600], Loss: 0.0894
Epoch [600/1600], Loss: 0.0895
Epoch [660/1600], Loss: 0.0876
Epoch [720/1600], Loss: 0.1090
Epoch [780/1600], Loss: 0.0071
Epoch [840/1600], Loss: 0.0040
Epoch [900/1600], Loss: 0.0056
Epoch [960/1600], Loss: 0.0061
Epoch [1020/1600], Loss: 0.0028
Epoch [1080/1600], Loss: 0.0025
Epoch [1140/1600], Loss: 0.0020
Epoch [1200/1600], Loss: 0.0016
Epoch [1260/1600], Loss: 0.0020
Epoch [1320/1600], Loss: 0.0019
Epoch [1380/1600], Loss: 0.0019
Epoch [1440/1600], Loss: 0.0014
Epoch [1500/1600], Loss: 0.0011
Epoch [1560/1600], Loss: 0.0030
0.6684110760688782
0.6313890814781189
0.6002663969993591
0.5774374008178711
0.5586164593696594
Test Power of C2ST-L:  0.0
Epoch [60/1600], Loss: 0.7494
Epoch [120/1600], Loss: 0.4843
Epoch [180/1600], Loss: 0.3251
Epoch [240/1600], Loss: 0.2810
Epoch [300/1600], Loss: 0.2038
Epoch [360/1600], Loss: 0.1895
Epoch [420/1600], Loss: 0.1867
Epoch [480/1600], Loss: 0.1810
Epoch [540/1600], Loss: 0.0947
Epoch [600/1600], Loss: 0.0919
Epoch [660/1600], Loss: 0.0862
Epoch [720/1600], Loss: 0.0258
Epoch [780/1600], Loss: 0.0084
Epoch [840/1600], Loss: 0.0048
Epoch [900/1600], Loss: 0.0026
Epoch [960/1600], Loss: 0.0031
Epoch [1020/1600], Loss: 0.0028
Epoch [1080/1600], Loss: 0.0018
Epoch [1140/1600], Loss: 0.0051
Epoch [1200/1600], Loss: 0.0019
Epoch [1260/1600], Loss: 0.0015
Epoch [1320/1600], Loss: 0.0023
Epoch [1380/1600], Loss: 0.0029
Epoch [1440/1600], Loss: 0.0025
Epoch [1500/1600], Loss: 0.0009
Epoch [1560/1600], Loss: 0.0033
0.6821943521499634
0.6503822207450867
0.614484429359436
0.5867487788200378
0.5650310516357422
Test Power of C2ST-L:  1.0
Epoch [60/1600], Loss: 0.7746
Epoch [120/1600], Loss: 0.4731
Epoch [180/1600], Loss: 0.3745
Epoch [240/1600], Loss: 0.2966
Epoch [300/1600], Loss: 0.2755
Epoch [360/1600], Loss: 0.1895
Epoch [420/1600], Loss: 0.1063
Epoch [480/1600], Loss: 0.0993
Epoch [540/1600], Loss: 0.0977
Epoch [600/1600], Loss: 0.0890
Epoch [660/1600], Loss: 0.0928
Epoch [720/1600], Loss: 0.0926
Epoch [780/1600], Loss: 0.0832
Epoch [840/1600], Loss: 0.0730
Epoch [900/1600], Loss: 0.0084
Epoch [960/1600], Loss: 0.0043
Epoch [1020/1600], Loss: 0.0047
Epoch [1080/1600], Loss: 0.0024
Epoch [1140/1600], Loss: 0.0016
Epoch [1200/1600], Loss: 0.0025
Epoch [1260/1600], Loss: 0.0022
Epoch [1320/1600], Loss: 0.0028
Epoch [1380/1600], Loss: 0.0038
Epoch [1440/1600], Loss: 0.0010
Epoch [1500/1600], Loss: 0.0010
Epoch [1560/1600], Loss: 0.0011
0.67780601978302
0.6504523158073425
0.6284655332565308
0.6046211123466492
0.5796142220497131
Test Power of C2ST-L:  1.0
Epoch [60/1600], Loss: 0.7513
Epoch [120/1600], Loss: 0.4861
Epoch [180/1600], Loss: 0.3800
Epoch [240/1600], Loss: 0.3005
Epoch [300/1600], Loss: 0.2767
Epoch [360/1600], Loss: 0.1882
Epoch [420/1600], Loss: 0.1776
Epoch [480/1600], Loss: 0.0941
Epoch [540/1600], Loss: 0.0909
Epoch [600/1600], Loss: 0.0899
Epoch [660/1600], Loss: 0.0839
Epoch [720/1600], Loss: 0.0093
Epoch [780/1600], Loss: 0.0041
Epoch [840/1600], Loss: 0.0040
Epoch [900/1600], Loss: 0.0025
Epoch [960/1600], Loss: 0.0027
Epoch [1020/1600], Loss: 0.0025
Epoch [1080/1600], Loss: 0.0036
Epoch [1140/1600], Loss: 0.0020
Epoch [1200/1600], Loss: 0.0019
Epoch [1260/1600], Loss: 0.0017
Epoch [1320/1600], Loss: 0.0013
Epoch [1380/1600], Loss: 0.0035
Epoch [1440/1600], Loss: 0.0023
Epoch [1500/1600], Loss: 0.0011
Epoch [1560/1600], Loss: 0.0037
0.6573293805122375
0.6067537665367126
0.5841931700706482
0.567098081111908
0.5536468625068665
Test Power of C2ST-L:  0.0
Epoch [60/1600], Loss: 0.7463
Epoch [120/1600], Loss: 0.4807
Epoch [180/1600], Loss: 0.3470
Epoch [240/1600], Loss: 0.2972
Epoch [300/1600], Loss: 0.2124
Epoch [360/1600], Loss: 0.1480
Epoch [420/1600], Loss: 0.1047
Epoch [480/1600], Loss: 0.1001
Epoch [540/1600], Loss: 0.1021
Epoch [600/1600], Loss: 0.0961
Epoch [660/1600], Loss: 0.0881
Epoch [720/1600], Loss: 0.0104
Epoch [780/1600], Loss: 0.0049
Epoch [840/1600], Loss: 0.0045
Epoch [900/1600], Loss: 0.0041
Epoch [960/1600], Loss: 0.0028
Epoch [1020/1600], Loss: 0.0024
Epoch [1080/1600], Loss: 0.0019
Epoch [1140/1600], Loss: 0.0086
Epoch [1200/1600], Loss: 0.0048
Epoch [1260/1600], Loss: 0.0016
Epoch [1320/1600], Loss: 0.0017
Epoch [1380/1600], Loss: 0.0054
Epoch [1440/1600], Loss: 0.0020
Epoch [1500/1600], Loss: 0.0013
Epoch [1560/1600], Loss: 0.0020
0.6840543150901794
0.656456708908081
0.6281707286834717
0.6125129461288452
0.5883002877235413
Test Power of C2ST-L:  1.0
Epoch [60/1600], Loss: 0.6682
Epoch [120/1600], Loss: 0.4574
Epoch [180/1600], Loss: 0.2790
Epoch [240/1600], Loss: 0.2695
Epoch [300/1600], Loss: 0.2809
Epoch [360/1600], Loss: 0.1742
Epoch [420/1600], Loss: 0.1677
Epoch [480/1600], Loss: 0.1066
Epoch [540/1600], Loss: 0.0911
Epoch [600/1600], Loss: 0.0940
Epoch [660/1600], Loss: 0.0867
Epoch [720/1600], Loss: 0.0686
Epoch [780/1600], Loss: 0.0074
Epoch [840/1600], Loss: 0.0044
Epoch [900/1600], Loss: 0.0039
Epoch [960/1600], Loss: 0.0028
Epoch [1020/1600], Loss: 0.0027
Epoch [1080/1600], Loss: 0.0020
Epoch [1140/1600], Loss: 0.0038
Epoch [1200/1600], Loss: 0.0024
Epoch [1260/1600], Loss: 0.0052
Epoch [1320/1600], Loss: 0.0025
Epoch [1380/1600], Loss: 0.0015
Epoch [1440/1600], Loss: 0.0023
Epoch [1500/1600], Loss: 0.0014
Epoch [1560/1600], Loss: 0.0011
0.6729183793067932
0.6434164047241211
0.6232936382293701
0.6012409925460815
0.5870682597160339
Test Power of C2ST-L:  0.0
Epoch [60/1600], Loss: 0.7622
Epoch [120/1600], Loss: 0.4221
Epoch [180/1600], Loss: 0.3624
Epoch [240/1600], Loss: 0.2822
Epoch [300/1600], Loss: 0.2705
Epoch [360/1600], Loss: 0.1824
Epoch [420/1600], Loss: 0.1383
Epoch [480/1600], Loss: 0.0907
Epoch [540/1600], Loss: 0.0830
Epoch [600/1600], Loss: 0.0185
Epoch [660/1600], Loss: 0.0069
Epoch [720/1600], Loss: 0.0237
Epoch [780/1600], Loss: 0.0034
Epoch [840/1600], Loss: 0.0084
Epoch [900/1600], Loss: 0.0122
Epoch [960/1600], Loss: 0.0020
Epoch [1020/1600], Loss: 0.0022
Epoch [1080/1600], Loss: 0.0014
Epoch [1140/1600], Loss: 0.0020
Epoch [1200/1600], Loss: 0.0016
Epoch [1260/1600], Loss: 0.0013
Epoch [1320/1600], Loss: 0.0013
Epoch [1380/1600], Loss: 0.0020
Epoch [1440/1600], Loss: 0.0014
Epoch [1500/1600], Loss: 0.0010
Epoch [1560/1600], Loss: 0.0012
0.6686136722564697
0.624484658241272
0.5792161822319031
0.5443586111068726
0.5185036659240723
Test Power of C2ST-L:  0.0
Epoch [60/1600], Loss: 0.7214
Epoch [120/1600], Loss: 0.4807
Epoch [180/1600], Loss: 0.3687
Epoch [240/1600], Loss: 0.2861
Epoch [300/1600], Loss: 0.2475
Epoch [360/1600], Loss: 0.1976
Epoch [420/1600], Loss: 0.1717
Epoch [480/1600], Loss: 0.1022
Epoch [540/1600], Loss: 0.0913
Epoch [600/1600], Loss: 0.0120
Epoch [660/1600], Loss: 0.0056
Epoch [720/1600], Loss: 0.0033
Epoch [780/1600], Loss: 0.0025
Epoch [840/1600], Loss: 0.0026
Epoch [900/1600], Loss: 0.0018
Epoch [960/1600], Loss: 0.0013
Epoch [1020/1600], Loss: 0.0020
Epoch [1080/1600], Loss: 0.0033
Epoch [1140/1600], Loss: 0.0011
Epoch [1200/1600], Loss: 0.0012
Epoch [1260/1600], Loss: 0.0034
Epoch [1320/1600], Loss: 0.0011
Epoch [1380/1600], Loss: 0.0017
Epoch [1440/1600], Loss: 0.0061
Epoch [1500/1600], Loss: 0.0011
Epoch [1560/1600], Loss: 0.0012
0.6735534071922302
0.6434803009033203
0.6171161532402039
0.5885083079338074
0.5692920684814453
Test Power of C2ST-L:  1.0
Epoch [60/1600], Loss: 0.7872
Epoch [120/1600], Loss: 0.4433
Epoch [180/1600], Loss: 0.3727
Epoch [240/1600], Loss: 0.2905
Epoch [300/1600], Loss: 0.2100
Epoch [360/1600], Loss: 0.1079
Epoch [420/1600], Loss: 0.0950
Epoch [480/1600], Loss: 0.0957
Epoch [540/1600], Loss: 0.0914
Epoch [600/1600], Loss: 0.0949
Epoch [660/1600], Loss: 0.0862
Epoch [720/1600], Loss: 0.0885
Epoch [780/1600], Loss: 0.0924
Epoch [840/1600], Loss: 0.0942
Epoch [900/1600], Loss: 0.0811
Epoch [960/1600], Loss: 0.0094
Epoch [1020/1600], Loss: 0.0059
Epoch [1080/1600], Loss: 0.0043
Epoch [1140/1600], Loss: 0.0033
Epoch [1200/1600], Loss: 0.0024
Epoch [1260/1600], Loss: 0.0018
Epoch [1320/1600], Loss: 0.0017
Epoch [1380/1600], Loss: 0.0020
Epoch [1440/1600], Loss: 0.0015
Epoch [1500/1600], Loss: 0.0036
Epoch [1560/1600], Loss: 0.0060
0.6649178862571716
0.6179460883140564
0.5898431539535522
0.5523498058319092
0.5240843892097473
Test Power of C2ST-L:  0.0
Epoch [60/1600], Loss: 0.7811
Epoch [120/1600], Loss: 0.4866
Epoch [180/1600], Loss: 0.3507
Epoch [240/1600], Loss: 0.2977
Epoch [300/1600], Loss: 0.2144
Epoch [360/1600], Loss: 0.1905
Epoch [420/1600], Loss: 0.1760
Epoch [480/1600], Loss: 0.1147
Epoch [540/1600], Loss: 0.0979
Epoch [600/1600], Loss: 0.0881
Epoch [660/1600], Loss: 0.0230
Epoch [720/1600], Loss: 0.0101
Epoch [780/1600], Loss: 0.0044
Epoch [840/1600], Loss: 0.0054
Epoch [900/1600], Loss: 0.0023
Epoch [960/1600], Loss: 0.0022
Epoch [1020/1600], Loss: 0.0023
Epoch [1080/1600], Loss: 0.0026
Epoch [1140/1600], Loss: 0.0015
Epoch [1200/1600], Loss: 0.0017
Epoch [1260/1600], Loss: 0.0015
Epoch [1320/1600], Loss: 0.0020
Epoch [1380/1600], Loss: 0.0014
Epoch [1440/1600], Loss: 0.0054
Epoch [1500/1600], Loss: 0.0026
Epoch [1560/1600], Loss: 0.0023
0.6737209558486938
0.6424348950386047
0.6146654486656189
0.5924438834190369
0.5919976234436035
Test Power of C2ST-L:  0.0
Epoch [60/1600], Loss: 0.7385
Epoch [120/1600], Loss: 0.4337
Epoch [180/1600], Loss: 0.3631
Epoch [240/1600], Loss: 0.2941
Epoch [300/1600], Loss: 0.2611
Epoch [360/1600], Loss: 0.1832
Epoch [420/1600], Loss: 0.1205
Epoch [480/1600], Loss: 0.1015
Epoch [540/1600], Loss: 0.0924
Epoch [600/1600], Loss: 0.0928
Epoch [660/1600], Loss: 0.0868
Epoch [720/1600], Loss: 0.0267
Epoch [780/1600], Loss: 0.0076
Epoch [840/1600], Loss: 0.0052
Epoch [900/1600], Loss: 0.0049
Epoch [960/1600], Loss: 0.0026
Epoch [1020/1600], Loss: 0.0028
Epoch [1080/1600], Loss: 0.0021
Epoch [1140/1600], Loss: 0.0040
Epoch [1200/1600], Loss: 0.0015
Epoch [1260/1600], Loss: 0.0023
Epoch [1320/1600], Loss: 0.0031
Epoch [1380/1600], Loss: 0.0041
Epoch [1440/1600], Loss: 0.0010
Epoch [1500/1600], Loss: 0.0010
Epoch [1560/1600], Loss: 0.0010
0.6796927452087402
0.6314796805381775
0.6054490804672241
0.5831419825553894
0.5641372203826904
Test Power of C2ST-L:  0.0
Epoch [60/1600], Loss: 0.7822
Epoch [120/1600], Loss: 0.4681
Epoch [180/1600], Loss: 0.3991
Epoch [240/1600], Loss: 0.3028
Epoch [300/1600], Loss: 0.2545
Epoch [360/1600], Loss: 0.1776
Epoch [420/1600], Loss: 0.1028
Epoch [480/1600], Loss: 0.0980
Epoch [540/1600], Loss: 0.0855
Epoch [600/1600], Loss: 0.0111
Epoch [660/1600], Loss: 0.0045
Epoch [720/1600], Loss: 0.0047
Epoch [780/1600], Loss: 0.0027
Epoch [840/1600], Loss: 0.0035
Epoch [900/1600], Loss: 0.0024
Epoch [960/1600], Loss: 0.0030
Epoch [1020/1600], Loss: 0.0029
Epoch [1080/1600], Loss: 0.0023
Epoch [1140/1600], Loss: 0.0010
Epoch [1200/1600], Loss: 0.0018
Epoch [1260/1600], Loss: 0.0063
Epoch [1320/1600], Loss: 0.0011
Epoch [1380/1600], Loss: 0.0010
Epoch [1440/1600], Loss: 0.0023
Epoch [1500/1600], Loss: 0.0010
Epoch [1560/1600], Loss: 0.0011
0.6806675791740417
0.645569384098053
0.6127047538757324
0.5854133367538452
0.5608348846435547
Test Power of C2ST-L:  0.0
Epoch [60/1600], Loss: 0.7024
Epoch [120/1600], Loss: 0.4458
Epoch [180/1600], Loss: 0.3525
Epoch [240/1600], Loss: 0.2813
Epoch [300/1600], Loss: 0.2699
Epoch [360/1600], Loss: 0.2537
Epoch [420/1600], Loss: 0.1767
Epoch [480/1600], Loss: 0.1070
Epoch [540/1600], Loss: 0.0913
Epoch [600/1600], Loss: 0.0958
Epoch [660/1600], Loss: 0.0971
Epoch [720/1600], Loss: 0.0912
Epoch [780/1600], Loss: 0.0943
Epoch [840/1600], Loss: 0.0871
Epoch [900/1600], Loss: 0.0798
Epoch [960/1600], Loss: 0.0141
Epoch [1020/1600], Loss: 0.0051
Epoch [1080/1600], Loss: 0.0032
Epoch [1140/1600], Loss: 0.0025
Epoch [1200/1600], Loss: 0.0034
Epoch [1260/1600], Loss: 0.0026
Epoch [1320/1600], Loss: 0.0016
Epoch [1380/1600], Loss: 0.0028
Epoch [1440/1600], Loss: 0.0020
Epoch [1500/1600], Loss: 0.0019
Epoch [1560/1600], Loss: 0.0027
0.6669201254844666
0.6315928101539612
0.5947102308273315
0.5641465783119202
0.5556855797767639
Test Power of C2ST-L:  1.0
Epoch [60/1600], Loss: 0.7493
Epoch [120/1600], Loss: 0.4746
Epoch [180/1600], Loss: 0.3283
Epoch [240/1600], Loss: 0.2798
Epoch [300/1600], Loss: 0.2794
Epoch [360/1600], Loss: 0.2624
Epoch [420/1600], Loss: 0.1782
Epoch [480/1600], Loss: 0.0998
Epoch [540/1600], Loss: 0.0970
Epoch [600/1600], Loss: 0.0170
Epoch [660/1600], Loss: 0.0066
Epoch [720/1600], Loss: 0.0040
Epoch [780/1600], Loss: 0.0034
Epoch [840/1600], Loss: 0.0028
Epoch [900/1600], Loss: 0.0027
Epoch [960/1600], Loss: 0.0023
Epoch [1020/1600], Loss: 0.0015
Epoch [1080/1600], Loss: 0.0019
Epoch [1140/1600], Loss: 0.0012
Epoch [1200/1600], Loss: 0.0023
Epoch [1260/1600], Loss: 0.0012
Epoch [1320/1600], Loss: 0.0018
Epoch [1380/1600], Loss: 0.0023
Epoch [1440/1600], Loss: 0.0017
Epoch [1500/1600], Loss: 0.0090
Epoch [1560/1600], Loss: 0.0019
0.6736118793487549
0.6421154141426086
0.6072373986244202
0.5798572897911072
0.5593709349632263
Test Power of C2ST-L:  1.0
Epoch [60/1600], Loss: 0.7093
Epoch [120/1600], Loss: 0.4555
Epoch [180/1600], Loss: 0.3738
Epoch [240/1600], Loss: 0.2905
Epoch [300/1600], Loss: 0.2386
Epoch [360/1600], Loss: 0.1881
Epoch [420/1600], Loss: 0.1926
Epoch [480/1600], Loss: 0.1788
Epoch [540/1600], Loss: 0.1017
Epoch [600/1600], Loss: 0.0978
Epoch [660/1600], Loss: 0.0941
Epoch [720/1600], Loss: 0.0839
Epoch [780/1600], Loss: 0.0771
Epoch [840/1600], Loss: 0.0123
Epoch [900/1600], Loss: 0.0049
Epoch [960/1600], Loss: 0.0047
Epoch [1020/1600], Loss: 0.0032
Epoch [1080/1600], Loss: 0.0017
Epoch [1140/1600], Loss: 0.0018
Epoch [1200/1600], Loss: 0.0016
Epoch [1260/1600], Loss: 0.0012
Epoch [1320/1600], Loss: 0.0021
Epoch [1380/1600], Loss: 0.0035
Epoch [1440/1600], Loss: 0.0017
Epoch [1500/1600], Loss: 0.0014
Epoch [1560/1600], Loss: 0.0016
0.6811218857765198
0.6426820755004883
0.5905213356018066
0.5596619248390198
0.5234893560409546
Test Power of C2ST-L:  0.0
Epoch [60/1600], Loss: 0.7227
Epoch [120/1600], Loss: 0.4419
Epoch [180/1600], Loss: 0.3271
Epoch [240/1600], Loss: 0.2870
Epoch [300/1600], Loss: 0.2228
Epoch [360/1600], Loss: 0.1812
Epoch [420/1600], Loss: 0.1399
Epoch [480/1600], Loss: 0.1031
Epoch [540/1600], Loss: 0.0878
Epoch [600/1600], Loss: 0.0097
Epoch [660/1600], Loss: 0.0045
Epoch [720/1600], Loss: 0.0031
Epoch [780/1600], Loss: 0.0061
Epoch [840/1600], Loss: 0.0053
Epoch [900/1600], Loss: 0.0020
Epoch [960/1600], Loss: 0.0039
Epoch [1020/1600], Loss: 0.0016
Epoch [1080/1600], Loss: 0.0025
Epoch [1140/1600], Loss: 0.0036
Epoch [1200/1600], Loss: 0.0012
Epoch [1260/1600], Loss: 0.0036
Epoch [1320/1600], Loss: 0.0013
Epoch [1380/1600], Loss: 0.0015
Epoch [1440/1600], Loss: 0.0016
Epoch [1500/1600], Loss: 0.0016
Epoch [1560/1600], Loss: 0.0011
0.6765302419662476
0.6489178538322449
0.6207870841026306
0.6199474334716797
0.5796656608581543
Test Power of C2ST-L:  0.0
Epoch [60/1600], Loss: 0.7373
Epoch [120/1600], Loss: 0.4189
Epoch [180/1600], Loss: 0.4033
Epoch [240/1600], Loss: 0.2478
Epoch [300/1600], Loss: 0.1885
Epoch [360/1600], Loss: 0.1823
Epoch [420/1600], Loss: 0.1049
Epoch [480/1600], Loss: 0.0900
Epoch [540/1600], Loss: 0.0842
Epoch [600/1600], Loss: 0.0914
Epoch [660/1600], Loss: 0.0932
Epoch [720/1600], Loss: 0.0068
Epoch [780/1600], Loss: 0.0039
Epoch [840/1600], Loss: 0.0036
Epoch [900/1600], Loss: 0.0023
Epoch [960/1600], Loss: 0.0027
Epoch [1020/1600], Loss: 0.0034
Epoch [1080/1600], Loss: 0.0031
Epoch [1140/1600], Loss: 0.0016
Epoch [1200/1600], Loss: 0.0026
Epoch [1260/1600], Loss: 0.0075
Epoch [1320/1600], Loss: 0.0015
Epoch [1380/1600], Loss: 0.0011
Epoch [1440/1600], Loss: 0.0019
Epoch [1500/1600], Loss: 0.0019
Epoch [1560/1600], Loss: 0.0028
0.6797853708267212
0.6425040364265442
0.6175817847251892
0.6035252213478088
0.6218239068984985
Test Power of C2ST-L:  0.0
Epoch [60/1600], Loss: 0.7552
Epoch [120/1600], Loss: 0.4837
Epoch [180/1600], Loss: 0.3119
Epoch [240/1600], Loss: 0.2956
Epoch [300/1600], Loss: 0.2397
Epoch [360/1600], Loss: 0.1965
Epoch [420/1600], Loss: 0.1862
Epoch [480/1600], Loss: 0.1050
Epoch [540/1600], Loss: 0.1034
Epoch [600/1600], Loss: 0.0924
Epoch [660/1600], Loss: 0.0657
Epoch [720/1600], Loss: 0.0067
Epoch [780/1600], Loss: 0.0036
Epoch [840/1600], Loss: 0.0028
Epoch [900/1600], Loss: 0.0021
Epoch [960/1600], Loss: 0.0032
Epoch [1020/1600], Loss: 0.0035
Epoch [1080/1600], Loss: 0.0020
Epoch [1140/1600], Loss: 0.0036
Epoch [1200/1600], Loss: 0.0014
Epoch [1260/1600], Loss: 0.0012
Epoch [1320/1600], Loss: 0.0012
Epoch [1380/1600], Loss: 0.0012
Epoch [1440/1600], Loss: 0.0010
Epoch [1500/1600], Loss: 0.0011
Epoch [1560/1600], Loss: 0.0081
0.675210177898407
0.6413413882255554
0.6041074395179749
0.5837214589118958
0.5495148301124573
Test Power of C2ST-L:  0.0
Epoch [60/1600], Loss: 0.7457
Epoch [120/1600], Loss: 0.4988
Epoch [180/1600], Loss: 0.3237
Epoch [240/1600], Loss: 0.2853
Epoch [300/1600], Loss: 0.2769
Epoch [360/1600], Loss: 0.1656
Epoch [420/1600], Loss: 0.1009
Epoch [480/1600], Loss: 0.0940
Epoch [540/1600], Loss: 0.0910
Epoch [600/1600], Loss: 0.0966
Epoch [660/1600], Loss: 0.0676
Epoch [720/1600], Loss: 0.0228
Epoch [780/1600], Loss: 0.0098
Epoch [840/1600], Loss: 0.0027
Epoch [900/1600], Loss: 0.0023
Epoch [960/1600], Loss: 0.0024
Epoch [1020/1600], Loss: 0.0021
Epoch [1080/1600], Loss: 0.0028
Epoch [1140/1600], Loss: 0.0014
Epoch [1200/1600], Loss: 0.0018
Epoch [1260/1600], Loss: 0.0019
Epoch [1320/1600], Loss: 0.0028
Epoch [1380/1600], Loss: 0.0017
Epoch [1440/1600], Loss: 0.0040
Epoch [1500/1600], Loss: 0.0023
Epoch [1560/1600], Loss: 0.0010
0.668523371219635
0.6239863634109497
0.5918141007423401
0.5633015632629395
0.5394328236579895
Test Power of C2ST-L:  0.0
Epoch [60/1600], Loss: 0.7624
Epoch [120/1600], Loss: 0.4713
Epoch [180/1600], Loss: 0.3621
Epoch [240/1600], Loss: 0.2947
Epoch [300/1600], Loss: 0.2442
Epoch [360/1600], Loss: 0.1847
Epoch [420/1600], Loss: 0.1070
Epoch [480/1600], Loss: 0.0948
Epoch [540/1600], Loss: 0.0873
Epoch [600/1600], Loss: 0.0116
Epoch [660/1600], Loss: 0.0055
Epoch [720/1600], Loss: 0.0041
Epoch [780/1600], Loss: 0.0029
Epoch [840/1600], Loss: 0.0033
Epoch [900/1600], Loss: 0.0029
Epoch [960/1600], Loss: 0.0021
Epoch [1020/1600], Loss: 0.0016
Epoch [1080/1600], Loss: 0.0044
Epoch [1140/1600], Loss: 0.0015
Epoch [1200/1600], Loss: 0.0012
Epoch [1260/1600], Loss: 0.0010
Epoch [1320/1600], Loss: 0.0017
Epoch [1380/1600], Loss: 0.0013
Epoch [1440/1600], Loss: 0.0025
Epoch [1500/1600], Loss: 0.0008
Epoch [1560/1600], Loss: 0.0011
0.6799963712692261
0.6529637575149536
0.6244795918464661
0.5916973948478699
0.5635008215904236
Test Power of C2ST-L:  0.0
Epoch [60/1600], Loss: 0.7023
Epoch [120/1600], Loss: 0.4769
Epoch [180/1600], Loss: 0.3069
Epoch [240/1600], Loss: 0.2821
Epoch [300/1600], Loss: 0.2800
Epoch [360/1600], Loss: 0.1873
Epoch [420/1600], Loss: 0.1149
Epoch [480/1600], Loss: 0.0978
Epoch [540/1600], Loss: 0.0973
Epoch [600/1600], Loss: 0.0890
Epoch [660/1600], Loss: 0.0830
Epoch [720/1600], Loss: 0.0153
Epoch [780/1600], Loss: 0.0177
Epoch [840/1600], Loss: 0.0033
Epoch [900/1600], Loss: 0.0024
Epoch [960/1600], Loss: 0.0021
Epoch [1020/1600], Loss: 0.0049
Epoch [1080/1600], Loss: 0.0026
Epoch [1140/1600], Loss: 0.0016
Epoch [1200/1600], Loss: 0.0020
Epoch [1260/1600], Loss: 0.0017
Epoch [1320/1600], Loss: 0.0017
Epoch [1380/1600], Loss: 0.0020
Epoch [1440/1600], Loss: 0.0015
Epoch [1500/1600], Loss: 0.0011
Epoch [1560/1600], Loss: 0.0040
0.6872283816337585
0.6678780913352966
0.6369433403015137
0.6148908734321594
0.5962843298912048
Test Power of C2ST-L:  0.0
Epoch [60/1600], Loss: 0.7206
Epoch [120/1600], Loss: 0.4268
Epoch [180/1600], Loss: 0.2869
Epoch [240/1600], Loss: 0.2786
Epoch [300/1600], Loss: 0.2701
Epoch [360/1600], Loss: 0.1833
Epoch [420/1600], Loss: 0.1035
Epoch [480/1600], Loss: 0.0940
Epoch [540/1600], Loss: 0.0848
Epoch [600/1600], Loss: 0.0916
Epoch [660/1600], Loss: 0.0162
Epoch [720/1600], Loss: 0.0064
Epoch [780/1600], Loss: 0.0036
Epoch [840/1600], Loss: 0.0127
Epoch [900/1600], Loss: 0.0035
Epoch [960/1600], Loss: 0.0023
Epoch [1020/1600], Loss: 0.0020
Epoch [1080/1600], Loss: 0.0014
Epoch [1140/1600], Loss: 0.0015
Epoch [1200/1600], Loss: 0.0017
Epoch [1260/1600], Loss: 0.0043
Epoch [1320/1600], Loss: 0.0016
Epoch [1380/1600], Loss: 0.0018
Epoch [1440/1600], Loss: 0.0009
Epoch [1500/1600], Loss: 0.0011
Epoch [1560/1600], Loss: 0.0009
0.6802187561988831
0.6376944184303284
0.6127768158912659
0.5868494510650635
0.5722373127937317
Test Power of C2ST-L:  0.0
Epoch [60/1600], Loss: 0.7004
Epoch [120/1600], Loss: 0.4710
Epoch [180/1600], Loss: 0.3715
Epoch [240/1600], Loss: 0.2824
Epoch [300/1600], Loss: 0.1995
Epoch [360/1600], Loss: 0.1940
Epoch [420/1600], Loss: 0.1024
Epoch [480/1600], Loss: 0.0912
Epoch [540/1600], Loss: 0.0928
Epoch [600/1600], Loss: 0.0881
Epoch [660/1600], Loss: 0.0868
Epoch [720/1600], Loss: 0.0233
Epoch [780/1600], Loss: 0.0077
Epoch [840/1600], Loss: 0.0045
Epoch [900/1600], Loss: 0.0043
Epoch [960/1600], Loss: 0.0027
Epoch [1020/1600], Loss: 0.0029
Epoch [1080/1600], Loss: 0.0064
Epoch [1140/1600], Loss: 0.0018
Epoch [1200/1600], Loss: 0.0017
Epoch [1260/1600], Loss: 0.0013
Epoch [1320/1600], Loss: 0.0021
Epoch [1380/1600], Loss: 0.0039
Epoch [1440/1600], Loss: 0.0016
Epoch [1500/1600], Loss: 0.0023
Epoch [1560/1600], Loss: 0.0011
0.6839767694473267
0.6406582593917847
0.6075565218925476
0.5860347151756287
0.5576454401016235
Test Power of C2ST-L:  0.0
Epoch [60/1600], Loss: 0.7277
Epoch [120/1600], Loss: 0.4722
Epoch [180/1600], Loss: 0.3729
Epoch [240/1600], Loss: 0.2833
Epoch [300/1600], Loss: 0.2654
Epoch [360/1600], Loss: 0.1353
Epoch [420/1600], Loss: 0.0940
Epoch [480/1600], Loss: 0.0942
Epoch [540/1600], Loss: 0.0743
Epoch [600/1600], Loss: 0.0096
Epoch [660/1600], Loss: 0.0045
Epoch [720/1600], Loss: 0.0028
Epoch [780/1600], Loss: 0.0024
Epoch [840/1600], Loss: 0.0021
Epoch [900/1600], Loss: 0.0015
Epoch [960/1600], Loss: 0.0019
Epoch [1020/1600], Loss: 0.0085
Epoch [1080/1600], Loss: 0.0011
Epoch [1140/1600], Loss: 0.0012
Epoch [1200/1600], Loss: 0.0011
Epoch [1260/1600], Loss: 0.0014
Epoch [1320/1600], Loss: 0.0009
Epoch [1380/1600], Loss: 0.0032
Epoch [1440/1600], Loss: 0.0012
Epoch [1500/1600], Loss: 0.0013
Epoch [1560/1600], Loss: 0.0013
0.6646143198013306
0.6282883286476135
0.5974270701408386
0.5789103507995605
0.5606932640075684
Test Power of C2ST-L:  0.0
Epoch [60/1600], Loss: 0.7188
Epoch [120/1600], Loss: 0.4604
Epoch [180/1600], Loss: 0.3620
Epoch [240/1600], Loss: 0.2902
Epoch [300/1600], Loss: 0.2784
Epoch [360/1600], Loss: 0.2734
Epoch [420/1600], Loss: 0.1789
Epoch [480/1600], Loss: 0.0967
Epoch [540/1600], Loss: 0.1027
Epoch [600/1600], Loss: 0.0949
Epoch [660/1600], Loss: 0.0713
Epoch [720/1600], Loss: 0.0068
Epoch [780/1600], Loss: 0.0049
Epoch [840/1600], Loss: 0.0069
Epoch [900/1600], Loss: 0.0032
Epoch [960/1600], Loss: 0.0020
Epoch [1020/1600], Loss: 0.0016
Epoch [1080/1600], Loss: 0.0034
Epoch [1140/1600], Loss: 0.0011
Epoch [1200/1600], Loss: 0.0025
Epoch [1260/1600], Loss: 0.0031
Epoch [1320/1600], Loss: 0.0011
Epoch [1380/1600], Loss: 0.0012
Epoch [1440/1600], Loss: 0.0013
Epoch [1500/1600], Loss: 0.0025
Epoch [1560/1600], Loss: 0.0011
0.6531147956848145
0.6083742380142212
0.5834982991218567
0.5498011112213135
0.5315502882003784
Test Power of C2ST-L:  0.0
Epoch [60/1600], Loss: 0.7653
Epoch [120/1600], Loss: 0.4707
Epoch [180/1600], Loss: 0.3675
Epoch [240/1600], Loss: 0.2807
Epoch [300/1600], Loss: 0.1996
Epoch [360/1600], Loss: 0.1808
Epoch [420/1600], Loss: 0.1025
Epoch [480/1600], Loss: 0.0909
Epoch [540/1600], Loss: 0.0864
Epoch [600/1600], Loss: 0.0864
Epoch [660/1600], Loss: 0.0759
Epoch [720/1600], Loss: 0.0103
Epoch [780/1600], Loss: 0.0079
Epoch [840/1600], Loss: 0.0039
Epoch [900/1600], Loss: 0.0033
Epoch [960/1600], Loss: 0.0027
Epoch [1020/1600], Loss: 0.0021
Epoch [1080/1600], Loss: 0.0014
Epoch [1140/1600], Loss: 0.0019
Epoch [1200/1600], Loss: 0.0021
Epoch [1260/1600], Loss: 0.0017
Epoch [1320/1600], Loss: 0.0030
Epoch [1380/1600], Loss: 0.0012
Epoch [1440/1600], Loss: 0.0010
Epoch [1500/1600], Loss: 0.0045
Epoch [1560/1600], Loss: 0.0010
0.6743005514144897
0.6472088098526001
0.6269328594207764
0.5941091775894165
0.5597984194755554
Test Power of C2ST-L:  0.0
Epoch [60/1600], Loss: 0.7959
Epoch [120/1600], Loss: 0.4965
Epoch [180/1600], Loss: 0.3842
Epoch [240/1600], Loss: 0.2931
Epoch [300/1600], Loss: 0.2312
Epoch [360/1600], Loss: 0.1497
Epoch [420/1600], Loss: 0.1075
Epoch [480/1600], Loss: 0.1033
Epoch [540/1600], Loss: 0.0854
Epoch [600/1600], Loss: 0.0213
Epoch [660/1600], Loss: 0.0045
Epoch [720/1600], Loss: 0.0039
Epoch [780/1600], Loss: 0.0025
Epoch [840/1600], Loss: 0.0024
Epoch [900/1600], Loss: 0.0020
Epoch [960/1600], Loss: 0.0023
Epoch [1020/1600], Loss: 0.0041
Epoch [1080/1600], Loss: 0.0013
Epoch [1140/1600], Loss: 0.0012
Epoch [1200/1600], Loss: 0.0023
Epoch [1260/1600], Loss: 0.0016
Epoch [1320/1600], Loss: 0.0022
Epoch [1380/1600], Loss: 0.0023
Epoch [1440/1600], Loss: 0.0018
Epoch [1500/1600], Loss: 0.0013
Epoch [1560/1600], Loss: 0.0013
0.676371693611145
0.6584869623184204
0.6289383172988892
0.6117734909057617
0.6053562164306641
Test Power of C2ST-L:  0.0
Epoch [60/1600], Loss: 0.7515
Epoch [120/1600], Loss: 0.4680
Epoch [180/1600], Loss: 0.3625
Epoch [240/1600], Loss: 0.2825
Epoch [300/1600], Loss: 0.2120
Epoch [360/1600], Loss: 0.1833
Epoch [420/1600], Loss: 0.1869
Epoch [480/1600], Loss: 0.1091
Epoch [540/1600], Loss: 0.0872
Epoch [600/1600], Loss: 0.0701
Epoch [660/1600], Loss: 0.0088
Epoch [720/1600], Loss: 0.0077
Epoch [780/1600], Loss: 0.0060
Epoch [840/1600], Loss: 0.0037
Epoch [900/1600], Loss: 0.0027
Epoch [960/1600], Loss: 0.0023
Epoch [1020/1600], Loss: 0.0024
Epoch [1080/1600], Loss: 0.0017
Epoch [1140/1600], Loss: 0.0024
Epoch [1200/1600], Loss: 0.0027
Epoch [1260/1600], Loss: 0.0020
Epoch [1320/1600], Loss: 0.0013
Epoch [1380/1600], Loss: 0.0054
Epoch [1440/1600], Loss: 0.0022
Epoch [1500/1600], Loss: 0.0014
Epoch [1560/1600], Loss: 0.0011
0.6843902468681335
0.6422278881072998
0.6033890843391418
0.5785353779792786
0.5884298086166382
Test Power of C2ST-L:  0.0
Epoch [60/1600], Loss: 0.7191
Epoch [120/1600], Loss: 0.4753
Epoch [180/1600], Loss: 0.2981
Epoch [240/1600], Loss: 0.2866
Epoch [300/1600], Loss: 0.2576
Epoch [360/1600], Loss: 0.1835
Epoch [420/1600], Loss: 0.1041
Epoch [480/1600], Loss: 0.0890
Epoch [540/1600], Loss: 0.0804
Epoch [600/1600], Loss: 0.0093
Epoch [660/1600], Loss: 0.0063
Epoch [720/1600], Loss: 0.0064
Epoch [780/1600], Loss: 0.0026
Epoch [840/1600], Loss: 0.0036
Epoch [900/1600], Loss: 0.0019
Epoch [960/1600], Loss: 0.0021
Epoch [1020/1600], Loss: 0.0024
Epoch [1080/1600], Loss: 0.0025
Epoch [1140/1600], Loss: 0.0041
Epoch [1200/1600], Loss: 0.0027
Epoch [1260/1600], Loss: 0.0014
Epoch [1320/1600], Loss: 0.0014
Epoch [1380/1600], Loss: 0.0013
Epoch [1440/1600], Loss: 0.0027
Epoch [1500/1600], Loss: 0.0023
Epoch [1560/1600], Loss: 0.0012
0.6850855946540833
0.6615239381790161
0.6175755262374878
0.5798788070678711
0.5659648776054382
Test Power of C2ST-L:  1.0
Epoch [60/1600], Loss: 0.7873
Epoch [120/1600], Loss: 0.4693
Epoch [180/1600], Loss: 0.3768
Epoch [240/1600], Loss: 0.2810
Epoch [300/1600], Loss: 0.2324
Epoch [360/1600], Loss: 0.1776
Epoch [420/1600], Loss: 0.1822
Epoch [480/1600], Loss: 0.1827
Epoch [540/1600], Loss: 0.0971
Epoch [600/1600], Loss: 0.0911
Epoch [660/1600], Loss: 0.0858
Epoch [720/1600], Loss: 0.0575
Epoch [780/1600], Loss: 0.0115
Epoch [840/1600], Loss: 0.0209
Epoch [900/1600], Loss: 0.0046
Epoch [960/1600], Loss: 0.0036
Epoch [1020/1600], Loss: 0.0030
Epoch [1080/1600], Loss: 0.0023
Epoch [1140/1600], Loss: 0.0019
Epoch [1200/1600], Loss: 0.0066
Epoch [1260/1600], Loss: 0.0016
Epoch [1320/1600], Loss: 0.0016
Epoch [1380/1600], Loss: 0.0029
Epoch [1440/1600], Loss: 0.0044
Epoch [1500/1600], Loss: 0.0025
Epoch [1560/1600], Loss: 0.0015
0.6757538318634033
0.6402693390846252
0.6045874357223511
0.5716668963432312
0.5535538792610168
Test Power of C2ST-L:  0.0
Epoch [60/1600], Loss: 0.7086
Epoch [120/1600], Loss: 0.4334
Epoch [180/1600], Loss: 0.3704
Epoch [240/1600], Loss: 0.2917
Epoch [300/1600], Loss: 0.2722
Epoch [360/1600], Loss: 0.2083
Epoch [420/1600], Loss: 0.1149
Epoch [480/1600], Loss: 0.0995
Epoch [540/1600], Loss: 0.0827
Epoch [600/1600], Loss: 0.0126
Epoch [660/1600], Loss: 0.0064
Epoch [720/1600], Loss: 0.0062
Epoch [780/1600], Loss: 0.0034
Epoch [840/1600], Loss: 0.0061
Epoch [900/1600], Loss: 0.0035
Epoch [960/1600], Loss: 0.0017
Epoch [1020/1600], Loss: 0.0028
Epoch [1080/1600], Loss: 0.0014
Epoch [1140/1600], Loss: 0.0055
Epoch [1200/1600], Loss: 0.0019
Epoch [1260/1600], Loss: 0.0014
Epoch [1320/1600], Loss: 0.0013
Epoch [1380/1600], Loss: 0.0017
Epoch [1440/1600], Loss: 0.0015
Epoch [1500/1600], Loss: 0.0017
Epoch [1560/1600], Loss: 0.0012
0.6749646067619324
0.6394780874252319
0.5941234230995178
0.5695511698722839
0.548298716545105
Test Power of C2ST-L:  0.0
Epoch [60/1600], Loss: 0.7326
Epoch [120/1600], Loss: 0.4634
Epoch [180/1600], Loss: 0.3662
Epoch [240/1600], Loss: 0.2908
Epoch [300/1600], Loss: 0.2008
Epoch [360/1600], Loss: 0.1146
Epoch [420/1600], Loss: 0.1269
Epoch [480/1600], Loss: 0.0966
Epoch [540/1600], Loss: 0.0896
Epoch [600/1600], Loss: 0.0869
Epoch [660/1600], Loss: 0.0807
Epoch [720/1600], Loss: 0.0850
Epoch [780/1600], Loss: 0.0228
Epoch [840/1600], Loss: 0.0091
Epoch [900/1600], Loss: 0.0101
Epoch [960/1600], Loss: 0.0031
Epoch [1020/1600], Loss: 0.0057
Epoch [1080/1600], Loss: 0.0027
Epoch [1140/1600], Loss: 0.0017
Epoch [1200/1600], Loss: 0.0042
Epoch [1260/1600], Loss: 0.0031
Epoch [1320/1600], Loss: 0.0016
Epoch [1380/1600], Loss: 0.0012
Epoch [1440/1600], Loss: 0.0015
Epoch [1500/1600], Loss: 0.0029
Epoch [1560/1600], Loss: 0.0016
0.6827220320701599
0.6473242044448853
0.6158963441848755
0.5725193023681641
0.5458657741546631
Test Power of C2ST-L:  0.0
Epoch [60/1600], Loss: 0.7756
Epoch [120/1600], Loss: 0.4491
Epoch [180/1600], Loss: 0.3537
Epoch [240/1600], Loss: 0.2810
Epoch [300/1600], Loss: 0.2686
Epoch [360/1600], Loss: 0.1647
Epoch [420/1600], Loss: 0.1037
Epoch [480/1600], Loss: 0.0931
Epoch [540/1600], Loss: 0.0981
Epoch [600/1600], Loss: 0.0882
Epoch [660/1600], Loss: 0.0088
Epoch [720/1600], Loss: 0.0044
Epoch [780/1600], Loss: 0.0072
Epoch [840/1600], Loss: 0.0023
Epoch [900/1600], Loss: 0.0017
Epoch [960/1600], Loss: 0.0018
Epoch [1020/1600], Loss: 0.0014
Epoch [1080/1600], Loss: 0.0037
Epoch [1140/1600], Loss: 0.0015
Epoch [1200/1600], Loss: 0.0015
Epoch [1260/1600], Loss: 0.0022
Epoch [1320/1600], Loss: 0.0019
Epoch [1380/1600], Loss: 0.0050
Epoch [1440/1600], Loss: 0.0009
Epoch [1500/1600], Loss: 0.0009
Epoch [1560/1600], Loss: 0.0015
0.6822590231895447
0.6627477407455444
0.6260895133018494
0.5980585217475891
0.5722475647926331
Test Power of C2ST-L:  0.0
Epoch [60/1600], Loss: 0.7760
Epoch [120/1600], Loss: 0.4476
Epoch [180/1600], Loss: 0.2916
Epoch [240/1600], Loss: 0.2833
Epoch [300/1600], Loss: 0.2756
Epoch [360/1600], Loss: 0.2566
Epoch [420/1600], Loss: 0.1468
Epoch [480/1600], Loss: 0.0974
Epoch [540/1600], Loss: 0.0950
Epoch [600/1600], Loss: 0.0904
Epoch [660/1600], Loss: 0.0965
Epoch [720/1600], Loss: 0.0852
Epoch [780/1600], Loss: 0.0859
Epoch [840/1600], Loss: 0.0913
Epoch [900/1600], Loss: 0.0888
Epoch [960/1600], Loss: 0.0173
Epoch [1020/1600], Loss: 0.0063
Epoch [1080/1600], Loss: 0.0031
Epoch [1140/1600], Loss: 0.0035
Epoch [1200/1600], Loss: 0.0035
Epoch [1260/1600], Loss: 0.0020
Epoch [1320/1600], Loss: 0.0017
Epoch [1380/1600], Loss: 0.0015
Epoch [1440/1600], Loss: 0.0016
Epoch [1500/1600], Loss: 0.0014
Epoch [1560/1600], Loss: 0.0014
0.6706850528717041
0.6498424410820007
0.6122481822967529
0.589340329170227
0.5669003129005432
Test Power of C2ST-L:  0.0
Epoch [60/1600], Loss: 0.7741
Epoch [120/1600], Loss: 0.4135
Epoch [180/1600], Loss: 0.3757
Epoch [240/1600], Loss: 0.2828
Epoch [300/1600], Loss: 0.2170
Epoch [360/1600], Loss: 0.1944
Epoch [420/1600], Loss: 0.1750
Epoch [480/1600], Loss: 0.0982
Epoch [540/1600], Loss: 0.0950
Epoch [600/1600], Loss: 0.0980
Epoch [660/1600], Loss: 0.0902
Epoch [720/1600], Loss: 0.0842
Epoch [780/1600], Loss: 0.0903
Epoch [840/1600], Loss: 0.0132
Epoch [900/1600], Loss: 0.0077
Epoch [960/1600], Loss: 0.0052
Epoch [1020/1600], Loss: 0.0027
Epoch [1080/1600], Loss: 0.0021
Epoch [1140/1600], Loss: 0.0019
Epoch [1200/1600], Loss: 0.0029
Epoch [1260/1600], Loss: 0.0037
Epoch [1320/1600], Loss: 0.0013
Epoch [1380/1600], Loss: 0.0013
Epoch [1440/1600], Loss: 0.0013
Epoch [1500/1600], Loss: 0.0010
Epoch [1560/1600], Loss: 0.0014
0.6659477949142456
0.6377007961273193
0.6036021709442139
0.5576870441436768
0.522885262966156
Test Power of C2ST-L:  0.0
Epoch [60/1600], Loss: 0.7314
Epoch [120/1600], Loss: 0.4702
Epoch [180/1600], Loss: 0.3739
Epoch [240/1600], Loss: 0.2827
Epoch [300/1600], Loss: 0.2375
Epoch [360/1600], Loss: 0.1911
Epoch [420/1600], Loss: 0.1035
Epoch [480/1600], Loss: 0.0931
Epoch [540/1600], Loss: 0.0930
Epoch [600/1600], Loss: 0.0903
Epoch [660/1600], Loss: 0.0167
Epoch [720/1600], Loss: 0.0072
Epoch [780/1600], Loss: 0.0050
Epoch [840/1600], Loss: 0.0042
Epoch [900/1600], Loss: 0.0026
Epoch [960/1600], Loss: 0.0038
Epoch [1020/1600], Loss: 0.0042
Epoch [1080/1600], Loss: 0.0020
Epoch [1140/1600], Loss: 0.0018
Epoch [1200/1600], Loss: 0.0019
Epoch [1260/1600], Loss: 0.0025
Epoch [1320/1600], Loss: 0.0015
Epoch [1380/1600], Loss: 0.0034
Epoch [1440/1600], Loss: 0.0015
Epoch [1500/1600], Loss: 0.0023
Epoch [1560/1600], Loss: 0.0013
0.679973304271698
0.637389063835144
0.6074848771095276
0.5783774256706238
0.6022030711174011
Test Power of C2ST-L:  0.0
Epoch [60/1600], Loss: 0.7281
Epoch [120/1600], Loss: 0.4670
Epoch [180/1600], Loss: 0.3790
Epoch [240/1600], Loss: 0.2795
Epoch [300/1600], Loss: 0.2619
Epoch [360/1600], Loss: 0.1936
Epoch [420/1600], Loss: 0.1786
Epoch [480/1600], Loss: 0.1099
Epoch [540/1600], Loss: 0.0963
Epoch [600/1600], Loss: 0.0941
Epoch [660/1600], Loss: 0.0892
Epoch [720/1600], Loss: 0.0809
Epoch [780/1600], Loss: 0.0067
Epoch [840/1600], Loss: 0.0046
Epoch [900/1600], Loss: 0.0038
Epoch [960/1600], Loss: 0.0025
Epoch [1020/1600], Loss: 0.0026
Epoch [1080/1600], Loss: 0.0042
Epoch [1140/1600], Loss: 0.0025
Epoch [1200/1600], Loss: 0.0016
Epoch [1260/1600], Loss: 0.0029
Epoch [1320/1600], Loss: 0.0029
Epoch [1380/1600], Loss: 0.0010
Epoch [1440/1600], Loss: 0.0013
Epoch [1500/1600], Loss: 0.0012
Epoch [1560/1600], Loss: 0.0014
0.6808778643608093
0.6506525278091431
0.6136147379875183
0.5912763476371765
0.5701367259025574
Test Power of C2ST-L:  0.0
Epoch [60/1600], Loss: 0.7517
Epoch [120/1600], Loss: 0.4233
Epoch [180/1600], Loss: 0.3727
Epoch [240/1600], Loss: 0.2856
Epoch [300/1600], Loss: 0.2749
Epoch [360/1600], Loss: 0.1986
Epoch [420/1600], Loss: 0.1775
Epoch [480/1600], Loss: 0.0994
Epoch [540/1600], Loss: 0.0874
Epoch [600/1600], Loss: 0.0106
Epoch [660/1600], Loss: 0.0171
Epoch [720/1600], Loss: 0.0049
Epoch [780/1600], Loss: 0.0034
Epoch [840/1600], Loss: 0.0027
Epoch [900/1600], Loss: 0.0019
Epoch [960/1600], Loss: 0.0020
Epoch [1020/1600], Loss: 0.0014
Epoch [1080/1600], Loss: 0.0038
Epoch [1140/1600], Loss: 0.0014
Epoch [1200/1600], Loss: 0.0019
Epoch [1260/1600], Loss: 0.0014
Epoch [1320/1600], Loss: 0.0020
Epoch [1380/1600], Loss: 0.0013
Epoch [1440/1600], Loss: 0.0031
Epoch [1500/1600], Loss: 0.0017
Epoch [1560/1600], Loss: 0.0027
0.6720625758171082
0.6214165091514587
0.5887184739112854
0.5531183481216431
0.5335749983787537
Test Power of C2ST-L:  1.0
Epoch [60/1600], Loss: 0.7218
Epoch [120/1600], Loss: 0.4845
Epoch [180/1600], Loss: 0.3328
Epoch [240/1600], Loss: 0.2922
Epoch [300/1600], Loss: 0.2682
Epoch [360/1600], Loss: 0.1870
Epoch [420/1600], Loss: 0.1874
Epoch [480/1600], Loss: 0.1080
Epoch [540/1600], Loss: 0.0952
Epoch [600/1600], Loss: 0.0938
Epoch [660/1600], Loss: 0.0873
Epoch [720/1600], Loss: 0.0340
Epoch [780/1600], Loss: 0.0078
Epoch [840/1600], Loss: 0.0038
Epoch [900/1600], Loss: 0.0040
Epoch [960/1600], Loss: 0.0033
Epoch [1020/1600], Loss: 0.0034
Epoch [1080/1600], Loss: 0.0020
Epoch [1140/1600], Loss: 0.0014
Epoch [1200/1600], Loss: 0.0019
Epoch [1260/1600], Loss: 0.0030
Epoch [1320/1600], Loss: 0.0010
Epoch [1380/1600], Loss: 0.0034
Epoch [1440/1600], Loss: 0.0012
Epoch [1500/1600], Loss: 0.0018
Epoch [1560/1600], Loss: 0.0009
0.6751478910446167
0.6442885994911194
0.6106266379356384
0.59767746925354
0.5624366402626038
Test Power of C2ST-L:  0.0
Epoch [60/1600], Loss: 0.7531
Epoch [120/1600], Loss: 0.3893
Epoch [180/1600], Loss: 0.3520
Epoch [240/1600], Loss: 0.2870
Epoch [300/1600], Loss: 0.2741
Epoch [360/1600], Loss: 0.2014
Epoch [420/1600], Loss: 0.1881
Epoch [480/1600], Loss: 0.1349
Epoch [540/1600], Loss: 0.0910
Epoch [600/1600], Loss: 0.0945
Epoch [660/1600], Loss: 0.0911
Epoch [720/1600], Loss: 0.0898
Epoch [780/1600], Loss: 0.0853
Epoch [840/1600], Loss: 0.0872
Epoch [900/1600], Loss: 0.0832
Epoch [960/1600], Loss: 0.0195
Epoch [1020/1600], Loss: 0.0106
Epoch [1080/1600], Loss: 0.0046
Epoch [1140/1600], Loss: 0.0038
Epoch [1200/1600], Loss: 0.0021
Epoch [1260/1600], Loss: 0.0021
Epoch [1320/1600], Loss: 0.0015
Epoch [1380/1600], Loss: 0.0015
Epoch [1440/1600], Loss: 0.0016
Epoch [1500/1600], Loss: 0.0019
Epoch [1560/1600], Loss: 0.0012
0.6757378578186035
0.6375660300254822
0.5966130495071411
0.5786738395690918
0.5608314275741577
Test Power of C2ST-L:  0.0
Epoch [60/1600], Loss: 0.7955
Epoch [120/1600], Loss: 0.4552
Epoch [180/1600], Loss: 0.3851
Epoch [240/1600], Loss: 0.2838
Epoch [300/1600], Loss: 0.2711
Epoch [360/1600], Loss: 0.1894
Epoch [420/1600], Loss: 0.0987
Epoch [480/1600], Loss: 0.1133
Epoch [540/1600], Loss: 0.0933
Epoch [600/1600], Loss: 0.0901
Epoch [660/1600], Loss: 0.0124
Epoch [720/1600], Loss: 0.0077
Epoch [780/1600], Loss: 0.0038
Epoch [840/1600], Loss: 0.0040
Epoch [900/1600], Loss: 0.0037
Epoch [960/1600], Loss: 0.0021
Epoch [1020/1600], Loss: 0.0024
Epoch [1080/1600], Loss: 0.0019
Epoch [1140/1600], Loss: 0.0021
Epoch [1200/1600], Loss: 0.0013
Epoch [1260/1600], Loss: 0.0020
Epoch [1320/1600], Loss: 0.0017
Epoch [1380/1600], Loss: 0.0015
Epoch [1440/1600], Loss: 0.0070
Epoch [1500/1600], Loss: 0.0016
Epoch [1560/1600], Loss: 0.0040
0.6718488335609436
0.628038227558136
0.6000893712043762
0.5708186030387878
0.5506649017333984
Test Power of C2ST-L:  0.0
Epoch [60/1600], Loss: 0.7549
Epoch [120/1600], Loss: 0.4430
Epoch [180/1600], Loss: 0.3639
Epoch [240/1600], Loss: 0.2970
Epoch [300/1600], Loss: 0.2833
Epoch [360/1600], Loss: 0.2316
Epoch [420/1600], Loss: 0.1065
Epoch [480/1600], Loss: 0.0213
Epoch [540/1600], Loss: 0.0078
Epoch [600/1600], Loss: 0.0130
Epoch [660/1600], Loss: 0.0038
Epoch [720/1600], Loss: 0.0033
Epoch [780/1600], Loss: 0.0025
Epoch [840/1600], Loss: 0.0027
Epoch [900/1600], Loss: 0.0021
Epoch [960/1600], Loss: 0.0019
Epoch [1020/1600], Loss: 0.0043
Epoch [1080/1600], Loss: 0.0040
Epoch [1140/1600], Loss: 0.0012
Epoch [1200/1600], Loss: 0.0017
Epoch [1260/1600], Loss: 0.0011
Epoch [1320/1600], Loss: 0.0031
Epoch [1380/1600], Loss: 0.0014
Epoch [1440/1600], Loss: 0.0016
Epoch [1500/1600], Loss: 0.0020
Epoch [1560/1600], Loss: 0.0009
0.6801032423973083
0.6573521494865417
0.6212329864501953
0.5775606036186218
0.621326208114624
Test Power of C2ST-L:  0.0
Epoch [60/1600], Loss: 0.7439
Epoch [120/1600], Loss: 0.4679
Epoch [180/1600], Loss: 0.3814
Epoch [240/1600], Loss: 0.2836
Epoch [300/1600], Loss: 0.2270
Epoch [360/1600], Loss: 0.1135
Epoch [420/1600], Loss: 0.0951
Epoch [480/1600], Loss: 0.0906
Epoch [540/1600], Loss: 0.0875
Epoch [600/1600], Loss: 0.0320
Epoch [660/1600], Loss: 0.0068
Epoch [720/1600], Loss: 0.0051
Epoch [780/1600], Loss: 0.0035
Epoch [840/1600], Loss: 0.0079
Epoch [900/1600], Loss: 0.0036
Epoch [960/1600], Loss: 0.0022
Epoch [1020/1600], Loss: 0.0017
Epoch [1080/1600], Loss: 0.0013
Epoch [1140/1600], Loss: 0.0017
Epoch [1200/1600], Loss: 0.0016
Epoch [1260/1600], Loss: 0.0013
Epoch [1320/1600], Loss: 0.0016
Epoch [1380/1600], Loss: 0.0031
Epoch [1440/1600], Loss: 0.0049
Epoch [1500/1600], Loss: 0.0011
Epoch [1560/1600], Loss: 0.0011
0.6796860098838806
0.6456092000007629
0.6081644892692566
0.5774296522140503
0.54380863904953
Test Power of C2ST-L:  0.0
Epoch [60/1600], Loss: 0.7627
Epoch [120/1600], Loss: 0.4809
Epoch [180/1600], Loss: 0.3781
Epoch [240/1600], Loss: 0.3246
Epoch [300/1600], Loss: 0.2663
Epoch [360/1600], Loss: 0.2012
Epoch [420/1600], Loss: 0.1638
Epoch [480/1600], Loss: 0.0971
Epoch [540/1600], Loss: 0.0974
Epoch [600/1600], Loss: 0.0941
Epoch [660/1600], Loss: 0.0893
Epoch [720/1600], Loss: 0.0372
Epoch [780/1600], Loss: 0.0072
Epoch [840/1600], Loss: 0.0048
Epoch [900/1600], Loss: 0.0028
Epoch [960/1600], Loss: 0.0030
Epoch [1020/1600], Loss: 0.0019
Epoch [1080/1600], Loss: 0.0023
Epoch [1140/1600], Loss: 0.0013
Epoch [1200/1600], Loss: 0.0037
Epoch [1260/1600], Loss: 0.0016
Epoch [1320/1600], Loss: 0.0021
Epoch [1380/1600], Loss: 0.0017
Epoch [1440/1600], Loss: 0.0037
Epoch [1500/1600], Loss: 0.0016
Epoch [1560/1600], Loss: 0.0013
0.678756594657898
0.6255962252616882
0.5878245234489441
0.5576163530349731
0.5309439897537231
Test Power of C2ST-L:  1.0
Epoch [60/1600], Loss: 0.7119
Epoch [120/1600], Loss: 0.4225
Epoch [180/1600], Loss: 0.3393
Epoch [240/1600], Loss: 0.2893
Epoch [300/1600], Loss: 0.2753
Epoch [360/1600], Loss: 0.1936
Epoch [420/1600], Loss: 0.1835
Epoch [480/1600], Loss: 0.1607
Epoch [540/1600], Loss: 0.0211
Epoch [600/1600], Loss: 0.0075
Epoch [660/1600], Loss: 0.0054
Epoch [720/1600], Loss: 0.0036
Epoch [780/1600], Loss: 0.0034
Epoch [840/1600], Loss: 0.0026
Epoch [900/1600], Loss: 0.0019
Epoch [960/1600], Loss: 0.0019
Epoch [1020/1600], Loss: 0.0018
Epoch [1080/1600], Loss: 0.0019
Epoch [1140/1600], Loss: 0.0022
Epoch [1200/1600], Loss: 0.0051
Epoch [1260/1600], Loss: 0.0010
Epoch [1320/1600], Loss: 0.0008
Epoch [1380/1600], Loss: 0.0013
Epoch [1440/1600], Loss: 0.0013
Epoch [1500/1600], Loss: 0.0069
Epoch [1560/1600], Loss: 0.0013
0.677187442779541
0.652381420135498
0.6334389448165894
0.6154359579086304
0.5961119532585144
Test Power of C2ST-L:  0.0
Epoch [60/1600], Loss: 0.7651
Epoch [120/1600], Loss: 0.4791
Epoch [180/1600], Loss: 0.3881
Epoch [240/1600], Loss: 0.2881
Epoch [300/1600], Loss: 0.2067
Epoch [360/1600], Loss: 0.1966
Epoch [420/1600], Loss: 0.1374
Epoch [480/1600], Loss: 0.0964
Epoch [540/1600], Loss: 0.0978
Epoch [600/1600], Loss: 0.0914
Epoch [660/1600], Loss: 0.0926
Epoch [720/1600], Loss: 0.3021
Epoch [780/1600], Loss: 0.0071
Epoch [840/1600], Loss: 0.0039
Epoch [900/1600], Loss: 0.0029
Epoch [960/1600], Loss: 0.0021
Epoch [1020/1600], Loss: 0.0081
Epoch [1080/1600], Loss: 0.0021
Epoch [1140/1600], Loss: 0.0021
Epoch [1200/1600], Loss: 0.0013
Epoch [1260/1600], Loss: 0.0040
Epoch [1320/1600], Loss: 0.0012
Epoch [1380/1600], Loss: 0.0014
Epoch [1440/1600], Loss: 0.0028
Epoch [1500/1600], Loss: 0.0010
Epoch [1560/1600], Loss: 0.0017
0.6734511852264404
0.61647629737854
0.5850534439086914
0.5553427934646606
0.5657567381858826
Test Power of C2ST-L:  0.0
Epoch [60/1600], Loss: 0.7116
Epoch [120/1600], Loss: 0.4813
Epoch [180/1600], Loss: 0.3381
Epoch [240/1600], Loss: 0.2892
Epoch [300/1600], Loss: 0.2833
Epoch [360/1600], Loss: 0.2861
Epoch [420/1600], Loss: 0.1631
Epoch [480/1600], Loss: 0.0960
Epoch [540/1600], Loss: 0.0884
Epoch [600/1600], Loss: 0.0936
Epoch [660/1600], Loss: 0.0869
Epoch [720/1600], Loss: 0.0899
Epoch [780/1600], Loss: 0.0934
Epoch [840/1600], Loss: 0.0907
Epoch [900/1600], Loss: 0.0893
Epoch [960/1600], Loss: 0.0816
Epoch [1020/1600], Loss: 0.0734
Epoch [1080/1600], Loss: 0.0131
Epoch [1140/1600], Loss: 0.0174
Epoch [1200/1600], Loss: 0.0041
Epoch [1260/1600], Loss: 0.0026
Epoch [1320/1600], Loss: 0.0089
Epoch [1380/1600], Loss: 0.0022
Epoch [1440/1600], Loss: 0.0022
Epoch [1500/1600], Loss: 0.0017
Epoch [1560/1600], Loss: 0.0013
0.6867688894271851
0.6433197259902954
0.6139095425605774
0.5978134274482727
0.5805216431617737
Test Power of C2ST-L:  0.0
Epoch [60/1600], Loss: 0.7387
Epoch [120/1600], Loss: 0.4762
Epoch [180/1600], Loss: 0.3157
Epoch [240/1600], Loss: 0.2914
Epoch [300/1600], Loss: 0.2652
Epoch [360/1600], Loss: 0.1987
Epoch [420/1600], Loss: 0.1950
Epoch [480/1600], Loss: 0.1752
Epoch [540/1600], Loss: 0.1072
Epoch [600/1600], Loss: 0.0885
Epoch [660/1600], Loss: 0.0115
Epoch [720/1600], Loss: 0.0073
Epoch [780/1600], Loss: 0.0084
Epoch [840/1600], Loss: 0.0078
Epoch [900/1600], Loss: 0.0042
Epoch [960/1600], Loss: 0.0025
Epoch [1020/1600], Loss: 0.0016
Epoch [1080/1600], Loss: 0.0014
Epoch [1140/1600], Loss: 0.0018
Epoch [1200/1600], Loss: 0.0019
Epoch [1260/1600], Loss: 0.0024
Epoch [1320/1600], Loss: 0.0011
Epoch [1380/1600], Loss: 0.0011
Epoch [1440/1600], Loss: 0.0016
Epoch [1500/1600], Loss: 0.0018
Epoch [1560/1600], Loss: 0.0013
0.6797945499420166
0.6561331748962402
0.6267737746238708
0.6209290027618408
0.5852593779563904
Test Power of C2ST-L:  0.0
Epoch [60/1600], Loss: 0.7575
Epoch [120/1600], Loss: 0.4738
Epoch [180/1600], Loss: 0.3383
Epoch [240/1600], Loss: 0.2976
Epoch [300/1600], Loss: 0.2979
Epoch [360/1600], Loss: 0.2765
Epoch [420/1600], Loss: 0.2012
Epoch [480/1600], Loss: 0.1123
Epoch [540/1600], Loss: 0.0931
Epoch [600/1600], Loss: 0.0894
Epoch [660/1600], Loss: 0.0893
Epoch [720/1600], Loss: 0.0893
Epoch [780/1600], Loss: 0.0846
Epoch [840/1600], Loss: 0.0154
Epoch [900/1600], Loss: 0.0052
Epoch [960/1600], Loss: 0.0036
Epoch [1020/1600], Loss: 0.0026
Epoch [1080/1600], Loss: 0.0084
Epoch [1140/1600], Loss: 0.0030
Epoch [1200/1600], Loss: 0.0021
Epoch [1260/1600], Loss: 0.0017
Epoch [1320/1600], Loss: 0.0014
Epoch [1380/1600], Loss: 0.0012
Epoch [1440/1600], Loss: 0.0017
Epoch [1500/1600], Loss: 0.0010
Epoch [1560/1600], Loss: 0.0017
0.6813981533050537
0.6506291627883911
0.6258841753005981
0.6203296780586243
0.5640924572944641
Test Power of C2ST-L:  0.0
Epoch [60/1600], Loss: 0.8050
Epoch [120/1600], Loss: 0.5118
Epoch [180/1600], Loss: 0.3961
Epoch [240/1600], Loss: 0.2997
Epoch [300/1600], Loss: 0.2728
Epoch [360/1600], Loss: 0.1883
Epoch [420/1600], Loss: 0.1303
Epoch [480/1600], Loss: 0.0966
Epoch [540/1600], Loss: 0.0846
Epoch [600/1600], Loss: 0.0836
Epoch [660/1600], Loss: 0.0140
Epoch [720/1600], Loss: 0.0064
Epoch [780/1600], Loss: 0.0042
Epoch [840/1600], Loss: 0.0033
Epoch [900/1600], Loss: 0.0023
Epoch [960/1600], Loss: 0.0021
Epoch [1020/1600], Loss: 0.0027
Epoch [1080/1600], Loss: 0.0020
Epoch [1140/1600], Loss: 0.0015
Epoch [1200/1600], Loss: 0.0053
Epoch [1260/1600], Loss: 0.0012
Epoch [1320/1600], Loss: 0.0027
Epoch [1380/1600], Loss: 0.0031
Epoch [1440/1600], Loss: 0.0019
Epoch [1500/1600], Loss: 0.0010
Epoch [1560/1600], Loss: 0.0031
0.6679712533950806
0.6256111264228821
0.5783200860023499
0.5345434546470642
0.4953722357749939
Test Power of C2ST-L:  0.0
Epoch [60/1600], Loss: 0.7625
Epoch [120/1600], Loss: 0.4820
Epoch [180/1600], Loss: 0.3826
Epoch [240/1600], Loss: 0.2866
Epoch [300/1600], Loss: 0.2729
Epoch [360/1600], Loss: 0.1822
Epoch [420/1600], Loss: 0.1050
Epoch [480/1600], Loss: 0.0949
Epoch [540/1600], Loss: 0.0931
Epoch [600/1600], Loss: 0.0857
Epoch [660/1600], Loss: 0.0845
Epoch [720/1600], Loss: 0.0210
Epoch [780/1600], Loss: 0.0079
Epoch [840/1600], Loss: 0.0040
Epoch [900/1600], Loss: 0.0025
Epoch [960/1600], Loss: 0.0029
Epoch [1020/1600], Loss: 0.0027
Epoch [1080/1600], Loss: 0.0020
Epoch [1140/1600], Loss: 0.0025
Epoch [1200/1600], Loss: 0.0018
Epoch [1260/1600], Loss: 0.0014
Epoch [1320/1600], Loss: 0.0016
Epoch [1380/1600], Loss: 0.0018
Epoch [1440/1600], Loss: 0.0010
Epoch [1500/1600], Loss: 0.0034
Epoch [1560/1600], Loss: 0.0011
0.679480791091919
0.6326965689659119
0.5845850110054016
0.5465590357780457
0.5191929936408997
Test Power of C2ST-L:  0.0
Epoch [60/1600], Loss: 0.8126
Epoch [120/1600], Loss: 0.4813
Epoch [180/1600], Loss: 0.3809
Epoch [240/1600], Loss: 0.2876
Epoch [300/1600], Loss: 0.2445
Epoch [360/1600], Loss: 0.1151
Epoch [420/1600], Loss: 0.0987
Epoch [480/1600], Loss: 0.0857
Epoch [540/1600], Loss: 0.0871
Epoch [600/1600], Loss: 0.0661
Epoch [660/1600], Loss: 0.0113
Epoch [720/1600], Loss: 0.0060
Epoch [780/1600], Loss: 0.0076
Epoch [840/1600], Loss: 0.0025
Epoch [900/1600], Loss: 0.0022
Epoch [960/1600], Loss: 0.0029
Epoch [1020/1600], Loss: 0.0024
Epoch [1080/1600], Loss: 0.0014
Epoch [1140/1600], Loss: 0.0022
Epoch [1200/1600], Loss: 0.0023
Epoch [1260/1600], Loss: 0.0040
Epoch [1320/1600], Loss: 0.0013
Epoch [1380/1600], Loss: 0.0026
Epoch [1440/1600], Loss: 0.0018
Epoch [1500/1600], Loss: 0.0029
Epoch [1560/1600], Loss: 0.0014
0.6853057146072388
0.6684728860855103
0.656653642654419
0.6372634172439575
0.6204878687858582
Test Power of C2ST-L:  0.0
Epoch [60/1600], Loss: 0.7046
Epoch [120/1600], Loss: 0.4599
Epoch [180/1600], Loss: 0.3036
Epoch [240/1600], Loss: 0.2726
Epoch [300/1600], Loss: 0.2289
Epoch [360/1600], Loss: 0.1051
Epoch [420/1600], Loss: 0.0888
Epoch [480/1600], Loss: 0.0858
Epoch [540/1600], Loss: 0.0876
Epoch [600/1600], Loss: 0.0571
Epoch [660/1600], Loss: 0.0057
Epoch [720/1600], Loss: 0.0040
Epoch [780/1600], Loss: 0.0025
Epoch [840/1600], Loss: 0.0019
Epoch [900/1600], Loss: 0.0021
Epoch [960/1600], Loss: 0.0021
Epoch [1020/1600], Loss: 0.0031
Epoch [1080/1600], Loss: 0.0092
Epoch [1140/1600], Loss: 0.0019
Epoch [1200/1600], Loss: 0.0016
Epoch [1260/1600], Loss: 0.0010
Epoch [1320/1600], Loss: 0.0014
Epoch [1380/1600], Loss: 0.0081
Epoch [1440/1600], Loss: 0.0013
Epoch [1500/1600], Loss: 0.0019
Epoch [1560/1600], Loss: 0.0013
0.6686406135559082
0.6438156962394714
0.6135427355766296
0.5964967608451843
0.5897088050842285
Test Power of C2ST-L:  0.0
Epoch [60/1600], Loss: 0.7279
Epoch [120/1600], Loss: 0.4755
Epoch [180/1600], Loss: 0.3712
Epoch [240/1600], Loss: 0.2897
Epoch [300/1600], Loss: 0.2690
Epoch [360/1600], Loss: 0.1177
Epoch [420/1600], Loss: 0.1018
Epoch [480/1600], Loss: 0.0957
Epoch [540/1600], Loss: 0.0932
Epoch [600/1600], Loss: 0.0898
Epoch [660/1600], Loss: 0.0869
Epoch [720/1600], Loss: 0.0745
Epoch [780/1600], Loss: 0.0134
Epoch [840/1600], Loss: 0.0053
Epoch [900/1600], Loss: 0.0068
Epoch [960/1600], Loss: 0.0030
Epoch [1020/1600], Loss: 0.0024
Epoch [1080/1600], Loss: 0.0084
Epoch [1140/1600], Loss: 0.0014
Epoch [1200/1600], Loss: 0.0026
Epoch [1260/1600], Loss: 0.0015
Epoch [1320/1600], Loss: 0.0012
Epoch [1380/1600], Loss: 0.0059
Epoch [1440/1600], Loss: 0.0029
Epoch [1500/1600], Loss: 0.0012
Epoch [1560/1600], Loss: 0.0022
0.6813490986824036
0.6684042811393738
0.6507749557495117
0.6626849174499512
0.6198788285255432
Test Power of C2ST-L:  0.0
Epoch [60/1600], Loss: 0.7569
Epoch [120/1600], Loss: 0.4484
Epoch [180/1600], Loss: 0.3560
Epoch [240/1600], Loss: 0.2914
Epoch [300/1600], Loss: 0.2684
Epoch [360/1600], Loss: 0.1903
Epoch [420/1600], Loss: 0.1580
Epoch [480/1600], Loss: 0.1042
Epoch [540/1600], Loss: 0.0976
Epoch [600/1600], Loss: 0.0918
Epoch [660/1600], Loss: 0.0977
Epoch [720/1600], Loss: 0.0935
Epoch [780/1600], Loss: 0.0913
Epoch [840/1600], Loss: 0.0890
Epoch [900/1600], Loss: 0.0901
Epoch [960/1600], Loss: 0.0081
Epoch [1020/1600], Loss: 0.0030
Epoch [1080/1600], Loss: 0.0026
Epoch [1140/1600], Loss: 0.0021
Epoch [1200/1600], Loss: 0.0018
Epoch [1260/1600], Loss: 0.0039
Epoch [1320/1600], Loss: 0.0012
Epoch [1380/1600], Loss: 0.0017
Epoch [1440/1600], Loss: 0.0013
Epoch [1500/1600], Loss: 0.0013
Epoch [1560/1600], Loss: 0.0043
0.670631468296051
0.62654048204422
0.6027071475982666
0.5825086832046509
0.5798731446266174
Test Power of C2ST-L:  0.0
Epoch [60/1600], Loss: 0.7245
Epoch [120/1600], Loss: 0.4677
Epoch [180/1600], Loss: 0.3615
Epoch [240/1600], Loss: 0.2800
Epoch [300/1600], Loss: 0.2731
Epoch [360/1600], Loss: 0.1808
Epoch [420/1600], Loss: 0.1758
Epoch [480/1600], Loss: 0.1021
Epoch [540/1600], Loss: 0.0924
Epoch [600/1600], Loss: 0.0859
Epoch [660/1600], Loss: 0.0306
Epoch [720/1600], Loss: 0.0083
Epoch [780/1600], Loss: 0.0048
Epoch [840/1600], Loss: 0.0039
Epoch [900/1600], Loss: 0.0031
Epoch [960/1600], Loss: 0.0036
Epoch [1020/1600], Loss: 0.0039
Epoch [1080/1600], Loss: 0.0023
Epoch [1140/1600], Loss: 0.0016
Epoch [1200/1600], Loss: 0.0046
Epoch [1260/1600], Loss: 0.0039
Epoch [1320/1600], Loss: 0.0078
Epoch [1380/1600], Loss: 0.0014
Epoch [1440/1600], Loss: 0.0021
Epoch [1500/1600], Loss: 0.0027
Epoch [1560/1600], Loss: 0.0011
0.6833897233009338
0.6560706496238708
0.6238763332366943
0.5903699994087219
0.5755528807640076
Test Power of C2ST-L:  0.0
Epoch [60/1600], Loss: 0.7511
Epoch [120/1600], Loss: 0.4499
Epoch [180/1600], Loss: 0.3730
Epoch [240/1600], Loss: 0.2823
Epoch [300/1600], Loss: 0.2719
Epoch [360/1600], Loss: 0.1667
Epoch [420/1600], Loss: 0.1085
Epoch [480/1600], Loss: 0.1031
Epoch [540/1600], Loss: 0.0973
Epoch [600/1600], Loss: 0.0983
Epoch [660/1600], Loss: 0.0976
Epoch [720/1600], Loss: 0.0945
Epoch [780/1600], Loss: 0.0918
Epoch [840/1600], Loss: 0.0487
Epoch [900/1600], Loss: 0.0061
Epoch [960/1600], Loss: 0.0032
Epoch [1020/1600], Loss: 0.0028
Epoch [1080/1600], Loss: 0.0020
Epoch [1140/1600], Loss: 0.0020
Epoch [1200/1600], Loss: 0.0023
Epoch [1260/1600], Loss: 0.0013
Epoch [1320/1600], Loss: 0.0022
Epoch [1380/1600], Loss: 0.0009
Epoch [1440/1600], Loss: 0.0013
Epoch [1500/1600], Loss: 0.0018
Epoch [1560/1600], Loss: 0.0013
0.6840836405754089
0.6509420871734619
0.595852255821228
0.5677168369293213
0.6154518723487854
Test Power of C2ST-L:  1.0
Epoch [60/1600], Loss: 0.7715
Epoch [120/1600], Loss: 0.4079
Epoch [180/1600], Loss: 0.3778
Epoch [240/1600], Loss: 0.3429
Epoch [300/1600], Loss: 0.2788
Epoch [360/1600], Loss: 0.2019
Epoch [420/1600], Loss: 0.0971
Epoch [480/1600], Loss: 0.0354
Epoch [540/1600], Loss: 0.0152
Epoch [600/1600], Loss: 0.0045
Epoch [660/1600], Loss: 0.0128
Epoch [720/1600], Loss: 0.0031
Epoch [780/1600], Loss: 0.0030
Epoch [840/1600], Loss: 0.0020
Epoch [900/1600], Loss: 0.0024
Epoch [960/1600], Loss: 0.0019
Epoch [1020/1600], Loss: 0.0023
Epoch [1080/1600], Loss: 0.0022
Epoch [1140/1600], Loss: 0.0021
Epoch [1200/1600], Loss: 0.0024
Epoch [1260/1600], Loss: 0.0017
Epoch [1320/1600], Loss: 0.0016
Epoch [1380/1600], Loss: 0.0012
Epoch [1440/1600], Loss: 0.0013
Epoch [1500/1600], Loss: 0.0020
Epoch [1560/1600], Loss: 0.0070
0.667951226234436
0.6480883359909058
0.6286909580230713
0.5910151600837708
0.565520167350769
Test Power of C2ST-L:  0.0
Epoch [60/1600], Loss: 0.7305
Epoch [120/1600], Loss: 0.4786
Epoch [180/1600], Loss: 0.3788
Epoch [240/1600], Loss: 0.2996
Epoch [300/1600], Loss: 0.2914
Epoch [360/1600], Loss: 0.1947
Epoch [420/1600], Loss: 0.1919
Epoch [480/1600], Loss: 0.1907
Epoch [540/1600], Loss: 0.0997
Epoch [600/1600], Loss: 0.0969
Epoch [660/1600], Loss: 0.0859
Epoch [720/1600], Loss: 0.0170
Epoch [780/1600], Loss: 0.0072
Epoch [840/1600], Loss: 0.0063
Epoch [900/1600], Loss: 0.0063
Epoch [960/1600], Loss: 0.0031
Epoch [1020/1600], Loss: 0.0033
Epoch [1080/1600], Loss: 0.0020
Epoch [1140/1600], Loss: 0.0023
Epoch [1200/1600], Loss: 0.0028
Epoch [1260/1600], Loss: 0.0017
Epoch [1320/1600], Loss: 0.0020
Epoch [1380/1600], Loss: 0.0014
Epoch [1440/1600], Loss: 0.0027
Epoch [1500/1600], Loss: 0.0018
Epoch [1560/1600], Loss: 0.0010
0.6826497912406921
0.6247225999832153
0.5872687697410583
0.5568445920944214
0.5374289751052856
Test Power of C2ST-L:  0.0
Epoch [60/1600], Loss: 0.7815
Epoch [120/1600], Loss: 0.4745
Epoch [180/1600], Loss: 0.3904
Epoch [240/1600], Loss: 0.3026
Epoch [300/1600], Loss: 0.2904
Epoch [360/1600], Loss: 0.2413
Epoch [420/1600], Loss: 0.1719
Epoch [480/1600], Loss: 0.1007
Epoch [540/1600], Loss: 0.0976
Epoch [600/1600], Loss: 0.0892
Epoch [660/1600], Loss: 0.0162
Epoch [720/1600], Loss: 0.0062
Epoch [780/1600], Loss: 0.0031
Epoch [840/1600], Loss: 0.0027
Epoch [900/1600], Loss: 0.0023
Epoch [960/1600], Loss: 0.0019
Epoch [1020/1600], Loss: 0.0096
Epoch [1080/1600], Loss: 0.0019
Epoch [1140/1600], Loss: 0.0018
Epoch [1200/1600], Loss: 0.0026
Epoch [1260/1600], Loss: 0.0036
Epoch [1320/1600], Loss: 0.0009
Epoch [1380/1600], Loss: 0.0025
Epoch [1440/1600], Loss: 0.0020
Epoch [1500/1600], Loss: 0.0009
Epoch [1560/1600], Loss: 0.0023
0.6781246066093445
0.6488242745399475
0.6133773326873779
0.6027157306671143
0.565761148929596
Test Power of C2ST-L:  0.0
Epoch [60/1600], Loss: 0.7694
Epoch [120/1600], Loss: 0.4154
Epoch [180/1600], Loss: 0.3099
Epoch [240/1600], Loss: 0.2910
Epoch [300/1600], Loss: 0.2023
Epoch [360/1600], Loss: 0.1843
Epoch [420/1600], Loss: 0.1009
Epoch [480/1600], Loss: 0.0946
Epoch [540/1600], Loss: 0.0921
Epoch [600/1600], Loss: 0.0230
Epoch [660/1600], Loss: 0.0059
Epoch [720/1600], Loss: 0.0072
Epoch [780/1600], Loss: 0.0027
Epoch [840/1600], Loss: 0.0028
Epoch [900/1600], Loss: 0.0021
Epoch [960/1600], Loss: 0.0018
Epoch [1020/1600], Loss: 0.0025
Epoch [1080/1600], Loss: 0.0015
Epoch [1140/1600], Loss: 0.0015
Epoch [1200/1600], Loss: 0.0028
Epoch [1260/1600], Loss: 0.0013
Epoch [1320/1600], Loss: 0.0012
Epoch [1380/1600], Loss: 0.0026
Epoch [1440/1600], Loss: 0.0017
Epoch [1500/1600], Loss: 0.0029
Epoch [1560/1600], Loss: 0.0019
0.6777216792106628
0.6382728815078735
0.5981737375259399
0.5782400965690613
0.5535110235214233
Test Power of C2ST-L:  0.0
Epoch [60/1600], Loss: 0.7889
Epoch [120/1600], Loss: 0.4726
Epoch [180/1600], Loss: 0.3758
Epoch [240/1600], Loss: 0.3005
Epoch [300/1600], Loss: 0.1833
Epoch [360/1600], Loss: 0.1883
Epoch [420/1600], Loss: 0.0942
Epoch [480/1600], Loss: 0.0943
Epoch [540/1600], Loss: 0.0894
Epoch [600/1600], Loss: 0.0918
Epoch [660/1600], Loss: 0.0879
Epoch [720/1600], Loss: 0.0594
Epoch [780/1600], Loss: 0.1055
Epoch [840/1600], Loss: 0.0039
Epoch [900/1600], Loss: 0.0026
Epoch [960/1600], Loss: 0.0030
Epoch [1020/1600], Loss: 0.0017
Epoch [1080/1600], Loss: 0.0013
Epoch [1140/1600], Loss: 0.0018
Epoch [1200/1600], Loss: 0.0021
Epoch [1260/1600], Loss: 0.0012
Epoch [1320/1600], Loss: 0.0067
Epoch [1380/1600], Loss: 0.0038
Epoch [1440/1600], Loss: 0.0024
Epoch [1500/1600], Loss: 0.0017
Epoch [1560/1600], Loss: 0.0011
0.6778701543807983
0.6459097862243652
0.6119099259376526
0.5886536836624146
0.570744514465332
Test Power of C2ST-L:  0.0
Epoch [60/1600], Loss: 0.7047
Epoch [120/1600], Loss: 0.5007
Epoch [180/1600], Loss: 0.3917
Epoch [240/1600], Loss: 0.2868
Epoch [300/1600], Loss: 0.2089
Epoch [360/1600], Loss: 0.1930
Epoch [420/1600], Loss: 0.1816
Epoch [480/1600], Loss: 0.1382
Epoch [540/1600], Loss: 0.1024
Epoch [600/1600], Loss: 0.0974
Epoch [660/1600], Loss: 0.0956
Epoch [720/1600], Loss: 0.0954
Epoch [780/1600], Loss: 0.0888
Epoch [840/1600], Loss: 0.0871
Epoch [900/1600], Loss: 0.0152
Epoch [960/1600], Loss: 0.0066
Epoch [1020/1600], Loss: 0.0051
Epoch [1080/1600], Loss: 0.0089
Epoch [1140/1600], Loss: 0.0034
Epoch [1200/1600], Loss: 0.0021
Epoch [1260/1600], Loss: 0.0020
Epoch [1320/1600], Loss: 0.0023
Epoch [1380/1600], Loss: 0.0022
Epoch [1440/1600], Loss: 0.0012
Epoch [1500/1600], Loss: 0.0028
Epoch [1560/1600], Loss: 0.0025
0.6689324975013733
0.6283779740333557
0.6101755499839783
0.5732459425926208
0.5532582998275757
Test Power of C2ST-L:  0.0
Epoch [60/1600], Loss: 0.7760
Epoch [120/1600], Loss: 0.4963
Epoch [180/1600], Loss: 0.3619
Epoch [240/1600], Loss: 0.2895
Epoch [300/1600], Loss: 0.2724
Epoch [360/1600], Loss: 0.2619
Epoch [420/1600], Loss: 0.1822
Epoch [480/1600], Loss: 0.1717
Epoch [540/1600], Loss: 0.0907
Epoch [600/1600], Loss: 0.0897
Epoch [660/1600], Loss: 0.0527
Epoch [720/1600], Loss: 0.0109
Epoch [780/1600], Loss: 0.0132
Epoch [840/1600], Loss: 0.0035
Epoch [900/1600], Loss: 0.0032
Epoch [960/1600], Loss: 0.0085
Epoch [1020/1600], Loss: 0.0022
Epoch [1080/1600], Loss: 0.0020
Epoch [1140/1600], Loss: 0.0016
Epoch [1200/1600], Loss: 0.0029
Epoch [1260/1600], Loss: 0.0018
Epoch [1320/1600], Loss: 0.0033
Epoch [1380/1600], Loss: 0.0023
Epoch [1440/1600], Loss: 0.0030
Epoch [1500/1600], Loss: 0.0033
Epoch [1560/1600], Loss: 0.0014
0.6797197461128235
0.660452127456665
0.6322941780090332
0.6180362701416016
0.5900205373764038
Test Power of C2ST-L:  1.0
Epoch [60/1600], Loss: 0.7115
Epoch [120/1600], Loss: 0.4089
Epoch [180/1600], Loss: 0.3384
Epoch [240/1600], Loss: 0.2935
Epoch [300/1600], Loss: 0.2716
Epoch [360/1600], Loss: 0.1910
Epoch [420/1600], Loss: 0.0990
Epoch [480/1600], Loss: 0.0974
Epoch [540/1600], Loss: 0.0929
Epoch [600/1600], Loss: 0.0876
Epoch [660/1600], Loss: 0.0916
Epoch [720/1600], Loss: 0.0904
Epoch [780/1600], Loss: 0.0874
Epoch [840/1600], Loss: 0.0850
Epoch [900/1600], Loss: 0.0805
Epoch [960/1600], Loss: 0.0420
Epoch [1020/1600], Loss: 0.0068
Epoch [1080/1600], Loss: 0.0096
Epoch [1140/1600], Loss: 0.0052
Epoch [1200/1600], Loss: 0.0022
Epoch [1260/1600], Loss: 0.0027
Epoch [1320/1600], Loss: 0.0031
Epoch [1380/1600], Loss: 0.0018
Epoch [1440/1600], Loss: 0.0026
Epoch [1500/1600], Loss: 0.0021
Epoch [1560/1600], Loss: 0.0015
0.6838386058807373
0.6605236530303955
0.6297538876533508
0.6067578792572021
0.5806438326835632
Test Power of C2ST-L:  0.0
Epoch [60/1600], Loss: 0.7302
Epoch [120/1600], Loss: 0.4716
Epoch [180/1600], Loss: 0.3243
Epoch [240/1600], Loss: 0.2894
Epoch [300/1600], Loss: 0.2754
Epoch [360/1600], Loss: 0.1819
Epoch [420/1600], Loss: 0.1101
Epoch [480/1600], Loss: 0.0887
Epoch [540/1600], Loss: 0.0885
Epoch [600/1600], Loss: 0.0180
Epoch [660/1600], Loss: 0.0071
Epoch [720/1600], Loss: 0.0032
Epoch [780/1600], Loss: 0.0026
Epoch [840/1600], Loss: 0.0022
Epoch [900/1600], Loss: 0.0022
Epoch [960/1600], Loss: 0.0026
Epoch [1020/1600], Loss: 0.0016
Epoch [1080/1600], Loss: 0.0021
Epoch [1140/1600], Loss: 0.0016
Epoch [1200/1600], Loss: 0.0012
Epoch [1260/1600], Loss: 0.0009
Epoch [1320/1600], Loss: 0.0011
Epoch [1380/1600], Loss: 0.0015
Epoch [1440/1600], Loss: 0.0018
Epoch [1500/1600], Loss: 0.0010
Epoch [1560/1600], Loss: 0.0011
0.6773878931999207
0.6609922647476196
0.635852575302124
0.6192502379417419
0.6000621914863586
Test Power of C2ST-L:  0.0
Epoch [60/1600], Loss: 0.8018
Epoch [120/1600], Loss: 0.4190
Epoch [180/1600], Loss: 0.3753
Epoch [240/1600], Loss: 0.2942
Epoch [300/1600], Loss: 0.2849
Epoch [360/1600], Loss: 0.1940
Epoch [420/1600], Loss: 0.1841
Epoch [480/1600], Loss: 0.1664
Epoch [540/1600], Loss: 0.1004
Epoch [600/1600], Loss: 0.0899
Epoch [660/1600], Loss: 0.0871
Epoch [720/1600], Loss: 0.0245
Epoch [780/1600], Loss: 0.0066
Epoch [840/1600], Loss: 0.0047
Epoch [900/1600], Loss: 0.0040
Epoch [960/1600], Loss: 0.0025
Epoch [1020/1600], Loss: 0.0031
Epoch [1080/1600], Loss: 0.0111
Epoch [1140/1600], Loss: 0.0018
Epoch [1200/1600], Loss: 0.0032
Epoch [1260/1600], Loss: 0.0013
Epoch [1320/1600], Loss: 0.0019
Epoch [1380/1600], Loss: 0.0014
Epoch [1440/1600], Loss: 0.0027
Epoch [1500/1600], Loss: 0.0022
Epoch [1560/1600], Loss: 0.0017
0.6823152303695679
0.6362369656562805
0.6014540195465088
0.5727207064628601
0.5462097525596619
Test Power of C2ST-L:  1.0
Epoch [60/1600], Loss: 0.7327
Epoch [120/1600], Loss: 0.4894
Epoch [180/1600], Loss: 0.3602
Epoch [240/1600], Loss: 0.2881
Epoch [300/1600], Loss: 0.2730
Epoch [360/1600], Loss: 0.1956
Epoch [420/1600], Loss: 0.1608
Epoch [480/1600], Loss: 0.1003
Epoch [540/1600], Loss: 0.0948
Epoch [600/1600], Loss: 0.0137
Epoch [660/1600], Loss: 0.0059
Epoch [720/1600], Loss: 0.0039
Epoch [780/1600], Loss: 0.0033
Epoch [840/1600], Loss: 0.0019
Epoch [900/1600], Loss: 0.0019
Epoch [960/1600], Loss: 0.0022
Epoch [1020/1600], Loss: 0.0019
Epoch [1080/1600], Loss: 0.0011
Epoch [1140/1600], Loss: 0.0014
Epoch [1200/1600], Loss: 0.0016
Epoch [1260/1600], Loss: 0.0010
Epoch [1320/1600], Loss: 0.0009
Epoch [1380/1600], Loss: 0.0010
Epoch [1440/1600], Loss: 0.0015
Epoch [1500/1600], Loss: 0.0010
Epoch [1560/1600], Loss: 0.0039
0.6832395792007446
0.6568407416343689
0.6033622622489929
0.5899343490600586
0.551683247089386
Test Power of C2ST-L:  0.0
Epoch [60/1600], Loss: 0.7719
Epoch [120/1600], Loss: 0.4767
Epoch [180/1600], Loss: 0.3809
Epoch [240/1600], Loss: 0.2874
Epoch [300/1600], Loss: 0.2807
Epoch [360/1600], Loss: 0.1883
Epoch [420/1600], Loss: 0.0972
Epoch [480/1600], Loss: 0.0937
Epoch [540/1600], Loss: 0.0884
Epoch [600/1600], Loss: 0.0786
Epoch [660/1600], Loss: 0.0119
Epoch [720/1600], Loss: 0.0047
Epoch [780/1600], Loss: 0.0067
Epoch [840/1600], Loss: 0.0023
Epoch [900/1600], Loss: 0.0025
Epoch [960/1600], Loss: 0.0021
Epoch [1020/1600], Loss: 0.0018
Epoch [1080/1600], Loss: 0.0018
Epoch [1140/1600], Loss: 0.0015
Epoch [1200/1600], Loss: 0.0013
Epoch [1260/1600], Loss: 0.0015
Epoch [1320/1600], Loss: 0.0018
Epoch [1380/1600], Loss: 0.0013
Epoch [1440/1600], Loss: 0.0015
Epoch [1500/1600], Loss: 0.0015
Epoch [1560/1600], Loss: 0.0034
0.6658691763877869
0.6331907510757446
0.5903422832489014
0.5449225902557373
0.5168811082839966
Test Power of C2ST-L:  1.0
Epoch [60/1600], Loss: 0.7060
Epoch [120/1600], Loss: 0.4509
Epoch [180/1600], Loss: 0.3623
Epoch [240/1600], Loss: 0.2948
Epoch [300/1600], Loss: 0.2724
Epoch [360/1600], Loss: 0.2032
Epoch [420/1600], Loss: 0.1025
Epoch [480/1600], Loss: 0.0952
Epoch [540/1600], Loss: 0.0967
Epoch [600/1600], Loss: 0.0871
Epoch [660/1600], Loss: 0.0157
Epoch [720/1600], Loss: 0.0049
Epoch [780/1600], Loss: 0.0069
Epoch [840/1600], Loss: 0.0025
Epoch [900/1600], Loss: 0.0026
Epoch [960/1600], Loss: 0.0021
Epoch [1020/1600], Loss: 0.0016
Epoch [1080/1600], Loss: 0.0018
Epoch [1140/1600], Loss: 0.0020
Epoch [1200/1600], Loss: 0.0036
Epoch [1260/1600], Loss: 0.0014
Epoch [1320/1600], Loss: 0.0015
Epoch [1380/1600], Loss: 0.0012
Epoch [1440/1600], Loss: 0.0012
Epoch [1500/1600], Loss: 0.0010
Epoch [1560/1600], Loss: 0.0016
0.6822490692138672
0.6579441428184509
0.6322143077850342
0.5971224904060364
0.5735124945640564
Test Power of C2ST-L:  1.0
Epoch [60/1600], Loss: 0.7031
Epoch [120/1600], Loss: 0.4401
Epoch [180/1600], Loss: 0.3771
Epoch [240/1600], Loss: 0.2849
Epoch [300/1600], Loss: 0.2368
Epoch [360/1600], Loss: 0.1982
Epoch [420/1600], Loss: 0.1753
Epoch [480/1600], Loss: 0.0980
Epoch [540/1600], Loss: 0.0873
Epoch [600/1600], Loss: 0.0168
Epoch [660/1600], Loss: 0.0061
Epoch [720/1600], Loss: 0.0043
Epoch [780/1600], Loss: 0.0035
Epoch [840/1600], Loss: 0.0131
Epoch [900/1600], Loss: 0.0040
Epoch [960/1600], Loss: 0.0018
Epoch [1020/1600], Loss: 0.0013
Epoch [1080/1600], Loss: 0.0014
Epoch [1140/1600], Loss: 0.0026
Epoch [1200/1600], Loss: 0.0021
Epoch [1260/1600], Loss: 0.0019
Epoch [1320/1600], Loss: 0.0013
Epoch [1380/1600], Loss: 0.0010
Epoch [1440/1600], Loss: 0.0010
Epoch [1500/1600], Loss: 0.0017
Epoch [1560/1600], Loss: 0.0041
0.6876329183578491
0.6610456109046936
0.6295104026794434
0.6101444959640503
0.5884954929351807
Test Power of C2ST-L:  0.0
Epoch [60/1600], Loss: 0.7021
Epoch [120/1600], Loss: 0.4218
Epoch [180/1600], Loss: 0.3742
Epoch [240/1600], Loss: 0.2791
Epoch [300/1600], Loss: 0.2685
Epoch [360/1600], Loss: 0.1869
Epoch [420/1600], Loss: 0.1512
Epoch [480/1600], Loss: 0.1031
Epoch [540/1600], Loss: 0.0876
Epoch [600/1600], Loss: 0.0908
Epoch [660/1600], Loss: 0.0886
Epoch [720/1600], Loss: 0.0821
Epoch [780/1600], Loss: 0.0142
Epoch [840/1600], Loss: 0.0063
Epoch [900/1600], Loss: 0.0051
Epoch [960/1600], Loss: 0.0029
Epoch [1020/1600], Loss: 0.0042
Epoch [1080/1600], Loss: 0.0024
Epoch [1140/1600], Loss: 0.0021
Epoch [1200/1600], Loss: 0.0025
Epoch [1260/1600], Loss: 0.0022
Epoch [1320/1600], Loss: 0.0019
Epoch [1380/1600], Loss: 0.0053
Epoch [1440/1600], Loss: 0.0015
Epoch [1500/1600], Loss: 0.0014
Epoch [1560/1600], Loss: 0.0009
0.669887363910675
0.6237777471542358
0.6035129427909851
0.566865086555481
0.5446244478225708
Test Power of C2ST-L:  0.0
Epoch [60/1600], Loss: 0.7290
Epoch [120/1600], Loss: 0.4769
Epoch [180/1600], Loss: 0.3152
Epoch [240/1600], Loss: 0.2829
Epoch [300/1600], Loss: 0.2820
Epoch [360/1600], Loss: 0.2121
Epoch [420/1600], Loss: 0.1978
Epoch [480/1600], Loss: 0.1857
Epoch [540/1600], Loss: 0.0934
Epoch [600/1600], Loss: 0.0144
Epoch [660/1600], Loss: 0.0065
Epoch [720/1600], Loss: 0.0098
Epoch [780/1600], Loss: 0.0076
Epoch [840/1600], Loss: 0.0032
Epoch [900/1600], Loss: 0.0023
Epoch [960/1600], Loss: 0.0017
Epoch [1020/1600], Loss: 0.0016
Epoch [1080/1600], Loss: 0.0022
Epoch [1140/1600], Loss: 0.0038
Epoch [1200/1600], Loss: 0.0050
Epoch [1260/1600], Loss: 0.0016
Epoch [1320/1600], Loss: 0.0023
Epoch [1380/1600], Loss: 0.0017
Epoch [1440/1600], Loss: 0.0040
Epoch [1500/1600], Loss: 0.0013
Epoch [1560/1600], Loss: 0.0033
0.6735864281654358
0.6309162378311157
0.603703498840332
0.5805681943893433
0.5650968551635742
Test Power of C2ST-L:  0.0
Epoch [60/1600], Loss: 0.7883
Epoch [120/1600], Loss: 0.4626
Epoch [180/1600], Loss: 0.4016
Epoch [240/1600], Loss: 0.2785
Epoch [300/1600], Loss: 0.2714
Epoch [360/1600], Loss: 0.1672
Epoch [420/1600], Loss: 0.1052
Epoch [480/1600], Loss: 0.0957
Epoch [540/1600], Loss: 0.0916
Epoch [600/1600], Loss: 0.0838
Epoch [660/1600], Loss: 0.0181
Epoch [720/1600], Loss: 0.0067
Epoch [780/1600], Loss: 0.0041
Epoch [840/1600], Loss: 0.0039
Epoch [900/1600], Loss: 0.0027
Epoch [960/1600], Loss: 0.0018
Epoch [1020/1600], Loss: 0.0017
Epoch [1080/1600], Loss: 0.0021
Epoch [1140/1600], Loss: 0.0011
Epoch [1200/1600], Loss: 0.0019
Epoch [1260/1600], Loss: 0.0010
Epoch [1320/1600], Loss: 0.0010
Epoch [1380/1600], Loss: 0.0018
Epoch [1440/1600], Loss: 0.0009
Epoch [1500/1600], Loss: 0.0010
Epoch [1560/1600], Loss: 0.0009
0.6786039471626282
0.6497880220413208
0.6269621849060059
0.5984599590301514
0.5720892548561096
Test Power of C2ST-L:  0.0
Epoch [60/1600], Loss: 0.7921
Epoch [120/1600], Loss: 0.4776
Epoch [180/1600], Loss: 0.3398
Epoch [240/1600], Loss: 0.2854
Epoch [300/1600], Loss: 0.2824
Epoch [360/1600], Loss: 0.1874
Epoch [420/1600], Loss: 0.1769
Epoch [480/1600], Loss: 0.1671
Epoch [540/1600], Loss: 0.0988
Epoch [600/1600], Loss: 0.0884
Epoch [660/1600], Loss: 0.0454
Epoch [720/1600], Loss: 0.0078
Epoch [780/1600], Loss: 0.0045
Epoch [840/1600], Loss: 0.0043
Epoch [900/1600], Loss: 0.0040
Epoch [960/1600], Loss: 0.0028
Epoch [1020/1600], Loss: 0.0023
Epoch [1080/1600], Loss: 0.0018
Epoch [1140/1600], Loss: 0.0018
Epoch [1200/1600], Loss: 0.0020
Epoch [1260/1600], Loss: 0.0027
Epoch [1320/1600], Loss: 0.0014
Epoch [1380/1600], Loss: 0.0017
Epoch [1440/1600], Loss: 0.0034
Epoch [1500/1600], Loss: 0.0012
Epoch [1560/1600], Loss: 0.0013
0.6732636094093323
0.6540703177452087
0.6412719488143921
0.6204788684844971
0.5983585119247437
Test Power of C2ST-L:  0.0
Epoch [60/1600], Loss: 0.7241
Epoch [120/1600], Loss: 0.4834
Epoch [180/1600], Loss: 0.3791
Epoch [240/1600], Loss: 0.3014
Epoch [300/1600], Loss: 0.2796
Epoch [360/1600], Loss: 0.1972
Epoch [420/1600], Loss: 0.1891
Epoch [480/1600], Loss: 0.1817
Epoch [540/1600], Loss: 0.1038
Epoch [600/1600], Loss: 0.0937
Epoch [660/1600], Loss: 0.0904
Epoch [720/1600], Loss: 0.0772
Epoch [780/1600], Loss: 0.0065
Epoch [840/1600], Loss: 0.0038
Epoch [900/1600], Loss: 0.0030
Epoch [960/1600], Loss: 0.0027
Epoch [1020/1600], Loss: 0.0016
Epoch [1080/1600], Loss: 0.0020
Epoch [1140/1600], Loss: 0.0032
Epoch [1200/1600], Loss: 0.0013
Epoch [1260/1600], Loss: 0.0018
Epoch [1320/1600], Loss: 0.0012
Epoch [1380/1600], Loss: 0.0012
Epoch [1440/1600], Loss: 0.0017
Epoch [1500/1600], Loss: 0.0026
Epoch [1560/1600], Loss: 0.0018
0.6792237758636475
0.6313117146492004
0.592884361743927
0.5604687929153442
0.540001630783081
Test Power of C2ST-L:  0.0
Epoch [60/1600], Loss: 0.7382
Epoch [120/1600], Loss: 0.4839
Epoch [180/1600], Loss: 0.2942
Epoch [240/1600], Loss: 0.2827
Epoch [300/1600], Loss: 0.1910
Epoch [360/1600], Loss: 0.1162
Epoch [420/1600], Loss: 0.1063
Epoch [480/1600], Loss: 0.0934
Epoch [540/1600], Loss: 0.0971
Epoch [600/1600], Loss: 0.0961
Epoch [660/1600], Loss: 0.1009
Epoch [720/1600], Loss: 0.0901
Epoch [780/1600], Loss: 0.0913
Epoch [840/1600], Loss: 0.0920
Epoch [900/1600], Loss: 0.0908
Epoch [960/1600], Loss: 0.0892
Epoch [1020/1600], Loss: 0.0903
Epoch [1080/1600], Loss: 0.0070
Epoch [1140/1600], Loss: 0.0051
Epoch [1200/1600], Loss: 0.0027
Epoch [1260/1600], Loss: 0.0034
Epoch [1320/1600], Loss: 0.0064
Epoch [1380/1600], Loss: 0.0023
Epoch [1440/1600], Loss: 0.0022
Epoch [1500/1600], Loss: 0.0025
Epoch [1560/1600], Loss: 0.0056
0.6767488718032837
0.6286494135856628
0.5960438847541809
0.5806407928466797
0.5603408813476562
Test Power of C2ST-L:  0.0
Epoch [60/1600], Loss: 0.7226
Epoch [120/1600], Loss: 0.4137
Epoch [180/1600], Loss: 0.3709
Epoch [240/1600], Loss: 0.2911
Epoch [300/1600], Loss: 0.2367
Epoch [360/1600], Loss: 0.1642
Epoch [420/1600], Loss: 0.0964
Epoch [480/1600], Loss: 0.0982
Epoch [540/1600], Loss: 0.0803
Epoch [600/1600], Loss: 0.0214
Epoch [660/1600], Loss: 0.0061
Epoch [720/1600], Loss: 0.0053
Epoch [780/1600], Loss: 0.0120
Epoch [840/1600], Loss: 0.0028
Epoch [900/1600], Loss: 0.0023
Epoch [960/1600], Loss: 0.0019
Epoch [1020/1600], Loss: 0.0033
Epoch [1080/1600], Loss: 0.0017
Epoch [1140/1600], Loss: 0.0019
Epoch [1200/1600], Loss: 0.0027
Epoch [1260/1600], Loss: 0.0037
Epoch [1320/1600], Loss: 0.0019
Epoch [1380/1600], Loss: 0.0018
Epoch [1440/1600], Loss: 0.0010
Epoch [1500/1600], Loss: 0.0011
Epoch [1560/1600], Loss: 0.0015
0.6775192618370056
0.6378623247146606
0.6011126041412354
0.56265789270401
0.55375075340271
Test Power of C2ST-L:  0.0
Epoch [60/1600], Loss: 0.7210
Epoch [120/1600], Loss: 0.4816
Epoch [180/1600], Loss: 0.3698
Epoch [240/1600], Loss: 0.2861
Epoch [300/1600], Loss: 0.2758
Epoch [360/1600], Loss: 0.2575
Epoch [420/1600], Loss: 0.1863
Epoch [480/1600], Loss: 0.1576
Epoch [540/1600], Loss: 0.0971
Epoch [600/1600], Loss: 0.0922
Epoch [660/1600], Loss: 0.0808
Epoch [720/1600], Loss: 0.0153
Epoch [780/1600], Loss: 0.0058
Epoch [840/1600], Loss: 0.0041
Epoch [900/1600], Loss: 0.0043
Epoch [960/1600], Loss: 0.0040
Epoch [1020/1600], Loss: 0.0173
Epoch [1080/1600], Loss: 0.0018
Epoch [1140/1600], Loss: 0.0016
Epoch [1200/1600], Loss: 0.0033
Epoch [1260/1600], Loss: 0.0064
Epoch [1320/1600], Loss: 0.0028
Epoch [1380/1600], Loss: 0.0012
Epoch [1440/1600], Loss: 0.0113
Epoch [1500/1600], Loss: 0.0011
Epoch [1560/1600], Loss: 0.0013
0.6703870296478271
0.6425337791442871
0.604996383190155
0.5756399631500244
0.5736170411109924
Test Power of C2ST-L:  0.0
Epoch [60/1600], Loss: 0.7503
Epoch [120/1600], Loss: 0.4702
Epoch [180/1600], Loss: 0.3252
Epoch [240/1600], Loss: 0.2748
Epoch [300/1600], Loss: 0.2453
Epoch [360/1600], Loss: 0.1803
Epoch [420/1600], Loss: 0.1262
Epoch [480/1600], Loss: 0.0948
Epoch [540/1600], Loss: 0.0876
Epoch [600/1600], Loss: 0.0749
Epoch [660/1600], Loss: 0.0063
Epoch [720/1600], Loss: 0.0045
Epoch [780/1600], Loss: 0.0050
Epoch [840/1600], Loss: 0.0073
Epoch [900/1600], Loss: 0.0031
Epoch [960/1600], Loss: 0.0017
Epoch [1020/1600], Loss: 0.0025
Epoch [1080/1600], Loss: 0.0015
Epoch [1140/1600], Loss: 0.0024
Epoch [1200/1600], Loss: 0.0033
Epoch [1260/1600], Loss: 0.0014
Epoch [1320/1600], Loss: 0.0026
Epoch [1380/1600], Loss: 0.0011
Epoch [1440/1600], Loss: 0.0015
Epoch [1500/1600], Loss: 0.0017
Epoch [1560/1600], Loss: 0.0009
0.6669025421142578
0.6217684745788574
0.5922365784645081
0.5635048151016235
0.5378325581550598
Test Power of C2ST-L:  0.0
Epoch [60/1600], Loss: 0.7754
Epoch [120/1600], Loss: 0.4774
Epoch [180/1600], Loss: 0.3754
Epoch [240/1600], Loss: 0.3002
Epoch [300/1600], Loss: 0.2753
Epoch [360/1600], Loss: 0.1919
Epoch [420/1600], Loss: 0.1560
Epoch [480/1600], Loss: 0.0980
Epoch [540/1600], Loss: 0.0883
Epoch [600/1600], Loss: 0.0102
Epoch [660/1600], Loss: 0.0054
Epoch [720/1600], Loss: 0.0047
Epoch [780/1600], Loss: 0.0031
Epoch [840/1600], Loss: 0.0042
Epoch [900/1600], Loss: 0.0067
Epoch [960/1600], Loss: 0.0021
Epoch [1020/1600], Loss: 0.0019
Epoch [1080/1600], Loss: 0.0069
Epoch [1140/1600], Loss: 0.0011
Epoch [1200/1600], Loss: 0.0012
Epoch [1260/1600], Loss: 0.0012
Epoch [1320/1600], Loss: 0.0011
Epoch [1380/1600], Loss: 0.0020
Epoch [1440/1600], Loss: 0.0015
Epoch [1500/1600], Loss: 0.0016
Epoch [1560/1600], Loss: 0.0053
0.6811800003051758
0.6410044431686401
0.5953037142753601
0.5668811798095703
0.5453522205352783
Test Power of C2ST-L:  0.0
Epoch [60/1600], Loss: 0.7587
Epoch [120/1600], Loss: 0.4794
Epoch [180/1600], Loss: 0.3756
Epoch [240/1600], Loss: 0.2895
Epoch [300/1600], Loss: 0.2922
Epoch [360/1600], Loss: 0.2600
Epoch [420/1600], Loss: 0.1827
Epoch [480/1600], Loss: 0.0991
Epoch [540/1600], Loss: 0.0950
Epoch [600/1600], Loss: 0.0886
Epoch [660/1600], Loss: 0.0890
Epoch [720/1600], Loss: 0.0073
Epoch [780/1600], Loss: 0.0038
Epoch [840/1600], Loss: 0.0035
Epoch [900/1600], Loss: 0.0036
Epoch [960/1600], Loss: 0.0027
Epoch [1020/1600], Loss: 0.0152
Epoch [1080/1600], Loss: 0.0024
Epoch [1140/1600], Loss: 0.0023
Epoch [1200/1600], Loss: 0.0024
Epoch [1260/1600], Loss: 0.0037
Epoch [1320/1600], Loss: 0.0022
Epoch [1380/1600], Loss: 0.0010
Epoch [1440/1600], Loss: 0.0017
Epoch [1500/1600], Loss: 0.0011
Epoch [1560/1600], Loss: 0.0018
0.6832937002182007
0.6409230828285217
0.6108009219169617
0.5937483310699463
0.6056254506111145
Test Power of C2ST-L:  0.0
Epoch [60/1600], Loss: 0.7803
Epoch [120/1600], Loss: 0.4758
Epoch [180/1600], Loss: 0.3102
Epoch [240/1600], Loss: 0.2870
Epoch [300/1600], Loss: 0.2773
Epoch [360/1600], Loss: 0.1890
Epoch [420/1600], Loss: 0.1835
Epoch [480/1600], Loss: 0.1798
Epoch [540/1600], Loss: 0.1068
Epoch [600/1600], Loss: 0.0949
Epoch [660/1600], Loss: 0.0891
Epoch [720/1600], Loss: 0.0840
Epoch [780/1600], Loss: 0.0188
Epoch [840/1600], Loss: 0.0062
Epoch [900/1600], Loss: 0.0036
Epoch [960/1600], Loss: 0.0027
Epoch [1020/1600], Loss: 0.0027
Epoch [1080/1600], Loss: 0.0030
Epoch [1140/1600], Loss: 0.0036
Epoch [1200/1600], Loss: 0.0013
Epoch [1260/1600], Loss: 0.0014
Epoch [1320/1600], Loss: 0.0027
Epoch [1380/1600], Loss: 0.0016
Epoch [1440/1600], Loss: 0.0012
Epoch [1500/1600], Loss: 0.0018
Epoch [1560/1600], Loss: 0.0012
0.6854192614555359
0.6357194185256958
0.6033540964126587
0.5639955401420593
0.5374013781547546
Test Power of C2ST-L:  0.0
Epoch [60/1600], Loss: 0.7002
Epoch [120/1600], Loss: 0.4615
Epoch [180/1600], Loss: 0.3006
Epoch [240/1600], Loss: 0.2795
Epoch [300/1600], Loss: 0.2765
Epoch [360/1600], Loss: 0.1953
Epoch [420/1600], Loss: 0.0995
Epoch [480/1600], Loss: 0.0900
Epoch [540/1600], Loss: 0.0978
Epoch [600/1600], Loss: 0.0929
Epoch [660/1600], Loss: 0.0674
Epoch [720/1600], Loss: 0.0100
Epoch [780/1600], Loss: 0.0052
Epoch [840/1600], Loss: 0.0032
Epoch [900/1600], Loss: 0.0043
Epoch [960/1600], Loss: 0.0028
Epoch [1020/1600], Loss: 0.0022
Epoch [1080/1600], Loss: 0.0017
Epoch [1140/1600], Loss: 0.0022
Epoch [1200/1600], Loss: 0.0032
Epoch [1260/1600], Loss: 0.0024
Epoch [1320/1600], Loss: 0.0017
Epoch [1380/1600], Loss: 0.0022
Epoch [1440/1600], Loss: 0.0014
Epoch [1500/1600], Loss: 0.0014
Epoch [1560/1600], Loss: 0.0027
0.6823887825012207
0.647357165813446
0.6415190696716309
0.601934552192688
0.5801833271980286
Test Power of C2ST-L:  0.0


=====================================================
Average test power at training size =  250  :  0.18
=====================================================



-----------------------------------------------

Finished with execution of c2st_semi_HDGM.py script

-----------------------------------------------

Job ID           : 55586054
Cluster          : spartan
User/Project     : xunyet/punim2112
Nodes            : 1
Wall-clock time  : 00:38:18 / 1-00:00:00

Displaying overall resources usage from 2024-02-02 20:18:21 to 2024-02-02 20:56:39:

NODE            CPU#        TOT%   ( USR   / SYS   / WIO   / IDLE  ) 

spartan-gpgpu134 : 
                CPU# 1    : 1.0    (   0.7 /   0.3 /   0.0 /  99.0 ) 
                CPU# 2    : 1.1    (   0.9 /   0.3 /   0.0 /  98.9 ) 
                CPU# 3    : 45.3   (  44.9 /   0.4 /   0.0 /  54.7 ) 
                CPU# 4    : 54.5   (  54.1 /   0.4 /   0.0 /  45.5 ) 

                GPU# 1    : 18.6  


Allocated CPUs            : 4    
  CPUs with usage <25%    : 2    
  CPUs with usage <50%    : 1    
  CPUs with usage >50%    : 1    


Allocated GPUs            : 1    
  GPUs with usage <25%    : 1    
  GPUs with usage <50%    : 0    
  GPUs with usage >50%    : 0    

Memory used (RAM)         : 26.0%  [2233MB of 8590MB]

--------------------------------------------

