device: cuda:0
Epoch [60/400], Loss: 0.2961
Epoch [120/400], Loss: 0.0972
Epoch [180/400], Loss: 0.1017
Epoch [240/400], Loss: 0.0134
Epoch [300/400], Loss: 0.0024
Epoch [360/400], Loss: 0.0016
0.6787320971488953
0.6678661108016968
0.662040114402771
0.6475733518600464
0.6384231448173523
Test Power of C2ST-L:  1.0
Epoch [60/400], Loss: 0.3084
Epoch [120/400], Loss: 0.1042
Epoch [180/400], Loss: 0.0887
Epoch [240/400], Loss: 0.0657
Epoch [300/400], Loss: 0.0037
Epoch [360/400], Loss: 0.0026
0.676785945892334
0.6678623557090759
0.6561475396156311
0.6464447975158691
0.6356992721557617
Test Power of C2ST-L:  1.0
Epoch [60/400], Loss: 0.2967
Epoch [120/400], Loss: 0.1180
Epoch [180/400], Loss: 0.1048
Epoch [240/400], Loss: 0.0968
Epoch [300/400], Loss: 0.0044
Epoch [360/400], Loss: 0.0027
0.6787261962890625
0.6642380356788635
0.6562780141830444
0.6495354771614075
0.6410648226737976
Test Power of C2ST-L:  1.0
Epoch [60/400], Loss: 0.3164
Epoch [120/400], Loss: 0.1157
Epoch [180/400], Loss: 0.0937
Epoch [240/400], Loss: 0.0039
Epoch [300/400], Loss: 0.0019
Epoch [360/400], Loss: 0.0010
0.687089741230011
0.6605491042137146
0.6491344571113586
0.644489049911499
0.6385566592216492
Test Power of C2ST-L:  1.0
Epoch [60/400], Loss: 0.3127
Epoch [120/400], Loss: 0.1825
Epoch [180/400], Loss: 0.0940
Epoch [240/400], Loss: 0.0110
Epoch [300/400], Loss: 0.0026
Epoch [360/400], Loss: 0.0069
0.6794931292533875
0.6659236550331116
0.6559808254241943
0.6447317600250244
0.6336575746536255
Test Power of C2ST-L:  1.0
Epoch [60/400], Loss: 0.3190
Epoch [120/400], Loss: 0.2028
Epoch [180/400], Loss: 0.0985
Epoch [240/400], Loss: 0.0835
Epoch [300/400], Loss: 0.0020
Epoch [360/400], Loss: 0.0075
0.6791078448295593
0.670046329498291
0.6583184599876404
0.645072877407074
0.6259869337081909
Test Power of C2ST-L:  1.0
Epoch [60/400], Loss: 0.2998
Epoch [120/400], Loss: 0.1033
Epoch [180/400], Loss: 0.0999
Epoch [240/400], Loss: 0.0839
Epoch [300/400], Loss: 0.0034
Epoch [360/400], Loss: 0.0027
0.6866782903671265
0.6739479899406433
0.6568624377250671
0.6471909284591675
0.6347542405128479
Test Power of C2ST-L:  1.0
Epoch [60/400], Loss: 0.2965
Epoch [120/400], Loss: 0.0997
Epoch [180/400], Loss: 0.0718
Epoch [240/400], Loss: 0.0033
Epoch [300/400], Loss: 0.0015
Epoch [360/400], Loss: 0.0017
0.6787794232368469
0.6720991134643555
0.6559317111968994
0.6415268182754517
0.6259486079216003
Test Power of C2ST-L:  1.0
Epoch [60/400], Loss: 0.3069
Epoch [120/400], Loss: 0.1077
Epoch [180/400], Loss: 0.0945
Epoch [240/400], Loss: 0.0024
Epoch [300/400], Loss: 0.0014
Epoch [360/400], Loss: 0.0019
0.6806351542472839
0.6649677157402039
0.6544588208198547
0.6486971378326416
0.6361949443817139
Test Power of C2ST-L:  1.0
Epoch [60/400], Loss: 0.2997
Epoch [120/400], Loss: 0.1602
Epoch [180/400], Loss: 0.1036
Epoch [240/400], Loss: 0.0047
Epoch [300/400], Loss: 0.0020
Epoch [360/400], Loss: 0.0020
0.6887247562408447
0.6738529801368713
0.6605269312858582
0.6563495993614197
0.6414916515350342
Test Power of C2ST-L:  1.0
Epoch [60/400], Loss: 0.2910
Epoch [120/400], Loss: 0.0971
Epoch [180/400], Loss: 0.0945
Epoch [240/400], Loss: 0.0032
Epoch [300/400], Loss: 0.0022
Epoch [360/400], Loss: 0.0025
0.6830632090568542
0.675156831741333
0.6561223268508911
0.6466286778450012
0.6343305110931396
Test Power of C2ST-L:  1.0
Epoch [60/400], Loss: 0.2989
Epoch [120/400], Loss: 0.1752
Epoch [180/400], Loss: 0.0946
Epoch [240/400], Loss: 0.0023
Epoch [300/400], Loss: 0.0037
Epoch [360/400], Loss: 0.0061
0.6850535869598389
0.6724163889884949
0.6557666659355164
0.646028459072113
0.6305323243141174
Test Power of C2ST-L:  1.0
Epoch [60/400], Loss: 0.3041
Epoch [120/400], Loss: 0.1021
Epoch [180/400], Loss: 0.0919
Epoch [240/400], Loss: 0.0041
Epoch [300/400], Loss: 0.0022
Epoch [360/400], Loss: 0.0011
0.6790998578071594
0.6619691252708435
0.6512672901153564
0.6431587934494019
0.6325936317443848
Test Power of C2ST-L:  1.0
Epoch [60/400], Loss: 0.3114
Epoch [120/400], Loss: 0.1002
Epoch [180/400], Loss: 0.0920
Epoch [240/400], Loss: 0.0968
Epoch [300/400], Loss: 0.0986
Epoch [360/400], Loss: 0.0023
0.6813899874687195
0.6655079126358032
0.6591681838035583
0.6514320969581604
0.6375511288642883
Test Power of C2ST-L:  1.0
Epoch [60/400], Loss: 0.2921
Epoch [120/400], Loss: 0.1182
Epoch [180/400], Loss: 0.1051
Epoch [240/400], Loss: 0.0957
Epoch [300/400], Loss: 0.0877
Epoch [360/400], Loss: 0.0021
0.678107500076294
0.665186882019043
0.6544406414031982
0.6454377770423889
0.6329869031906128
Test Power of C2ST-L:  1.0
Epoch [60/400], Loss: 0.3027
Epoch [120/400], Loss: 0.1139
Epoch [180/400], Loss: 0.0995
Epoch [240/400], Loss: 0.0953
Epoch [300/400], Loss: 0.0884
Epoch [360/400], Loss: 0.0061
0.6831458210945129
0.6748249530792236
0.6660587787628174
0.6567566394805908
0.6483282446861267
Test Power of C2ST-L:  1.0
Epoch [60/400], Loss: 0.2930
Epoch [120/400], Loss: 0.1214
Epoch [180/400], Loss: 0.0967
Epoch [240/400], Loss: 0.0022
Epoch [300/400], Loss: 0.0017
Epoch [360/400], Loss: 0.0010
0.6859217882156372
0.6770569086074829
0.6621925234794617
0.6520217061042786
0.6389122605323792
Test Power of C2ST-L:  1.0
Epoch [60/400], Loss: 0.2965
Epoch [120/400], Loss: 0.1038
Epoch [180/400], Loss: 0.1013
Epoch [240/400], Loss: 0.0899
Epoch [300/400], Loss: 0.0039
Epoch [360/400], Loss: 0.0033
0.6845452785491943
0.6715041399002075
0.6662295460700989
0.6550241708755493
0.6500298976898193
Test Power of C2ST-L:  1.0
Epoch [60/400], Loss: 0.2951
Epoch [120/400], Loss: 0.1039
Epoch [180/400], Loss: 0.0843
Epoch [240/400], Loss: 0.0026
Epoch [300/400], Loss: 0.0029
Epoch [360/400], Loss: 0.0015
0.6811535358428955
0.6651830077171326
0.6533589959144592
0.6446486711502075
0.6379362344741821
Test Power of C2ST-L:  1.0
Epoch [60/400], Loss: 0.3113
Epoch [120/400], Loss: 0.1887
Epoch [180/400], Loss: 0.0483
Epoch [240/400], Loss: 0.0033
Epoch [300/400], Loss: 0.0026
Epoch [360/400], Loss: 0.0015
0.6774274706840515
0.6649606227874756
0.653367817401886
0.6446279287338257
0.6386120319366455
Test Power of C2ST-L:  1.0
Epoch [60/400], Loss: 0.2999
Epoch [120/400], Loss: 0.1702
Epoch [180/400], Loss: 0.0955
Epoch [240/400], Loss: 0.1028
Epoch [300/400], Loss: 0.0032
Epoch [360/400], Loss: 0.0029
0.6828704476356506
0.6698102355003357
0.6530898809432983
0.6440452337265015
0.6311157941818237
Test Power of C2ST-L:  1.0
Epoch [60/400], Loss: 0.2947
Epoch [120/400], Loss: 0.1674
Epoch [180/400], Loss: 0.0937
Epoch [240/400], Loss: 0.0049
Epoch [300/400], Loss: 0.0015
Epoch [360/400], Loss: 0.0011
0.680590033531189
0.6669132113456726
0.6519058346748352
0.6390931010246277
0.621845543384552
Test Power of C2ST-L:  1.0
Epoch [60/400], Loss: 0.3025
Epoch [120/400], Loss: 0.1872
Epoch [180/400], Loss: 0.1000
Epoch [240/400], Loss: 0.0073
Epoch [300/400], Loss: 0.0020
Epoch [360/400], Loss: 0.0014
0.6838895082473755
0.6705555319786072
0.6578957438468933
0.6477035284042358
0.6334658861160278
Test Power of C2ST-L:  1.0
Epoch [60/400], Loss: 0.2937
Epoch [120/400], Loss: 0.1106
Epoch [180/400], Loss: 0.0938
Epoch [240/400], Loss: 0.0885
Epoch [300/400], Loss: 0.0096
Epoch [360/400], Loss: 0.0014
0.6850956678390503
0.6734992861747742
0.6588484644889832
0.6472865343093872
0.6388890743255615
Test Power of C2ST-L:  1.0
Epoch [60/400], Loss: 0.2998
Epoch [120/400], Loss: 0.1899
Epoch [180/400], Loss: 0.0945
Epoch [240/400], Loss: 0.0026
Epoch [300/400], Loss: 0.0040
Epoch [360/400], Loss: 0.0022
0.6715059280395508
0.6616621017456055
0.6507682204246521
0.6447629332542419
0.6370362639427185
Test Power of C2ST-L:  1.0
Epoch [60/400], Loss: 0.2973
Epoch [120/400], Loss: 0.1092
Epoch [180/400], Loss: 0.0052
Epoch [240/400], Loss: 0.0024
Epoch [300/400], Loss: 0.0016
Epoch [360/400], Loss: 0.0048
0.68080735206604
0.670744776725769
0.6576066613197327
0.650395393371582
0.6426522135734558
Test Power of C2ST-L:  1.0
Epoch [60/400], Loss: 0.2970
Epoch [120/400], Loss: 0.1937
Epoch [180/400], Loss: 0.0970
Epoch [240/400], Loss: 0.0832
Epoch [300/400], Loss: 0.0049
Epoch [360/400], Loss: 0.0020
0.678619384765625
0.6624153256416321
0.6533561944961548
0.6432362794876099
0.6305818557739258
Test Power of C2ST-L:  1.0
Epoch [60/400], Loss: 0.3086
Epoch [120/400], Loss: 0.1041
Epoch [180/400], Loss: 0.0971
Epoch [240/400], Loss: 0.0045
Epoch [300/400], Loss: 0.0029
Epoch [360/400], Loss: 0.0024
0.6717164516448975
0.6642471551895142
0.6529554128646851
0.644894540309906
0.6341647505760193
Test Power of C2ST-L:  1.0
Epoch [60/400], Loss: 0.3077
Epoch [120/400], Loss: 0.1116
Epoch [180/400], Loss: 0.0997
Epoch [240/400], Loss: 0.0849
Epoch [300/400], Loss: 0.0028
Epoch [360/400], Loss: 0.0015
0.6746788620948792
0.6632432341575623
0.645503044128418
0.637607216835022
0.6274837255477905
Test Power of C2ST-L:  1.0
Epoch [60/400], Loss: 0.3207
Epoch [120/400], Loss: 0.1048
Epoch [180/400], Loss: 0.1003
Epoch [240/400], Loss: 0.1007
Epoch [300/400], Loss: 0.0031
Epoch [360/400], Loss: 0.0024
0.689031720161438
0.6725720763206482
0.6586865186691284
0.6491340398788452
0.6374514698982239
Test Power of C2ST-L:  1.0
Epoch [60/400], Loss: 0.3121
Epoch [120/400], Loss: 0.1028
Epoch [180/400], Loss: 0.1017
Epoch [240/400], Loss: 0.1003
Epoch [300/400], Loss: 0.0017
Epoch [360/400], Loss: 0.0015
0.685802698135376
0.6741109490394592
0.6614236831665039
0.6501598954200745
0.6458231210708618
Test Power of C2ST-L:  1.0
Epoch [60/400], Loss: 0.3234
Epoch [120/400], Loss: 0.1916
Epoch [180/400], Loss: 0.0869
Epoch [240/400], Loss: 0.0035
Epoch [300/400], Loss: 0.0021
Epoch [360/400], Loss: 0.0012
0.6761536002159119
0.6642532348632812
0.6528317928314209
0.6432573795318604
0.6363633871078491
Test Power of C2ST-L:  1.0
Epoch [60/400], Loss: 0.2948
Epoch [120/400], Loss: 0.1188
Epoch [180/400], Loss: 0.0981
Epoch [240/400], Loss: 0.0094
Epoch [300/400], Loss: 0.0016
Epoch [360/400], Loss: 0.0013
0.6870954036712646
0.6758571267127991
0.6613082885742188
0.6469622850418091
0.6400610208511353
Test Power of C2ST-L:  1.0
Epoch [60/400], Loss: 0.2985
Epoch [120/400], Loss: 0.1840
Epoch [180/400], Loss: 0.0959
Epoch [240/400], Loss: 0.0144
Epoch [300/400], Loss: 0.0018
Epoch [360/400], Loss: 0.0018
0.6708692908287048
0.6630863547325134
0.6516043543815613
0.6445195078849792
0.6375353932380676
Test Power of C2ST-L:  1.0
Epoch [60/400], Loss: 0.3033
Epoch [120/400], Loss: 0.1021
Epoch [180/400], Loss: 0.0971
Epoch [240/400], Loss: 0.0895
Epoch [300/400], Loss: 0.0053
Epoch [360/400], Loss: 0.0016
0.6853207349777222
0.6749504208564758
0.6680092215538025
0.6584143042564392
0.6496005058288574
Test Power of C2ST-L:  1.0
Epoch [60/400], Loss: 0.3056
Epoch [120/400], Loss: 0.1980
Epoch [180/400], Loss: 0.0946
Epoch [240/400], Loss: 0.0038
Epoch [300/400], Loss: 0.0021
Epoch [360/400], Loss: 0.0020
0.6763239502906799
0.6658596396446228
0.6555765271186829
0.6457294821739197
0.6262355446815491
Test Power of C2ST-L:  1.0
Epoch [60/400], Loss: 0.3099
Epoch [120/400], Loss: 0.1048
Epoch [180/400], Loss: 0.0870
Epoch [240/400], Loss: 0.0936
Epoch [300/400], Loss: 0.0054
Epoch [360/400], Loss: 0.0021
0.6827090382575989
0.6668742299079895
0.6581001877784729
0.6497944593429565
0.6429980397224426
Test Power of C2ST-L:  1.0
Epoch [60/400], Loss: 0.2927
Epoch [120/400], Loss: 0.1575
Epoch [180/400], Loss: 0.0989
Epoch [240/400], Loss: 0.0123
Epoch [300/400], Loss: 0.0021
Epoch [360/400], Loss: 0.0015
0.6749439835548401
0.6610041260719299
0.6494677066802979
0.643647313117981
0.6269918084144592
Test Power of C2ST-L:  1.0
Epoch [60/400], Loss: 0.2825
Epoch [120/400], Loss: 0.0995
Epoch [180/400], Loss: 0.0946
Epoch [240/400], Loss: 0.0942
Epoch [300/400], Loss: 0.0104
Epoch [360/400], Loss: 0.0018
0.6722666025161743
0.6597423553466797
0.6534583568572998
0.6418993473052979
0.6300962567329407
Test Power of C2ST-L:  1.0
Epoch [60/400], Loss: 0.2851
Epoch [120/400], Loss: 0.1013
Epoch [180/400], Loss: 0.0943
Epoch [240/400], Loss: 0.0034
Epoch [300/400], Loss: 0.0016
Epoch [360/400], Loss: 0.0010
0.6816965341567993
0.6627345085144043
0.6526885032653809
0.6410726308822632
0.630364179611206
Test Power of C2ST-L:  1.0
Epoch [60/400], Loss: 0.2925
Epoch [120/400], Loss: 0.1202
Epoch [180/400], Loss: 0.1008
Epoch [240/400], Loss: 0.0950
Epoch [300/400], Loss: 0.0045
Epoch [360/400], Loss: 0.0019
0.6771389245986938
0.6670618057250977
0.6560894250869751
0.6460311412811279
0.6426813006401062
Test Power of C2ST-L:  1.0
Epoch [60/400], Loss: 0.3094
Epoch [120/400], Loss: 0.1020
Epoch [180/400], Loss: 0.0982
Epoch [240/400], Loss: 0.0105
Epoch [300/400], Loss: 0.0033
Epoch [360/400], Loss: 0.0023
0.6799368262290955
0.669136106967926
0.660487174987793
0.6513320207595825
0.6402835249900818
Test Power of C2ST-L:  1.0
Epoch [60/400], Loss: 0.3042
Epoch [120/400], Loss: 0.1074
Epoch [180/400], Loss: 0.1011
Epoch [240/400], Loss: 0.0057
Epoch [300/400], Loss: 0.0024
Epoch [360/400], Loss: 0.0031
0.6828670501708984
0.6737425923347473
0.6619998216629028
0.650322675704956
0.6399938464164734
Test Power of C2ST-L:  1.0
Epoch [60/400], Loss: 0.2985
Epoch [120/400], Loss: 0.1835
Epoch [180/400], Loss: 0.0141
Epoch [240/400], Loss: 0.0020
Epoch [300/400], Loss: 0.0027
Epoch [360/400], Loss: 0.0011
0.6762868165969849
0.6637282371520996
0.6512136459350586
0.6402275562286377
0.62717604637146
Test Power of C2ST-L:  1.0
Epoch [60/400], Loss: 0.2851
Epoch [120/400], Loss: 0.1248
Epoch [180/400], Loss: 0.0360
Epoch [240/400], Loss: 0.0025
Epoch [300/400], Loss: 0.0015
Epoch [360/400], Loss: 0.0013
0.6771601438522339
0.6647627353668213
0.65766841173172
0.6503537893295288
0.6446025967597961
Test Power of C2ST-L:  1.0
Epoch [60/400], Loss: 0.2937
Epoch [120/400], Loss: 0.1095
Epoch [180/400], Loss: 0.0996
Epoch [240/400], Loss: 0.0186
Epoch [300/400], Loss: 0.0020
Epoch [360/400], Loss: 0.0018
0.6803343296051025
0.6653563380241394
0.6577759981155396
0.6439949870109558
0.6292624473571777
Test Power of C2ST-L:  1.0
Epoch [60/400], Loss: 0.2913
Epoch [120/400], Loss: 0.1021
Epoch [180/400], Loss: 0.0969
Epoch [240/400], Loss: 0.0048
Epoch [300/400], Loss: 0.0025
Epoch [360/400], Loss: 0.0017
0.6852592825889587
0.6723997592926025
0.6605620384216309
0.6465940475463867
0.6359472870826721
Test Power of C2ST-L:  1.0
Epoch [60/400], Loss: 0.3093
Epoch [120/400], Loss: 0.0926
Epoch [180/400], Loss: 0.0952
Epoch [240/400], Loss: 0.0032
Epoch [300/400], Loss: 0.0015
Epoch [360/400], Loss: 0.0021
0.6815679669380188
0.6714085340499878
0.6599063277244568
0.6527888178825378
0.646347165107727
Test Power of C2ST-L:  1.0
Epoch [60/400], Loss: 0.3018
Epoch [120/400], Loss: 0.1943
Epoch [180/400], Loss: 0.0915
Epoch [240/400], Loss: 0.0044
Epoch [300/400], Loss: 0.0034
Epoch [360/400], Loss: 0.0021
0.6831924319267273
0.6688318848609924
0.6534937620162964
0.6467044353485107
0.6341842412948608
Test Power of C2ST-L:  1.0
Epoch [60/400], Loss: 0.2980
Epoch [120/400], Loss: 0.1059
Epoch [180/400], Loss: 0.0917
Epoch [240/400], Loss: 0.0044
Epoch [300/400], Loss: 0.0018
Epoch [360/400], Loss: 0.0014
0.6791277527809143
0.6668111681938171
0.6583452224731445
0.6524487733840942
0.6420257687568665
Test Power of C2ST-L:  1.0
Epoch [60/400], Loss: 0.2764
Epoch [120/400], Loss: 0.1149
Epoch [180/400], Loss: 0.0886
Epoch [240/400], Loss: 0.0043
Epoch [300/400], Loss: 0.0016
Epoch [360/400], Loss: 0.0012
0.6802470684051514
0.6694484949111938
0.6592330932617188
0.6474373936653137
0.6427544951438904
Test Power of C2ST-L:  1.0
Epoch [60/400], Loss: 0.2983
Epoch [120/400], Loss: 0.1855
Epoch [180/400], Loss: 0.0946
Epoch [240/400], Loss: 0.0044
Epoch [300/400], Loss: 0.0015
Epoch [360/400], Loss: 0.0045
0.6814207434654236
0.6710154414176941
0.6629962921142578
0.6550422310829163
0.6415586471557617
Test Power of C2ST-L:  1.0
Epoch [60/400], Loss: 0.3004
Epoch [120/400], Loss: 0.0910
Epoch [180/400], Loss: 0.0062
Epoch [240/400], Loss: 0.0023
Epoch [300/400], Loss: 0.0019
Epoch [360/400], Loss: 0.0013
0.6839632391929626
0.6763289570808411
0.663851261138916
0.6484217643737793
0.643010675907135
Test Power of C2ST-L:  1.0
Epoch [60/400], Loss: 0.3863
Epoch [120/400], Loss: 0.1906
Epoch [180/400], Loss: 0.0943
Epoch [240/400], Loss: 0.0897
Epoch [300/400], Loss: 0.0188
Epoch [360/400], Loss: 0.0031
0.6847347617149353
0.6728566884994507
0.6612142324447632
0.6484784483909607
0.6368391513824463
Test Power of C2ST-L:  1.0
Epoch [60/400], Loss: 0.2941
Epoch [120/400], Loss: 0.1458
Epoch [180/400], Loss: 0.0933
Epoch [240/400], Loss: 0.0051
Epoch [300/400], Loss: 0.0025
Epoch [360/400], Loss: 0.0067
0.6815237998962402
0.6665288805961609
0.652973473072052
0.6410709619522095
0.6357568502426147
Test Power of C2ST-L:  1.0
Epoch [60/400], Loss: 0.3072
Epoch [120/400], Loss: 0.1847
Epoch [180/400], Loss: 0.0965
Epoch [240/400], Loss: 0.0967
Epoch [300/400], Loss: 0.0215
Epoch [360/400], Loss: 0.0035
0.6877813339233398
0.6708804368972778
0.6539632678031921
0.6460959315299988
0.6372482180595398
Test Power of C2ST-L:  1.0
Epoch [60/400], Loss: 0.3084
Epoch [120/400], Loss: 0.1066
Epoch [180/400], Loss: 0.0933
Epoch [240/400], Loss: 0.0954
Epoch [300/400], Loss: 0.0026
Epoch [360/400], Loss: 0.0026
0.6797981858253479
0.6713399887084961
0.6622016429901123
0.6557345390319824
0.6448020339012146
Test Power of C2ST-L:  1.0
Epoch [60/400], Loss: 0.3175
Epoch [120/400], Loss: 0.1361
Epoch [180/400], Loss: 0.0691
Epoch [240/400], Loss: 0.0035
Epoch [300/400], Loss: 0.0131
Epoch [360/400], Loss: 0.0039
0.6875101923942566
0.67296302318573
0.6590282917022705
0.6529844403266907
0.6439440250396729
Test Power of C2ST-L:  1.0
Epoch [60/400], Loss: 0.2997
Epoch [120/400], Loss: 0.1099
Epoch [180/400], Loss: 0.1005
Epoch [240/400], Loss: 0.0822
Epoch [300/400], Loss: 0.0026
Epoch [360/400], Loss: 0.0053
0.6825409531593323
0.6684145927429199
0.6577470898628235
0.646880030632019
0.6293352246284485
Test Power of C2ST-L:  1.0
Epoch [60/400], Loss: 0.2970
Epoch [120/400], Loss: 0.0987
Epoch [180/400], Loss: 0.0959
Epoch [240/400], Loss: 0.0032
Epoch [300/400], Loss: 0.0027
Epoch [360/400], Loss: 0.0014
0.6785321831703186
0.6658799648284912
0.6564902067184448
0.6468368768692017
0.635991632938385
Test Power of C2ST-L:  1.0
Epoch [60/400], Loss: 0.2973
Epoch [120/400], Loss: 0.1084
Epoch [180/400], Loss: 0.0691
Epoch [240/400], Loss: 0.0038
Epoch [300/400], Loss: 0.0018
Epoch [360/400], Loss: 0.0014
0.6841455698013306
0.6599159836769104
0.6491745710372925
0.639722466468811
0.6318333745002747
Test Power of C2ST-L:  1.0
Epoch [60/400], Loss: 0.2927
Epoch [120/400], Loss: 0.1056
Epoch [180/400], Loss: 0.0818
Epoch [240/400], Loss: 0.0036
Epoch [300/400], Loss: 0.0017
Epoch [360/400], Loss: 0.0053
0.6791447401046753
0.6704233884811401
0.6545820832252502
0.6381598711013794
0.6271805167198181
Test Power of C2ST-L:  1.0
Epoch [60/400], Loss: 0.3294
Epoch [120/400], Loss: 0.1045
Epoch [180/400], Loss: 0.0810
Epoch [240/400], Loss: 0.0023
Epoch [300/400], Loss: 0.0017
Epoch [360/400], Loss: 0.0017
0.6834679245948792
0.672193169593811
0.6520251631736755
0.6424765586853027
0.6316686272621155
Test Power of C2ST-L:  1.0
Epoch [60/400], Loss: 0.2958
Epoch [120/400], Loss: 0.1058
Epoch [180/400], Loss: 0.0952
Epoch [240/400], Loss: 0.0024
Epoch [300/400], Loss: 0.0031
Epoch [360/400], Loss: 0.0021
0.6821709275245667
0.6667572855949402
0.6587559580802917
0.6503201723098755
0.645866870880127
Test Power of C2ST-L:  0.0
Epoch [60/400], Loss: 0.2888
Epoch [120/400], Loss: 0.1005
Epoch [180/400], Loss: 0.1063
Epoch [240/400], Loss: 0.0946
Epoch [300/400], Loss: 0.0047
Epoch [360/400], Loss: 0.0018
0.6815119385719299
0.6699466109275818
0.6613776683807373
0.6517053842544556
0.6380479335784912
Test Power of C2ST-L:  1.0
Epoch [60/400], Loss: 0.3023
Epoch [120/400], Loss: 0.1167
Epoch [180/400], Loss: 0.1060
Epoch [240/400], Loss: 0.0109
Epoch [300/400], Loss: 0.0014
Epoch [360/400], Loss: 0.0012
0.6832321286201477
0.6706451177597046
0.6552457809448242
0.6445227861404419
0.6332937479019165
Test Power of C2ST-L:  1.0
Epoch [60/400], Loss: 0.3195
Epoch [120/400], Loss: 0.1772
Epoch [180/400], Loss: 0.0958
Epoch [240/400], Loss: 0.0152
Epoch [300/400], Loss: 0.0027
Epoch [360/400], Loss: 0.0020
0.6847350001335144
0.6680797934532166
0.6538844108581543
0.6442215442657471
0.6335344910621643
Test Power of C2ST-L:  1.0
Epoch [60/400], Loss: 0.3480
Epoch [120/400], Loss: 0.1365
Epoch [180/400], Loss: 0.0928
Epoch [240/400], Loss: 0.0135
Epoch [300/400], Loss: 0.0017
Epoch [360/400], Loss: 0.0014
0.6883324980735779
0.6772273778915405
0.6658109426498413
0.6572847962379456
0.6539989113807678
Test Power of C2ST-L:  1.0
Epoch [60/400], Loss: 0.3170
Epoch [120/400], Loss: 0.1093
Epoch [180/400], Loss: 0.0970
Epoch [240/400], Loss: 0.0957
Epoch [300/400], Loss: 0.0046
Epoch [360/400], Loss: 0.0040
0.6816809177398682
0.6669363975524902
0.6541110873222351
0.6415336728096008
0.6341582536697388
Test Power of C2ST-L:  1.0
Epoch [60/400], Loss: 0.2933
Epoch [120/400], Loss: 0.0992
Epoch [180/400], Loss: 0.0930
Epoch [240/400], Loss: 0.0036
Epoch [300/400], Loss: 0.0017
Epoch [360/400], Loss: 0.0012
0.6822904348373413
0.6651896834373474
0.6533985733985901
0.6424004435539246
0.6300650835037231
Test Power of C2ST-L:  1.0
Epoch [60/400], Loss: 0.3001
Epoch [120/400], Loss: 0.1208
Epoch [180/400], Loss: 0.0086
Epoch [240/400], Loss: 0.0025
Epoch [300/400], Loss: 0.0016
Epoch [360/400], Loss: 0.0010
0.6757799386978149
0.6588602662086487
0.6457915306091309
0.6403015851974487
0.618736207485199
Test Power of C2ST-L:  1.0
Epoch [60/400], Loss: 0.3015
Epoch [120/400], Loss: 0.1813
Epoch [180/400], Loss: 0.0964
Epoch [240/400], Loss: 0.0209
Epoch [300/400], Loss: 0.0041
Epoch [360/400], Loss: 0.0035
0.683596670627594
0.6700438857078552
0.6569198966026306
0.648831844329834
0.6400426030158997
Test Power of C2ST-L:  1.0
Epoch [60/400], Loss: 0.3071
Epoch [120/400], Loss: 0.1029
Epoch [180/400], Loss: 0.0970
Epoch [240/400], Loss: 0.0928
Epoch [300/400], Loss: 0.0876
Epoch [360/400], Loss: 0.0020
0.6833759546279907
0.6655534505844116
0.6567367911338806
0.6494892239570618
0.6367188096046448
Test Power of C2ST-L:  1.0
Epoch [60/400], Loss: 0.3006
Epoch [120/400], Loss: 0.1084
Epoch [180/400], Loss: 0.0988
Epoch [240/400], Loss: 0.0081
Epoch [300/400], Loss: 0.0017
Epoch [360/400], Loss: 0.0021
0.6810351014137268
0.6698133945465088
0.6578799486160278
0.6488623023033142
0.6423271894454956
Test Power of C2ST-L:  1.0
Epoch [60/400], Loss: 0.3165
Epoch [120/400], Loss: 0.1035
Epoch [180/400], Loss: 0.1092
Epoch [240/400], Loss: 0.0030
Epoch [300/400], Loss: 0.0017
Epoch [360/400], Loss: 0.0011
0.6829419136047363
0.6703388690948486
0.6550982594490051
0.6458770632743835
0.640313982963562
Test Power of C2ST-L:  1.0
Epoch [60/400], Loss: 0.3031
Epoch [120/400], Loss: 0.1921
Epoch [180/400], Loss: 0.0055
Epoch [240/400], Loss: 0.0023
Epoch [300/400], Loss: 0.0020
Epoch [360/400], Loss: 0.0020
0.6834621429443359
0.6685035228729248
0.6560559272766113
0.6483665108680725
0.6401824951171875
Test Power of C2ST-L:  1.0
Epoch [60/400], Loss: 0.2970
Epoch [120/400], Loss: 0.1015
Epoch [180/400], Loss: 0.0849
Epoch [240/400], Loss: 0.0051
Epoch [300/400], Loss: 0.0078
Epoch [360/400], Loss: 0.0020
0.6816860437393188
0.669061541557312
0.6546075940132141
0.6397506594657898
0.6320685148239136
Test Power of C2ST-L:  1.0
Epoch [60/400], Loss: 0.2928
Epoch [120/400], Loss: 0.2075
Epoch [180/400], Loss: 0.0084
Epoch [240/400], Loss: 0.0050
Epoch [300/400], Loss: 0.0020
Epoch [360/400], Loss: 0.0024
0.6810017824172974
0.6674091815948486
0.6531601548194885
0.6456512808799744
0.6416265368461609
Test Power of C2ST-L:  1.0
Epoch [60/400], Loss: 0.3016
Epoch [120/400], Loss: 0.2009
Epoch [180/400], Loss: 0.0979
Epoch [240/400], Loss: 0.0928
Epoch [300/400], Loss: 0.0537
Epoch [360/400], Loss: 0.0051
0.6853929162025452
0.6734113693237305
0.6567131876945496
0.6455839276313782
0.631686270236969
Test Power of C2ST-L:  1.0
Epoch [60/400], Loss: 0.3072
Epoch [120/400], Loss: 0.1038
Epoch [180/400], Loss: 0.0987
Epoch [240/400], Loss: 0.0042
Epoch [300/400], Loss: 0.0014
Epoch [360/400], Loss: 0.0031
0.6753062009811401
0.6599556803703308
0.6506340503692627
0.6379085183143616
0.6227481365203857
Test Power of C2ST-L:  1.0
Epoch [60/400], Loss: 0.2909
Epoch [120/400], Loss: 0.1020
Epoch [180/400], Loss: 0.0894
Epoch [240/400], Loss: 0.0966
Epoch [300/400], Loss: 0.0056
Epoch [360/400], Loss: 0.0027
0.6695489287376404
0.6608057022094727
0.6490353345870972
0.6405413746833801
0.6337007284164429
Test Power of C2ST-L:  1.0
Epoch [60/400], Loss: 0.2867
Epoch [120/400], Loss: 0.1935
Epoch [180/400], Loss: 0.0098
Epoch [240/400], Loss: 0.0025
Epoch [300/400], Loss: 0.0051
Epoch [360/400], Loss: 0.0018
0.6826406717300415
0.6722071766853333
0.6630092859268188
0.6571328043937683
0.6569013595581055
Test Power of C2ST-L:  1.0
Epoch [60/400], Loss: 0.2956
Epoch [120/400], Loss: 0.1889
Epoch [180/400], Loss: 0.0981
Epoch [240/400], Loss: 0.0041
Epoch [300/400], Loss: 0.0032
Epoch [360/400], Loss: 0.0027
0.6817325949668884
0.664738118648529
0.6509970426559448
0.640214741230011
0.6273766160011292
Test Power of C2ST-L:  1.0
Epoch [60/400], Loss: 0.2946
Epoch [120/400], Loss: 0.1121
Epoch [180/400], Loss: 0.0978
Epoch [240/400], Loss: 0.0042
Epoch [300/400], Loss: 0.0034
Epoch [360/400], Loss: 0.0019
0.6855787634849548
0.675506591796875
0.6652911901473999
0.6525431275367737
0.6415534019470215
Test Power of C2ST-L:  1.0
Epoch [60/400], Loss: 0.3049
Epoch [120/400], Loss: 0.1114
Epoch [180/400], Loss: 0.0893
Epoch [240/400], Loss: 0.0096
Epoch [300/400], Loss: 0.0013
Epoch [360/400], Loss: 0.0010
0.6806426048278809
0.6656943559646606
0.650164783000946
0.6393327116966248
0.6351543664932251
Test Power of C2ST-L:  1.0
Epoch [60/400], Loss: 0.2961
Epoch [120/400], Loss: 0.1966
Epoch [180/400], Loss: 0.0062
Epoch [240/400], Loss: 0.0038
Epoch [300/400], Loss: 0.0012
Epoch [360/400], Loss: 0.0011
0.688505232334137
0.6790613532066345
0.6661375761032104
0.6555058360099792
0.6455864906311035
Test Power of C2ST-L:  1.0
Epoch [60/400], Loss: 0.3073
Epoch [120/400], Loss: 0.0948
Epoch [180/400], Loss: 0.0045
Epoch [240/400], Loss: 0.0022
Epoch [300/400], Loss: 0.0013
Epoch [360/400], Loss: 0.0031
0.6840456128120422
0.6686563491821289
0.6533219814300537
0.6456791758537292
0.6356434226036072
Test Power of C2ST-L:  1.0
Epoch [60/400], Loss: 0.2925
Epoch [120/400], Loss: 0.1020
Epoch [180/400], Loss: 0.0919
Epoch [240/400], Loss: 0.0023
Epoch [300/400], Loss: 0.0018
Epoch [360/400], Loss: 0.0013
0.6799008250236511
0.6665136218070984
0.6565184593200684
0.6479215025901794
0.6401666402816772
Test Power of C2ST-L:  1.0
Epoch [60/400], Loss: 0.2966
Epoch [120/400], Loss: 0.0992
Epoch [180/400], Loss: 0.0047
Epoch [240/400], Loss: 0.0024
Epoch [300/400], Loss: 0.0018
Epoch [360/400], Loss: 0.0018
0.6888107657432556
0.6733383536338806
0.6559953689575195
0.6441700458526611
0.6341986060142517
Test Power of C2ST-L:  1.0
Epoch [60/400], Loss: 0.2999
Epoch [120/400], Loss: 0.0996
Epoch [180/400], Loss: 0.0075
Epoch [240/400], Loss: 0.0019
Epoch [300/400], Loss: 0.0011
Epoch [360/400], Loss: 0.0032
0.6864001750946045
0.6680378317832947
0.658786416053772
0.651872992515564
0.6408900618553162
Test Power of C2ST-L:  1.0
Epoch [60/400], Loss: 0.3033
Epoch [120/400], Loss: 0.1009
Epoch [180/400], Loss: 0.1000
Epoch [240/400], Loss: 0.0045
Epoch [300/400], Loss: 0.0020
Epoch [360/400], Loss: 0.0028
0.681287407875061
0.6751075983047485
0.6614288091659546
0.6526346206665039
0.6460537314414978
Test Power of C2ST-L:  1.0
Epoch [60/400], Loss: 0.2965
Epoch [120/400], Loss: 0.1867
Epoch [180/400], Loss: 0.0963
Epoch [240/400], Loss: 0.0760
Epoch [300/400], Loss: 0.0028
Epoch [360/400], Loss: 0.0012
0.6838721036911011
0.6677050590515137
0.6508116722106934
0.6452060341835022
0.6356728672981262
Test Power of C2ST-L:  1.0
Epoch [60/400], Loss: 0.3036
Epoch [120/400], Loss: 0.0953
Epoch [180/400], Loss: 0.0920
Epoch [240/400], Loss: 0.0100
Epoch [300/400], Loss: 0.0018
Epoch [360/400], Loss: 0.0012
0.6789661049842834
0.6694023013114929
0.6653798222541809
0.6572034358978271
0.6501762866973877
Test Power of C2ST-L:  1.0
Epoch [60/400], Loss: 0.3079
Epoch [120/400], Loss: 0.1586
Epoch [180/400], Loss: 0.1009
Epoch [240/400], Loss: 0.0050
Epoch [300/400], Loss: 0.0018
Epoch [360/400], Loss: 0.0011
0.6802352070808411
0.6661844849586487
0.6577794551849365
0.6508114337921143
0.6366217136383057
Test Power of C2ST-L:  1.0
Epoch [60/400], Loss: 0.3169
Epoch [120/400], Loss: 0.0999
Epoch [180/400], Loss: 0.0869
Epoch [240/400], Loss: 0.0043
Epoch [300/400], Loss: 0.0018
Epoch [360/400], Loss: 0.0013
0.6795989871025085
0.6719682216644287
0.6559391021728516
0.6481689810752869
0.6408247947692871
Test Power of C2ST-L:  1.0
Epoch [60/400], Loss: 0.3072
Epoch [120/400], Loss: 0.1008
Epoch [180/400], Loss: 0.0104
Epoch [240/400], Loss: 0.0020
Epoch [300/400], Loss: 0.0040
Epoch [360/400], Loss: 0.0019
0.673908531665802
0.6591755747795105
0.6468197703361511
0.6360387206077576
0.6174700856208801
Test Power of C2ST-L:  1.0
Epoch [60/400], Loss: 0.3091
Epoch [120/400], Loss: 0.2134
Epoch [180/400], Loss: 0.1075
Epoch [240/400], Loss: 0.0042
Epoch [300/400], Loss: 0.0059
Epoch [360/400], Loss: 0.0065
0.6829968094825745
0.6652389168739319
0.6531094908714294
0.6416128873825073
0.6290376782417297
Test Power of C2ST-L:  1.0
Epoch [60/400], Loss: 0.2923
Epoch [120/400], Loss: 0.1025
Epoch [180/400], Loss: 0.1040
Epoch [240/400], Loss: 0.0049
Epoch [300/400], Loss: 0.0015
Epoch [360/400], Loss: 0.0015
0.6804130673408508
0.6698492765426636
0.6606200933456421
0.6482616662979126
0.6372886300086975
Test Power of C2ST-L:  1.0
Epoch [60/400], Loss: 0.3021
Epoch [120/400], Loss: 0.1010
Epoch [180/400], Loss: 0.0943
Epoch [240/400], Loss: 0.0105
Epoch [300/400], Loss: 0.0044
Epoch [360/400], Loss: 0.0021
0.678526759147644
0.6654357314109802
0.6551864743232727
0.6453677415847778
0.6346570253372192
Test Power of C2ST-L:  1.0
Epoch [60/400], Loss: 0.3118
Epoch [120/400], Loss: 0.0988
Epoch [180/400], Loss: 0.0917
Epoch [240/400], Loss: 0.0027
Epoch [300/400], Loss: 0.0029
Epoch [360/400], Loss: 0.0017
0.6864394545555115
0.6748231053352356
0.6605095267295837
0.6528098583221436
0.6443663239479065
Test Power of C2ST-L:  1.0


=====================================================
Average test power at training size =  1000  :  0.99
=====================================================



-----------------------------------------------

Finished with execution of c2st_semi_HDGM.py script

-----------------------------------------------

Job ID           : 55586057
Cluster          : spartan
User/Project     : xunyet/punim2112
Nodes            : 1
Wall-clock time  : 01:35:10 / 1-00:00:00

Displaying overall resources usage from 2024-02-02 20:18:46 to 2024-02-02 21:53:56:

NODE            CPU#        TOT%   ( USR   / SYS   / WIO   / IDLE  ) 

spartan-gpgpu086 : 
                CPU# 1    : 24.1   (  23.3 /   0.8 /   0.0 /  75.9 ) 
                CPU# 2    : 28.8   (  28.0 /   0.8 /   0.0 /  71.2 ) 
                CPU# 3    : 20.5   (  19.6 /   0.8 /   0.0 /  79.5 ) 
                CPU# 4    : 29.8   (  29.0 /   0.8 /   0.0 /  70.2 ) 

                GPU# 1    : 14.3  


Allocated CPUs            : 4    
  CPUs with usage <25%    : 2    
  CPUs with usage <50%    : 2    
  CPUs with usage >50%    : 0    


Allocated GPUs            : 1    
  GPUs with usage <25%    : 1    
  GPUs with usage <50%    : 0    
  GPUs with usage >50%    : 0    

Memory used (RAM)         : 21.2%  [1824MB of 8590MB]

--------------------------------------------

