device: cuda:0
Epoch [60/533], Loss: 0.3434
Epoch [120/533], Loss: 0.2110
Epoch [180/533], Loss: 0.0995
Epoch [240/533], Loss: 0.0894
Epoch [300/533], Loss: 0.0053
Epoch [360/533], Loss: 0.0020
Epoch [420/533], Loss: 0.0013
Epoch [480/533], Loss: 0.0028
0.6869458556175232
0.6629790663719177
0.6547513604164124
0.6568943858146667
0.6249288320541382
Test Power of C2ST-L:  0.0
Epoch [60/533], Loss: 0.3837
Epoch [120/533], Loss: 0.2022
Epoch [180/533], Loss: 0.1128
Epoch [240/533], Loss: 0.0861
Epoch [300/533], Loss: 0.0036
Epoch [360/533], Loss: 0.0028
Epoch [420/533], Loss: 0.0011
Epoch [480/533], Loss: 0.0019
0.6918352246284485
0.6681337356567383
0.655921459197998
0.6535533666610718
0.6161477565765381
Test Power of C2ST-L:  1.0
Epoch [60/533], Loss: 0.3886
Epoch [120/533], Loss: 0.2335
Epoch [180/533], Loss: 0.0998
Epoch [240/533], Loss: 0.0921
Epoch [300/533], Loss: 0.0033
Epoch [360/533], Loss: 0.0026
Epoch [420/533], Loss: 0.0023
Epoch [480/533], Loss: 0.0058
0.689608633518219
0.6634191274642944
0.653363049030304
0.6418082118034363
0.6146450042724609
Test Power of C2ST-L:  1.0
Epoch [60/533], Loss: 0.3489
Epoch [120/533], Loss: 0.2121
Epoch [180/533], Loss: 0.1744
Epoch [240/533], Loss: 0.1062
Epoch [300/533], Loss: 0.0076
Epoch [360/533], Loss: 0.0031
Epoch [420/533], Loss: 0.0018
Epoch [480/533], Loss: 0.0021
0.6925168633460999
0.6579127907752991
0.641141414642334
0.6396854519844055
0.6203814744949341
Test Power of C2ST-L:  1.0
Epoch [60/533], Loss: 0.4058
Epoch [120/533], Loss: 0.2051
Epoch [180/533], Loss: 0.1061
Epoch [240/533], Loss: 0.0883
Epoch [300/533], Loss: 0.0068
Epoch [360/533], Loss: 0.0016
Epoch [420/533], Loss: 0.0011
Epoch [480/533], Loss: 0.0019
0.694881021976471
0.6706312894821167
0.6570864915847778
0.6495901942253113
0.6411296725273132
Test Power of C2ST-L:  1.0
Epoch [60/533], Loss: 0.3337
Epoch [120/533], Loss: 0.2252
Epoch [180/533], Loss: 0.0999
Epoch [240/533], Loss: 0.0069
Epoch [300/533], Loss: 0.0021
Epoch [360/533], Loss: 0.0018
Epoch [420/533], Loss: 0.0015
Epoch [480/533], Loss: 0.0013
0.6958339810371399
0.6608865857124329
0.645010232925415
0.6411303281784058
0.625292956829071
Test Power of C2ST-L:  1.0
Epoch [60/533], Loss: 0.3311
Epoch [120/533], Loss: 0.1921
Epoch [180/533], Loss: 0.0957
Epoch [240/533], Loss: 0.1010
Epoch [300/533], Loss: 0.0920
Epoch [360/533], Loss: 0.0061
Epoch [420/533], Loss: 0.0022
Epoch [480/533], Loss: 0.0109
0.6950086951255798
0.6520956754684448
0.6353785991668701
0.6252443194389343
0.6035827398300171
Test Power of C2ST-L:  1.0
Epoch [60/533], Loss: 0.3900
Epoch [120/533], Loss: 0.2007
Epoch [180/533], Loss: 0.1017
Epoch [240/533], Loss: 0.1061
Epoch [300/533], Loss: 0.0980
Epoch [360/533], Loss: 0.1125
Epoch [420/533], Loss: 0.0033
Epoch [480/533], Loss: 0.0017
0.6949750781059265
0.6651511788368225
0.6531035900115967
0.6509283185005188
0.6269994974136353
Test Power of C2ST-L:  1.0
Epoch [60/533], Loss: 0.4038
Epoch [120/533], Loss: 0.2056
Epoch [180/533], Loss: 0.0925
Epoch [240/533], Loss: 0.0063
Epoch [300/533], Loss: 0.0037
Epoch [360/533], Loss: 0.0016
Epoch [420/533], Loss: 0.0017
Epoch [480/533], Loss: 0.0037
0.6876115202903748
0.6721128225326538
0.6613233089447021
0.6626144647598267
0.6273412704467773
Test Power of C2ST-L:  1.0
Epoch [60/533], Loss: 0.3903
Epoch [120/533], Loss: 0.2027
Epoch [180/533], Loss: 0.1873
Epoch [240/533], Loss: 0.0945
Epoch [300/533], Loss: 0.0085
Epoch [360/533], Loss: 0.0061
Epoch [420/533], Loss: 0.0020
Epoch [480/533], Loss: 0.0027
0.6912134885787964
0.669961154460907
0.6545423865318298
0.654359757900238
0.6202060580253601
Test Power of C2ST-L:  1.0
Epoch [60/533], Loss: 0.3817
Epoch [120/533], Loss: 0.1746
Epoch [180/533], Loss: 0.1041
Epoch [240/533], Loss: 0.1024
Epoch [300/533], Loss: 0.0079
Epoch [360/533], Loss: 0.0021
Epoch [420/533], Loss: 0.0029
Epoch [480/533], Loss: 0.0032
0.6913263201713562
0.6720646023750305
0.668863832950592
0.655694842338562
0.6265835165977478
Test Power of C2ST-L:  1.0
Epoch [60/533], Loss: 0.3233
Epoch [120/533], Loss: 0.2761
Epoch [180/533], Loss: 0.1134
Epoch [240/533], Loss: 0.0922
Epoch [300/533], Loss: 0.0054
Epoch [360/533], Loss: 0.0020
Epoch [420/533], Loss: 0.0024
Epoch [480/533], Loss: 0.0029
0.6958523988723755
0.6611403226852417
0.6405348181724548
0.6347991228103638
0.6045358180999756
Test Power of C2ST-L:  1.0
Epoch [60/533], Loss: 0.3593
Epoch [120/533], Loss: 0.2096
Epoch [180/533], Loss: 0.0908
Epoch [240/533], Loss: 0.0062
Epoch [300/533], Loss: 0.0026
Epoch [360/533], Loss: 0.0020
Epoch [420/533], Loss: 0.0027
Epoch [480/533], Loss: 0.0021
0.6927319169044495
0.6612660884857178
0.6461589932441711
0.6387615203857422
0.6213155388832092
Test Power of C2ST-L:  1.0
Epoch [60/533], Loss: 0.3785
Epoch [120/533], Loss: 0.2641
Epoch [180/533], Loss: 0.1006
Epoch [240/533], Loss: 0.0943
Epoch [300/533], Loss: 0.0946
Epoch [360/533], Loss: 0.0152
Epoch [420/533], Loss: 0.0019
Epoch [480/533], Loss: 0.0010
0.6981856226921082
0.6662732362747192
0.6537054181098938
0.6473517417907715
0.6284242272377014
Test Power of C2ST-L:  1.0
Epoch [60/533], Loss: 0.3928
Epoch [120/533], Loss: 0.1737
Epoch [180/533], Loss: 0.1025
Epoch [240/533], Loss: 0.0940
Epoch [300/533], Loss: 0.0947
Epoch [360/533], Loss: 0.0049
Epoch [420/533], Loss: 0.0020
Epoch [480/533], Loss: 0.0010
0.6983491778373718
0.6705849766731262
0.6573036909103394
0.6460214257240295
0.6235507130622864
Test Power of C2ST-L:  1.0
Epoch [60/533], Loss: 0.3564
Epoch [120/533], Loss: 0.2183
Epoch [180/533], Loss: 0.1075
Epoch [240/533], Loss: 0.1082
Epoch [300/533], Loss: 0.0890
Epoch [360/533], Loss: 0.0949
Epoch [420/533], Loss: 0.0916
Epoch [480/533], Loss: 0.0079
0.6938833594322205
0.6617960929870605
0.6479871273040771
0.6560595631599426
0.6168233752250671
Test Power of C2ST-L:  1.0
Epoch [60/533], Loss: 0.3067
Epoch [120/533], Loss: 0.1959
Epoch [180/533], Loss: 0.0907
Epoch [240/533], Loss: 0.0075
Epoch [300/533], Loss: 0.0030
Epoch [360/533], Loss: 0.0015
Epoch [420/533], Loss: 0.0014
Epoch [480/533], Loss: 0.0014
0.6927638053894043
0.6623121500015259
0.6538680791854858
0.6658578515052795
0.6342114806175232
Test Power of C2ST-L:  1.0
Epoch [60/533], Loss: 0.3211
Epoch [120/533], Loss: 0.1990
Epoch [180/533], Loss: 0.0892
Epoch [240/533], Loss: 0.0072
Epoch [300/533], Loss: 0.0021
Epoch [360/533], Loss: 0.0016
Epoch [420/533], Loss: 0.0016
Epoch [480/533], Loss: 0.0069
0.6948455572128296
0.6650312542915344
0.6573779582977295
0.6419791579246521
0.6280834674835205
Test Power of C2ST-L:  0.0
Epoch [60/533], Loss: 0.3875
Epoch [120/533], Loss: 0.2040
Epoch [180/533], Loss: 0.1005
Epoch [240/533], Loss: 0.0084
Epoch [300/533], Loss: 0.0023
Epoch [360/533], Loss: 0.0014
Epoch [420/533], Loss: 0.0026
Epoch [480/533], Loss: 0.0013
0.6898671984672546
0.6629744172096252
0.6465686559677124
0.643154501914978
0.6121076345443726
Test Power of C2ST-L:  1.0
Epoch [60/533], Loss: 0.3961
Epoch [120/533], Loss: 0.2038
Epoch [180/533], Loss: 0.1058
Epoch [240/533], Loss: 0.0898
Epoch [300/533], Loss: 0.0064
Epoch [360/533], Loss: 0.0042
Epoch [420/533], Loss: 0.0018
Epoch [480/533], Loss: 0.0026
0.6946420669555664
0.6616619229316711
0.654274046421051
0.6467352509498596
0.6149265766143799
Test Power of C2ST-L:  1.0
Epoch [60/533], Loss: 0.3588
Epoch [120/533], Loss: 0.2096
Epoch [180/533], Loss: 0.0955
Epoch [240/533], Loss: 0.0844
Epoch [300/533], Loss: 0.0039
Epoch [360/533], Loss: 0.0020
Epoch [420/533], Loss: 0.0029
Epoch [480/533], Loss: 0.0011
0.6949149370193481
0.660689651966095
0.6542679667472839
0.6561132073402405
0.6225345730781555
Test Power of C2ST-L:  1.0
Epoch [60/533], Loss: 0.3891
Epoch [120/533], Loss: 0.2158
Epoch [180/533], Loss: 0.1079
Epoch [240/533], Loss: 0.0109
Epoch [300/533], Loss: 0.0027
Epoch [360/533], Loss: 0.0040
Epoch [420/533], Loss: 0.0018
Epoch [480/533], Loss: 0.0018
0.6888636946678162
0.663779079914093
0.6448761224746704
0.6379916667938232
0.6155416369438171
Test Power of C2ST-L:  1.0
Epoch [60/533], Loss: 0.3688
Epoch [120/533], Loss: 0.2125
Epoch [180/533], Loss: 0.0946
Epoch [240/533], Loss: 0.0984
Epoch [300/533], Loss: 0.0801
Epoch [360/533], Loss: 0.0071
Epoch [420/533], Loss: 0.0017
Epoch [480/533], Loss: 0.0026
0.6973534226417542
0.6697649359703064
0.6596797108650208
0.6685222387313843
0.6351792216300964
Test Power of C2ST-L:  1.0
Epoch [60/533], Loss: 0.4057
Epoch [120/533], Loss: 0.2026
Epoch [180/533], Loss: 0.1035
Epoch [240/533], Loss: 0.1027
Epoch [300/533], Loss: 0.0347
Epoch [360/533], Loss: 0.0031
Epoch [420/533], Loss: 0.0046
Epoch [480/533], Loss: 0.0019
0.6966469883918762
0.6664168834686279
0.6588133573532104
0.6519182324409485
0.6198422312736511
Test Power of C2ST-L:  0.0
Epoch [60/533], Loss: 0.3867
Epoch [120/533], Loss: 0.1955
Epoch [180/533], Loss: 0.0934
Epoch [240/533], Loss: 0.0530
Epoch [300/533], Loss: 0.0036
Epoch [360/533], Loss: 0.0049
Epoch [420/533], Loss: 0.0013
Epoch [480/533], Loss: 0.0011
0.6956641674041748
0.6617754101753235
0.6511432528495789
0.6556499004364014
0.6240133047103882
Test Power of C2ST-L:  1.0
Epoch [60/533], Loss: 0.3549
Epoch [120/533], Loss: 0.1936
Epoch [180/533], Loss: 0.0932
Epoch [240/533], Loss: 0.0671
Epoch [300/533], Loss: 0.0033
Epoch [360/533], Loss: 0.0021
Epoch [420/533], Loss: 0.0018
Epoch [480/533], Loss: 0.0010
0.6972559690475464
0.6639698147773743
0.6459162831306458
0.6292234063148499
0.6033470034599304
Test Power of C2ST-L:  1.0
Epoch [60/533], Loss: 0.3519
Epoch [120/533], Loss: 0.1932
Epoch [180/533], Loss: 0.1100
Epoch [240/533], Loss: 0.1054
Epoch [300/533], Loss: 0.0129
Epoch [360/533], Loss: 0.0037
Epoch [420/533], Loss: 0.0021
Epoch [480/533], Loss: 0.0012
0.6960137486457825
0.6684364080429077
0.651358962059021
0.6400232911109924
0.6184744238853455
Test Power of C2ST-L:  0.0
Epoch [60/533], Loss: 0.3867
Epoch [120/533], Loss: 0.1926
Epoch [180/533], Loss: 0.0987
Epoch [240/533], Loss: 0.0987
Epoch [300/533], Loss: 0.0874
Epoch [360/533], Loss: 0.0050
Epoch [420/533], Loss: 0.0028
Epoch [480/533], Loss: 0.0016
0.69186931848526
0.6609034538269043
0.641959011554718
0.6405124664306641
0.602250337600708
Test Power of C2ST-L:  0.0
Epoch [60/533], Loss: 0.3752
Epoch [120/533], Loss: 0.1929
Epoch [180/533], Loss: 0.1057
Epoch [240/533], Loss: 0.0875
Epoch [300/533], Loss: 0.0044
Epoch [360/533], Loss: 0.0039
Epoch [420/533], Loss: 0.0015
Epoch [480/533], Loss: 0.0029
0.6935601234436035
0.6725220084190369
0.6630973815917969
0.6683799624443054
0.6383616924285889
Test Power of C2ST-L:  1.0
Epoch [60/533], Loss: 0.3567
Epoch [120/533], Loss: 0.1958
Epoch [180/533], Loss: 0.0998
Epoch [240/533], Loss: 0.0596
Epoch [300/533], Loss: 0.0028
Epoch [360/533], Loss: 0.0016
Epoch [420/533], Loss: 0.0019
Epoch [480/533], Loss: 0.0015
0.6926652193069458
0.6582913994789124
0.6482006907463074
0.6544001698493958
0.6209489703178406
Test Power of C2ST-L:  1.0
Epoch [60/533], Loss: 0.3866
Epoch [120/533], Loss: 0.1999
Epoch [180/533], Loss: 0.1034
Epoch [240/533], Loss: 0.0944
Epoch [300/533], Loss: 0.0809
Epoch [360/533], Loss: 0.0029
Epoch [420/533], Loss: 0.0037
Epoch [480/533], Loss: 0.0020
0.688207745552063
0.6658366322517395
0.6585145592689514
0.6564576625823975
0.628999650478363
Test Power of C2ST-L:  1.0
Epoch [60/533], Loss: 0.3915
Epoch [120/533], Loss: 0.2200
Epoch [180/533], Loss: 0.0946
Epoch [240/533], Loss: 0.0941
Epoch [300/533], Loss: 0.0918
Epoch [360/533], Loss: 0.0802
Epoch [420/533], Loss: 0.0043
Epoch [480/533], Loss: 0.0013
0.6967770457267761
0.657541036605835
0.6469640135765076
0.6421581506729126
0.620013415813446
Test Power of C2ST-L:  0.0
Epoch [60/533], Loss: 0.3924
Epoch [120/533], Loss: 0.2091
Epoch [180/533], Loss: 0.0961
Epoch [240/533], Loss: 0.0948
Epoch [300/533], Loss: 0.0080
Epoch [360/533], Loss: 0.0178
Epoch [420/533], Loss: 0.0028
Epoch [480/533], Loss: 0.0014
0.6943421959877014
0.6664097905158997
0.6572548151016235
0.6556918621063232
0.6317967176437378
Test Power of C2ST-L:  1.0
Epoch [60/533], Loss: 0.3871
Epoch [120/533], Loss: 0.2029
Epoch [180/533], Loss: 0.1845
Epoch [240/533], Loss: 0.0973
Epoch [300/533], Loss: 0.0871
Epoch [360/533], Loss: 0.0062
Epoch [420/533], Loss: 0.0044
Epoch [480/533], Loss: 0.0043
0.6952892541885376
0.6668415665626526
0.6516237854957581
0.6482720375061035
0.6188516020774841
Test Power of C2ST-L:  0.0
Epoch [60/533], Loss: 0.3429
Epoch [120/533], Loss: 0.2066
Epoch [180/533], Loss: 0.0987
Epoch [240/533], Loss: 0.0049
Epoch [300/533], Loss: 0.0076
Epoch [360/533], Loss: 0.0014
Epoch [420/533], Loss: 0.0010
Epoch [480/533], Loss: 0.0044
0.6943826675415039
0.6593630909919739
0.6450673937797546
0.6359700560569763
0.6168093085289001
Test Power of C2ST-L:  1.0
Epoch [60/533], Loss: 0.3887
Epoch [120/533], Loss: 0.2077
Epoch [180/533], Loss: 0.0933
Epoch [240/533], Loss: 0.0054
Epoch [300/533], Loss: 0.0037
Epoch [360/533], Loss: 0.0016
Epoch [420/533], Loss: 0.0012
Epoch [480/533], Loss: 0.0014
0.6959858536720276
0.6705672740936279
0.6513969302177429
0.6416298747062683
0.608464777469635
Test Power of C2ST-L:  1.0
Epoch [60/533], Loss: 0.3775
Epoch [120/533], Loss: 0.1903
Epoch [180/533], Loss: 0.1038
Epoch [240/533], Loss: 0.0960
Epoch [300/533], Loss: 0.0920
Epoch [360/533], Loss: 0.0790
Epoch [420/533], Loss: 0.0038
Epoch [480/533], Loss: 0.0030
0.6931139230728149
0.6647636890411377
0.6512393951416016
0.638838529586792
0.6214148998260498
Test Power of C2ST-L:  0.0
Epoch [60/533], Loss: 0.3766
Epoch [120/533], Loss: 0.2572
Epoch [180/533], Loss: 0.0984
Epoch [240/533], Loss: 0.0327
Epoch [300/533], Loss: 0.0030
Epoch [360/533], Loss: 0.0016
Epoch [420/533], Loss: 0.0024
Epoch [480/533], Loss: 0.0020
0.6890099048614502
0.6657092571258545
0.6532170176506042
0.6451076865196228
0.6243976354598999
Test Power of C2ST-L:  1.0
Epoch [60/533], Loss: 0.3502
Epoch [120/533], Loss: 0.2966
Epoch [180/533], Loss: 0.1014
Epoch [240/533], Loss: 0.0039
Epoch [300/533], Loss: 0.0039
Epoch [360/533], Loss: 0.0020
Epoch [420/533], Loss: 0.0015
Epoch [480/533], Loss: 0.0012
0.6919400095939636
0.6668626070022583
0.6598043441772461
0.654925525188446
0.6316510438919067
Test Power of C2ST-L:  1.0
Epoch [60/533], Loss: 0.3946
Epoch [120/533], Loss: 0.1976
Epoch [180/533], Loss: 0.0951
Epoch [240/533], Loss: 0.0870
Epoch [300/533], Loss: 0.0031
Epoch [360/533], Loss: 0.0019
Epoch [420/533], Loss: 0.0013
Epoch [480/533], Loss: 0.0019
0.6908683180809021
0.6607374548912048
0.6429229974746704
0.6353005170822144
0.6129570603370667
Test Power of C2ST-L:  1.0
Epoch [60/533], Loss: 0.3779
Epoch [120/533], Loss: 0.2139
Epoch [180/533], Loss: 0.1011
Epoch [240/533], Loss: 0.0973
Epoch [300/533], Loss: 0.1003
Epoch [360/533], Loss: 0.0910
Epoch [420/533], Loss: 0.0059
Epoch [480/533], Loss: 0.0022
0.692743182182312
0.6660831570625305
0.6487649083137512
0.6395708918571472
0.6109854578971863
Test Power of C2ST-L:  0.0
Epoch [60/533], Loss: 0.3682
Epoch [120/533], Loss: 0.1933
Epoch [180/533], Loss: 0.1068
Epoch [240/533], Loss: 0.0992
Epoch [300/533], Loss: 0.0032
Epoch [360/533], Loss: 0.0018
Epoch [420/533], Loss: 0.0011
Epoch [480/533], Loss: 0.0031
0.691461443901062
0.6624695062637329
0.6510326266288757
0.6501849889755249
0.6304158568382263
Test Power of C2ST-L:  1.0
Epoch [60/533], Loss: 0.3850
Epoch [120/533], Loss: 0.2044
Epoch [180/533], Loss: 0.0994
Epoch [240/533], Loss: 0.1028
Epoch [300/533], Loss: 0.0080
Epoch [360/533], Loss: 0.0027
Epoch [420/533], Loss: 0.0019
Epoch [480/533], Loss: 0.0016
0.6896412968635559
0.6688029766082764
0.6545810699462891
0.6490967273712158
0.6294851303100586
Test Power of C2ST-L:  1.0
Epoch [60/533], Loss: 0.3666
Epoch [120/533], Loss: 0.2026
Epoch [180/533], Loss: 0.0938
Epoch [240/533], Loss: 0.0342
Epoch [300/533], Loss: 0.0033
Epoch [360/533], Loss: 0.0018
Epoch [420/533], Loss: 0.0017
Epoch [480/533], Loss: 0.0012
0.6872660517692566
0.6644332408905029
0.6482531428337097
0.6286829113960266
0.6043555736541748
Test Power of C2ST-L:  1.0
Epoch [60/533], Loss: 0.3503
Epoch [120/533], Loss: 0.2215
Epoch [180/533], Loss: 0.1014
Epoch [240/533], Loss: 0.0919
Epoch [300/533], Loss: 0.0457
Epoch [360/533], Loss: 0.0026
Epoch [420/533], Loss: 0.0021
Epoch [480/533], Loss: 0.0012
0.6854854226112366
0.6541025638580322
0.6339119672775269
0.6225419640541077
0.5917730927467346
Test Power of C2ST-L:  1.0
Epoch [60/533], Loss: 0.3930
Epoch [120/533], Loss: 0.2054
Epoch [180/533], Loss: 0.1014
Epoch [240/533], Loss: 0.0054
Epoch [300/533], Loss: 0.0039
Epoch [360/533], Loss: 0.0016
Epoch [420/533], Loss: 0.0013
Epoch [480/533], Loss: 0.0012
0.6977077722549438
0.6681398749351501
0.6519359350204468
0.6542092561721802
0.6296886205673218
Test Power of C2ST-L:  1.0
Epoch [60/533], Loss: 0.3891
Epoch [120/533], Loss: 0.2072
Epoch [180/533], Loss: 0.1039
Epoch [240/533], Loss: 0.0049
Epoch [300/533], Loss: 0.0033
Epoch [360/533], Loss: 0.0016
Epoch [420/533], Loss: 0.0074
Epoch [480/533], Loss: 0.0012
0.6965804100036621
0.6686892509460449
0.6499907374382019
0.6435427069664001
0.6180918216705322
Test Power of C2ST-L:  1.0
Epoch [60/533], Loss: 0.3577
Epoch [120/533], Loss: 0.2538
Epoch [180/533], Loss: 0.1038
Epoch [240/533], Loss: 0.0174
Epoch [300/533], Loss: 0.0028
Epoch [360/533], Loss: 0.0016
Epoch [420/533], Loss: 0.0014
Epoch [480/533], Loss: 0.0015
0.6943867802619934
0.6572732925415039
0.6465027928352356
0.6332184672355652
0.6134191155433655
Test Power of C2ST-L:  1.0
Epoch [60/533], Loss: 0.3972
Epoch [120/533], Loss: 0.2040
Epoch [180/533], Loss: 0.0976
Epoch [240/533], Loss: 0.0841
Epoch [300/533], Loss: 0.0030
Epoch [360/533], Loss: 0.0020
Epoch [420/533], Loss: 0.0020
Epoch [480/533], Loss: 0.0012
0.6955719590187073
0.6656336784362793
0.6507361531257629
0.6337941288948059
0.6144031286239624
Test Power of C2ST-L:  1.0
Epoch [60/533], Loss: 0.3918
Epoch [120/533], Loss: 0.1961
Epoch [180/533], Loss: 0.0949
Epoch [240/533], Loss: 0.0925
Epoch [300/533], Loss: 0.0068
Epoch [360/533], Loss: 0.0130
Epoch [420/533], Loss: 0.0013
Epoch [480/533], Loss: 0.0009
0.7000464797019958
0.6651570200920105
0.6550840139389038
0.6513639092445374
0.6242780089378357
Test Power of C2ST-L:  1.0
Epoch [60/533], Loss: 0.3905
Epoch [120/533], Loss: 0.1954
Epoch [180/533], Loss: 0.0975
Epoch [240/533], Loss: 0.0996
Epoch [300/533], Loss: 0.1017
Epoch [360/533], Loss: 0.0038
Epoch [420/533], Loss: 0.0034
Epoch [480/533], Loss: 0.0049
0.7014489769935608
0.6700295805931091
0.6602829694747925
0.6511003971099854
0.6248989105224609
Test Power of C2ST-L:  1.0
Epoch [60/533], Loss: 0.3653
Epoch [120/533], Loss: 0.1934
Epoch [180/533], Loss: 0.1015
Epoch [240/533], Loss: 0.0039
Epoch [300/533], Loss: 0.0020
Epoch [360/533], Loss: 0.0016
Epoch [420/533], Loss: 0.0011
Epoch [480/533], Loss: 0.0010
0.6935725212097168
0.6667312383651733
0.6569172143936157
0.6550590395927429
0.6210384368896484
Test Power of C2ST-L:  1.0
Epoch [60/533], Loss: 0.3667
Epoch [120/533], Loss: 0.2843
Epoch [180/533], Loss: 0.0947
Epoch [240/533], Loss: 0.0079
Epoch [300/533], Loss: 0.0023
Epoch [360/533], Loss: 0.0029
Epoch [420/533], Loss: 0.0017
Epoch [480/533], Loss: 0.0012
0.6924726366996765
0.664259672164917
0.646295964717865
0.6431189179420471
0.6136744022369385
Test Power of C2ST-L:  1.0
Epoch [60/533], Loss: 0.4030
Epoch [120/533], Loss: 0.1885
Epoch [180/533], Loss: 0.1013
Epoch [240/533], Loss: 0.1079
Epoch [300/533], Loss: 0.0766
Epoch [360/533], Loss: 0.0042
Epoch [420/533], Loss: 0.0017
Epoch [480/533], Loss: 0.0024
0.6984115242958069
0.67410808801651
0.6676371097564697
0.6640729308128357
0.6421341300010681
Test Power of C2ST-L:  0.0
Epoch [60/533], Loss: 0.3970
Epoch [120/533], Loss: 0.1960
Epoch [180/533], Loss: 0.1040
Epoch [240/533], Loss: 0.0787
Epoch [300/533], Loss: 0.0184
Epoch [360/533], Loss: 0.0019
Epoch [420/533], Loss: 0.0022
Epoch [480/533], Loss: 0.0009
0.6965989470481873
0.6658442616462708
0.6542405486106873
0.644565761089325
0.6248282194137573
Test Power of C2ST-L:  1.0
Epoch [60/533], Loss: 0.3663
Epoch [120/533], Loss: 0.2153
Epoch [180/533], Loss: 0.0883
Epoch [240/533], Loss: 0.1024
Epoch [300/533], Loss: 0.0244
Epoch [360/533], Loss: 0.0030
Epoch [420/533], Loss: 0.0071
Epoch [480/533], Loss: 0.0038
0.69478839635849
0.6657896637916565
0.6534544229507446
0.6357618570327759
0.6187925338745117
Test Power of C2ST-L:  1.0
Epoch [60/533], Loss: 0.3935
Epoch [120/533], Loss: 0.2151
Epoch [180/533], Loss: 0.0977
Epoch [240/533], Loss: 0.0947
Epoch [300/533], Loss: 0.0930
Epoch [360/533], Loss: 0.1043
Epoch [420/533], Loss: 0.0055
Epoch [480/533], Loss: 0.0035
0.6917341947555542
0.6676210165023804
0.6599732637405396
0.6542052626609802
0.6324140429496765
Test Power of C2ST-L:  1.0
Epoch [60/533], Loss: 0.3704
Epoch [120/533], Loss: 0.2083
Epoch [180/533], Loss: 0.1104
Epoch [240/533], Loss: 0.1021
Epoch [300/533], Loss: 0.0050
Epoch [360/533], Loss: 0.0026
Epoch [420/533], Loss: 0.0017
Epoch [480/533], Loss: 0.0021
0.6961715221405029
0.6639400124549866
0.6507030129432678
0.6557793617248535
0.6254850029945374
Test Power of C2ST-L:  1.0
Epoch [60/533], Loss: 0.3744
Epoch [120/533], Loss: 0.2673
Epoch [180/533], Loss: 0.1997
Epoch [240/533], Loss: 0.0616
Epoch [300/533], Loss: 0.0065
Epoch [360/533], Loss: 0.0020
Epoch [420/533], Loss: 0.0016
Epoch [480/533], Loss: 0.0017
0.6901713013648987
0.6608627438545227
0.6493087410926819
0.6514469981193542
0.6231922507286072
Test Power of C2ST-L:  1.0
Epoch [60/533], Loss: 0.3678
Epoch [120/533], Loss: 0.1559
Epoch [180/533], Loss: 0.1050
Epoch [240/533], Loss: 0.0973
Epoch [300/533], Loss: 0.0920
Epoch [360/533], Loss: 0.1012
Epoch [420/533], Loss: 0.0046
Epoch [480/533], Loss: 0.0018
0.6982225775718689
0.6678657531738281
0.6619638800621033
0.6534952521324158
0.6299712657928467
Test Power of C2ST-L:  1.0
Epoch [60/533], Loss: 0.3536
Epoch [120/533], Loss: 0.2203
Epoch [180/533], Loss: 0.1053
Epoch [240/533], Loss: 0.0959
Epoch [300/533], Loss: 0.1024
Epoch [360/533], Loss: 0.0063
Epoch [420/533], Loss: 0.0075
Epoch [480/533], Loss: 0.0019
0.690463125705719
0.6708400249481201
0.6579225659370422
0.6524267792701721
0.6274625658988953
Test Power of C2ST-L:  0.0
Epoch [60/533], Loss: 0.3855
Epoch [120/533], Loss: 0.1960
Epoch [180/533], Loss: 0.0989
Epoch [240/533], Loss: 0.0078
Epoch [300/533], Loss: 0.0027
Epoch [360/533], Loss: 0.0028
Epoch [420/533], Loss: 0.0014
Epoch [480/533], Loss: 0.0064
0.6989670991897583
0.6651418209075928
0.6469131708145142
0.6365694999694824
0.6171169877052307
Test Power of C2ST-L:  1.0
Epoch [60/533], Loss: 0.3750
Epoch [120/533], Loss: 0.2038
Epoch [180/533], Loss: 0.0900
Epoch [240/533], Loss: 0.0981
Epoch [300/533], Loss: 0.0861
Epoch [360/533], Loss: 0.0045
Epoch [420/533], Loss: 0.0020
Epoch [480/533], Loss: 0.0013
0.6855785846710205
0.6675078868865967
0.6595441102981567
0.6561357975006104
0.6208470463752747
Test Power of C2ST-L:  1.0
Epoch [60/533], Loss: 0.4006
Epoch [120/533], Loss: 0.2381
Epoch [180/533], Loss: 0.1000
Epoch [240/533], Loss: 0.1013
Epoch [300/533], Loss: 0.0101
Epoch [360/533], Loss: 0.0037
Epoch [420/533], Loss: 0.0017
Epoch [480/533], Loss: 0.0014
0.6871086955070496
0.6670193672180176
0.6510674357414246
0.6573901176452637
0.6269013285636902
Test Power of C2ST-L:  1.0
Epoch [60/533], Loss: 0.3915
Epoch [120/533], Loss: 0.2008
Epoch [180/533], Loss: 0.1099
Epoch [240/533], Loss: 0.0885
Epoch [300/533], Loss: 0.0029
Epoch [360/533], Loss: 0.0020
Epoch [420/533], Loss: 0.0014
Epoch [480/533], Loss: 0.0036
0.6971769332885742
0.6641976237297058
0.6490762829780579
0.64420086145401
0.6211014986038208
Test Power of C2ST-L:  1.0
Epoch [60/533], Loss: 0.3950
Epoch [120/533], Loss: 0.2103
Epoch [180/533], Loss: 0.1048
Epoch [240/533], Loss: 0.1071
Epoch [300/533], Loss: 0.0894
Epoch [360/533], Loss: 0.1009
Epoch [420/533], Loss: 0.0058
Epoch [480/533], Loss: 0.0034
0.6861898303031921
0.6629438996315002
0.6537977457046509
0.6447653770446777
0.6309304237365723
Test Power of C2ST-L:  0.0
Epoch [60/533], Loss: 0.3666
Epoch [120/533], Loss: 0.2326
Epoch [180/533], Loss: 0.1011
Epoch [240/533], Loss: 0.0276
Epoch [300/533], Loss: 0.0029
Epoch [360/533], Loss: 0.0019
Epoch [420/533], Loss: 0.0049
Epoch [480/533], Loss: 0.0013
0.6889969110488892
0.6560996174812317
0.653358519077301
0.6438766717910767
0.6189197301864624
Test Power of C2ST-L:  1.0
Epoch [60/533], Loss: 0.3517
Epoch [120/533], Loss: 0.2058
Epoch [180/533], Loss: 0.0986
Epoch [240/533], Loss: 0.0074
Epoch [300/533], Loss: 0.0028
Epoch [360/533], Loss: 0.0016
Epoch [420/533], Loss: 0.0069
Epoch [480/533], Loss: 0.0033
0.6963525414466858
0.6646466255187988
0.6469829678535461
0.6448842287063599
0.6177100539207458
Test Power of C2ST-L:  1.0
Epoch [60/533], Loss: 0.4032
Epoch [120/533], Loss: 0.3027
Epoch [180/533], Loss: 0.0988
Epoch [240/533], Loss: 0.0988
Epoch [300/533], Loss: 0.0090
Epoch [360/533], Loss: 0.0035
Epoch [420/533], Loss: 0.0016
Epoch [480/533], Loss: 0.0016
0.6885656714439392
0.6616426110267639
0.6490486264228821
0.633189857006073
0.6040533185005188
Test Power of C2ST-L:  1.0
Epoch [60/533], Loss: 0.3697
Epoch [120/533], Loss: 0.2016
Epoch [180/533], Loss: 0.0989
Epoch [240/533], Loss: 0.0853
Epoch [300/533], Loss: 0.0038
Epoch [360/533], Loss: 0.0026
Epoch [420/533], Loss: 0.0023
Epoch [480/533], Loss: 0.0016
0.6998772025108337
0.6741010546684265
0.6581143140792847
0.662942111492157
0.6271287798881531
Test Power of C2ST-L:  0.0
Epoch [60/533], Loss: 0.3760
Epoch [120/533], Loss: 0.2060
Epoch [180/533], Loss: 0.1083
Epoch [240/533], Loss: 0.0991
Epoch [300/533], Loss: 0.1031
Epoch [360/533], Loss: 0.0207
Epoch [420/533], Loss: 0.0028
Epoch [480/533], Loss: 0.0031
0.6924469470977783
0.6656097173690796
0.6539050936698914
0.6468443870544434
0.6257848143577576
Test Power of C2ST-L:  1.0
Epoch [60/533], Loss: 0.3764
Epoch [120/533], Loss: 0.1951
Epoch [180/533], Loss: 0.1012
Epoch [240/533], Loss: 0.0949
Epoch [300/533], Loss: 0.0892
Epoch [360/533], Loss: 0.0059
Epoch [420/533], Loss: 0.0021
Epoch [480/533], Loss: 0.0039
0.6898863315582275
0.6580763459205627
0.6459521651268005
0.6433095932006836
0.621354877948761
Test Power of C2ST-L:  1.0
Epoch [60/533], Loss: 0.3600
Epoch [120/533], Loss: 0.2161
Epoch [180/533], Loss: 0.1065
Epoch [240/533], Loss: 0.0966
Epoch [300/533], Loss: 0.0066
Epoch [360/533], Loss: 0.0037
Epoch [420/533], Loss: 0.0016
Epoch [480/533], Loss: 0.0013
0.6937906742095947
0.6680672764778137
0.6538015007972717
0.6453585624694824
0.6178005933761597
Test Power of C2ST-L:  1.0
Epoch [60/533], Loss: 0.3256
Epoch [120/533], Loss: 0.2060
Epoch [180/533], Loss: 0.2743
Epoch [240/533], Loss: 0.1040
Epoch [300/533], Loss: 0.0985
Epoch [360/533], Loss: 0.0976
Epoch [420/533], Loss: 0.0884
Epoch [480/533], Loss: 0.0080
0.6956637501716614
0.6571770310401917
0.643621027469635
0.6398511528968811
0.6183339357376099
Test Power of C2ST-L:  1.0
Epoch [60/533], Loss: 0.3195
Epoch [120/533], Loss: 0.1950
Epoch [180/533], Loss: 0.0951
Epoch [240/533], Loss: 0.0145
Epoch [300/533], Loss: 0.0025
Epoch [360/533], Loss: 0.0014
Epoch [420/533], Loss: 0.0012
Epoch [480/533], Loss: 0.0035
0.6892268657684326
0.66884845495224
0.6547231674194336
0.6415403485298157
0.6130939722061157
Test Power of C2ST-L:  1.0
Epoch [60/533], Loss: 0.3252
Epoch [120/533], Loss: 0.2180
Epoch [180/533], Loss: 0.0979
Epoch [240/533], Loss: 0.0205
Epoch [300/533], Loss: 0.0041
Epoch [360/533], Loss: 0.0017
Epoch [420/533], Loss: 0.0025
Epoch [480/533], Loss: 0.0010
0.6949043869972229
0.6615167260169983
0.643763542175293
0.6392599940299988
0.6173506379127502
Test Power of C2ST-L:  1.0
Epoch [60/533], Loss: 0.3696
Epoch [120/533], Loss: 0.2209
Epoch [180/533], Loss: 0.0980
Epoch [240/533], Loss: 0.0041
Epoch [300/533], Loss: 0.0018
Epoch [360/533], Loss: 0.0018
Epoch [420/533], Loss: 0.0021
Epoch [480/533], Loss: 0.0021
0.6718189716339111
0.6564844250679016
0.6388586759567261
0.6400223970413208
0.6099675893783569
Test Power of C2ST-L:  1.0
Epoch [60/533], Loss: 0.3102
Epoch [120/533], Loss: 0.2933
Epoch [180/533], Loss: 0.1026
Epoch [240/533], Loss: 0.0914
Epoch [300/533], Loss: 0.0046
Epoch [360/533], Loss: 0.0021
Epoch [420/533], Loss: 0.0013
Epoch [480/533], Loss: 0.0017
0.6881731748580933
0.6655992269515991
0.6552496552467346
0.6438485383987427
0.6129687428474426
Test Power of C2ST-L:  1.0
Epoch [60/533], Loss: 0.3711
Epoch [120/533], Loss: 0.2062
Epoch [180/533], Loss: 0.0978
Epoch [240/533], Loss: 0.0975
Epoch [300/533], Loss: 0.0668
Epoch [360/533], Loss: 0.0037
Epoch [420/533], Loss: 0.0036
Epoch [480/533], Loss: 0.0016
0.690494954586029
0.6634199023246765
0.6480165719985962
0.640057384967804
0.6110666990280151
Test Power of C2ST-L:  1.0
Epoch [60/533], Loss: 0.3625
Epoch [120/533], Loss: 0.2195
Epoch [180/533], Loss: 0.1004
Epoch [240/533], Loss: 0.1014
Epoch [300/533], Loss: 0.0153
Epoch [360/533], Loss: 0.0032
Epoch [420/533], Loss: 0.0030
Epoch [480/533], Loss: 0.0031
0.6973402500152588
0.6682291030883789
0.6545838713645935
0.6491052508354187
0.6315507888793945
Test Power of C2ST-L:  0.0
Epoch [60/533], Loss: 0.3818
Epoch [120/533], Loss: 0.2037
Epoch [180/533], Loss: 0.0958
Epoch [240/533], Loss: 0.0912
Epoch [300/533], Loss: 0.0055
Epoch [360/533], Loss: 0.0018
Epoch [420/533], Loss: 0.0027
Epoch [480/533], Loss: 0.0040
0.6894383430480957
0.6602632999420166
0.6467028856277466
0.6503114104270935
0.6261978149414062
Test Power of C2ST-L:  1.0
Epoch [60/533], Loss: 0.3949
Epoch [120/533], Loss: 0.1953
Epoch [180/533], Loss: 0.1059
Epoch [240/533], Loss: 0.0984
Epoch [300/533], Loss: 0.0043
Epoch [360/533], Loss: 0.0020
Epoch [420/533], Loss: 0.0021
Epoch [480/533], Loss: 0.0020
0.6934144496917725
0.668580174446106
0.6621602177619934
0.6587620973587036
0.6191918253898621
Test Power of C2ST-L:  1.0
Epoch [60/533], Loss: 0.3847
Epoch [120/533], Loss: 0.1970
Epoch [180/533], Loss: 0.1118
Epoch [240/533], Loss: 0.0905
Epoch [300/533], Loss: 0.0900
Epoch [360/533], Loss: 0.0828
Epoch [420/533], Loss: 0.0034
Epoch [480/533], Loss: 0.0016
0.6931995153427124
0.6584504246711731
0.6380265951156616
0.6459529995918274
0.60530686378479
Test Power of C2ST-L:  1.0
Epoch [60/533], Loss: 0.4019
Epoch [120/533], Loss: 0.1897
Epoch [180/533], Loss: 0.0963
Epoch [240/533], Loss: 0.0034
Epoch [300/533], Loss: 0.0029
Epoch [360/533], Loss: 0.0014
Epoch [420/533], Loss: 0.0016
Epoch [480/533], Loss: 0.0038
0.6897398829460144
0.6632252335548401
0.6523157358169556
0.6549593210220337
0.6216368675231934
Test Power of C2ST-L:  1.0
Epoch [60/533], Loss: 0.3791
Epoch [120/533], Loss: 0.2038
Epoch [180/533], Loss: 0.1003
Epoch [240/533], Loss: 0.0095
Epoch [300/533], Loss: 0.0020
Epoch [360/533], Loss: 0.0020
Epoch [420/533], Loss: 0.0027
Epoch [480/533], Loss: 0.0010
0.6958154439926147
0.6660833954811096
0.6540820002555847
0.6445648670196533
0.6163357496261597
Test Power of C2ST-L:  1.0
Epoch [60/533], Loss: 0.3747
Epoch [120/533], Loss: 0.2003
Epoch [180/533], Loss: 0.1333
Epoch [240/533], Loss: 0.0919
Epoch [300/533], Loss: 0.0038
Epoch [360/533], Loss: 0.0029
Epoch [420/533], Loss: 0.0020
Epoch [480/533], Loss: 0.0026
0.6965014934539795
0.6709856986999512
0.6651734709739685
0.6725996136665344
0.6490215063095093
Test Power of C2ST-L:  0.0
Epoch [60/533], Loss: 0.3689
Epoch [120/533], Loss: 0.2143
Epoch [180/533], Loss: 0.0964
Epoch [240/533], Loss: 0.1008
Epoch [300/533], Loss: 0.0865
Epoch [360/533], Loss: 0.0085
Epoch [420/533], Loss: 0.0032
Epoch [480/533], Loss: 0.0020
0.6972188949584961
0.6695005893707275
0.6577163338661194
0.6588781476020813
0.6316453218460083
Test Power of C2ST-L:  1.0
Epoch [60/533], Loss: 0.4028
Epoch [120/533], Loss: 0.2618
Epoch [180/533], Loss: 0.0987
Epoch [240/533], Loss: 0.0969
Epoch [300/533], Loss: 0.0123
Epoch [360/533], Loss: 0.0024
Epoch [420/533], Loss: 0.0017
Epoch [480/533], Loss: 0.0038
0.6903185844421387
0.6640546321868896
0.6489037871360779
0.6352435946464539
0.6064674258232117
Test Power of C2ST-L:  1.0
Epoch [60/533], Loss: 0.3672
Epoch [120/533], Loss: 0.1847
Epoch [180/533], Loss: 0.0905
Epoch [240/533], Loss: 0.0915
Epoch [300/533], Loss: 0.0201
Epoch [360/533], Loss: 0.0041
Epoch [420/533], Loss: 0.0019
Epoch [480/533], Loss: 0.0035
0.6992278099060059
0.6695299744606018
0.6536874175071716
0.6504336595535278
0.6183432340621948
Test Power of C2ST-L:  0.0
Epoch [60/533], Loss: 0.3908
Epoch [120/533], Loss: 0.2812
Epoch [180/533], Loss: 0.0978
Epoch [240/533], Loss: 0.0203
Epoch [300/533], Loss: 0.0038
Epoch [360/533], Loss: 0.0028
Epoch [420/533], Loss: 0.0015
Epoch [480/533], Loss: 0.0012
0.6962906718254089
0.6653731465339661
0.6540828347206116
0.6497695446014404
0.6253129243850708
Test Power of C2ST-L:  0.0
Epoch [60/533], Loss: 0.3732
Epoch [120/533], Loss: 0.2067
Epoch [180/533], Loss: 0.0969
Epoch [240/533], Loss: 0.1007
Epoch [300/533], Loss: 0.0148
Epoch [360/533], Loss: 0.0019
Epoch [420/533], Loss: 0.0017
Epoch [480/533], Loss: 0.0088
0.697982907295227
0.6647430062294006
0.6518208384513855
0.6465276479721069
0.6272287368774414
Test Power of C2ST-L:  1.0
Epoch [60/533], Loss: 0.3803
Epoch [120/533], Loss: 0.2075
Epoch [180/533], Loss: 0.0956
Epoch [240/533], Loss: 0.0326
Epoch [300/533], Loss: 0.0057
Epoch [360/533], Loss: 0.0018
Epoch [420/533], Loss: 0.0025
Epoch [480/533], Loss: 0.0018
0.6901930570602417
0.6525149941444397
0.6446892619132996
0.6368882060050964
0.6113767623901367
Test Power of C2ST-L:  1.0
Epoch [60/533], Loss: 0.3927
Epoch [120/533], Loss: 0.2042
Epoch [180/533], Loss: 0.0991
Epoch [240/533], Loss: 0.0996
Epoch [300/533], Loss: 0.0025
Epoch [360/533], Loss: 0.0019
Epoch [420/533], Loss: 0.0020
Epoch [480/533], Loss: 0.0016
0.6904767155647278
0.6562226414680481
0.6391099691390991
0.6208027005195618
0.5964272618293762
Test Power of C2ST-L:  1.0
Epoch [60/533], Loss: 0.3865
Epoch [120/533], Loss: 0.1919
Epoch [180/533], Loss: 0.1055
Epoch [240/533], Loss: 0.0853
Epoch [300/533], Loss: 0.0032
Epoch [360/533], Loss: 0.0018
Epoch [420/533], Loss: 0.0012
Epoch [480/533], Loss: 0.0033
0.6926420331001282
0.6639297604560852
0.6531183123588562
0.6474992036819458
0.6257296204566956
Test Power of C2ST-L:  1.0
Epoch [60/533], Loss: 0.3962
Epoch [120/533], Loss: 0.1986
Epoch [180/533], Loss: 0.0989
Epoch [240/533], Loss: 0.0046
Epoch [300/533], Loss: 0.0019
Epoch [360/533], Loss: 0.0016
Epoch [420/533], Loss: 0.0016
Epoch [480/533], Loss: 0.0026
0.691383957862854
0.6614956259727478
0.6418795585632324
0.6412481069564819
0.6140279769897461
Test Power of C2ST-L:  0.0
Epoch [60/533], Loss: 0.3560
Epoch [120/533], Loss: 0.2762
Epoch [180/533], Loss: 0.1026
Epoch [240/533], Loss: 0.0995
Epoch [300/533], Loss: 0.1000
Epoch [360/533], Loss: 0.0043
Epoch [420/533], Loss: 0.0021
Epoch [480/533], Loss: 0.0010
0.7011319398880005
0.6702309846878052
0.651494562625885
0.6550420522689819
0.6254808902740479
Test Power of C2ST-L:  1.0
Epoch [60/533], Loss: 0.3810
Epoch [120/533], Loss: 0.2021
Epoch [180/533], Loss: 0.1005
Epoch [240/533], Loss: 0.1015
Epoch [300/533], Loss: 0.0864
Epoch [360/533], Loss: 0.0028
Epoch [420/533], Loss: 0.0019
Epoch [480/533], Loss: 0.0025
0.6936935186386108
0.6632984280586243
0.6638907790184021
0.6651076078414917
0.6422842741012573
Test Power of C2ST-L:  1.0
Epoch [60/533], Loss: 0.3333
Epoch [120/533], Loss: 0.2013
Epoch [180/533], Loss: 0.1029
Epoch [240/533], Loss: 0.0930
Epoch [300/533], Loss: 0.0075
Epoch [360/533], Loss: 0.0025
Epoch [420/533], Loss: 0.0018
Epoch [480/533], Loss: 0.0011
0.6978490948677063
0.6630432605743408
0.6478043794631958
0.634172797203064
0.61005038022995
Test Power of C2ST-L:  1.0
Epoch [60/533], Loss: 0.3904
Epoch [120/533], Loss: 0.2969
Epoch [180/533], Loss: 0.1062
Epoch [240/533], Loss: 0.0961
Epoch [300/533], Loss: 0.0732
Epoch [360/533], Loss: 0.0030
Epoch [420/533], Loss: 0.0019
Epoch [480/533], Loss: 0.0018
0.6934404969215393
0.6639202237129211
0.641389012336731
0.6307669878005981
0.6093065738677979
Test Power of C2ST-L:  1.0
Epoch [60/533], Loss: 0.3751
Epoch [120/533], Loss: 0.2767
Epoch [180/533], Loss: 0.0937
Epoch [240/533], Loss: 0.0990
Epoch [300/533], Loss: 0.0099
Epoch [360/533], Loss: 0.0037
Epoch [420/533], Loss: 0.0017
Epoch [480/533], Loss: 0.0020
0.6943420171737671
0.6665486097335815
0.6564086079597473
0.6565213799476624
0.6299428343772888
Test Power of C2ST-L:  1.0


=====================================================
Average test power at training size =  750  :  0.82
=====================================================



-----------------------------------------------

Finished with execution of c2st_semi_HDGM.py script

-----------------------------------------------

Job ID           : 55586056
Cluster          : spartan
User/Project     : xunyet/punim2112
Nodes            : 1
Wall-clock time  : 01:21:44 / 1-00:00:00

Displaying overall resources usage from 2024-02-02 20:18:38 to 2024-02-02 21:40:22:

NODE            CPU#        TOT%   ( USR   / SYS   / WIO   / IDLE  ) 

spartan-gpgpu086 : 
                CPU# 1    : 13.4   (  12.8 /   0.6 /   0.0 /  86.6 ) 
                CPU# 2    : 24.9   (  24.5 /   0.5 /   0.0 /  75.1 ) 
                CPU# 3    : 32.3   (  31.8 /   0.4 /   0.0 /  67.7 ) 
                CPU# 4    : 31.2   (  30.6 /   0.6 /   0.0 /  68.8 ) 

                GPU# 1    : 14.3  


Allocated CPUs            : 4    
  CPUs with usage <25%    : 2    
  CPUs with usage <50%    : 2    
  CPUs with usage >50%    : 0    


Allocated GPUs            : 1    
  GPUs with usage <25%    : 1    
  GPUs with usage <50%    : 0    
  GPUs with usage >50%    : 0    

Memory used (RAM)         : 18.8%  [1617MB of 8590MB]

--------------------------------------------

