device: cuda:0
Epoch [60/320], Loss: 0.2826
Epoch [120/320], Loss: 0.0922
Epoch [180/320], Loss: 0.0982
Epoch [240/320], Loss: 0.0990
Epoch [300/320], Loss: 0.0020
0.6877196431159973
0.6754732131958008
0.6566364169120789
0.6400132179260254
0.6244364976882935
Test Power of C2ST-L:  1.0
Epoch [60/320], Loss: 0.2716
Epoch [120/320], Loss: 0.0996
Epoch [180/320], Loss: 0.0428
Epoch [240/320], Loss: 0.0025
Epoch [300/320], Loss: 0.0015
0.6815630793571472
0.6755774617195129
0.6539816856384277
0.6418723464012146
0.6265227198600769
Test Power of C2ST-L:  1.0
Epoch [60/320], Loss: 0.2885
Epoch [120/320], Loss: 0.0961
Epoch [180/320], Loss: 0.0025
Epoch [240/320], Loss: 0.0017
Epoch [300/320], Loss: 0.0017
0.6860207319259644
0.6806181073188782
0.6662092804908752
0.6463603973388672
0.623985230922699
Test Power of C2ST-L:  1.0
Epoch [60/320], Loss: 0.3020
Epoch [120/320], Loss: 0.1066
Epoch [180/320], Loss: 0.0040
Epoch [240/320], Loss: 0.0054
Epoch [300/320], Loss: 0.0022
0.6832271814346313
0.6791334748268127
0.6621043682098389
0.6495856046676636
0.6342207789421082
Test Power of C2ST-L:  1.0
Epoch [60/320], Loss: 0.2966
Epoch [120/320], Loss: 0.1134
Epoch [180/320], Loss: 0.0059
Epoch [240/320], Loss: 0.0026
Epoch [300/320], Loss: 0.0013
0.6840528249740601
0.6803668737411499
0.6568700671195984
0.6411498785018921
0.6261667609214783
Test Power of C2ST-L:  1.0
Epoch [60/320], Loss: 0.3012
Epoch [120/320], Loss: 0.1000
Epoch [180/320], Loss: 0.0022
Epoch [240/320], Loss: 0.0028
Epoch [300/320], Loss: 0.0102
0.6843345761299133
0.6884276866912842
0.6598629355430603
0.642829954624176
0.6259989142417908
Test Power of C2ST-L:  1.0
Epoch [60/320], Loss: 0.2834
Epoch [120/320], Loss: 0.0923
Epoch [180/320], Loss: 0.0021
Epoch [240/320], Loss: 0.0018
Epoch [300/320], Loss: 0.0026
0.6846620440483093
0.6763494610786438
0.6622127294540405
0.6465291976928711
0.6372631788253784
Test Power of C2ST-L:  1.0
Epoch [60/320], Loss: 0.2968
Epoch [120/320], Loss: 0.0976
Epoch [180/320], Loss: 0.0915
Epoch [240/320], Loss: 0.0021
Epoch [300/320], Loss: 0.0016
0.678275465965271
0.67033851146698
0.6533446907997131
0.6378132104873657
0.6230913400650024
Test Power of C2ST-L:  1.0
Epoch [60/320], Loss: 0.2976
Epoch [120/320], Loss: 0.1051
Epoch [180/320], Loss: 0.0044
Epoch [240/320], Loss: 0.0019
Epoch [300/320], Loss: 0.0010
0.6857430934906006
0.6719234585762024
0.6590229272842407
0.6424106955528259
0.6122413277626038
Test Power of C2ST-L:  1.0
Epoch [60/320], Loss: 0.2848
Epoch [120/320], Loss: 0.0994
Epoch [180/320], Loss: 0.0042
Epoch [240/320], Loss: 0.0015
Epoch [300/320], Loss: 0.0015
0.6849274635314941
0.6770563721656799
0.6518012285232544
0.6348769664764404
0.6159345507621765
Test Power of C2ST-L:  1.0
Epoch [60/320], Loss: 0.3041
Epoch [120/320], Loss: 0.1028
Epoch [180/320], Loss: 0.0964
Epoch [240/320], Loss: 0.0050
Epoch [300/320], Loss: 0.0023
0.6785887479782104
0.6683570146560669
0.6512355208396912
0.6325353980064392
0.6109945774078369
Test Power of C2ST-L:  1.0
Epoch [60/320], Loss: 0.3006
Epoch [120/320], Loss: 0.1099
Epoch [180/320], Loss: 0.1009
Epoch [240/320], Loss: 0.0123
Epoch [300/320], Loss: 0.0019
0.6806056499481201
0.6772077679634094
0.6542261242866516
0.6345410943031311
0.6124586462974548
Test Power of C2ST-L:  1.0
Epoch [60/320], Loss: 0.3038
Epoch [120/320], Loss: 0.0939
Epoch [180/320], Loss: 0.0032
Epoch [240/320], Loss: 0.0023
Epoch [300/320], Loss: 0.0017
0.6785466074943542
0.669852614402771
0.6534637808799744
0.6308435201644897
0.6043453812599182
Test Power of C2ST-L:  1.0
Epoch [60/320], Loss: 0.3023
Epoch [120/320], Loss: 0.1054
Epoch [180/320], Loss: 0.1005
Epoch [240/320], Loss: 0.0073
Epoch [300/320], Loss: 0.0014
0.686137855052948
0.6791954040527344
0.65590500831604
0.6421428918838501
0.6261715888977051
Test Power of C2ST-L:  1.0
Epoch [60/320], Loss: 0.2844
Epoch [120/320], Loss: 0.1033
Epoch [180/320], Loss: 0.1078
Epoch [240/320], Loss: 0.0043
Epoch [300/320], Loss: 0.0023
0.6777331829071045
0.6674830913543701
0.6637345552444458
0.6490799784660339
0.6299228668212891
Test Power of C2ST-L:  1.0
Epoch [60/320], Loss: 0.2898
Epoch [120/320], Loss: 0.1016
Epoch [180/320], Loss: 0.0034
Epoch [240/320], Loss: 0.0021
Epoch [300/320], Loss: 0.0010
0.6813099980354309
0.6578283309936523
0.6488762497901917
0.6381351351737976
0.6251475811004639
Test Power of C2ST-L:  1.0
Epoch [60/320], Loss: 0.2846
Epoch [120/320], Loss: 0.1013
Epoch [180/320], Loss: 0.0951
Epoch [240/320], Loss: 0.0033
Epoch [300/320], Loss: 0.0071
0.675484299659729
0.6736459732055664
0.6476491689682007
0.6317440867424011
0.6142619848251343
Test Power of C2ST-L:  1.0
Epoch [60/320], Loss: 0.3015
Epoch [120/320], Loss: 0.1027
Epoch [180/320], Loss: 0.0042
Epoch [240/320], Loss: 0.0017
Epoch [300/320], Loss: 0.0013
0.6812474131584167
0.673711359500885
0.6597737073898315
0.6451615691184998
0.6243646740913391
Test Power of C2ST-L:  1.0
Epoch [60/320], Loss: 0.3084
Epoch [120/320], Loss: 0.0932
Epoch [180/320], Loss: 0.0028
Epoch [240/320], Loss: 0.0019
Epoch [300/320], Loss: 0.0012
0.6846245527267456
0.6591808795928955
0.6531120538711548
0.6424115896224976
0.6268211007118225
Test Power of C2ST-L:  1.0
Epoch [60/320], Loss: 0.3069
Epoch [120/320], Loss: 0.0973
Epoch [180/320], Loss: 0.0068
Epoch [240/320], Loss: 0.0014
Epoch [300/320], Loss: 0.0014
0.6787879467010498
0.6635849475860596
0.6556382179260254
0.6435323357582092
0.63041752576828
Test Power of C2ST-L:  1.0
Epoch [60/320], Loss: 0.2822
Epoch [120/320], Loss: 0.0970
Epoch [180/320], Loss: 0.0030
Epoch [240/320], Loss: 0.0032
Epoch [300/320], Loss: 0.0011
0.6811063289642334
0.6781193614006042
0.6548395752906799
0.6403461694717407
0.6303457021713257
Test Power of C2ST-L:  1.0
Epoch [60/320], Loss: 0.3015
Epoch [120/320], Loss: 0.0992
Epoch [180/320], Loss: 0.0065
Epoch [240/320], Loss: 0.0023
Epoch [300/320], Loss: 0.0025
0.6797733902931213
0.6728969216346741
0.6551576256752014
0.6411862373352051
0.6277299523353577
Test Power of C2ST-L:  1.0
Epoch [60/320], Loss: 0.2946
Epoch [120/320], Loss: 0.0979
Epoch [180/320], Loss: 0.0966
Epoch [240/320], Loss: 0.0059
Epoch [300/320], Loss: 0.0039
0.6827011704444885
0.6723034381866455
0.6564072966575623
0.6348507404327393
0.6094887256622314
Test Power of C2ST-L:  1.0
Epoch [60/320], Loss: 0.2986
Epoch [120/320], Loss: 0.1004
Epoch [180/320], Loss: 0.1057
Epoch [240/320], Loss: 0.0044
Epoch [300/320], Loss: 0.0017
0.686163604259491
0.6773483753204346
0.6578475832939148
0.6387457251548767
0.620856523513794
Test Power of C2ST-L:  1.0
Epoch [60/320], Loss: 0.2994
Epoch [120/320], Loss: 0.1035
Epoch [180/320], Loss: 0.0098
Epoch [240/320], Loss: 0.0014
Epoch [300/320], Loss: 0.0017
0.6844932436943054
0.6757046580314636
0.655326247215271
0.6418789029121399
0.6217707991600037
Test Power of C2ST-L:  1.0
Epoch [60/320], Loss: 0.2999
Epoch [120/320], Loss: 0.1030
Epoch [180/320], Loss: 0.0478
Epoch [240/320], Loss: 0.0018
Epoch [300/320], Loss: 0.0020
0.6850481629371643
0.6730757355690002
0.6633849740028381
0.6421964764595032
0.6216910481452942
Test Power of C2ST-L:  1.0
Epoch [60/320], Loss: 0.3008
Epoch [120/320], Loss: 0.0914
Epoch [180/320], Loss: 0.0027
Epoch [240/320], Loss: 0.0054
Epoch [300/320], Loss: 0.0014
0.674874484539032
0.6680968403816223
0.6402683854103088
0.6227604746818542
0.5983560681343079
Test Power of C2ST-L:  1.0
Epoch [60/320], Loss: 0.2914
Epoch [120/320], Loss: 0.0965
Epoch [180/320], Loss: 0.0045
Epoch [240/320], Loss: 0.0032
Epoch [300/320], Loss: 0.0026
0.6783583760261536
0.671268880367279
0.6564021706581116
0.633124053478241
0.6128493547439575
Test Power of C2ST-L:  1.0
Epoch [60/320], Loss: 0.2883
Epoch [120/320], Loss: 0.0071
Epoch [180/320], Loss: 0.0016
Epoch [240/320], Loss: 0.0015
Epoch [300/320], Loss: 0.0012
0.6835132837295532
0.672039270401001
0.6513184309005737
0.6328287720680237
0.6166590452194214
Test Power of C2ST-L:  1.0
Epoch [60/320], Loss: 0.2979
Epoch [120/320], Loss: 0.0988
Epoch [180/320], Loss: 0.0063
Epoch [240/320], Loss: 0.0027
Epoch [300/320], Loss: 0.0021
0.6827523708343506
0.6818843483924866
0.6590669751167297
0.6378234624862671
0.6249055862426758
Test Power of C2ST-L:  1.0
Epoch [60/320], Loss: 0.2938
Epoch [120/320], Loss: 0.1016
Epoch [180/320], Loss: 0.0039
Epoch [240/320], Loss: 0.0018
Epoch [300/320], Loss: 0.0045
0.6803709268569946
0.6660711169242859
0.6512325406074524
0.6337600350379944
0.6117382049560547
Test Power of C2ST-L:  1.0
Epoch [60/320], Loss: 0.2914
Epoch [120/320], Loss: 0.0990
Epoch [180/320], Loss: 0.0034
Epoch [240/320], Loss: 0.0040
Epoch [300/320], Loss: 0.0011
0.6813806891441345
0.6687799692153931
0.6492465734481812
0.6266095638275146
0.6062483787536621
Test Power of C2ST-L:  1.0
Epoch [60/320], Loss: 0.2781
Epoch [120/320], Loss: 0.1061
Epoch [180/320], Loss: 0.0956
Epoch [240/320], Loss: 0.0038
Epoch [300/320], Loss: 0.0020
0.679987907409668
0.6779292225837708
0.6517615914344788
0.6296416521072388
0.6015942692756653
Test Power of C2ST-L:  1.0
Epoch [60/320], Loss: 0.2922
Epoch [120/320], Loss: 0.1150
Epoch [180/320], Loss: 0.0981
Epoch [240/320], Loss: 0.0887
Epoch [300/320], Loss: 0.0069
0.6837510466575623
0.6730954051017761
0.660293698310852
0.6446579694747925
0.6251104474067688
Test Power of C2ST-L:  1.0
Epoch [60/320], Loss: 0.2884
Epoch [120/320], Loss: 0.0938
Epoch [180/320], Loss: 0.0055
Epoch [240/320], Loss: 0.0025
Epoch [300/320], Loss: 0.0016
0.6783372759819031
0.6728014349937439
0.6551304459571838
0.644440233707428
0.6341402530670166
Test Power of C2ST-L:  1.0
Epoch [60/320], Loss: 0.2930
Epoch [120/320], Loss: 0.1049
Epoch [180/320], Loss: 0.0026
Epoch [240/320], Loss: 0.0062
Epoch [300/320], Loss: 0.0010
0.6775587201118469
0.6691686511039734
0.6534550786018372
0.6348854899406433
0.6238918304443359
Test Power of C2ST-L:  1.0
Epoch [60/320], Loss: 0.2933
Epoch [120/320], Loss: 0.1048
Epoch [180/320], Loss: 0.0804
Epoch [240/320], Loss: 0.0020
Epoch [300/320], Loss: 0.0013
0.6778368949890137
0.6814988851547241
0.6508837938308716
0.6306518912315369
0.6106166243553162
Test Power of C2ST-L:  1.0
Epoch [60/320], Loss: 0.3051
Epoch [120/320], Loss: 0.1126
Epoch [180/320], Loss: 0.0052
Epoch [240/320], Loss: 0.0024
Epoch [300/320], Loss: 0.0050
0.681114137172699
0.6775177717208862
0.6511806845664978
0.6348991990089417
0.6286097168922424
Test Power of C2ST-L:  1.0
Epoch [60/320], Loss: 0.2873
Epoch [120/320], Loss: 0.1038
Epoch [180/320], Loss: 0.0122
Epoch [240/320], Loss: 0.0019
Epoch [300/320], Loss: 0.0014
0.6862438321113586
0.675152063369751
0.6561731100082397
0.6412786245346069
0.6261097192764282
Test Power of C2ST-L:  1.0
Epoch [60/320], Loss: 0.2899
Epoch [120/320], Loss: 0.0943
Epoch [180/320], Loss: 0.0038
Epoch [240/320], Loss: 0.0014
Epoch [300/320], Loss: 0.0020
0.6822805404663086
0.6816282272338867
0.6570395231246948
0.6452620625495911
0.6378238201141357
Test Power of C2ST-L:  1.0
Epoch [60/320], Loss: 0.2931
Epoch [120/320], Loss: 0.1014
Epoch [180/320], Loss: 0.0981
Epoch [240/320], Loss: 0.0634
Epoch [300/320], Loss: 0.0017
0.6833535432815552
0.665343701839447
0.6385223865509033
0.6212739944458008
0.6006184816360474
Test Power of C2ST-L:  1.0
Epoch [60/320], Loss: 0.2871
Epoch [120/320], Loss: 0.1002
Epoch [180/320], Loss: 0.0029
Epoch [240/320], Loss: 0.0016
Epoch [300/320], Loss: 0.0035
0.6847951412200928
0.682032585144043
0.6556052565574646
0.6424392461776733
0.6207216382026672
Test Power of C2ST-L:  1.0
Epoch [60/320], Loss: 0.2992
Epoch [120/320], Loss: 0.1077
Epoch [180/320], Loss: 0.0053
Epoch [240/320], Loss: 0.0039
Epoch [300/320], Loss: 0.0024
0.6814274787902832
0.6806044578552246
0.6609401702880859
0.6489531397819519
0.6396496891975403
Test Power of C2ST-L:  1.0
Epoch [60/320], Loss: 0.2869
Epoch [120/320], Loss: 0.1015
Epoch [180/320], Loss: 0.0046
Epoch [240/320], Loss: 0.0029
Epoch [300/320], Loss: 0.0011
0.6862460374832153
0.6802454590797424
0.6641620397567749
0.6502177119255066
0.6386650800704956
Test Power of C2ST-L:  1.0
Epoch [60/320], Loss: 0.2986
Epoch [120/320], Loss: 0.1033
Epoch [180/320], Loss: 0.0073
Epoch [240/320], Loss: 0.0034
Epoch [300/320], Loss: 0.0017
0.6764558553695679
0.6739292740821838
0.6501322984695435
0.6318312883377075
0.6157532930374146
Test Power of C2ST-L:  1.0
Epoch [60/320], Loss: 0.2948
Epoch [120/320], Loss: 0.1915
Epoch [180/320], Loss: 0.0036
Epoch [240/320], Loss: 0.0022
Epoch [300/320], Loss: 0.0014
0.6855491995811462
0.6822143197059631
0.6614559292793274
0.6427860260009766
0.6255391836166382
Test Power of C2ST-L:  1.0
Epoch [60/320], Loss: 0.2805
Epoch [120/320], Loss: 0.1038
Epoch [180/320], Loss: 0.0052
Epoch [240/320], Loss: 0.0015
Epoch [300/320], Loss: 0.0015
0.6795677542686462
0.6704212427139282
0.6519802808761597
0.6339318156242371
0.6125974655151367
Test Power of C2ST-L:  1.0
Epoch [60/320], Loss: 0.2900
Epoch [120/320], Loss: 0.0966
Epoch [180/320], Loss: 0.0046
Epoch [240/320], Loss: 0.0015
Epoch [300/320], Loss: 0.0038
0.6869056224822998
0.6790593862533569
0.6604047417640686
0.6408108472824097
0.628466784954071
Test Power of C2ST-L:  1.0
Epoch [60/320], Loss: 0.2947
Epoch [120/320], Loss: 0.0941
Epoch [180/320], Loss: 0.0027
Epoch [240/320], Loss: 0.0013
Epoch [300/320], Loss: 0.0015
0.6820012927055359
0.6739033460617065
0.6526857018470764
0.6339960694313049
0.6132508516311646
Test Power of C2ST-L:  1.0
Epoch [60/320], Loss: 0.2876
Epoch [120/320], Loss: 0.0988
Epoch [180/320], Loss: 0.0048
Epoch [240/320], Loss: 0.0015
Epoch [300/320], Loss: 0.0011
0.6791098117828369
0.6703740954399109
0.6389718651771545
0.616102933883667
0.586220383644104
Test Power of C2ST-L:  1.0
Epoch [60/320], Loss: 0.2918
Epoch [120/320], Loss: 0.0970
Epoch [180/320], Loss: 0.0933
Epoch [240/320], Loss: 0.0059
Epoch [300/320], Loss: 0.0025
0.6779264807701111
0.6794986128807068
0.6558748483657837
0.6374341249465942
0.6235396265983582
Test Power of C2ST-L:  1.0
Epoch [60/320], Loss: 0.2988
Epoch [120/320], Loss: 0.0957
Epoch [180/320], Loss: 0.1020
Epoch [240/320], Loss: 0.0949
Epoch [300/320], Loss: 0.0019
0.6783056855201721
0.6621453166007996
0.6419405341148376
0.6315639615058899
0.6189261078834534
Test Power of C2ST-L:  1.0
Epoch [60/320], Loss: 0.2800
Epoch [120/320], Loss: 0.1008
Epoch [180/320], Loss: 0.0751
Epoch [240/320], Loss: 0.0022
Epoch [300/320], Loss: 0.0016
0.6799952387809753
0.6750087141990662
0.6586903929710388
0.6426449418067932
0.6228982210159302
Test Power of C2ST-L:  1.0
Epoch [60/320], Loss: 0.2892
Epoch [120/320], Loss: 0.0965
Epoch [180/320], Loss: 0.0062
Epoch [240/320], Loss: 0.0033
Epoch [300/320], Loss: 0.0046
0.6772135496139526
0.6647061705589294
0.6500688195228577
0.6298691034317017
0.6035416722297668
Test Power of C2ST-L:  1.0
Epoch [60/320], Loss: 0.2917
Epoch [120/320], Loss: 0.0950
Epoch [180/320], Loss: 0.0900
Epoch [240/320], Loss: 0.0020
Epoch [300/320], Loss: 0.0038
0.6800260543823242
0.6770813465118408
0.6579867005348206
0.6471763849258423
0.6356824636459351
Test Power of C2ST-L:  1.0
Epoch [60/320], Loss: 0.2878
Epoch [120/320], Loss: 0.0894
Epoch [180/320], Loss: 0.0095
Epoch [240/320], Loss: 0.0017
Epoch [300/320], Loss: 0.0030
0.6761744618415833
0.6655927300453186
0.6462507247924805
0.6298481225967407
0.6130150556564331
Test Power of C2ST-L:  1.0
Epoch [60/320], Loss: 0.2882
Epoch [120/320], Loss: 0.1039
Epoch [180/320], Loss: 0.0958
Epoch [240/320], Loss: 0.0028
Epoch [300/320], Loss: 0.0014
0.6778115034103394
0.6780024766921997
0.6549326181411743
0.6352924108505249
0.6209756135940552
Test Power of C2ST-L:  1.0
Epoch [60/320], Loss: 0.2851
Epoch [120/320], Loss: 0.0975
Epoch [180/320], Loss: 0.0055
Epoch [240/320], Loss: 0.0018
Epoch [300/320], Loss: 0.0025
0.6895054578781128
0.6741966605186462
0.6555228233337402
0.6397950053215027
0.6184876561164856
Test Power of C2ST-L:  1.0
Epoch [60/320], Loss: 0.2904
Epoch [120/320], Loss: 0.0979
Epoch [180/320], Loss: 0.0106
Epoch [240/320], Loss: 0.0022
Epoch [300/320], Loss: 0.0032
0.6818612217903137
0.6759155988693237
0.6539390683174133
0.6365484595298767
0.6152365207672119
Test Power of C2ST-L:  1.0
Epoch [60/320], Loss: 0.3045
Epoch [120/320], Loss: 0.0999
Epoch [180/320], Loss: 0.1011
Epoch [240/320], Loss: 0.0894
Epoch [300/320], Loss: 0.0025
0.6876368522644043
0.6846376061439514
0.6659036874771118
0.6505303382873535
0.6300067901611328
Test Power of C2ST-L:  1.0
Epoch [60/320], Loss: 0.2777
Epoch [120/320], Loss: 0.0975
Epoch [180/320], Loss: 0.0994
Epoch [240/320], Loss: 0.0076
Epoch [300/320], Loss: 0.0028
0.6812612414360046
0.6737378835678101
0.6581927537918091
0.6408528685569763
0.6272215843200684
Test Power of C2ST-L:  1.0
Epoch [60/320], Loss: 0.2920
Epoch [120/320], Loss: 0.1074
Epoch [180/320], Loss: 0.0986
Epoch [240/320], Loss: 0.0090
Epoch [300/320], Loss: 0.0088
0.6826029419898987
0.6811189651489258
0.653417706489563
0.6388488411903381
0.624085009098053
Test Power of C2ST-L:  1.0
Epoch [60/320], Loss: 0.2920
Epoch [120/320], Loss: 0.1096
Epoch [180/320], Loss: 0.0054
Epoch [240/320], Loss: 0.0013
Epoch [300/320], Loss: 0.0025
0.6742339730262756
0.6681787967681885
0.6547465920448303
0.6364820599555969
0.6148810982704163
Test Power of C2ST-L:  1.0
Epoch [60/320], Loss: 0.2856
Epoch [120/320], Loss: 0.0988
Epoch [180/320], Loss: 0.0947
Epoch [240/320], Loss: 0.0036
Epoch [300/320], Loss: 0.0016
0.6803712248802185
0.6753145456314087
0.65510493516922
0.6393575668334961
0.623084545135498
Test Power of C2ST-L:  1.0
Epoch [60/320], Loss: 0.2949
Epoch [120/320], Loss: 0.1061
Epoch [180/320], Loss: 0.0177
Epoch [240/320], Loss: 0.0022
Epoch [300/320], Loss: 0.0019
0.6850012540817261
0.6774885058403015
0.6583730578422546
0.6422258019447327
0.6231035590171814
Test Power of C2ST-L:  1.0
Epoch [60/320], Loss: 0.2886
Epoch [120/320], Loss: 0.0955
Epoch [180/320], Loss: 0.0020
Epoch [240/320], Loss: 0.0051
Epoch [300/320], Loss: 0.0017
0.6798384189605713
0.6792206764221191
0.6599057912826538
0.6438370943069458
0.6320044994354248
Test Power of C2ST-L:  1.0
Epoch [60/320], Loss: 0.2964
Epoch [120/320], Loss: 0.0975
Epoch [180/320], Loss: 0.0302
Epoch [240/320], Loss: 0.0026
Epoch [300/320], Loss: 0.0013
0.6771016716957092
0.6743382215499878
0.6607929468154907
0.6450011134147644
0.632931649684906
Test Power of C2ST-L:  1.0
Epoch [60/320], Loss: 0.2905
Epoch [120/320], Loss: 0.1087
Epoch [180/320], Loss: 0.0880
Epoch [240/320], Loss: 0.0029
Epoch [300/320], Loss: 0.0074
0.6759183406829834
0.6694967150688171
0.6448358297348022
0.6271879076957703
0.6055719256401062
Test Power of C2ST-L:  1.0
Epoch [60/320], Loss: 0.2585
Epoch [120/320], Loss: 0.1034
Epoch [180/320], Loss: 0.0995
Epoch [240/320], Loss: 0.0060
Epoch [300/320], Loss: 0.0016
0.683846116065979
0.680718719959259
0.6547558307647705
0.6367440223693848
0.6203531622886658
Test Power of C2ST-L:  1.0
Epoch [60/320], Loss: 0.2673
Epoch [120/320], Loss: 0.1006
Epoch [180/320], Loss: 0.0910
Epoch [240/320], Loss: 0.0038
Epoch [300/320], Loss: 0.0014
0.6807265877723694
0.6779582500457764
0.6580350995063782
0.6443052291870117
0.6275436282157898
Test Power of C2ST-L:  1.0
Epoch [60/320], Loss: 0.2916
Epoch [120/320], Loss: 0.0986
Epoch [180/320], Loss: 0.0993
Epoch [240/320], Loss: 0.0024
Epoch [300/320], Loss: 0.0019
0.681255578994751
0.6768618226051331
0.6533463001251221
0.6384857892990112
0.6174070239067078
Test Power of C2ST-L:  1.0
Epoch [60/320], Loss: 0.3026
Epoch [120/320], Loss: 0.1016
Epoch [180/320], Loss: 0.0047
Epoch [240/320], Loss: 0.0032
Epoch [300/320], Loss: 0.0015
0.683219313621521
0.6796336770057678
0.6597347855567932
0.6497163772583008
0.6431877017021179
Test Power of C2ST-L:  1.0
Epoch [60/320], Loss: 0.2901
Epoch [120/320], Loss: 0.1050
Epoch [180/320], Loss: 0.0068
Epoch [240/320], Loss: 0.0015
Epoch [300/320], Loss: 0.0015
0.6792626976966858
0.6774572730064392
0.6549695134162903
0.6372576355934143
0.6188528537750244
Test Power of C2ST-L:  1.0
Epoch [60/320], Loss: 0.2936
Epoch [120/320], Loss: 0.1027
Epoch [180/320], Loss: 0.0925
Epoch [240/320], Loss: 0.0025
Epoch [300/320], Loss: 0.0036
0.6786415576934814
0.6556851267814636
0.6427291035652161
0.6341174840927124
0.6218509674072266
Test Power of C2ST-L:  1.0
Epoch [60/320], Loss: 0.2874
Epoch [120/320], Loss: 0.1012
Epoch [180/320], Loss: 0.1023
Epoch [240/320], Loss: 0.0908
Epoch [300/320], Loss: 0.0027
0.6877618432044983
0.6763126850128174
0.664893627166748
0.6516391038894653
0.632270336151123
Test Power of C2ST-L:  1.0
Epoch [60/320], Loss: 0.2932
Epoch [120/320], Loss: 0.1001
Epoch [180/320], Loss: 0.0928
Epoch [240/320], Loss: 0.0021
Epoch [300/320], Loss: 0.0012
0.6848332285881042
0.6809567809104919
0.6618993878364563
0.6431958079338074
0.6314345002174377
Test Power of C2ST-L:  1.0
Epoch [60/320], Loss: 0.3132
Epoch [120/320], Loss: 0.1100
Epoch [180/320], Loss: 0.0030
Epoch [240/320], Loss: 0.0020
Epoch [300/320], Loss: 0.0022
0.6853184700012207
0.6719685792922974
0.6590747237205505
0.6419572830200195
0.6201893091201782
Test Power of C2ST-L:  1.0
Epoch [60/320], Loss: 0.2857
Epoch [120/320], Loss: 0.0951
Epoch [180/320], Loss: 0.0918
Epoch [240/320], Loss: 0.0035
Epoch [300/320], Loss: 0.0031
0.6778762936592102
0.6707584261894226
0.6620281934738159
0.6485204100608826
0.6379356980323792
Test Power of C2ST-L:  1.0
Epoch [60/320], Loss: 0.2868
Epoch [120/320], Loss: 0.1086
Epoch [180/320], Loss: 0.0115
Epoch [240/320], Loss: 0.0037
Epoch [300/320], Loss: 0.0012
0.68435138463974
0.6822704076766968
0.6663897037506104
0.652370274066925
0.6357796788215637
Test Power of C2ST-L:  1.0
Epoch [60/320], Loss: 0.3125
Epoch [120/320], Loss: 0.0985
Epoch [180/320], Loss: 0.0911
Epoch [240/320], Loss: 0.0024
Epoch [300/320], Loss: 0.0012
0.6836040019989014
0.6786850094795227
0.6561591625213623
0.6416555643081665
0.6296442151069641
Test Power of C2ST-L:  1.0
Epoch [60/320], Loss: 0.3001
Epoch [120/320], Loss: 0.1017
Epoch [180/320], Loss: 0.1009
Epoch [240/320], Loss: 0.0026
Epoch [300/320], Loss: 0.0026
0.6767479181289673
0.6674051284790039
0.6505463123321533
0.6276412606239319
0.6072455048561096
Test Power of C2ST-L:  1.0
Epoch [60/320], Loss: 0.2972
Epoch [120/320], Loss: 0.1003
Epoch [180/320], Loss: 0.0079
Epoch [240/320], Loss: 0.0030
Epoch [300/320], Loss: 0.0029
0.6809245347976685
0.6645132899284363
0.6558400988578796
0.6440616846084595
0.6284990906715393
Test Power of C2ST-L:  1.0
Epoch [60/320], Loss: 0.2916
Epoch [120/320], Loss: 0.0965
Epoch [180/320], Loss: 0.0911
Epoch [240/320], Loss: 0.0023
Epoch [300/320], Loss: 0.0025
0.6810613870620728
0.6726173162460327
0.6468083262443542
0.6291247606277466
0.6081398725509644
Test Power of C2ST-L:  1.0
Epoch [60/320], Loss: 0.2968
Epoch [120/320], Loss: 0.1076
Epoch [180/320], Loss: 0.0068
Epoch [240/320], Loss: 0.0021
Epoch [300/320], Loss: 0.0025
0.683906078338623
0.6814917325973511
0.6565624475479126
0.6448628902435303
0.628440797328949
Test Power of C2ST-L:  1.0
Epoch [60/320], Loss: 0.2314
Epoch [120/320], Loss: 0.0915
Epoch [180/320], Loss: 0.0017
Epoch [240/320], Loss: 0.0022
Epoch [300/320], Loss: 0.0017
0.6809613108634949
0.6730464100837708
0.6521902084350586
0.6364536285400391
0.6207919716835022
Test Power of C2ST-L:  1.0
Epoch [60/320], Loss: 0.2853
Epoch [120/320], Loss: 0.1004
Epoch [180/320], Loss: 0.0107
Epoch [240/320], Loss: 0.0016
Epoch [300/320], Loss: 0.0012
0.6751043200492859
0.6717320084571838
0.6477298140525818
0.6263349652290344
0.6028773188591003
Test Power of C2ST-L:  1.0
Epoch [60/320], Loss: 0.2783
Epoch [120/320], Loss: 0.1007
Epoch [180/320], Loss: 0.0914
Epoch [240/320], Loss: 0.0928
Epoch [300/320], Loss: 0.0027
0.6789945960044861
0.6752432584762573
0.6538147926330566
0.6403398513793945
0.6328177452087402
Test Power of C2ST-L:  1.0
Epoch [60/320], Loss: 0.2930
Epoch [120/320], Loss: 0.1023
Epoch [180/320], Loss: 0.0233
Epoch [240/320], Loss: 0.0020
Epoch [300/320], Loss: 0.0015
0.6812634468078613
0.6748571395874023
0.6575474739074707
0.6452420949935913
0.6325303912162781
Test Power of C2ST-L:  1.0
Epoch [60/320], Loss: 0.2944
Epoch [120/320], Loss: 0.1056
Epoch [180/320], Loss: 0.0022
Epoch [240/320], Loss: 0.0014
Epoch [300/320], Loss: 0.0010
0.6801576018333435
0.6630536317825317
0.6426641941070557
0.6281445622444153
0.6072272658348083
Test Power of C2ST-L:  1.0
Epoch [60/320], Loss: 0.3097
Epoch [120/320], Loss: 0.1014
Epoch [180/320], Loss: 0.0038
Epoch [240/320], Loss: 0.0017
Epoch [300/320], Loss: 0.0018
0.6812990307807922
0.6705474257469177
0.6585160493850708
0.6416003108024597
0.6198564767837524
Test Power of C2ST-L:  1.0
Epoch [60/320], Loss: 0.2839
Epoch [120/320], Loss: 0.1014
Epoch [180/320], Loss: 0.0992
Epoch [240/320], Loss: 0.0028
Epoch [300/320], Loss: 0.0014
0.6783467531204224
0.6765286326408386
0.656998872756958
0.6414926052093506
0.6241974234580994
Test Power of C2ST-L:  1.0
Epoch [60/320], Loss: 0.2895
Epoch [120/320], Loss: 0.0955
Epoch [180/320], Loss: 0.0038
Epoch [240/320], Loss: 0.0021
Epoch [300/320], Loss: 0.0023
0.6814098358154297
0.6719615459442139
0.6566355228424072
0.6379873752593994
0.6194152235984802
Test Power of C2ST-L:  1.0
Epoch [60/320], Loss: 0.2968
Epoch [120/320], Loss: 0.0984
Epoch [180/320], Loss: 0.0203
Epoch [240/320], Loss: 0.0019
Epoch [300/320], Loss: 0.0013
0.6779645681381226
0.6713864207267761
0.6502781510353088
0.6300042271614075
0.6091564893722534
Test Power of C2ST-L:  1.0
Epoch [60/320], Loss: 0.2969
Epoch [120/320], Loss: 0.1002
Epoch [180/320], Loss: 0.1036
Epoch [240/320], Loss: 0.0053
Epoch [300/320], Loss: 0.0035
0.6844882369041443
0.6797443628311157
0.6627516150474548
0.6535089015960693
0.6472836136817932
Test Power of C2ST-L:  1.0
Epoch [60/320], Loss: 0.2819
Epoch [120/320], Loss: 0.0985
Epoch [180/320], Loss: 0.0910
Epoch [240/320], Loss: 0.0074
Epoch [300/320], Loss: 0.0017
0.6822465658187866
0.6781817674636841
0.6604666709899902
0.6421223282814026
0.6202696561813354
Test Power of C2ST-L:  1.0
Epoch [60/320], Loss: 0.2907
Epoch [120/320], Loss: 0.1066
Epoch [180/320], Loss: 0.0051
Epoch [240/320], Loss: 0.0016
Epoch [300/320], Loss: 0.0015
0.6804409623146057
0.6640157699584961
0.6430450081825256
0.6240978240966797
0.6037179231643677
Test Power of C2ST-L:  1.0
Epoch [60/320], Loss: 0.2887
Epoch [120/320], Loss: 0.1011
Epoch [180/320], Loss: 0.0176
Epoch [240/320], Loss: 0.0017
Epoch [300/320], Loss: 0.0012
0.6821727752685547
0.6651750206947327
0.6547946929931641
0.6428472399711609
0.6315894722938538
Test Power of C2ST-L:  1.0
Epoch [60/320], Loss: 0.3055
Epoch [120/320], Loss: 0.1065
Epoch [180/320], Loss: 0.0047
Epoch [240/320], Loss: 0.0031
Epoch [300/320], Loss: 0.0023
0.6792712211608887
0.6741547584533691
0.6530671119689941
0.6296631097793579
0.6079474091529846
Test Power of C2ST-L:  1.0
Epoch [60/320], Loss: 0.2080
Epoch [120/320], Loss: 0.0959
Epoch [180/320], Loss: 0.0969
Epoch [240/320], Loss: 0.0065
Epoch [300/320], Loss: 0.0010
0.6824151873588562
0.6820725202560425
0.660897970199585
0.6446115374565125
0.6290571093559265
Test Power of C2ST-L:  1.0
Epoch [60/320], Loss: 0.2954
Epoch [120/320], Loss: 0.0930
Epoch [180/320], Loss: 0.1008
Epoch [240/320], Loss: 0.0040
Epoch [300/320], Loss: 0.0012
0.6902954578399658
0.6921001672744751
0.6647018790245056
0.6521953344345093
0.6378890872001648
Test Power of C2ST-L:  1.0


=====================================================
Average test power at training size =  1250  :  1.0
=====================================================



-----------------------------------------------

Finished with execution of c2st_semi_HDGM.py script

-----------------------------------------------

Job ID           : 55586058
Cluster          : spartan
User/Project     : xunyet/punim2112
Nodes            : 1
Wall-clock time  : 01:45:45 / 1-00:00:00

Displaying overall resources usage from 2024-02-02 20:18:54 to 2024-02-02 22:04:39:

NODE            CPU#        TOT%   ( USR   / SYS   / WIO   / IDLE  ) 

spartan-gpgpu087 : 
                CPU# 1    : 16.0   (  15.1 /   0.8 /   0.0 /  84.0 ) 
                CPU# 2    : 33.6   (  32.9 /   0.7 /   0.0 /  66.4 ) 
                CPU# 3    : 28.3   (  27.6 /   0.7 /   0.0 /  71.7 ) 
                CPU# 4    : 25.2   (  24.5 /   0.7 /   0.0 /  74.8 ) 

                GPU# 1    : 14.6  


Allocated CPUs            : 4    
  CPUs with usage <25%    : 1    
  CPUs with usage <50%    : 3    
  CPUs with usage >50%    : 0    


Allocated GPUs            : 1    
  GPUs with usage <25%    : 1    
  GPUs with usage <50%    : 0    
  GPUs with usage >50%    : 0    

Memory used (RAM)         : 21.1%  [1812MB of 8590MB]

--------------------------------------------

