device: cuda:0
Epoch [60/800], Loss: 0.0004
Epoch [120/800], Loss: 0.0001
Epoch [180/800], Loss: 0.0003
Epoch [240/800], Loss: 0.0000
Epoch [300/800], Loss: 0.0000
Epoch [360/800], Loss: 0.0000
Epoch [420/800], Loss: 0.0000
Epoch [480/800], Loss: 0.0014
Epoch [540/800], Loss: 0.0002
Epoch [600/800], Loss: 0.0001
Epoch [660/800], Loss: 0.0001
Epoch [720/800], Loss: 0.0000
Epoch [780/800], Loss: 0.0000
0.6878257393836975
0.6830152869224548
0.6809805631637573
0.6797640323638916
0.6791741251945496
Test Power of C2ST-L:  1.0
Epoch [60/800], Loss: 0.0007
Epoch [120/800], Loss: 0.0001
Epoch [180/800], Loss: 0.0001
Epoch [240/800], Loss: 0.0002
Epoch [300/800], Loss: 0.0000
Epoch [360/800], Loss: 0.0000
Epoch [420/800], Loss: 0.0000
Epoch [480/800], Loss: 0.0000
Epoch [540/800], Loss: 0.0001
Epoch [600/800], Loss: 0.0002
Epoch [660/800], Loss: 0.0001
Epoch [720/800], Loss: 0.0000
Epoch [780/800], Loss: 0.0000
0.6872348785400391
0.6849384903907776
0.6827571392059326
0.6806287169456482
0.6790001392364502
Test Power of C2ST-L:  1.0
Epoch [60/800], Loss: 0.0005
Epoch [120/800], Loss: 0.0001
Epoch [180/800], Loss: 0.0002
Epoch [240/800], Loss: 0.0000
Epoch [300/800], Loss: 0.0000
Epoch [360/800], Loss: 0.0000
Epoch [420/800], Loss: 0.0001
Epoch [480/800], Loss: 0.0002
Epoch [540/800], Loss: 0.0001
Epoch [600/800], Loss: 0.0001
Epoch [660/800], Loss: 0.0001
Epoch [720/800], Loss: 0.0001
Epoch [780/800], Loss: 0.0003
0.6851224899291992
0.6804666519165039
0.6770632266998291
0.6773300170898438
0.6756376028060913
Test Power of C2ST-L:  1.0
Epoch [60/800], Loss: 0.0006
Epoch [120/800], Loss: 0.0003
Epoch [180/800], Loss: 0.0001
Epoch [240/800], Loss: 0.0001
Epoch [300/800], Loss: 0.0008
Epoch [360/800], Loss: 0.0000
Epoch [420/800], Loss: 0.0000
Epoch [480/800], Loss: 0.0000
Epoch [540/800], Loss: 0.0002
Epoch [600/800], Loss: 0.0000
Epoch [660/800], Loss: 0.0000
Epoch [720/800], Loss: 0.0000
Epoch [780/800], Loss: 0.0000
0.6819883584976196
0.6792688965797424
0.6783634424209595
0.6758989095687866
0.6750349402427673
Test Power of C2ST-L:  1.0
Epoch [60/800], Loss: 0.0004
Epoch [120/800], Loss: 0.0001
Epoch [180/800], Loss: 0.0001
Epoch [240/800], Loss: 0.0001
Epoch [300/800], Loss: 0.0027
Epoch [360/800], Loss: 0.0000
Epoch [420/800], Loss: 0.0003
Epoch [480/800], Loss: 0.0001
Epoch [540/800], Loss: 0.0011
Epoch [600/800], Loss: 0.0001
Epoch [660/800], Loss: 0.0001
Epoch [720/800], Loss: 0.0000
Epoch [780/800], Loss: 0.0003
0.6770113706588745
0.6743040680885315
0.6732984781265259
0.671450138092041
0.6703501343727112
Test Power of C2ST-L:  1.0
Epoch [60/800], Loss: 0.0004
Epoch [120/800], Loss: 0.0001
Epoch [180/800], Loss: 0.0001
Epoch [240/800], Loss: 0.0001
Epoch [300/800], Loss: 0.0004
Epoch [360/800], Loss: 0.0001
Epoch [420/800], Loss: 0.0002
Epoch [480/800], Loss: 0.0004
Epoch [540/800], Loss: 0.0000
Epoch [600/800], Loss: 0.0002
Epoch [660/800], Loss: 0.0000
Epoch [720/800], Loss: 0.0001
Epoch [780/800], Loss: 0.0000
0.6873472929000854
0.6842033267021179
0.6831126809120178
0.6809205412864685
0.68025803565979
Test Power of C2ST-L:  1.0
Epoch [60/800], Loss: 0.0006
Epoch [120/800], Loss: 0.0005
Epoch [180/800], Loss: 0.0001
Epoch [240/800], Loss: 0.0001
Epoch [300/800], Loss: 0.0000
Epoch [360/800], Loss: 0.0002
Epoch [420/800], Loss: 0.0000
Epoch [480/800], Loss: 0.0001
Epoch [540/800], Loss: 0.0000
Epoch [600/800], Loss: 0.0001
Epoch [660/800], Loss: 0.0001
Epoch [720/800], Loss: 0.0026
Epoch [780/800], Loss: 0.0002
0.6829174757003784
0.6747999787330627
0.6717690825462341
0.6740813255310059
0.6685062050819397
Test Power of C2ST-L:  1.0
Epoch [60/800], Loss: 0.0006
Epoch [120/800], Loss: 0.0001
Epoch [180/800], Loss: 0.0001
Epoch [240/800], Loss: 0.0001
Epoch [300/800], Loss: 0.0018
Epoch [360/800], Loss: 0.0001
Epoch [420/800], Loss: 0.0000
Epoch [480/800], Loss: 0.0002
Epoch [540/800], Loss: 0.0003
Epoch [600/800], Loss: 0.0001
Epoch [660/800], Loss: 0.0000
Epoch [720/800], Loss: 0.0000
Epoch [780/800], Loss: 0.0000
0.6881463527679443
0.6877264380455017
0.6853647828102112
0.6829606890678406
0.6806736588478088
Test Power of C2ST-L:  1.0
Epoch [60/800], Loss: 0.0004
Epoch [120/800], Loss: 0.0001
Epoch [180/800], Loss: 0.0001
Epoch [240/800], Loss: 0.0001
Epoch [300/800], Loss: 0.0003
Epoch [360/800], Loss: 0.0002
Epoch [420/800], Loss: 0.0000
Epoch [480/800], Loss: 0.0001
Epoch [540/800], Loss: 0.0001
Epoch [600/800], Loss: 0.0001
Epoch [660/800], Loss: 0.0001
Epoch [720/800], Loss: 0.0001
Epoch [780/800], Loss: 0.0004
0.6846545934677124
0.6824875473976135
0.6795069575309753
0.6816462278366089
0.6791781187057495
Test Power of C2ST-L:  0.0
Epoch [60/800], Loss: 0.0004
Epoch [120/800], Loss: 0.0001
Epoch [180/800], Loss: 0.0001
Epoch [240/800], Loss: 0.0000
Epoch [300/800], Loss: 0.0000
Epoch [360/800], Loss: 0.0000
Epoch [420/800], Loss: 0.0000
Epoch [480/800], Loss: 0.0001
Epoch [540/800], Loss: 0.0007
Epoch [600/800], Loss: 0.0000
Epoch [660/800], Loss: 0.0000
Epoch [720/800], Loss: 0.0003
Epoch [780/800], Loss: 0.0011
0.6794354915618896
0.6771164536476135
0.6734307408332825
0.6727977991104126
0.6722764372825623
Test Power of C2ST-L:  1.0
Epoch [60/800], Loss: 0.0022
Epoch [120/800], Loss: 0.0006
Epoch [180/800], Loss: 0.0001
Epoch [240/800], Loss: 0.0000
Epoch [300/800], Loss: 0.0001
Epoch [360/800], Loss: 0.0001
Epoch [420/800], Loss: 0.0001
Epoch [480/800], Loss: 0.0035
Epoch [540/800], Loss: 0.0003
Epoch [600/800], Loss: 0.0001
Epoch [660/800], Loss: 0.0002
Epoch [720/800], Loss: 0.0000
Epoch [780/800], Loss: 0.0000
0.6836020946502686
0.680905282497406
0.6803813576698303
0.6786422729492188
0.677071750164032
Test Power of C2ST-L:  1.0
Epoch [60/800], Loss: 0.0004
Epoch [120/800], Loss: 0.0002
Epoch [180/800], Loss: 0.0001
Epoch [240/800], Loss: 0.0024
Epoch [300/800], Loss: 0.0000
Epoch [360/800], Loss: 0.0000
Epoch [420/800], Loss: 0.0000
Epoch [480/800], Loss: 0.0000
Epoch [540/800], Loss: 0.0000
Epoch [600/800], Loss: 0.0000
Epoch [660/800], Loss: 0.0002
Epoch [720/800], Loss: 0.0003
Epoch [780/800], Loss: 0.0001
0.6857317090034485
0.6830364465713501
0.6820759773254395
0.6805853843688965
0.6802697777748108
Test Power of C2ST-L:  0.0
Epoch [60/800], Loss: 0.0015
Epoch [120/800], Loss: 0.0004
Epoch [180/800], Loss: 0.0004
Epoch [240/800], Loss: 0.0003
Epoch [300/800], Loss: 0.0000
Epoch [360/800], Loss: 0.0000
Epoch [420/800], Loss: 0.0000
Epoch [480/800], Loss: 0.0000
Epoch [540/800], Loss: 0.0001
Epoch [600/800], Loss: 0.0002
Epoch [660/800], Loss: 0.0000
Epoch [720/800], Loss: 0.0000
Epoch [780/800], Loss: 0.0001
0.6858773231506348
0.6809790134429932
0.6778011322021484
0.6765642762184143
0.6745321750640869
Test Power of C2ST-L:  1.0
Epoch [60/800], Loss: 0.0004
Epoch [120/800], Loss: 0.0007
Epoch [180/800], Loss: 0.0001
Epoch [240/800], Loss: 0.0000
Epoch [300/800], Loss: 0.0001
Epoch [360/800], Loss: 0.0000
Epoch [420/800], Loss: 0.0000
Epoch [480/800], Loss: 0.0000
Epoch [540/800], Loss: 0.0001
Epoch [600/800], Loss: 0.0000
Epoch [660/800], Loss: 0.0005
Epoch [720/800], Loss: 0.0000
Epoch [780/800], Loss: 0.0002
0.6854795217514038
0.6796956062316895
0.6761842370033264
0.6769121289253235
0.6739223003387451
Test Power of C2ST-L:  0.0
Epoch [60/800], Loss: 0.0005
Epoch [120/800], Loss: 0.0001
Epoch [180/800], Loss: 0.0001
Epoch [240/800], Loss: 0.0000
Epoch [300/800], Loss: 0.0000
Epoch [360/800], Loss: 0.0000
Epoch [420/800], Loss: 0.0001
Epoch [480/800], Loss: 0.0001
Epoch [540/800], Loss: 0.0000
Epoch [600/800], Loss: 0.0000
Epoch [660/800], Loss: 0.0000
Epoch [720/800], Loss: 0.0000
Epoch [780/800], Loss: 0.0001
0.6891834139823914
0.6882197260856628
0.6870976686477661
0.6834969520568848
0.6805208325386047
Test Power of C2ST-L:  1.0
Epoch [60/800], Loss: 0.0004
Epoch [120/800], Loss: 0.0003
Epoch [180/800], Loss: 0.0001
Epoch [240/800], Loss: 0.0000
Epoch [300/800], Loss: 0.0001
Epoch [360/800], Loss: 0.0000
Epoch [420/800], Loss: 0.0000
Epoch [480/800], Loss: 0.0000
Epoch [540/800], Loss: 0.0000
Epoch [600/800], Loss: 0.0002
Epoch [660/800], Loss: 0.0005
Epoch [720/800], Loss: 0.0001
Epoch [780/800], Loss: 0.0001
0.6871190667152405
0.681563675403595
0.6769241094589233
0.6779488921165466
0.6759394407272339
Test Power of C2ST-L:  1.0
Epoch [60/800], Loss: 0.0005
Epoch [120/800], Loss: 0.0001
Epoch [180/800], Loss: 0.0001
Epoch [240/800], Loss: 0.0000
Epoch [300/800], Loss: 0.0002
Epoch [360/800], Loss: 0.0002
Epoch [420/800], Loss: 0.0009
Epoch [480/800], Loss: 0.0000
Epoch [540/800], Loss: 0.0001
Epoch [600/800], Loss: 0.0006
Epoch [660/800], Loss: 0.0005
Epoch [720/800], Loss: 0.0001
Epoch [780/800], Loss: 0.0000
0.6863764524459839
0.6837170124053955
0.6828879117965698
0.6823896765708923
0.6819003224372864
Test Power of C2ST-L:  0.0
Epoch [60/800], Loss: 0.0003
Epoch [120/800], Loss: 0.0001
Epoch [180/800], Loss: 0.0001
Epoch [240/800], Loss: 0.0000
Epoch [300/800], Loss: 0.0014
Epoch [360/800], Loss: 0.0000
Epoch [420/800], Loss: 0.0000
Epoch [480/800], Loss: 0.0000
Epoch [540/800], Loss: 0.0000
Epoch [600/800], Loss: 0.0009
Epoch [660/800], Loss: 0.0000
Epoch [720/800], Loss: 0.0000
Epoch [780/800], Loss: 0.0001
0.6856783032417297
0.6828059554100037
0.6820157766342163
0.681130588054657
0.6801276803016663
Test Power of C2ST-L:  1.0
Epoch [60/800], Loss: 0.0003
Epoch [120/800], Loss: 0.0002
Epoch [180/800], Loss: 0.0001
Epoch [240/800], Loss: 0.0007
Epoch [300/800], Loss: 0.0009
Epoch [360/800], Loss: 0.0000
Epoch [420/800], Loss: 0.0000
Epoch [480/800], Loss: 0.0000
Epoch [540/800], Loss: 0.0000
Epoch [600/800], Loss: 0.0006
Epoch [660/800], Loss: 0.0005
Epoch [720/800], Loss: 0.0000
Epoch [780/800], Loss: 0.0000
0.6795809864997864
0.6736733913421631
0.6730349063873291
0.6708911061286926
0.6704822182655334
Test Power of C2ST-L:  1.0
Epoch [60/800], Loss: 0.0008
Epoch [120/800], Loss: 0.0005
Epoch [180/800], Loss: 0.0000
Epoch [240/800], Loss: 0.0001
Epoch [300/800], Loss: 0.0000
Epoch [360/800], Loss: 0.0000
Epoch [420/800], Loss: 0.0000
Epoch [480/800], Loss: 0.0000
Epoch [540/800], Loss: 0.0000
Epoch [600/800], Loss: 0.0000
Epoch [660/800], Loss: 0.0001
Epoch [720/800], Loss: 0.0000
Epoch [780/800], Loss: 0.0002
0.680621862411499
0.6734234690666199
0.6688055992126465
0.6700149774551392
0.6669139266014099
Test Power of C2ST-L:  1.0
Epoch [60/800], Loss: 0.0012
Epoch [120/800], Loss: 0.0001
Epoch [180/800], Loss: 0.0014
Epoch [240/800], Loss: 0.0000
Epoch [300/800], Loss: 0.0000
Epoch [360/800], Loss: 0.0000
Epoch [420/800], Loss: 0.0001
Epoch [480/800], Loss: 0.0000
Epoch [540/800], Loss: 0.0000
Epoch [600/800], Loss: 0.0000
Epoch [660/800], Loss: 0.0000
Epoch [720/800], Loss: 0.0000
Epoch [780/800], Loss: 0.0000
0.6812528967857361
0.6744273900985718
0.6726081371307373
0.6734941005706787
0.6716244220733643
Test Power of C2ST-L:  1.0
Epoch [60/800], Loss: 0.0003
Epoch [120/800], Loss: 0.0001
Epoch [180/800], Loss: 0.0004
Epoch [240/800], Loss: 0.0005
Epoch [300/800], Loss: 0.0001
Epoch [360/800], Loss: 0.0005
Epoch [420/800], Loss: 0.0000
Epoch [480/800], Loss: 0.0000
Epoch [540/800], Loss: 0.0000
Epoch [600/800], Loss: 0.0001
Epoch [660/800], Loss: 0.0003
Epoch [720/800], Loss: 0.0000
Epoch [780/800], Loss: 0.0001
0.6799980401992798
0.6732532382011414
0.6702934503555298
0.6712814569473267
0.6682238578796387
Test Power of C2ST-L:  1.0
Epoch [60/800], Loss: 0.0012
Epoch [120/800], Loss: 0.0006
Epoch [180/800], Loss: 0.0001
Epoch [240/800], Loss: 0.0001
Epoch [300/800], Loss: 0.0001
Epoch [360/800], Loss: 0.0000
Epoch [420/800], Loss: 0.0010
Epoch [480/800], Loss: 0.0000
Epoch [540/800], Loss: 0.0000
Epoch [600/800], Loss: 0.0000
Epoch [660/800], Loss: 0.0000
Epoch [720/800], Loss: 0.0000
Epoch [780/800], Loss: 0.0000
0.6860677003860474
0.683173418045044
0.6829469799995422
0.6817670464515686
0.6817672252655029
Test Power of C2ST-L:  0.0
Epoch [60/800], Loss: 0.0004
Epoch [120/800], Loss: 0.0001
Epoch [180/800], Loss: 0.0001
Epoch [240/800], Loss: 0.0000
Epoch [300/800], Loss: 0.0000
Epoch [360/800], Loss: 0.0002
Epoch [420/800], Loss: 0.0000
Epoch [480/800], Loss: 0.0000
Epoch [540/800], Loss: 0.0000
Epoch [600/800], Loss: 0.0000
Epoch [660/800], Loss: 0.0000
Epoch [720/800], Loss: 0.0000
Epoch [780/800], Loss: 0.0000
0.6827439665794373
0.6786274313926697
0.6785652041435242
0.6769294142723083
0.6766127347946167
Test Power of C2ST-L:  0.0
Epoch [60/800], Loss: 0.0008
Epoch [120/800], Loss: 0.0001
Epoch [180/800], Loss: 0.0001
Epoch [240/800], Loss: 0.0001
Epoch [300/800], Loss: 0.0000
Epoch [360/800], Loss: 0.0001
Epoch [420/800], Loss: 0.0002
Epoch [480/800], Loss: 0.0000
Epoch [540/800], Loss: 0.0000
Epoch [600/800], Loss: 0.0000
Epoch [660/800], Loss: 0.0000
Epoch [720/800], Loss: 0.0000
Epoch [780/800], Loss: 0.0000
0.6804028749465942
0.6795200109481812
0.6786419153213501
0.6779565215110779
0.6773819923400879
Test Power of C2ST-L:  0.0
Epoch [60/800], Loss: 0.0006
Epoch [120/800], Loss: 0.0001
Epoch [180/800], Loss: 0.0004
Epoch [240/800], Loss: 0.0007
Epoch [300/800], Loss: 0.0002
Epoch [360/800], Loss: 0.0000
Epoch [420/800], Loss: 0.0000
Epoch [480/800], Loss: 0.0000
Epoch [540/800], Loss: 0.0001
Epoch [600/800], Loss: 0.0001
Epoch [660/800], Loss: 0.0000
Epoch [720/800], Loss: 0.0000
Epoch [780/800], Loss: 0.0002
0.679461658000946
0.676156222820282
0.6759544610977173
0.6749934554100037
0.6722524166107178
Test Power of C2ST-L:  1.0
Epoch [60/800], Loss: 0.0004
Epoch [120/800], Loss: 0.0013
Epoch [180/800], Loss: 0.0003
Epoch [240/800], Loss: 0.0001
Epoch [300/800], Loss: 0.0001
Epoch [360/800], Loss: 0.0000
Epoch [420/800], Loss: 0.0000
Epoch [480/800], Loss: 0.0000
Epoch [540/800], Loss: 0.0000
Epoch [600/800], Loss: 0.0000
Epoch [660/800], Loss: 0.0001
Epoch [720/800], Loss: 0.0001
Epoch [780/800], Loss: 0.0001
0.6870363354682922
0.683392345905304
0.6831645369529724
0.6823551654815674
0.6809653639793396
Test Power of C2ST-L:  0.0
Epoch [60/800], Loss: 0.0014
Epoch [120/800], Loss: 0.0001
Epoch [180/800], Loss: 0.0001
Epoch [240/800], Loss: 0.0003
Epoch [300/800], Loss: 0.0014
Epoch [360/800], Loss: 0.0000
Epoch [420/800], Loss: 0.0000
Epoch [480/800], Loss: 0.0000
Epoch [540/800], Loss: 0.0000
Epoch [600/800], Loss: 0.0000
Epoch [660/800], Loss: 0.0000
Epoch [720/800], Loss: 0.0000
Epoch [780/800], Loss: 0.0007
0.6856734752655029
0.6812053918838501
0.6788768172264099
0.6790633797645569
0.6771585941314697
Test Power of C2ST-L:  1.0
Epoch [60/800], Loss: 0.0011
Epoch [120/800], Loss: 0.0004
Epoch [180/800], Loss: 0.0002
Epoch [240/800], Loss: 0.0001
Epoch [300/800], Loss: 0.0000
Epoch [360/800], Loss: 0.0000
Epoch [420/800], Loss: 0.0000
Epoch [480/800], Loss: 0.0002
Epoch [540/800], Loss: 0.0000
Epoch [600/800], Loss: 0.0000
Epoch [660/800], Loss: 0.0001
Epoch [720/800], Loss: 0.0000
Epoch [780/800], Loss: 0.0003
0.6831842064857483
0.6804936528205872
0.6782597303390503
0.677377462387085
0.6731095910072327
Test Power of C2ST-L:  1.0
Epoch [60/800], Loss: 0.0004
Epoch [120/800], Loss: 0.0001
Epoch [180/800], Loss: 0.0001
Epoch [240/800], Loss: 0.0000
Epoch [300/800], Loss: 0.0000
Epoch [360/800], Loss: 0.0008
Epoch [420/800], Loss: 0.0000
Epoch [480/800], Loss: 0.0000
Epoch [540/800], Loss: 0.0000
Epoch [600/800], Loss: 0.0001
Epoch [660/800], Loss: 0.0001
Epoch [720/800], Loss: 0.0001
Epoch [780/800], Loss: 0.0003
0.6864298582077026
0.6820958256721497
0.674275279045105
0.6744775772094727
0.6717405915260315
Test Power of C2ST-L:  1.0
Epoch [60/800], Loss: 0.0024
Epoch [120/800], Loss: 0.0003
Epoch [180/800], Loss: 0.0024
Epoch [240/800], Loss: 0.0000
Epoch [300/800], Loss: 0.0001
Epoch [360/800], Loss: 0.0000
Epoch [420/800], Loss: 0.0000
Epoch [480/800], Loss: 0.0000
Epoch [540/800], Loss: 0.0000
Epoch [600/800], Loss: 0.0000
Epoch [660/800], Loss: 0.0005
Epoch [720/800], Loss: 0.0000
Epoch [780/800], Loss: 0.0000
0.6856846213340759
0.6787146925926208
0.6765919923782349
0.6769509315490723
0.6748130917549133
Test Power of C2ST-L:  1.0
Epoch [60/800], Loss: 0.0015
Epoch [120/800], Loss: 0.0002
Epoch [180/800], Loss: 0.0002
Epoch [240/800], Loss: 0.0001
Epoch [300/800], Loss: 0.0000
Epoch [360/800], Loss: 0.0000
Epoch [420/800], Loss: 0.0001
Epoch [480/800], Loss: 0.0005
Epoch [540/800], Loss: 0.0000
Epoch [600/800], Loss: 0.0000
Epoch [660/800], Loss: 0.0000
Epoch [720/800], Loss: 0.0000
Epoch [780/800], Loss: 0.0000
0.6871841549873352
0.683221697807312
0.6774328351020813
0.6794637441635132
0.6760060787200928
Test Power of C2ST-L:  1.0
Epoch [60/800], Loss: 0.0004
Epoch [120/800], Loss: 0.0001
Epoch [180/800], Loss: 0.0001
Epoch [240/800], Loss: 0.0001
Epoch [300/800], Loss: 0.0000
Epoch [360/800], Loss: 0.0000
Epoch [420/800], Loss: 0.0000
Epoch [480/800], Loss: 0.0001
Epoch [540/800], Loss: 0.0001
Epoch [600/800], Loss: 0.0000
Epoch [660/800], Loss: 0.0000
Epoch [720/800], Loss: 0.0007
Epoch [780/800], Loss: 0.0017
0.6844708323478699
0.678386926651001
0.6773253083229065
0.6758177280426025
0.6746927499771118
Test Power of C2ST-L:  1.0
Epoch [60/800], Loss: 0.0005
Epoch [120/800], Loss: 0.0002
Epoch [180/800], Loss: 0.0001
Epoch [240/800], Loss: 0.0000
Epoch [300/800], Loss: 0.0000
Epoch [360/800], Loss: 0.0000
Epoch [420/800], Loss: 0.0000
Epoch [480/800], Loss: 0.0000
Epoch [540/800], Loss: 0.0000
Epoch [600/800], Loss: 0.0000
Epoch [660/800], Loss: 0.0000
Epoch [720/800], Loss: 0.0000
Epoch [780/800], Loss: 0.0003
0.6893548369407654
0.6860408782958984
0.6853774189949036
0.6849105358123779
0.684231698513031
Test Power of C2ST-L:  1.0
Epoch [60/800], Loss: 0.0008
Epoch [120/800], Loss: 0.0002
Epoch [180/800], Loss: 0.0008
Epoch [240/800], Loss: 0.0001
Epoch [300/800], Loss: 0.0000
Epoch [360/800], Loss: 0.0001
Epoch [420/800], Loss: 0.0000
Epoch [480/800], Loss: 0.0000
Epoch [540/800], Loss: 0.0009
Epoch [600/800], Loss: 0.0000
Epoch [660/800], Loss: 0.0001
Epoch [720/800], Loss: 0.0000
Epoch [780/800], Loss: 0.0000
0.6864281892776489
0.6838464736938477
0.6832130551338196
0.6819995045661926
0.6808640360832214
Test Power of C2ST-L:  1.0
Epoch [60/800], Loss: 0.0004
Epoch [120/800], Loss: 0.0105
Epoch [180/800], Loss: 0.0001
Epoch [240/800], Loss: 0.0029
Epoch [300/800], Loss: 0.0000
Epoch [360/800], Loss: 0.0002
Epoch [420/800], Loss: 0.0000
Epoch [480/800], Loss: 0.0000
Epoch [540/800], Loss: 0.0000
Epoch [600/800], Loss: 0.0001
Epoch [660/800], Loss: 0.0011
Epoch [720/800], Loss: 0.0000
Epoch [780/800], Loss: 0.0000
0.6846358776092529
0.6824235916137695
0.6802996397018433
0.6813082098960876
0.6784923672676086
Test Power of C2ST-L:  0.0
Epoch [60/800], Loss: 0.0006
Epoch [120/800], Loss: 0.0001
Epoch [180/800], Loss: 0.0001
Epoch [240/800], Loss: 0.0000
Epoch [300/800], Loss: 0.0001
Epoch [360/800], Loss: 0.0000
Epoch [420/800], Loss: 0.0000
Epoch [480/800], Loss: 0.0000
Epoch [540/800], Loss: 0.0001
Epoch [600/800], Loss: 0.0000
Epoch [660/800], Loss: 0.0000
Epoch [720/800], Loss: 0.0000
Epoch [780/800], Loss: 0.0001
0.6822155714035034
0.6791684627532959
0.6793090105056763
0.6780709624290466
0.6778067350387573
Test Power of C2ST-L:  1.0
Epoch [60/800], Loss: 0.0004
Epoch [120/800], Loss: 0.0002
Epoch [180/800], Loss: 0.0003
Epoch [240/800], Loss: 0.0000
Epoch [300/800], Loss: 0.0013
Epoch [360/800], Loss: 0.0003
Epoch [420/800], Loss: 0.0001
Epoch [480/800], Loss: 0.0000
Epoch [540/800], Loss: 0.0000
Epoch [600/800], Loss: 0.0002
Epoch [660/800], Loss: 0.0000
Epoch [720/800], Loss: 0.0000
Epoch [780/800], Loss: 0.0006
0.6852254867553711
0.6789553165435791
0.6755290627479553
0.6762217283248901
0.6740964651107788
Test Power of C2ST-L:  1.0
Epoch [60/800], Loss: 0.0005
Epoch [120/800], Loss: 0.0001
Epoch [180/800], Loss: 0.0000
Epoch [240/800], Loss: 0.0001
Epoch [300/800], Loss: 0.0001
Epoch [360/800], Loss: 0.0034
Epoch [420/800], Loss: 0.0003
Epoch [480/800], Loss: 0.0000
Epoch [540/800], Loss: 0.0000
Epoch [600/800], Loss: 0.0000
Epoch [660/800], Loss: 0.0000
Epoch [720/800], Loss: 0.0003
Epoch [780/800], Loss: 0.0026
0.6882962584495544
0.6851711869239807
0.6846433877944946
0.6839750409126282
0.6827036738395691
Test Power of C2ST-L:  1.0
Epoch [60/800], Loss: 0.0009
Epoch [120/800], Loss: 0.0001
Epoch [180/800], Loss: 0.0001
Epoch [240/800], Loss: 0.0000
Epoch [300/800], Loss: 0.0000
Epoch [360/800], Loss: 0.0000
Epoch [420/800], Loss: 0.0010
Epoch [480/800], Loss: 0.0000
Epoch [540/800], Loss: 0.0000
Epoch [600/800], Loss: 0.0000
Epoch [660/800], Loss: 0.0000
Epoch [720/800], Loss: 0.0000
Epoch [780/800], Loss: 0.0001
0.6874285936355591
0.6844943761825562
0.6827259659767151
0.6824403405189514
0.6799359321594238
Test Power of C2ST-L:  0.0
Epoch [60/800], Loss: 0.0004
Epoch [120/800], Loss: 0.0001
Epoch [180/800], Loss: 0.0006
Epoch [240/800], Loss: 0.0001
Epoch [300/800], Loss: 0.0000
Epoch [360/800], Loss: 0.0021
Epoch [420/800], Loss: 0.0000
Epoch [480/800], Loss: 0.0000
Epoch [540/800], Loss: 0.0000
Epoch [600/800], Loss: 0.0000
Epoch [660/800], Loss: 0.0000
Epoch [720/800], Loss: 0.0000
Epoch [780/800], Loss: 0.0001
0.6851546764373779
0.6795483827590942
0.6776140332221985
0.6763044595718384
0.6746658086776733
Test Power of C2ST-L:  1.0
Epoch [60/800], Loss: 0.0004
Epoch [120/800], Loss: 0.0001
Epoch [180/800], Loss: 0.0001
Epoch [240/800], Loss: 0.0000
Epoch [300/800], Loss: 0.0001
Epoch [360/800], Loss: 0.0002
Epoch [420/800], Loss: 0.0001
Epoch [480/800], Loss: 0.0000
Epoch [540/800], Loss: 0.0000
Epoch [600/800], Loss: 0.0001
Epoch [660/800], Loss: 0.0000
Epoch [720/800], Loss: 0.0000
Epoch [780/800], Loss: 0.0000
0.6846107840538025
0.6818759441375732
0.6817020773887634
0.6799467206001282
0.6785213947296143
Test Power of C2ST-L:  1.0
Epoch [60/800], Loss: 0.0004
Epoch [120/800], Loss: 0.0001
Epoch [180/800], Loss: 0.0001
Epoch [240/800], Loss: 0.0000
Epoch [300/800], Loss: 0.0000
Epoch [360/800], Loss: 0.0000
Epoch [420/800], Loss: 0.0000
Epoch [480/800], Loss: 0.0000
Epoch [540/800], Loss: 0.0002
Epoch [600/800], Loss: 0.0000
Epoch [660/800], Loss: 0.0000
Epoch [720/800], Loss: 0.0000
Epoch [780/800], Loss: 0.0000
0.6840878129005432
0.6819009780883789
0.6820951700210571
0.6809215545654297
0.680026113986969
Test Power of C2ST-L:  1.0
Epoch [60/800], Loss: 0.0004
Epoch [120/800], Loss: 0.0001
Epoch [180/800], Loss: 0.0002
Epoch [240/800], Loss: 0.0001
Epoch [300/800], Loss: 0.0001
Epoch [360/800], Loss: 0.0000
Epoch [420/800], Loss: 0.0005
Epoch [480/800], Loss: 0.0001
Epoch [540/800], Loss: 0.0001
Epoch [600/800], Loss: 0.0000
Epoch [660/800], Loss: 0.0000
Epoch [720/800], Loss: 0.0000
Epoch [780/800], Loss: 0.0001
0.6827989220619202
0.6803510189056396
0.6773975491523743
0.6765058040618896
0.6736144423484802
Test Power of C2ST-L:  1.0
Epoch [60/800], Loss: 0.0002
Epoch [120/800], Loss: 0.0011
Epoch [180/800], Loss: 0.0018
Epoch [240/800], Loss: 0.0000
Epoch [300/800], Loss: 0.0001
Epoch [360/800], Loss: 0.0000
Epoch [420/800], Loss: 0.0002
Epoch [480/800], Loss: 0.0000
Epoch [540/800], Loss: 0.0000
Epoch [600/800], Loss: 0.0005
Epoch [660/800], Loss: 0.0000
Epoch [720/800], Loss: 0.0004
Epoch [780/800], Loss: 0.0001
0.6805239915847778
0.6764611601829529
0.6747156977653503
0.67160564661026
0.6708937883377075
Test Power of C2ST-L:  1.0
Epoch [60/800], Loss: 0.0005
Epoch [120/800], Loss: 0.0001
Epoch [180/800], Loss: 0.0001
Epoch [240/800], Loss: 0.0002
Epoch [300/800], Loss: 0.0028
Epoch [360/800], Loss: 0.0000
Epoch [420/800], Loss: 0.0000
Epoch [480/800], Loss: 0.0002
Epoch [540/800], Loss: 0.0000
Epoch [600/800], Loss: 0.0000
Epoch [660/800], Loss: 0.0000
Epoch [720/800], Loss: 0.0001
Epoch [780/800], Loss: 0.0000
0.6855288743972778
0.6828616261482239
0.6825597882270813
0.6814473271369934
0.6809644103050232
Test Power of C2ST-L:  1.0
Epoch [60/800], Loss: 0.0004
Epoch [120/800], Loss: 0.0001
Epoch [180/800], Loss: 0.0005
Epoch [240/800], Loss: 0.0002
Epoch [300/800], Loss: 0.0000
Epoch [360/800], Loss: 0.0001
Epoch [420/800], Loss: 0.0000
Epoch [480/800], Loss: 0.0000
Epoch [540/800], Loss: 0.0000
Epoch [600/800], Loss: 0.0000
Epoch [660/800], Loss: 0.0000
Epoch [720/800], Loss: 0.0000
Epoch [780/800], Loss: 0.0000
0.6878210306167603
0.6849431991577148
0.6845023036003113
0.683427631855011
0.6816537380218506
Test Power of C2ST-L:  1.0
Epoch [60/800], Loss: 0.0004
Epoch [120/800], Loss: 0.0002
Epoch [180/800], Loss: 0.0001
Epoch [240/800], Loss: 0.0000
Epoch [300/800], Loss: 0.0000
Epoch [360/800], Loss: 0.0000
Epoch [420/800], Loss: 0.0000
Epoch [480/800], Loss: 0.0000
Epoch [540/800], Loss: 0.0003
Epoch [600/800], Loss: 0.0000
Epoch [660/800], Loss: 0.0001
Epoch [720/800], Loss: 0.0000
Epoch [780/800], Loss: 0.0001
0.6852570176124573
0.680492639541626
0.678735613822937
0.6787719130516052
0.6758642196655273
Test Power of C2ST-L:  1.0
Epoch [60/800], Loss: 0.0004
Epoch [120/800], Loss: 0.0006
Epoch [180/800], Loss: 0.0001
Epoch [240/800], Loss: 0.0015
Epoch [300/800], Loss: 0.0000
Epoch [360/800], Loss: 0.0000
Epoch [420/800], Loss: 0.0000
Epoch [480/800], Loss: 0.0001
Epoch [540/800], Loss: 0.0001
Epoch [600/800], Loss: 0.0000
Epoch [660/800], Loss: 0.0000
Epoch [720/800], Loss: 0.0001
Epoch [780/800], Loss: 0.0005
0.6842706799507141
0.6803006529808044
0.6801138520240784
0.6792098879814148
0.6784566640853882
Test Power of C2ST-L:  1.0
Epoch [60/800], Loss: 0.0005
Epoch [120/800], Loss: 0.0012
Epoch [180/800], Loss: 0.0001
Epoch [240/800], Loss: 0.0000
Epoch [300/800], Loss: 0.0000
Epoch [360/800], Loss: 0.0000
Epoch [420/800], Loss: 0.0000
Epoch [480/800], Loss: 0.0000
Epoch [540/800], Loss: 0.0000
Epoch [600/800], Loss: 0.0001
Epoch [660/800], Loss: 0.0000
Epoch [720/800], Loss: 0.0000
Epoch [780/800], Loss: 0.0000
0.6836774349212646
0.6799763441085815
0.6766914129257202
0.6775714159011841
0.6755727529525757
Test Power of C2ST-L:  1.0
Epoch [60/800], Loss: 0.0004
Epoch [120/800], Loss: 0.0002
Epoch [180/800], Loss: 0.0001
Epoch [240/800], Loss: 0.0000
Epoch [300/800], Loss: 0.0005
Epoch [360/800], Loss: 0.0000
Epoch [420/800], Loss: 0.0000
Epoch [480/800], Loss: 0.0000
Epoch [540/800], Loss: 0.0002
Epoch [600/800], Loss: 0.0000
Epoch [660/800], Loss: 0.0001
Epoch [720/800], Loss: 0.0000
Epoch [780/800], Loss: 0.0000
0.687396228313446
0.6852755546569824
0.6838911175727844
0.6822124719619751
0.6796455979347229
Test Power of C2ST-L:  1.0
Epoch [60/800], Loss: 0.0006
Epoch [120/800], Loss: 0.0002
Epoch [180/800], Loss: 0.0000
Epoch [240/800], Loss: 0.0000
Epoch [300/800], Loss: 0.0000
Epoch [360/800], Loss: 0.0000
Epoch [420/800], Loss: 0.0000
Epoch [480/800], Loss: 0.0000
Epoch [540/800], Loss: 0.0001
Epoch [600/800], Loss: 0.0000
Epoch [660/800], Loss: 0.0008
Epoch [720/800], Loss: 0.0003
Epoch [780/800], Loss: 0.0001
0.6798951029777527
0.6763259172439575
0.6741326451301575
0.6730665564537048
0.6713165044784546
Test Power of C2ST-L:  0.0
Epoch [60/800], Loss: 0.0004
Epoch [120/800], Loss: 0.0001
Epoch [180/800], Loss: 0.0001
Epoch [240/800], Loss: 0.0001
Epoch [300/800], Loss: 0.0000
Epoch [360/800], Loss: 0.0000
Epoch [420/800], Loss: 0.0000
Epoch [480/800], Loss: 0.0007
Epoch [540/800], Loss: 0.0000
Epoch [600/800], Loss: 0.0000
Epoch [660/800], Loss: 0.0000
Epoch [720/800], Loss: 0.0001
Epoch [780/800], Loss: 0.0001
0.6902135014533997
0.6891869902610779
0.6878653168678284
0.6869935989379883
0.6868751645088196
Test Power of C2ST-L:  1.0
Epoch [60/800], Loss: 0.0006
Epoch [120/800], Loss: 0.0003
Epoch [180/800], Loss: 0.0002
Epoch [240/800], Loss: 0.0000
Epoch [300/800], Loss: 0.0000
Epoch [360/800], Loss: 0.0003
Epoch [420/800], Loss: 0.0000
Epoch [480/800], Loss: 0.0000
Epoch [540/800], Loss: 0.0001
Epoch [600/800], Loss: 0.0000
Epoch [660/800], Loss: 0.0004
Epoch [720/800], Loss: 0.0000
Epoch [780/800], Loss: 0.0001
0.685160219669342
0.6822193264961243
0.6804645657539368
0.6790981888771057
0.6787152290344238
Test Power of C2ST-L:  1.0
Epoch [60/800], Loss: 0.0013
Epoch [120/800], Loss: 0.0001
Epoch [180/800], Loss: 0.0002
Epoch [240/800], Loss: 0.0002
Epoch [300/800], Loss: 0.0034
Epoch [360/800], Loss: 0.0001
Epoch [420/800], Loss: 0.0002
Epoch [480/800], Loss: 0.0000
Epoch [540/800], Loss: 0.0000
Epoch [600/800], Loss: 0.0000
Epoch [660/800], Loss: 0.0003
Epoch [720/800], Loss: 0.0003
Epoch [780/800], Loss: 0.0000
0.6896986961364746
0.6849807500839233
0.6823613047599792
0.6834536790847778
0.6808659434318542
Test Power of C2ST-L:  1.0
Epoch [60/800], Loss: 0.0004
Epoch [120/800], Loss: 0.0021
Epoch [180/800], Loss: 0.0001
Epoch [240/800], Loss: 0.0000
Epoch [300/800], Loss: 0.0000
Epoch [360/800], Loss: 0.0000
Epoch [420/800], Loss: 0.0000
Epoch [480/800], Loss: 0.0000
Epoch [540/800], Loss: 0.0000
Epoch [600/800], Loss: 0.0000
Epoch [660/800], Loss: 0.0000
Epoch [720/800], Loss: 0.0000
Epoch [780/800], Loss: 0.0001
0.6803661584854126
0.6773036122322083
0.6733320355415344
0.6751168370246887
0.6724972724914551
Test Power of C2ST-L:  1.0
Epoch [60/800], Loss: 0.0004
Epoch [120/800], Loss: 0.0005
Epoch [180/800], Loss: 0.0010
Epoch [240/800], Loss: 0.0001
Epoch [300/800], Loss: 0.0001
Epoch [360/800], Loss: 0.0000
Epoch [420/800], Loss: 0.0000
Epoch [480/800], Loss: 0.0001
Epoch [540/800], Loss: 0.0000
Epoch [600/800], Loss: 0.0002
Epoch [660/800], Loss: 0.0001
Epoch [720/800], Loss: 0.0000
Epoch [780/800], Loss: 0.0000
0.686703622341156
0.6771318316459656
0.6746118068695068
0.6760568022727966
0.6738966107368469
Test Power of C2ST-L:  1.0
Epoch [60/800], Loss: 0.0005
Epoch [120/800], Loss: 0.0002
Epoch [180/800], Loss: 0.0001
Epoch [240/800], Loss: 0.0001
Epoch [300/800], Loss: 0.0000
Epoch [360/800], Loss: 0.0000
Epoch [420/800], Loss: 0.0000
Epoch [480/800], Loss: 0.0000
Epoch [540/800], Loss: 0.0000
Epoch [600/800], Loss: 0.0001
Epoch [660/800], Loss: 0.0001
Epoch [720/800], Loss: 0.0001
Epoch [780/800], Loss: 0.0000
0.6854304671287537
0.6806492209434509
0.6769716739654541
0.6792246699333191
0.6756348013877869
Test Power of C2ST-L:  1.0
Epoch [60/800], Loss: 0.0004
Epoch [120/800], Loss: 0.0001
Epoch [180/800], Loss: 0.0004
Epoch [240/800], Loss: 0.0002
Epoch [300/800], Loss: 0.0000
Epoch [360/800], Loss: 0.0000
Epoch [420/800], Loss: 0.0001
Epoch [480/800], Loss: 0.0000
Epoch [540/800], Loss: 0.0000
Epoch [600/800], Loss: 0.0001
Epoch [660/800], Loss: 0.0000
Epoch [720/800], Loss: 0.0000
Epoch [780/800], Loss: 0.0000
0.6840676665306091
0.681348979473114
0.6805029511451721
0.6788458228111267
0.6789276599884033
Test Power of C2ST-L:  1.0
Epoch [60/800], Loss: 0.0003
Epoch [120/800], Loss: 0.0003
Epoch [180/800], Loss: 0.0011
Epoch [240/800], Loss: 0.0000
Epoch [300/800], Loss: 0.0002
Epoch [360/800], Loss: 0.0000
Epoch [420/800], Loss: 0.0000
Epoch [480/800], Loss: 0.0000
Epoch [540/800], Loss: 0.0000
Epoch [600/800], Loss: 0.0001
Epoch [660/800], Loss: 0.0001
Epoch [720/800], Loss: 0.0002
Epoch [780/800], Loss: 0.0000
0.6825872659683228
0.6809638738632202
0.6808325052261353
0.6787161827087402
0.6766181588172913
Test Power of C2ST-L:  0.0
Epoch [60/800], Loss: 0.0021
Epoch [120/800], Loss: 0.0001
Epoch [180/800], Loss: 0.0002
Epoch [240/800], Loss: 0.0003
Epoch [300/800], Loss: 0.0003
Epoch [360/800], Loss: 0.0000
Epoch [420/800], Loss: 0.0000
Epoch [480/800], Loss: 0.0000
Epoch [540/800], Loss: 0.0000
Epoch [600/800], Loss: 0.0000
Epoch [660/800], Loss: 0.0000
Epoch [720/800], Loss: 0.0002
Epoch [780/800], Loss: 0.0001
0.6867928504943848
0.6805222034454346
0.6799722909927368
0.6780276298522949
0.6775875091552734
Test Power of C2ST-L:  1.0
Epoch [60/800], Loss: 0.0004
Epoch [120/800], Loss: 0.0012
Epoch [180/800], Loss: 0.0004
Epoch [240/800], Loss: 0.0035
Epoch [300/800], Loss: 0.0000
Epoch [360/800], Loss: 0.0000
Epoch [420/800], Loss: 0.0000
Epoch [480/800], Loss: 0.0000
Epoch [540/800], Loss: 0.0000
Epoch [600/800], Loss: 0.0000
Epoch [660/800], Loss: 0.0013
Epoch [720/800], Loss: 0.0000
Epoch [780/800], Loss: 0.0000
0.6766608953475952
0.6745057702064514
0.6724498867988586
0.6711835861206055
0.6703287959098816
Test Power of C2ST-L:  1.0
Epoch [60/800], Loss: 0.0019
Epoch [120/800], Loss: 0.0007
Epoch [180/800], Loss: 0.0015
Epoch [240/800], Loss: 0.0000
Epoch [300/800], Loss: 0.0000
Epoch [360/800], Loss: 0.0000
Epoch [420/800], Loss: 0.0000
Epoch [480/800], Loss: 0.0000
Epoch [540/800], Loss: 0.0000
Epoch [600/800], Loss: 0.0000
Epoch [660/800], Loss: 0.0002
Epoch [720/800], Loss: 0.0000
Epoch [780/800], Loss: 0.0000
0.682110071182251
0.6801567673683167
0.6763012409210205
0.677021861076355
0.6749719381332397
Test Power of C2ST-L:  1.0
Epoch [60/800], Loss: 0.0003
Epoch [120/800], Loss: 0.0006
Epoch [180/800], Loss: 0.0002
Epoch [240/800], Loss: 0.0005
Epoch [300/800], Loss: 0.0000
Epoch [360/800], Loss: 0.0001
Epoch [420/800], Loss: 0.0001
Epoch [480/800], Loss: 0.0000
Epoch [540/800], Loss: 0.0000
Epoch [600/800], Loss: 0.0003
Epoch [660/800], Loss: 0.0000
Epoch [720/800], Loss: 0.0000
Epoch [780/800], Loss: 0.0000
0.6853509545326233
0.6791266798973083
0.67852383852005
0.677115261554718
0.6764426231384277
Test Power of C2ST-L:  1.0
Epoch [60/800], Loss: 0.0003
Epoch [120/800], Loss: 0.0003
Epoch [180/800], Loss: 0.0001
Epoch [240/800], Loss: 0.0001
Epoch [300/800], Loss: 0.0000
Epoch [360/800], Loss: 0.0000
Epoch [420/800], Loss: 0.0001
Epoch [480/800], Loss: 0.0001
Epoch [540/800], Loss: 0.0000
Epoch [600/800], Loss: 0.0000
Epoch [660/800], Loss: 0.0000
Epoch [720/800], Loss: 0.0001
Epoch [780/800], Loss: 0.0002
0.6877143979072571
0.6847736835479736
0.6846074461936951
0.6828628778457642
0.6826517581939697
Test Power of C2ST-L:  1.0
Epoch [60/800], Loss: 0.0002
Epoch [120/800], Loss: 0.0001
Epoch [180/800], Loss: 0.0031
Epoch [240/800], Loss: 0.0001
Epoch [300/800], Loss: 0.0000
Epoch [360/800], Loss: 0.0000
Epoch [420/800], Loss: 0.0000
Epoch [480/800], Loss: 0.0000
Epoch [540/800], Loss: 0.0000
Epoch [600/800], Loss: 0.0000
Epoch [660/800], Loss: 0.0000
Epoch [720/800], Loss: 0.0008
Epoch [780/800], Loss: 0.0000
0.6845453977584839
0.6805258393287659
0.6803549528121948
0.6786808371543884
0.6780028939247131
Test Power of C2ST-L:  1.0
Epoch [60/800], Loss: 0.0005
Epoch [120/800], Loss: 0.0001
Epoch [180/800], Loss: 0.0002
Epoch [240/800], Loss: 0.0001
Epoch [300/800], Loss: 0.0007
Epoch [360/800], Loss: 0.0000
Epoch [420/800], Loss: 0.0000
Epoch [480/800], Loss: 0.0000
Epoch [540/800], Loss: 0.0000
Epoch [600/800], Loss: 0.0000
Epoch [660/800], Loss: 0.0002
Epoch [720/800], Loss: 0.0001
Epoch [780/800], Loss: 0.0001
0.690480649471283
0.6879912614822388
0.6846587061882019
0.683251142501831
0.682163417339325
Test Power of C2ST-L:  1.0
Epoch [60/800], Loss: 0.0006
Epoch [120/800], Loss: 0.0001
Epoch [180/800], Loss: 0.0001
Epoch [240/800], Loss: 0.0000
Epoch [300/800], Loss: 0.0000
Epoch [360/800], Loss: 0.0001
Epoch [420/800], Loss: 0.0000
Epoch [480/800], Loss: 0.0000
Epoch [540/800], Loss: 0.0000
Epoch [600/800], Loss: 0.0002
Epoch [660/800], Loss: 0.0001
Epoch [720/800], Loss: 0.0002
Epoch [780/800], Loss: 0.0000
0.6834709048271179
0.6817365288734436
0.6814399361610413
0.6802639961242676
0.6793836951255798
Test Power of C2ST-L:  1.0
Epoch [60/800], Loss: 0.0008
Epoch [120/800], Loss: 0.0001
Epoch [180/800], Loss: 0.0001
Epoch [240/800], Loss: 0.0000
Epoch [300/800], Loss: 0.0001
Epoch [360/800], Loss: 0.0000
Epoch [420/800], Loss: 0.0000
Epoch [480/800], Loss: 0.0000
Epoch [540/800], Loss: 0.0002
Epoch [600/800], Loss: 0.0000
Epoch [660/800], Loss: 0.0000
Epoch [720/800], Loss: 0.0001
Epoch [780/800], Loss: 0.0000
0.683364748954773
0.6787363290786743
0.6759096384048462
0.6771332025527954
0.6739968061447144
Test Power of C2ST-L:  1.0
Epoch [60/800], Loss: 0.0004
Epoch [120/800], Loss: 0.0029
Epoch [180/800], Loss: 0.0002
Epoch [240/800], Loss: 0.0000
Epoch [300/800], Loss: 0.0000
Epoch [360/800], Loss: 0.0000
Epoch [420/800], Loss: 0.0014
Epoch [480/800], Loss: 0.0000
Epoch [540/800], Loss: 0.0000
Epoch [600/800], Loss: 0.0004
Epoch [660/800], Loss: 0.0000
Epoch [720/800], Loss: 0.0000
Epoch [780/800], Loss: 0.0003
0.6854707598686218
0.6836469769477844
0.6817084550857544
0.6810811758041382
0.6806676983833313
Test Power of C2ST-L:  1.0
Epoch [60/800], Loss: 0.0003
Epoch [120/800], Loss: 0.0001
Epoch [180/800], Loss: 0.0001
Epoch [240/800], Loss: 0.0001
Epoch [300/800], Loss: 0.0003
Epoch [360/800], Loss: 0.0000
Epoch [420/800], Loss: 0.0000
Epoch [480/800], Loss: 0.0000
Epoch [540/800], Loss: 0.0009
Epoch [600/800], Loss: 0.0000
Epoch [660/800], Loss: 0.0000
Epoch [720/800], Loss: 0.0002
Epoch [780/800], Loss: 0.0001
0.6864005923271179
0.6840184330940247
0.6836245059967041
0.6825316548347473
0.6819942593574524
Test Power of C2ST-L:  0.0
Epoch [60/800], Loss: 0.0004
Epoch [120/800], Loss: 0.0001
Epoch [180/800], Loss: 0.0000
Epoch [240/800], Loss: 0.0010
Epoch [300/800], Loss: 0.0001
Epoch [360/800], Loss: 0.0001
Epoch [420/800], Loss: 0.0000
Epoch [480/800], Loss: 0.0000
Epoch [540/800], Loss: 0.0002
Epoch [600/800], Loss: 0.0006
Epoch [660/800], Loss: 0.0003
Epoch [720/800], Loss: 0.0000
Epoch [780/800], Loss: 0.0000
0.6822856068611145
0.6793143153190613
0.679273247718811
0.6787351965904236
0.6763457655906677
Test Power of C2ST-L:  1.0
Epoch [60/800], Loss: 0.0005
Epoch [120/800], Loss: 0.0001
Epoch [180/800], Loss: 0.0008
Epoch [240/800], Loss: 0.0001
Epoch [300/800], Loss: 0.0000
Epoch [360/800], Loss: 0.0000
Epoch [420/800], Loss: 0.0000
Epoch [480/800], Loss: 0.0000
Epoch [540/800], Loss: 0.0000
Epoch [600/800], Loss: 0.0000
Epoch [660/800], Loss: 0.0000
Epoch [720/800], Loss: 0.0000
Epoch [780/800], Loss: 0.0000
0.6834158301353455
0.6801736354827881
0.6764318346977234
0.6762636303901672
0.6743720769882202
Test Power of C2ST-L:  1.0
Epoch [60/800], Loss: 0.0011
Epoch [120/800], Loss: 0.0002
Epoch [180/800], Loss: 0.0001
Epoch [240/800], Loss: 0.0000
Epoch [300/800], Loss: 0.0000
Epoch [360/800], Loss: 0.0000
Epoch [420/800], Loss: 0.0000
Epoch [480/800], Loss: 0.0000
Epoch [540/800], Loss: 0.0002
Epoch [600/800], Loss: 0.0000
Epoch [660/800], Loss: 0.0001
Epoch [720/800], Loss: 0.0000
Epoch [780/800], Loss: 0.0000
0.6844958066940308
0.6794102787971497
0.6797006726264954
0.6783974766731262
0.6777599453926086
Test Power of C2ST-L:  1.0
Epoch [60/800], Loss: 0.0006
Epoch [120/800], Loss: 0.0001
Epoch [180/800], Loss: 0.0001
Epoch [240/800], Loss: 0.0000
Epoch [300/800], Loss: 0.0001
Epoch [360/800], Loss: 0.0000
Epoch [420/800], Loss: 0.0005
Epoch [480/800], Loss: 0.0000
Epoch [540/800], Loss: 0.0000
Epoch [600/800], Loss: 0.0000
Epoch [660/800], Loss: 0.0000
Epoch [720/800], Loss: 0.0000
Epoch [780/800], Loss: 0.0001
0.6885206699371338
0.6832970380783081
0.6776130199432373
0.6776576042175293
0.6755005121231079
Test Power of C2ST-L:  0.0
Epoch [60/800], Loss: 0.0002
Epoch [120/800], Loss: 0.0002
Epoch [180/800], Loss: 0.0001
Epoch [240/800], Loss: 0.0000
Epoch [300/800], Loss: 0.0001
Epoch [360/800], Loss: 0.0001
Epoch [420/800], Loss: 0.0001
Epoch [480/800], Loss: 0.0000
Epoch [540/800], Loss: 0.0000
Epoch [600/800], Loss: 0.0000
Epoch [660/800], Loss: 0.0000
Epoch [720/800], Loss: 0.0000
Epoch [780/800], Loss: 0.0000
0.6870770454406738
0.6849705576896667
0.6827837228775024
0.6809177398681641
0.6802796125411987
Test Power of C2ST-L:  1.0
Epoch [60/800], Loss: 0.0004
Epoch [120/800], Loss: 0.0001
Epoch [180/800], Loss: 0.0012
Epoch [240/800], Loss: 0.0002
Epoch [300/800], Loss: 0.0000
Epoch [360/800], Loss: 0.0000
Epoch [420/800], Loss: 0.0000
Epoch [480/800], Loss: 0.0004
Epoch [540/800], Loss: 0.0000
Epoch [600/800], Loss: 0.0001
Epoch [660/800], Loss: 0.0000
Epoch [720/800], Loss: 0.0000
Epoch [780/800], Loss: 0.0000
0.6854346394538879
0.6806407570838928
0.6774577498435974
0.6783872842788696
0.6762499809265137
Test Power of C2ST-L:  1.0
Epoch [60/800], Loss: 0.0015
Epoch [120/800], Loss: 0.0002
Epoch [180/800], Loss: 0.0006
Epoch [240/800], Loss: 0.0000
Epoch [300/800], Loss: 0.0001
Epoch [360/800], Loss: 0.0001
Epoch [420/800], Loss: 0.0000
Epoch [480/800], Loss: 0.0000
Epoch [540/800], Loss: 0.0001
Epoch [600/800], Loss: 0.0001
Epoch [660/800], Loss: 0.0001
Epoch [720/800], Loss: 0.0001
Epoch [780/800], Loss: 0.0002
0.6826512217521667
0.6800936460494995
0.6769639253616333
0.6762044429779053
0.6756482124328613
Test Power of C2ST-L:  1.0
Epoch [60/800], Loss: 0.0004
Epoch [120/800], Loss: 0.0002
Epoch [180/800], Loss: 0.0001
Epoch [240/800], Loss: 0.0001
Epoch [300/800], Loss: 0.0000
Epoch [360/800], Loss: 0.0000
Epoch [420/800], Loss: 0.0000
Epoch [480/800], Loss: 0.0000
Epoch [540/800], Loss: 0.0000
Epoch [600/800], Loss: 0.0000
Epoch [660/800], Loss: 0.0008
Epoch [720/800], Loss: 0.0003
Epoch [780/800], Loss: 0.0000
0.6830257177352905
0.675727128982544
0.6741268038749695
0.6732104420661926
0.6714993715286255
Test Power of C2ST-L:  1.0
Epoch [60/800], Loss: 0.0003
Epoch [120/800], Loss: 0.0001
Epoch [180/800], Loss: 0.0024
Epoch [240/800], Loss: 0.0000
Epoch [300/800], Loss: 0.0000
Epoch [360/800], Loss: 0.0003
Epoch [420/800], Loss: 0.0001
Epoch [480/800], Loss: 0.0001
Epoch [540/800], Loss: 0.0010
Epoch [600/800], Loss: 0.0003
Epoch [660/800], Loss: 0.0000
Epoch [720/800], Loss: 0.0000
Epoch [780/800], Loss: 0.0001
0.6832337975502014
0.6808272004127502
0.678962767124176
0.6779334545135498
0.6766505837440491
Test Power of C2ST-L:  1.0
Epoch [60/800], Loss: 0.0003
Epoch [120/800], Loss: 0.0001
Epoch [180/800], Loss: 0.0008
Epoch [240/800], Loss: 0.0005
Epoch [300/800], Loss: 0.0000
Epoch [360/800], Loss: 0.0000
Epoch [420/800], Loss: 0.0000
Epoch [480/800], Loss: 0.0000
Epoch [540/800], Loss: 0.0000
Epoch [600/800], Loss: 0.0001
Epoch [660/800], Loss: 0.0000
Epoch [720/800], Loss: 0.0003
Epoch [780/800], Loss: 0.0000
0.6866580843925476
0.676824152469635
0.6744073033332825
0.675969123840332
0.6718245148658752
Test Power of C2ST-L:  1.0
Epoch [60/800], Loss: 0.0004
Epoch [120/800], Loss: 0.0005
Epoch [180/800], Loss: 0.0000
Epoch [240/800], Loss: 0.0019
Epoch [300/800], Loss: 0.0004
Epoch [360/800], Loss: 0.0000
Epoch [420/800], Loss: 0.0000
Epoch [480/800], Loss: 0.0009
Epoch [540/800], Loss: 0.0001
Epoch [600/800], Loss: 0.0000
Epoch [660/800], Loss: 0.0001
Epoch [720/800], Loss: 0.0000
Epoch [780/800], Loss: 0.0000
0.6789497137069702
0.6748741269111633
0.6705741286277771
0.6714805364608765
0.6679629683494568
Test Power of C2ST-L:  1.0
Epoch [60/800], Loss: 0.0013
Epoch [120/800], Loss: 0.0001
Epoch [180/800], Loss: 0.0001
Epoch [240/800], Loss: 0.0002
Epoch [300/800], Loss: 0.0001
Epoch [360/800], Loss: 0.0000
Epoch [420/800], Loss: 0.0003
Epoch [480/800], Loss: 0.0000
Epoch [540/800], Loss: 0.0002
Epoch [600/800], Loss: 0.0000
Epoch [660/800], Loss: 0.0002
Epoch [720/800], Loss: 0.0000
Epoch [780/800], Loss: 0.0002
0.687785267829895
0.6852648258209229
0.6821538209915161
0.6806451678276062
0.6797026991844177
Test Power of C2ST-L:  1.0
Epoch [60/800], Loss: 0.0003
Epoch [120/800], Loss: 0.0001
Epoch [180/800], Loss: 0.0000
Epoch [240/800], Loss: 0.0000
Epoch [300/800], Loss: 0.0009
Epoch [360/800], Loss: 0.0001
Epoch [420/800], Loss: 0.0000
Epoch [480/800], Loss: 0.0000
Epoch [540/800], Loss: 0.0003
Epoch [600/800], Loss: 0.0000
Epoch [660/800], Loss: 0.0000
Epoch [720/800], Loss: 0.0001
Epoch [780/800], Loss: 0.0000
0.684536337852478
0.6806432604789734
0.6797519326210022
0.6771188378334045
0.6765185594558716
Test Power of C2ST-L:  0.0
Epoch [60/800], Loss: 0.0005
Epoch [120/800], Loss: 0.0001
Epoch [180/800], Loss: 0.0004
Epoch [240/800], Loss: 0.0002
Epoch [300/800], Loss: 0.0001
Epoch [360/800], Loss: 0.0002
Epoch [420/800], Loss: 0.0000
Epoch [480/800], Loss: 0.0000
Epoch [540/800], Loss: 0.0005
Epoch [600/800], Loss: 0.0000
Epoch [660/800], Loss: 0.0001
Epoch [720/800], Loss: 0.0000
Epoch [780/800], Loss: 0.0004
0.6892806887626648
0.6824139952659607
0.6826851963996887
0.6809669137001038
0.6806344985961914
Test Power of C2ST-L:  1.0
Epoch [60/800], Loss: 0.0011
Epoch [120/800], Loss: 0.0011
Epoch [180/800], Loss: 0.0001
Epoch [240/800], Loss: 0.0000
Epoch [300/800], Loss: 0.0001
Epoch [360/800], Loss: 0.0000
Epoch [420/800], Loss: 0.0000
Epoch [480/800], Loss: 0.0002
Epoch [540/800], Loss: 0.0001
Epoch [600/800], Loss: 0.0000
Epoch [660/800], Loss: 0.0014
Epoch [720/800], Loss: 0.0002
Epoch [780/800], Loss: 0.0002
0.6843101382255554
0.6818981766700745
0.6811263561248779
0.6789852976799011
0.6782501339912415
Test Power of C2ST-L:  1.0
Epoch [60/800], Loss: 0.0003
Epoch [120/800], Loss: 0.0001
Epoch [180/800], Loss: 0.0007
Epoch [240/800], Loss: 0.0000
Epoch [300/800], Loss: 0.0001
Epoch [360/800], Loss: 0.0000
Epoch [420/800], Loss: 0.0000
Epoch [480/800], Loss: 0.0000
Epoch [540/800], Loss: 0.0000
Epoch [600/800], Loss: 0.0000
Epoch [660/800], Loss: 0.0000
Epoch [720/800], Loss: 0.0001
Epoch [780/800], Loss: 0.0000
0.6868996024131775
0.6843383312225342
0.6837320327758789
0.6818174123764038
0.68049556016922
Test Power of C2ST-L:  1.0
Epoch [60/800], Loss: 0.0006
Epoch [120/800], Loss: 0.0001
Epoch [180/800], Loss: 0.0008
Epoch [240/800], Loss: 0.0001
Epoch [300/800], Loss: 0.0000
Epoch [360/800], Loss: 0.0000
Epoch [420/800], Loss: 0.0000
Epoch [480/800], Loss: 0.0000
Epoch [540/800], Loss: 0.0000
Epoch [600/800], Loss: 0.0001
Epoch [660/800], Loss: 0.0000
Epoch [720/800], Loss: 0.0001
Epoch [780/800], Loss: 0.0001
0.6837624907493591
0.6823343634605408
0.6823962926864624
0.6815921664237976
0.679579496383667
Test Power of C2ST-L:  1.0
Epoch [60/800], Loss: 0.0005
Epoch [120/800], Loss: 0.0001
Epoch [180/800], Loss: 0.0001
Epoch [240/800], Loss: 0.0000
Epoch [300/800], Loss: 0.0000
Epoch [360/800], Loss: 0.0000
Epoch [420/800], Loss: 0.0000
Epoch [480/800], Loss: 0.0001
Epoch [540/800], Loss: 0.0000
Epoch [600/800], Loss: 0.0001
Epoch [660/800], Loss: 0.0001
Epoch [720/800], Loss: 0.0001
Epoch [780/800], Loss: 0.0001
0.6859776973724365
0.6820186972618103
0.6781411170959473
0.6776435375213623
0.6753636002540588
Test Power of C2ST-L:  1.0
Epoch [60/800], Loss: 0.0005
Epoch [120/800], Loss: 0.0001
Epoch [180/800], Loss: 0.0001
Epoch [240/800], Loss: 0.0000
Epoch [300/800], Loss: 0.0001
Epoch [360/800], Loss: 0.0000
Epoch [420/800], Loss: 0.0001
Epoch [480/800], Loss: 0.0000
Epoch [540/800], Loss: 0.0000
Epoch [600/800], Loss: 0.0000
Epoch [660/800], Loss: 0.0001
Epoch [720/800], Loss: 0.0000
Epoch [780/800], Loss: 0.0006
0.683228611946106
0.6797261834144592
0.6776030659675598
0.677280068397522
0.6765266060829163
Test Power of C2ST-L:  1.0
Epoch [60/800], Loss: 0.0005
Epoch [120/800], Loss: 0.0006
Epoch [180/800], Loss: 0.0001
Epoch [240/800], Loss: 0.0000
Epoch [300/800], Loss: 0.0000
Epoch [360/800], Loss: 0.0000
Epoch [420/800], Loss: 0.0000
Epoch [480/800], Loss: 0.0000
Epoch [540/800], Loss: 0.0001
Epoch [600/800], Loss: 0.0001
Epoch [660/800], Loss: 0.0000
Epoch [720/800], Loss: 0.0000
Epoch [780/800], Loss: 0.0000
0.6860983371734619
0.6822829246520996
0.6822556853294373
0.6811768412590027
0.6800782084465027
Test Power of C2ST-L:  1.0
Epoch [60/800], Loss: 0.0004
Epoch [120/800], Loss: 0.0001
Epoch [180/800], Loss: 0.0001
Epoch [240/800], Loss: 0.0001
Epoch [300/800], Loss: 0.0003
Epoch [360/800], Loss: 0.0000
Epoch [420/800], Loss: 0.0001
Epoch [480/800], Loss: 0.0000
Epoch [540/800], Loss: 0.0000
Epoch [600/800], Loss: 0.0000
Epoch [660/800], Loss: 0.0000
Epoch [720/800], Loss: 0.0016
Epoch [780/800], Loss: 0.0001
0.6858938932418823
0.683728814125061
0.6819251775741577
0.6809860467910767
0.6800693869590759
Test Power of C2ST-L:  1.0
Epoch [60/800], Loss: 0.0003
Epoch [120/800], Loss: 0.0001
Epoch [180/800], Loss: 0.0001
Epoch [240/800], Loss: 0.0000
Epoch [300/800], Loss: 0.0000
Epoch [360/800], Loss: 0.0000
Epoch [420/800], Loss: 0.0000
Epoch [480/800], Loss: 0.0000
Epoch [540/800], Loss: 0.0000
Epoch [600/800], Loss: 0.0000
Epoch [660/800], Loss: 0.0000
Epoch [720/800], Loss: 0.0000
Epoch [780/800], Loss: 0.0003
0.6861085295677185
0.6819612979888916
0.6805173754692078
0.6786183714866638
0.6772779226303101
Test Power of C2ST-L:  1.0
Epoch [60/800], Loss: 0.0003
Epoch [120/800], Loss: 0.0001
Epoch [180/800], Loss: 0.0001
Epoch [240/800], Loss: 0.0006
Epoch [300/800], Loss: 0.0000
Epoch [360/800], Loss: 0.0000
Epoch [420/800], Loss: 0.0000
Epoch [480/800], Loss: 0.0017
Epoch [540/800], Loss: 0.0000
Epoch [600/800], Loss: 0.0000
Epoch [660/800], Loss: 0.0002
Epoch [720/800], Loss: 0.0000
Epoch [780/800], Loss: 0.0000
0.6889024376869202
0.6854321956634521
0.6838268041610718
0.681922972202301
0.6807336211204529
Test Power of C2ST-L:  0.0
Epoch [60/800], Loss: 0.0004
Epoch [120/800], Loss: 0.0001
Epoch [180/800], Loss: 0.0001
Epoch [240/800], Loss: 0.0001
Epoch [300/800], Loss: 0.0000
Epoch [360/800], Loss: 0.0000
Epoch [420/800], Loss: 0.0007
Epoch [480/800], Loss: 0.0000
Epoch [540/800], Loss: 0.0000
Epoch [600/800], Loss: 0.0001
Epoch [660/800], Loss: 0.0000
Epoch [720/800], Loss: 0.0000
Epoch [780/800], Loss: 0.0000
0.68865567445755
0.6846969127655029
0.677918553352356
0.6795948147773743
0.6759473085403442
Test Power of C2ST-L:  1.0
Epoch [60/800], Loss: 0.0010
Epoch [120/800], Loss: 0.0001
Epoch [180/800], Loss: 0.0001
Epoch [240/800], Loss: 0.0001
Epoch [300/800], Loss: 0.0007
Epoch [360/800], Loss: 0.0000
Epoch [420/800], Loss: 0.0000
Epoch [480/800], Loss: 0.0000
Epoch [540/800], Loss: 0.0001
Epoch [600/800], Loss: 0.0000
Epoch [660/800], Loss: 0.0000
Epoch [720/800], Loss: 0.0000
Epoch [780/800], Loss: 0.0000
0.6888343691825867
0.686213493347168
0.6834832429885864
0.6821508407592773
0.6778914332389832
Test Power of C2ST-L:  1.0
Epoch [60/800], Loss: 0.0004
Epoch [120/800], Loss: 0.0002
Epoch [180/800], Loss: 0.0002
Epoch [240/800], Loss: 0.0002
Epoch [300/800], Loss: 0.0000
Epoch [360/800], Loss: 0.0000
Epoch [420/800], Loss: 0.0000
Epoch [480/800], Loss: 0.0000
Epoch [540/800], Loss: 0.0001
Epoch [600/800], Loss: 0.0000
Epoch [660/800], Loss: 0.0000
Epoch [720/800], Loss: 0.0000
Epoch [780/800], Loss: 0.0001
0.6878359317779541
0.6845476627349854
0.6835103631019592
0.6807902455329895
0.6793703436851501
Test Power of C2ST-L:  0.0
Epoch [60/800], Loss: 0.0005
Epoch [120/800], Loss: 0.0003
Epoch [180/800], Loss: 0.0004
Epoch [240/800], Loss: 0.0000
Epoch [300/800], Loss: 0.0000
Epoch [360/800], Loss: 0.0000
Epoch [420/800], Loss: 0.0000
Epoch [480/800], Loss: 0.0000
Epoch [540/800], Loss: 0.0001
Epoch [600/800], Loss: 0.0000
Epoch [660/800], Loss: 0.0002
Epoch [720/800], Loss: 0.0001
Epoch [780/800], Loss: 0.0001
0.6812238693237305
0.678608238697052
0.6779574751853943
0.6768279075622559
0.6757036447525024
Test Power of C2ST-L:  1.0
Epoch [60/800], Loss: 0.0014
Epoch [120/800], Loss: 0.0001
Epoch [180/800], Loss: 0.0001
Epoch [240/800], Loss: 0.0001
Epoch [300/800], Loss: 0.0001
Epoch [360/800], Loss: 0.0000
Epoch [420/800], Loss: 0.0003
Epoch [480/800], Loss: 0.0000
Epoch [540/800], Loss: 0.0002
Epoch [600/800], Loss: 0.0000
Epoch [660/800], Loss: 0.0000
Epoch [720/800], Loss: 0.0000
Epoch [780/800], Loss: 0.0000
0.6859201192855835
0.6814888119697571
0.6807775497436523
0.6788374781608582
0.6778786182403564
Test Power of C2ST-L:  1.0
Epoch [60/800], Loss: 0.0006
Epoch [120/800], Loss: 0.0002
Epoch [180/800], Loss: 0.0001
Epoch [240/800], Loss: 0.0000
Epoch [300/800], Loss: 0.0006
Epoch [360/800], Loss: 0.0012
Epoch [420/800], Loss: 0.0001
Epoch [480/800], Loss: 0.0000
Epoch [540/800], Loss: 0.0001
Epoch [600/800], Loss: 0.0002
Epoch [660/800], Loss: 0.0005
Epoch [720/800], Loss: 0.0002
Epoch [780/800], Loss: 0.0000
0.686855137348175
0.6817547082901001
0.679724931716919
0.6797311902046204
0.6763423681259155
Test Power of C2ST-L:  1.0


=====================================================
Average test power at training size =  500  :  0.83
=====================================================



-----------------------------------------------

Finished with execution of c2st_semi_HDGM.py script

-----------------------------------------------

Job ID           : 55586048
Cluster          : spartan
User/Project     : xunyet/punim2112
Nodes            : 1
Wall-clock time  : 00:47:21 / 1-00:00:00

Displaying overall resources usage from 2024-02-02 20:17:30 to 2024-02-02 21:04:51:

NODE            CPU#        TOT%   ( USR   / SYS   / WIO   / IDLE  ) 

spartan-gpgpu093 : 
                CPU# 1    : 10.5   (   9.9 /   0.6 /   0.0 /  89.5 ) 
                CPU# 2    : 8.6    (   8.4 /   0.2 /   0.0 /  91.4 ) 
                CPU# 3    : 43.2   (  42.8 /   0.4 /   0.0 /  56.8 ) 
                CPU# 4    : 39.3   (  39.0 /   0.3 /   0.0 /  60.7 ) 

                GPU# 1    : 32.8  


Allocated CPUs            : 4    
  CPUs with usage <25%    : 2    
  CPUs with usage <50%    : 2    
  CPUs with usage >50%    : 0    


Allocated GPUs            : 1    
  GPUs with usage <25%    : 0    
  GPUs with usage <50%    : 1    
  GPUs with usage >50%    : 0    

Memory used (RAM)         : 25.9%  [2227MB of 8590MB]

--------------------------------------------

