device: cuda:0
Epoch [60/1600], Loss: 0.0055
Epoch [120/1600], Loss: 0.0003
Epoch [180/1600], Loss: 0.0001
Epoch [240/1600], Loss: 0.0001
Epoch [300/1600], Loss: 0.0001
Epoch [360/1600], Loss: 0.0001
Epoch [420/1600], Loss: 0.0000
Epoch [480/1600], Loss: 0.0002
Epoch [540/1600], Loss: 0.0000
Epoch [600/1600], Loss: 0.0000
Epoch [660/1600], Loss: 0.0000
Epoch [720/1600], Loss: 0.0000
Epoch [780/1600], Loss: 0.0000
Epoch [840/1600], Loss: 0.0004
Epoch [900/1600], Loss: 0.0001
Epoch [960/1600], Loss: 0.0000
Epoch [1020/1600], Loss: 0.0000
Epoch [1080/1600], Loss: 0.0000
Epoch [1140/1600], Loss: 0.0004
Epoch [1200/1600], Loss: 0.0000
Epoch [1260/1600], Loss: 0.0005
Epoch [1320/1600], Loss: 0.0001
Epoch [1380/1600], Loss: 0.0000
Epoch [1440/1600], Loss: 0.0000
Epoch [1500/1600], Loss: 0.0002
Epoch [1560/1600], Loss: 0.0012
0.6880612373352051
0.6721252202987671
0.6685206294059753
0.6662324666976929
0.663607656955719
Test Power of C2ST-L:  1.0
Epoch [60/1600], Loss: 0.0042
Epoch [120/1600], Loss: 0.0065
Epoch [180/1600], Loss: 0.0014
Epoch [240/1600], Loss: 0.0001
Epoch [300/1600], Loss: 0.0002
Epoch [360/1600], Loss: 0.0001
Epoch [420/1600], Loss: 0.0001
Epoch [480/1600], Loss: 0.0000
Epoch [540/1600], Loss: 0.0005
Epoch [600/1600], Loss: 0.0000
Epoch [660/1600], Loss: 0.0001
Epoch [720/1600], Loss: 0.0000
Epoch [780/1600], Loss: 0.0000
Epoch [840/1600], Loss: 0.0000
Epoch [900/1600], Loss: 0.0004
Epoch [960/1600], Loss: 0.0000
Epoch [1020/1600], Loss: 0.0032
Epoch [1080/1600], Loss: 0.0000
Epoch [1140/1600], Loss: 0.0001
Epoch [1200/1600], Loss: 0.0000
Epoch [1260/1600], Loss: 0.0000
Epoch [1320/1600], Loss: 0.0000
Epoch [1380/1600], Loss: 0.0002
Epoch [1440/1600], Loss: 0.0000
Epoch [1500/1600], Loss: 0.0003
Epoch [1560/1600], Loss: 0.0000
0.6883413791656494
0.6788467168807983
0.674127995967865
0.6691306829452515
0.666670560836792
Test Power of C2ST-L:  0.0
Epoch [60/1600], Loss: 0.0056
Epoch [120/1600], Loss: 0.0005
Epoch [180/1600], Loss: 0.0001
Epoch [240/1600], Loss: 0.0001
Epoch [300/1600], Loss: 0.0001
Epoch [360/1600], Loss: 0.0000
Epoch [420/1600], Loss: 0.0001
Epoch [480/1600], Loss: 0.0009
Epoch [540/1600], Loss: 0.0001
Epoch [600/1600], Loss: 0.0000
Epoch [660/1600], Loss: 0.0003
Epoch [720/1600], Loss: 0.0005
Epoch [780/1600], Loss: 0.0002
Epoch [840/1600], Loss: 0.0001
Epoch [900/1600], Loss: 0.0001
Epoch [960/1600], Loss: 0.0000
Epoch [1020/1600], Loss: 0.0001
Epoch [1080/1600], Loss: 0.0000
Epoch [1140/1600], Loss: 0.0000
Epoch [1200/1600], Loss: 0.0007
Epoch [1260/1600], Loss: 0.0000
Epoch [1320/1600], Loss: 0.0000
Epoch [1380/1600], Loss: 0.0000
Epoch [1440/1600], Loss: 0.0002
Epoch [1500/1600], Loss: 0.0000
Epoch [1560/1600], Loss: 0.0000
0.6883371472358704
0.6822745203971863
0.6759333610534668
0.6730635762214661
0.6704336404800415
Test Power of C2ST-L:  1.0
Epoch [60/1600], Loss: 0.0043
Epoch [120/1600], Loss: 0.0003
Epoch [180/1600], Loss: 0.0002
Epoch [240/1600], Loss: 0.0010
Epoch [300/1600], Loss: 0.0003
Epoch [360/1600], Loss: 0.0001
Epoch [420/1600], Loss: 0.0001
Epoch [480/1600], Loss: 0.0000
Epoch [540/1600], Loss: 0.0000
Epoch [600/1600], Loss: 0.0005
Epoch [660/1600], Loss: 0.0000
Epoch [720/1600], Loss: 0.0000
Epoch [780/1600], Loss: 0.0000
Epoch [840/1600], Loss: 0.0005
Epoch [900/1600], Loss: 0.0007
Epoch [960/1600], Loss: 0.0000
Epoch [1020/1600], Loss: 0.0000
Epoch [1080/1600], Loss: 0.0001
Epoch [1140/1600], Loss: 0.0000
Epoch [1200/1600], Loss: 0.0000
Epoch [1260/1600], Loss: 0.0000
Epoch [1320/1600], Loss: 0.0000
Epoch [1380/1600], Loss: 0.0000
Epoch [1440/1600], Loss: 0.0002
Epoch [1500/1600], Loss: 0.0008
Epoch [1560/1600], Loss: 0.0000
0.6895106434822083
0.6854984164237976
0.6794794797897339
0.6728294491767883
0.6676084995269775
Test Power of C2ST-L:  0.0
Epoch [60/1600], Loss: 0.0042
Epoch [120/1600], Loss: 0.0009
Epoch [180/1600], Loss: 0.0065
Epoch [240/1600], Loss: 0.0001
Epoch [300/1600], Loss: 0.0001
Epoch [360/1600], Loss: 0.0001
Epoch [420/1600], Loss: 0.0001
Epoch [480/1600], Loss: 0.0000
Epoch [540/1600], Loss: 0.0000
Epoch [600/1600], Loss: 0.0002
Epoch [660/1600], Loss: 0.0000
Epoch [720/1600], Loss: 0.0005
Epoch [780/1600], Loss: 0.0000
Epoch [840/1600], Loss: 0.0005
Epoch [900/1600], Loss: 0.0000
Epoch [960/1600], Loss: 0.0000
Epoch [1020/1600], Loss: 0.0000
Epoch [1080/1600], Loss: 0.0001
Epoch [1140/1600], Loss: 0.0000
Epoch [1200/1600], Loss: 0.0002
Epoch [1260/1600], Loss: 0.0003
Epoch [1320/1600], Loss: 0.0002
Epoch [1380/1600], Loss: 0.0000
Epoch [1440/1600], Loss: 0.0000
Epoch [1500/1600], Loss: 0.0000
Epoch [1560/1600], Loss: 0.0000
0.6896221041679382
0.6837916970252991
0.6806899309158325
0.6789100766181946
0.6777404546737671
Test Power of C2ST-L:  0.0
Epoch [60/1600], Loss: 0.0072
Epoch [120/1600], Loss: 0.0002
Epoch [180/1600], Loss: 0.0018
Epoch [240/1600], Loss: 0.0007
Epoch [300/1600], Loss: 0.0000
Epoch [360/1600], Loss: 0.0000
Epoch [420/1600], Loss: 0.0001
Epoch [480/1600], Loss: 0.0006
Epoch [540/1600], Loss: 0.0000
Epoch [600/1600], Loss: 0.0000
Epoch [660/1600], Loss: 0.0000
Epoch [720/1600], Loss: 0.0000
Epoch [780/1600], Loss: 0.0001
Epoch [840/1600], Loss: 0.0000
Epoch [900/1600], Loss: 0.0000
Epoch [960/1600], Loss: 0.0002
Epoch [1020/1600], Loss: 0.0000
Epoch [1080/1600], Loss: 0.0000
Epoch [1140/1600], Loss: 0.0001
Epoch [1200/1600], Loss: 0.0000
Epoch [1260/1600], Loss: 0.0000
Epoch [1320/1600], Loss: 0.0000
Epoch [1380/1600], Loss: 0.0000
Epoch [1440/1600], Loss: 0.0000
Epoch [1500/1600], Loss: 0.0000
Epoch [1560/1600], Loss: 0.0000
0.6802126169204712
0.6659063100814819
0.6636634469032288
0.6618421673774719
0.6607595086097717
Test Power of C2ST-L:  0.0
Epoch [60/1600], Loss: 0.0057
Epoch [120/1600], Loss: 0.0003
Epoch [180/1600], Loss: 0.0001
Epoch [240/1600], Loss: 0.0001
Epoch [300/1600], Loss: 0.0001
Epoch [360/1600], Loss: 0.0002
Epoch [420/1600], Loss: 0.0003
Epoch [480/1600], Loss: 0.0000
Epoch [540/1600], Loss: 0.0000
Epoch [600/1600], Loss: 0.0005
Epoch [660/1600], Loss: 0.0001
Epoch [720/1600], Loss: 0.0003
Epoch [780/1600], Loss: 0.0000
Epoch [840/1600], Loss: 0.0000
Epoch [900/1600], Loss: 0.0004
Epoch [960/1600], Loss: 0.0000
Epoch [1020/1600], Loss: 0.0000
Epoch [1080/1600], Loss: 0.0009
Epoch [1140/1600], Loss: 0.0000
Epoch [1200/1600], Loss: 0.0001
Epoch [1260/1600], Loss: 0.0000
Epoch [1320/1600], Loss: 0.0000
Epoch [1380/1600], Loss: 0.0000
Epoch [1440/1600], Loss: 0.0001
Epoch [1500/1600], Loss: 0.0000
Epoch [1560/1600], Loss: 0.0000
0.6894770264625549
0.684249997138977
0.6790497303009033
0.6763998866081238
0.6750708818435669
Test Power of C2ST-L:  0.0
Epoch [60/1600], Loss: 0.0048
Epoch [120/1600], Loss: 0.0005
Epoch [180/1600], Loss: 0.0002
Epoch [240/1600], Loss: 0.0001
Epoch [300/1600], Loss: 0.0001
Epoch [360/1600], Loss: 0.0001
Epoch [420/1600], Loss: 0.0001
Epoch [480/1600], Loss: 0.0001
Epoch [540/1600], Loss: 0.0002
Epoch [600/1600], Loss: 0.0000
Epoch [660/1600], Loss: 0.0000
Epoch [720/1600], Loss: 0.0000
Epoch [780/1600], Loss: 0.0002
Epoch [840/1600], Loss: 0.0003
Epoch [900/1600], Loss: 0.0002
Epoch [960/1600], Loss: 0.0000
Epoch [1020/1600], Loss: 0.0001
Epoch [1080/1600], Loss: 0.0000
Epoch [1140/1600], Loss: 0.0000
Epoch [1200/1600], Loss: 0.0000
Epoch [1260/1600], Loss: 0.0003
Epoch [1320/1600], Loss: 0.0003
Epoch [1380/1600], Loss: 0.0000
Epoch [1440/1600], Loss: 0.0000
Epoch [1500/1600], Loss: 0.0000
Epoch [1560/1600], Loss: 0.0000
0.6896512508392334
0.6840682625770569
0.6815194487571716
0.6753160953521729
0.6714853644371033
Test Power of C2ST-L:  1.0
Epoch [60/1600], Loss: 0.0031
Epoch [120/1600], Loss: 0.0007
Epoch [180/1600], Loss: 0.0004
Epoch [240/1600], Loss: 0.0006
Epoch [300/1600], Loss: 0.0006
Epoch [360/1600], Loss: 0.0001
Epoch [420/1600], Loss: 0.0000
Epoch [480/1600], Loss: 0.0000
Epoch [540/1600], Loss: 0.0000
Epoch [600/1600], Loss: 0.0000
Epoch [660/1600], Loss: 0.0000
Epoch [720/1600], Loss: 0.0001
Epoch [780/1600], Loss: 0.0000
Epoch [840/1600], Loss: 0.0000
Epoch [900/1600], Loss: 0.0002
Epoch [960/1600], Loss: 0.0002
Epoch [1020/1600], Loss: 0.0002
Epoch [1080/1600], Loss: 0.0000
Epoch [1140/1600], Loss: 0.0001
Epoch [1200/1600], Loss: 0.0001
Epoch [1260/1600], Loss: 0.0002
Epoch [1320/1600], Loss: 0.0000
Epoch [1380/1600], Loss: 0.0001
Epoch [1440/1600], Loss: 0.0000
Epoch [1500/1600], Loss: 0.0000
Epoch [1560/1600], Loss: 0.0000
0.6910194754600525
0.6852657794952393
0.6822953820228577
0.6784026026725769
0.6774519681930542
Test Power of C2ST-L:  0.0
Epoch [60/1600], Loss: 0.0035
Epoch [120/1600], Loss: 0.0003
Epoch [180/1600], Loss: 0.0004
Epoch [240/1600], Loss: 0.0001
Epoch [300/1600], Loss: 0.0001
Epoch [360/1600], Loss: 0.0001
Epoch [420/1600], Loss: 0.0006
Epoch [480/1600], Loss: 0.0000
Epoch [540/1600], Loss: 0.0000
Epoch [600/1600], Loss: 0.0001
Epoch [660/1600], Loss: 0.0002
Epoch [720/1600], Loss: 0.0000
Epoch [780/1600], Loss: 0.0001
Epoch [840/1600], Loss: 0.0001
Epoch [900/1600], Loss: 0.0000
Epoch [960/1600], Loss: 0.0000
Epoch [1020/1600], Loss: 0.0000
Epoch [1080/1600], Loss: 0.0000
Epoch [1140/1600], Loss: 0.0000
Epoch [1200/1600], Loss: 0.0001
Epoch [1260/1600], Loss: 0.0001
Epoch [1320/1600], Loss: 0.0001
Epoch [1380/1600], Loss: 0.0000
Epoch [1440/1600], Loss: 0.0001
Epoch [1500/1600], Loss: 0.0000
Epoch [1560/1600], Loss: 0.0003
0.6862911581993103
0.6770517826080322
0.6740222573280334
0.6717288494110107
0.6698826551437378
Test Power of C2ST-L:  1.0
Epoch [60/1600], Loss: 0.0038
Epoch [120/1600], Loss: 0.0005
Epoch [180/1600], Loss: 0.0011
Epoch [240/1600], Loss: 0.0017
Epoch [300/1600], Loss: 0.0002
Epoch [360/1600], Loss: 0.0006
Epoch [420/1600], Loss: 0.0001
Epoch [480/1600], Loss: 0.0001
Epoch [540/1600], Loss: 0.0001
Epoch [600/1600], Loss: 0.0004
Epoch [660/1600], Loss: 0.0000
Epoch [720/1600], Loss: 0.0001
Epoch [780/1600], Loss: 0.0000
Epoch [840/1600], Loss: 0.0000
Epoch [900/1600], Loss: 0.0000
Epoch [960/1600], Loss: 0.0001
Epoch [1020/1600], Loss: 0.0001
Epoch [1080/1600], Loss: 0.0000
Epoch [1140/1600], Loss: 0.0000
Epoch [1200/1600], Loss: 0.0000
Epoch [1260/1600], Loss: 0.0001
Epoch [1320/1600], Loss: 0.0001
Epoch [1380/1600], Loss: 0.0000
Epoch [1440/1600], Loss: 0.0010
Epoch [1500/1600], Loss: 0.0001
Epoch [1560/1600], Loss: 0.0001
0.6876631379127502
0.6792397499084473
0.6730455756187439
0.6717845797538757
0.6702908873558044
Test Power of C2ST-L:  0.0
Epoch [60/1600], Loss: 0.0030
Epoch [120/1600], Loss: 0.0020
Epoch [180/1600], Loss: 0.0001
Epoch [240/1600], Loss: 0.0001
Epoch [300/1600], Loss: 0.0001
Epoch [360/1600], Loss: 0.0001
Epoch [420/1600], Loss: 0.0000
Epoch [480/1600], Loss: 0.0000
Epoch [540/1600], Loss: 0.0000
Epoch [600/1600], Loss: 0.0001
Epoch [660/1600], Loss: 0.0000
Epoch [720/1600], Loss: 0.0001
Epoch [780/1600], Loss: 0.0000
Epoch [840/1600], Loss: 0.0000
Epoch [900/1600], Loss: 0.0000
Epoch [960/1600], Loss: 0.0000
Epoch [1020/1600], Loss: 0.0010
Epoch [1080/1600], Loss: 0.0000
Epoch [1140/1600], Loss: 0.0002
Epoch [1200/1600], Loss: 0.0000
Epoch [1260/1600], Loss: 0.0000
Epoch [1320/1600], Loss: 0.0000
Epoch [1380/1600], Loss: 0.0000
Epoch [1440/1600], Loss: 0.0000
Epoch [1500/1600], Loss: 0.0000
Epoch [1560/1600], Loss: 0.0000
0.6910787224769592
0.6883091926574707
0.6829614639282227
0.6808525323867798
0.6801708340644836
Test Power of C2ST-L:  0.0
Epoch [60/1600], Loss: 0.0041
Epoch [120/1600], Loss: 0.0004
Epoch [180/1600], Loss: 0.0002
Epoch [240/1600], Loss: 0.0001
Epoch [300/1600], Loss: 0.0001
Epoch [360/1600], Loss: 0.0001
Epoch [420/1600], Loss: 0.0001
Epoch [480/1600], Loss: 0.0000
Epoch [540/1600], Loss: 0.0000
Epoch [600/1600], Loss: 0.0000
Epoch [660/1600], Loss: 0.0000
Epoch [720/1600], Loss: 0.0000
Epoch [780/1600], Loss: 0.0000
Epoch [840/1600], Loss: 0.0000
Epoch [900/1600], Loss: 0.0000
Epoch [960/1600], Loss: 0.0001
Epoch [1020/1600], Loss: 0.0008
Epoch [1080/1600], Loss: 0.0000
Epoch [1140/1600], Loss: 0.0000
Epoch [1200/1600], Loss: 0.0000
Epoch [1260/1600], Loss: 0.0000
Epoch [1320/1600], Loss: 0.0002
Epoch [1380/1600], Loss: 0.0000
Epoch [1440/1600], Loss: 0.0001
Epoch [1500/1600], Loss: 0.0000
Epoch [1560/1600], Loss: 0.0000
0.6899857521057129
0.6852254867553711
0.6802140474319458
0.6786195039749146
0.6772657036781311
Test Power of C2ST-L:  0.0
Epoch [60/1600], Loss: 0.0022
Epoch [120/1600], Loss: 0.0007
Epoch [180/1600], Loss: 0.0002
Epoch [240/1600], Loss: 0.0001
Epoch [300/1600], Loss: 0.0002
Epoch [360/1600], Loss: 0.0000
Epoch [420/1600], Loss: 0.0017
Epoch [480/1600], Loss: 0.0000
Epoch [540/1600], Loss: 0.0002
Epoch [600/1600], Loss: 0.0000
Epoch [660/1600], Loss: 0.0003
Epoch [720/1600], Loss: 0.0000
Epoch [780/1600], Loss: 0.0001
Epoch [840/1600], Loss: 0.0000
Epoch [900/1600], Loss: 0.0000
Epoch [960/1600], Loss: 0.0000
Epoch [1020/1600], Loss: 0.0000
Epoch [1080/1600], Loss: 0.0000
Epoch [1140/1600], Loss: 0.0000
Epoch [1200/1600], Loss: 0.0000
Epoch [1260/1600], Loss: 0.0000
Epoch [1320/1600], Loss: 0.0000
Epoch [1380/1600], Loss: 0.0000
Epoch [1440/1600], Loss: 0.0000
Epoch [1500/1600], Loss: 0.0002
Epoch [1560/1600], Loss: 0.0000
0.6880719065666199
0.6848005652427673
0.6796727776527405
0.6728320717811584
0.6714919805526733
Test Power of C2ST-L:  0.0
Epoch [60/1600], Loss: 0.0039
Epoch [120/1600], Loss: 0.0007
Epoch [180/1600], Loss: 0.0004
Epoch [240/1600], Loss: 0.0002
Epoch [300/1600], Loss: 0.0001
Epoch [360/1600], Loss: 0.0006
Epoch [420/1600], Loss: 0.0000
Epoch [480/1600], Loss: 0.0000
Epoch [540/1600], Loss: 0.0007
Epoch [600/1600], Loss: 0.0002
Epoch [660/1600], Loss: 0.0000
Epoch [720/1600], Loss: 0.0000
Epoch [780/1600], Loss: 0.0000
Epoch [840/1600], Loss: 0.0002
Epoch [900/1600], Loss: 0.0001
Epoch [960/1600], Loss: 0.0001
Epoch [1020/1600], Loss: 0.0002
Epoch [1080/1600], Loss: 0.0000
Epoch [1140/1600], Loss: 0.0002
Epoch [1200/1600], Loss: 0.0001
Epoch [1260/1600], Loss: 0.0001
Epoch [1320/1600], Loss: 0.0000
Epoch [1380/1600], Loss: 0.0000
Epoch [1440/1600], Loss: 0.0000
Epoch [1500/1600], Loss: 0.0000
Epoch [1560/1600], Loss: 0.0000
0.6895549893379211
0.686140775680542
0.6825196146965027
0.6787450909614563
0.6760885715484619
Test Power of C2ST-L:  1.0
Epoch [60/1600], Loss: 0.0038
Epoch [120/1600], Loss: 0.0002
Epoch [180/1600], Loss: 0.0002
Epoch [240/1600], Loss: 0.0001
Epoch [300/1600], Loss: 0.0001
Epoch [360/1600], Loss: 0.0004
Epoch [420/1600], Loss: 0.0001
Epoch [480/1600], Loss: 0.0011
Epoch [540/1600], Loss: 0.0001
Epoch [600/1600], Loss: 0.0000
Epoch [660/1600], Loss: 0.0000
Epoch [720/1600], Loss: 0.0000
Epoch [780/1600], Loss: 0.0001
Epoch [840/1600], Loss: 0.0000
Epoch [900/1600], Loss: 0.0000
Epoch [960/1600], Loss: 0.0000
Epoch [1020/1600], Loss: 0.0000
Epoch [1080/1600], Loss: 0.0000
Epoch [1140/1600], Loss: 0.0000
Epoch [1200/1600], Loss: 0.0000
Epoch [1260/1600], Loss: 0.0000
Epoch [1320/1600], Loss: 0.0000
Epoch [1380/1600], Loss: 0.0000
Epoch [1440/1600], Loss: 0.0000
Epoch [1500/1600], Loss: 0.0000
Epoch [1560/1600], Loss: 0.0000
0.6891027688980103
0.6785851120948792
0.67168128490448
0.6678364276885986
0.6652315258979797
Test Power of C2ST-L:  1.0
Epoch [60/1600], Loss: 0.0081
Epoch [120/1600], Loss: 0.0005
Epoch [180/1600], Loss: 0.0001
Epoch [240/1600], Loss: 0.0001
Epoch [300/1600], Loss: 0.0001
Epoch [360/1600], Loss: 0.0005
Epoch [420/1600], Loss: 0.0001
Epoch [480/1600], Loss: 0.0001
Epoch [540/1600], Loss: 0.0000
Epoch [600/1600], Loss: 0.0000
Epoch [660/1600], Loss: 0.0000
Epoch [720/1600], Loss: 0.0000
Epoch [780/1600], Loss: 0.0001
Epoch [840/1600], Loss: 0.0012
Epoch [900/1600], Loss: 0.0000
Epoch [960/1600], Loss: 0.0000
Epoch [1020/1600], Loss: 0.0000
Epoch [1080/1600], Loss: 0.0001
Epoch [1140/1600], Loss: 0.0001
Epoch [1200/1600], Loss: 0.0003
Epoch [1260/1600], Loss: 0.0000
Epoch [1320/1600], Loss: 0.0000
Epoch [1380/1600], Loss: 0.0000
Epoch [1440/1600], Loss: 0.0000
Epoch [1500/1600], Loss: 0.0000
Epoch [1560/1600], Loss: 0.0000
0.6870643496513367
0.6783130168914795
0.6762255430221558
0.6737035512924194
0.6704062819480896
Test Power of C2ST-L:  1.0
Epoch [60/1600], Loss: 0.0066
Epoch [120/1600], Loss: 0.0005
Epoch [180/1600], Loss: 0.0010
Epoch [240/1600], Loss: 0.0003
Epoch [300/1600], Loss: 0.0001
Epoch [360/1600], Loss: 0.0015
Epoch [420/1600], Loss: 0.0000
Epoch [480/1600], Loss: 0.0000
Epoch [540/1600], Loss: 0.0002
Epoch [600/1600], Loss: 0.0000
Epoch [660/1600], Loss: 0.0019
Epoch [720/1600], Loss: 0.0000
Epoch [780/1600], Loss: 0.0000
Epoch [840/1600], Loss: 0.0003
Epoch [900/1600], Loss: 0.0000
Epoch [960/1600], Loss: 0.0015
Epoch [1020/1600], Loss: 0.0000
Epoch [1080/1600], Loss: 0.0000
Epoch [1140/1600], Loss: 0.0004
Epoch [1200/1600], Loss: 0.0000
Epoch [1260/1600], Loss: 0.0005
Epoch [1320/1600], Loss: 0.0000
Epoch [1380/1600], Loss: 0.0008
Epoch [1440/1600], Loss: 0.0002
Epoch [1500/1600], Loss: 0.0000
Epoch [1560/1600], Loss: 0.0000
0.6865919232368469
0.6797565817832947
0.6774877309799194
0.6737618446350098
0.6683359146118164
Test Power of C2ST-L:  1.0
Epoch [60/1600], Loss: 0.0053
Epoch [120/1600], Loss: 0.0018
Epoch [180/1600], Loss: 0.0004
Epoch [240/1600], Loss: 0.0003
Epoch [300/1600], Loss: 0.0001
Epoch [360/1600], Loss: 0.0001
Epoch [420/1600], Loss: 0.0001
Epoch [480/1600], Loss: 0.0000
Epoch [540/1600], Loss: 0.0000
Epoch [600/1600], Loss: 0.0016
Epoch [660/1600], Loss: 0.0000
Epoch [720/1600], Loss: 0.0000
Epoch [780/1600], Loss: 0.0000
Epoch [840/1600], Loss: 0.0000
Epoch [900/1600], Loss: 0.0004
Epoch [960/1600], Loss: 0.0000
Epoch [1020/1600], Loss: 0.0000
Epoch [1080/1600], Loss: 0.0001
Epoch [1140/1600], Loss: 0.0003
Epoch [1200/1600], Loss: 0.0002
Epoch [1260/1600], Loss: 0.0000
Epoch [1320/1600], Loss: 0.0000
Epoch [1380/1600], Loss: 0.0000
Epoch [1440/1600], Loss: 0.0000
Epoch [1500/1600], Loss: 0.0000
Epoch [1560/1600], Loss: 0.0001
0.6894128322601318
0.6824414134025574
0.6796886920928955
0.6781620383262634
0.676968514919281
Test Power of C2ST-L:  0.0
Epoch [60/1600], Loss: 0.0049
Epoch [120/1600], Loss: 0.0006
Epoch [180/1600], Loss: 0.0001
Epoch [240/1600], Loss: 0.0003
Epoch [300/1600], Loss: 0.0001
Epoch [360/1600], Loss: 0.0002
Epoch [420/1600], Loss: 0.0000
Epoch [480/1600], Loss: 0.0000
Epoch [540/1600], Loss: 0.0000
Epoch [600/1600], Loss: 0.0000
Epoch [660/1600], Loss: 0.0000
Epoch [720/1600], Loss: 0.0000
Epoch [780/1600], Loss: 0.0001
Epoch [840/1600], Loss: 0.0002
Epoch [900/1600], Loss: 0.0000
Epoch [960/1600], Loss: 0.0001
Epoch [1020/1600], Loss: 0.0000
Epoch [1080/1600], Loss: 0.0000
Epoch [1140/1600], Loss: 0.0007
Epoch [1200/1600], Loss: 0.0000
Epoch [1260/1600], Loss: 0.0000
Epoch [1320/1600], Loss: 0.0001
Epoch [1380/1600], Loss: 0.0001
Epoch [1440/1600], Loss: 0.0001
Epoch [1500/1600], Loss: 0.0001
Epoch [1560/1600], Loss: 0.0001
0.6812666654586792
0.6725117564201355
0.669169008731842
0.666302502155304
0.6637431383132935
Test Power of C2ST-L:  0.0
Epoch [60/1600], Loss: 0.0076
Epoch [120/1600], Loss: 0.0005
Epoch [180/1600], Loss: 0.0003
Epoch [240/1600], Loss: 0.0001
Epoch [300/1600], Loss: 0.0001
Epoch [360/1600], Loss: 0.0016
Epoch [420/1600], Loss: 0.0001
Epoch [480/1600], Loss: 0.0003
Epoch [540/1600], Loss: 0.0000
Epoch [600/1600], Loss: 0.0000
Epoch [660/1600], Loss: 0.0000
Epoch [720/1600], Loss: 0.0000
Epoch [780/1600], Loss: 0.0001
Epoch [840/1600], Loss: 0.0004
Epoch [900/1600], Loss: 0.0001
Epoch [960/1600], Loss: 0.0003
Epoch [1020/1600], Loss: 0.0000
Epoch [1080/1600], Loss: 0.0001
Epoch [1140/1600], Loss: 0.0000
Epoch [1200/1600], Loss: 0.0000
Epoch [1260/1600], Loss: 0.0002
Epoch [1320/1600], Loss: 0.0007
Epoch [1380/1600], Loss: 0.0009
Epoch [1440/1600], Loss: 0.0000
Epoch [1500/1600], Loss: 0.0000
Epoch [1560/1600], Loss: 0.0000
0.6899588704109192
0.6828304529190063
0.6796408295631409
0.6753158569335938
0.6720641851425171
Test Power of C2ST-L:  0.0
Epoch [60/1600], Loss: 0.0079
Epoch [120/1600], Loss: 0.0003
Epoch [180/1600], Loss: 0.0001
Epoch [240/1600], Loss: 0.0001
Epoch [300/1600], Loss: 0.0002
Epoch [360/1600], Loss: 0.0001
Epoch [420/1600], Loss: 0.0001
Epoch [480/1600], Loss: 0.0000
Epoch [540/1600], Loss: 0.0000
Epoch [600/1600], Loss: 0.0000
Epoch [660/1600], Loss: 0.0000
Epoch [720/1600], Loss: 0.0002
Epoch [780/1600], Loss: 0.0009
Epoch [840/1600], Loss: 0.0001
Epoch [900/1600], Loss: 0.0000
Epoch [960/1600], Loss: 0.0000
Epoch [1020/1600], Loss: 0.0000
Epoch [1080/1600], Loss: 0.0000
Epoch [1140/1600], Loss: 0.0014
Epoch [1200/1600], Loss: 0.0004
Epoch [1260/1600], Loss: 0.0000
Epoch [1320/1600], Loss: 0.0000
Epoch [1380/1600], Loss: 0.0000
Epoch [1440/1600], Loss: 0.0000
Epoch [1500/1600], Loss: 0.0000
Epoch [1560/1600], Loss: 0.0001
0.6899258494377136
0.6849623322486877
0.6842103600502014
0.6832115054130554
0.681327760219574
Test Power of C2ST-L:  1.0
Epoch [60/1600], Loss: 0.0037
Epoch [120/1600], Loss: 0.0004
Epoch [180/1600], Loss: 0.0014
Epoch [240/1600], Loss: 0.0016
Epoch [300/1600], Loss: 0.0002
Epoch [360/1600], Loss: 0.0001
Epoch [420/1600], Loss: 0.0000
Epoch [480/1600], Loss: 0.0001
Epoch [540/1600], Loss: 0.0000
Epoch [600/1600], Loss: 0.0000
Epoch [660/1600], Loss: 0.0000
Epoch [720/1600], Loss: 0.0000
Epoch [780/1600], Loss: 0.0000
Epoch [840/1600], Loss: 0.0000
Epoch [900/1600], Loss: 0.0000
Epoch [960/1600], Loss: 0.0000
Epoch [1020/1600], Loss: 0.0000
Epoch [1080/1600], Loss: 0.0002
Epoch [1140/1600], Loss: 0.0001
Epoch [1200/1600], Loss: 0.0001
Epoch [1260/1600], Loss: 0.0000
Epoch [1320/1600], Loss: 0.0001
Epoch [1380/1600], Loss: 0.0000
Epoch [1440/1600], Loss: 0.0000
Epoch [1500/1600], Loss: 0.0000
Epoch [1560/1600], Loss: 0.0000
0.6878767013549805
0.6751911044120789
0.6736059784889221
0.6726582646369934
0.6719841957092285
Test Power of C2ST-L:  0.0
Epoch [60/1600], Loss: 0.0037
Epoch [120/1600], Loss: 0.0016
Epoch [180/1600], Loss: 0.0002
Epoch [240/1600], Loss: 0.0004
Epoch [300/1600], Loss: 0.0024
Epoch [360/1600], Loss: 0.0010
Epoch [420/1600], Loss: 0.0000
Epoch [480/1600], Loss: 0.0001
Epoch [540/1600], Loss: 0.0000
Epoch [600/1600], Loss: 0.0000
Epoch [660/1600], Loss: 0.0002
Epoch [720/1600], Loss: 0.0000
Epoch [780/1600], Loss: 0.0001
Epoch [840/1600], Loss: 0.0000
Epoch [900/1600], Loss: 0.0001
Epoch [960/1600], Loss: 0.0000
Epoch [1020/1600], Loss: 0.0002
Epoch [1080/1600], Loss: 0.0001
Epoch [1140/1600], Loss: 0.0011
Epoch [1200/1600], Loss: 0.0000
Epoch [1260/1600], Loss: 0.0001
Epoch [1320/1600], Loss: 0.0000
Epoch [1380/1600], Loss: 0.0001
Epoch [1440/1600], Loss: 0.0000
Epoch [1500/1600], Loss: 0.0002
Epoch [1560/1600], Loss: 0.0000
0.6903725862503052
0.6881985068321228
0.6861622333526611
0.684983491897583
0.6833603978157043
Test Power of C2ST-L:  0.0
Epoch [60/1600], Loss: 0.0049
Epoch [120/1600], Loss: 0.0003
Epoch [180/1600], Loss: 0.0003
Epoch [240/1600], Loss: 0.0001
Epoch [300/1600], Loss: 0.0001
Epoch [360/1600], Loss: 0.0000
Epoch [420/1600], Loss: 0.0001
Epoch [480/1600], Loss: 0.0001
Epoch [540/1600], Loss: 0.0000
Epoch [600/1600], Loss: 0.0000
Epoch [660/1600], Loss: 0.0000
Epoch [720/1600], Loss: 0.0002
Epoch [780/1600], Loss: 0.0000
Epoch [840/1600], Loss: 0.0000
Epoch [900/1600], Loss: 0.0004
Epoch [960/1600], Loss: 0.0000
Epoch [1020/1600], Loss: 0.0000
Epoch [1080/1600], Loss: 0.0000
Epoch [1140/1600], Loss: 0.0000
Epoch [1200/1600], Loss: 0.0000
Epoch [1260/1600], Loss: 0.0000
Epoch [1320/1600], Loss: 0.0000
Epoch [1380/1600], Loss: 0.0000
Epoch [1440/1600], Loss: 0.0001
Epoch [1500/1600], Loss: 0.0000
Epoch [1560/1600], Loss: 0.0002
0.686459481716156
0.6771639585494995
0.6711261868476868
0.66727614402771
0.6656225323677063
Test Power of C2ST-L:  0.0
Epoch [60/1600], Loss: 0.0029
Epoch [120/1600], Loss: 0.0004
Epoch [180/1600], Loss: 0.0002
Epoch [240/1600], Loss: 0.0002
Epoch [300/1600], Loss: 0.0001
Epoch [360/1600], Loss: 0.0001
Epoch [420/1600], Loss: 0.0005
Epoch [480/1600], Loss: 0.0001
Epoch [540/1600], Loss: 0.0001
Epoch [600/1600], Loss: 0.0018
Epoch [660/1600], Loss: 0.0000
Epoch [720/1600], Loss: 0.0013
Epoch [780/1600], Loss: 0.0000
Epoch [840/1600], Loss: 0.0000
Epoch [900/1600], Loss: 0.0000
Epoch [960/1600], Loss: 0.0000
Epoch [1020/1600], Loss: 0.0000
Epoch [1080/1600], Loss: 0.0001
Epoch [1140/1600], Loss: 0.0005
Epoch [1200/1600], Loss: 0.0000
Epoch [1260/1600], Loss: 0.0000
Epoch [1320/1600], Loss: 0.0000
Epoch [1380/1600], Loss: 0.0000
Epoch [1440/1600], Loss: 0.0000
Epoch [1500/1600], Loss: 0.0000
Epoch [1560/1600], Loss: 0.0000
0.6876099705696106
0.6779499650001526
0.6694087982177734
0.666865348815918
0.6653468608856201
Test Power of C2ST-L:  1.0
Epoch [60/1600], Loss: 0.0060
Epoch [120/1600], Loss: 0.0019
Epoch [180/1600], Loss: 0.0002
Epoch [240/1600], Loss: 0.0001
Epoch [300/1600], Loss: 0.0001
Epoch [360/1600], Loss: 0.0000
Epoch [420/1600], Loss: 0.0001
Epoch [480/1600], Loss: 0.0000
Epoch [540/1600], Loss: 0.0000
Epoch [600/1600], Loss: 0.0000
Epoch [660/1600], Loss: 0.0000
Epoch [720/1600], Loss: 0.0006
Epoch [780/1600], Loss: 0.0000
Epoch [840/1600], Loss: 0.0001
Epoch [900/1600], Loss: 0.0016
Epoch [960/1600], Loss: 0.0012
Epoch [1020/1600], Loss: 0.0017
Epoch [1080/1600], Loss: 0.0000
Epoch [1140/1600], Loss: 0.0000
Epoch [1200/1600], Loss: 0.0006
Epoch [1260/1600], Loss: 0.0000
Epoch [1320/1600], Loss: 0.0000
Epoch [1380/1600], Loss: 0.0000
Epoch [1440/1600], Loss: 0.0001
Epoch [1500/1600], Loss: 0.0001
Epoch [1560/1600], Loss: 0.0001
0.6847891807556152
0.681583046913147
0.6806683540344238
0.6799293160438538
0.6793071627616882
Test Power of C2ST-L:  0.0
Epoch [60/1600], Loss: 0.0068
Epoch [120/1600], Loss: 0.0004
Epoch [180/1600], Loss: 0.0002
Epoch [240/1600], Loss: 0.0001
Epoch [300/1600], Loss: 0.0001
Epoch [360/1600], Loss: 0.0001
Epoch [420/1600], Loss: 0.0000
Epoch [480/1600], Loss: 0.0001
Epoch [540/1600], Loss: 0.0000
Epoch [600/1600], Loss: 0.0000
Epoch [660/1600], Loss: 0.0001
Epoch [720/1600], Loss: 0.0000
Epoch [780/1600], Loss: 0.0001
Epoch [840/1600], Loss: 0.0000
Epoch [900/1600], Loss: 0.0000
Epoch [960/1600], Loss: 0.0000
Epoch [1020/1600], Loss: 0.0000
Epoch [1080/1600], Loss: 0.0000
Epoch [1140/1600], Loss: 0.0001
Epoch [1200/1600], Loss: 0.0000
Epoch [1260/1600], Loss: 0.0001
Epoch [1320/1600], Loss: 0.0000
Epoch [1380/1600], Loss: 0.0008
Epoch [1440/1600], Loss: 0.0000
Epoch [1500/1600], Loss: 0.0000
Epoch [1560/1600], Loss: 0.0001
0.6890775561332703
0.6804443001747131
0.6736434102058411
0.6671039462089539
0.6653623580932617
Test Power of C2ST-L:  1.0
Epoch [60/1600], Loss: 0.0056
Epoch [120/1600], Loss: 0.0003
Epoch [180/1600], Loss: 0.0008
Epoch [240/1600], Loss: 0.0003
Epoch [300/1600], Loss: 0.0001
Epoch [360/1600], Loss: 0.0000
Epoch [420/1600], Loss: 0.0000
Epoch [480/1600], Loss: 0.0000
Epoch [540/1600], Loss: 0.0000
Epoch [600/1600], Loss: 0.0000
Epoch [660/1600], Loss: 0.0000
Epoch [720/1600], Loss: 0.0000
Epoch [780/1600], Loss: 0.0000
Epoch [840/1600], Loss: 0.0001
Epoch [900/1600], Loss: 0.0001
Epoch [960/1600], Loss: 0.0000
Epoch [1020/1600], Loss: 0.0000
Epoch [1080/1600], Loss: 0.0000
Epoch [1140/1600], Loss: 0.0000
Epoch [1200/1600], Loss: 0.0000
Epoch [1260/1600], Loss: 0.0000
Epoch [1320/1600], Loss: 0.0000
Epoch [1380/1600], Loss: 0.0000
Epoch [1440/1600], Loss: 0.0000
Epoch [1500/1600], Loss: 0.0000
Epoch [1560/1600], Loss: 0.0000
0.689664900302887
0.6836144924163818
0.6808609962463379
0.6798640489578247
0.6791991591453552
Test Power of C2ST-L:  0.0
Epoch [60/1600], Loss: 0.0053
Epoch [120/1600], Loss: 0.0004
Epoch [180/1600], Loss: 0.0002
Epoch [240/1600], Loss: 0.0001
Epoch [300/1600], Loss: 0.0001
Epoch [360/1600], Loss: 0.0000
Epoch [420/1600], Loss: 0.0000
Epoch [480/1600], Loss: 0.0001
Epoch [540/1600], Loss: 0.0000
Epoch [600/1600], Loss: 0.0000
Epoch [660/1600], Loss: 0.0002
Epoch [720/1600], Loss: 0.0009
Epoch [780/1600], Loss: 0.0000
Epoch [840/1600], Loss: 0.0001
Epoch [900/1600], Loss: 0.0000
Epoch [960/1600], Loss: 0.0003
Epoch [1020/1600], Loss: 0.0000
Epoch [1080/1600], Loss: 0.0000
Epoch [1140/1600], Loss: 0.0000
Epoch [1200/1600], Loss: 0.0002
Epoch [1260/1600], Loss: 0.0006
Epoch [1320/1600], Loss: 0.0000
Epoch [1380/1600], Loss: 0.0002
Epoch [1440/1600], Loss: 0.0000
Epoch [1500/1600], Loss: 0.0000
Epoch [1560/1600], Loss: 0.0000
0.6894629597663879
0.6831542253494263
0.6776548027992249
0.6733341217041016
0.6690458059310913
Test Power of C2ST-L:  0.0
Epoch [60/1600], Loss: 0.0049
Epoch [120/1600], Loss: 0.0004
Epoch [180/1600], Loss: 0.0003
Epoch [240/1600], Loss: 0.0003
Epoch [300/1600], Loss: 0.0001
Epoch [360/1600], Loss: 0.0001
Epoch [420/1600], Loss: 0.0008
Epoch [480/1600], Loss: 0.0002
Epoch [540/1600], Loss: 0.0001
Epoch [600/1600], Loss: 0.0000
Epoch [660/1600], Loss: 0.0001
Epoch [720/1600], Loss: 0.0003
Epoch [780/1600], Loss: 0.0000
Epoch [840/1600], Loss: 0.0002
Epoch [900/1600], Loss: 0.0000
Epoch [960/1600], Loss: 0.0000
Epoch [1020/1600], Loss: 0.0000
Epoch [1080/1600], Loss: 0.0002
Epoch [1140/1600], Loss: 0.0000
Epoch [1200/1600], Loss: 0.0000
Epoch [1260/1600], Loss: 0.0000
Epoch [1320/1600], Loss: 0.0002
Epoch [1380/1600], Loss: 0.0000
Epoch [1440/1600], Loss: 0.0002
Epoch [1500/1600], Loss: 0.0011
Epoch [1560/1600], Loss: 0.0001
0.6852289438247681
0.6763682961463928
0.674708902835846
0.6720168590545654
0.6708837151527405
Test Power of C2ST-L:  0.0
Epoch [60/1600], Loss: 0.0067
Epoch [120/1600], Loss: 0.0002
Epoch [180/1600], Loss: 0.0001
Epoch [240/1600], Loss: 0.0001
Epoch [300/1600], Loss: 0.0005
Epoch [360/1600], Loss: 0.0001
Epoch [420/1600], Loss: 0.0002
Epoch [480/1600], Loss: 0.0024
Epoch [540/1600], Loss: 0.0001
Epoch [600/1600], Loss: 0.0003
Epoch [660/1600], Loss: 0.0000
Epoch [720/1600], Loss: 0.0001
Epoch [780/1600], Loss: 0.0000
Epoch [840/1600], Loss: 0.0001
Epoch [900/1600], Loss: 0.0005
Epoch [960/1600], Loss: 0.0000
Epoch [1020/1600], Loss: 0.0001
Epoch [1080/1600], Loss: 0.0004
Epoch [1140/1600], Loss: 0.0000
Epoch [1200/1600], Loss: 0.0000
Epoch [1260/1600], Loss: 0.0008
Epoch [1320/1600], Loss: 0.0007
Epoch [1380/1600], Loss: 0.0000
Epoch [1440/1600], Loss: 0.0000
Epoch [1500/1600], Loss: 0.0000
Epoch [1560/1600], Loss: 0.0001
0.6857069730758667
0.673507034778595
0.6650401949882507
0.66182941198349
0.6597285270690918
Test Power of C2ST-L:  1.0
Epoch [60/1600], Loss: 0.0037
Epoch [120/1600], Loss: 0.0005
Epoch [180/1600], Loss: 0.0004
Epoch [240/1600], Loss: 0.0008
Epoch [300/1600], Loss: 0.0001
Epoch [360/1600], Loss: 0.0001
Epoch [420/1600], Loss: 0.0001
Epoch [480/1600], Loss: 0.0000
Epoch [540/1600], Loss: 0.0000
Epoch [600/1600], Loss: 0.0000
Epoch [660/1600], Loss: 0.0000
Epoch [720/1600], Loss: 0.0000
Epoch [780/1600], Loss: 0.0000
Epoch [840/1600], Loss: 0.0000
Epoch [900/1600], Loss: 0.0000
Epoch [960/1600], Loss: 0.0001
Epoch [1020/1600], Loss: 0.0000
Epoch [1080/1600], Loss: 0.0002
Epoch [1140/1600], Loss: 0.0000
Epoch [1200/1600], Loss: 0.0000
Epoch [1260/1600], Loss: 0.0001
Epoch [1320/1600], Loss: 0.0001
Epoch [1380/1600], Loss: 0.0002
Epoch [1440/1600], Loss: 0.0000
Epoch [1500/1600], Loss: 0.0002
Epoch [1560/1600], Loss: 0.0000
0.6836581826210022
0.6710471510887146
0.6698545217514038
0.6687681078910828
0.6679810285568237
Test Power of C2ST-L:  1.0
Epoch [60/1600], Loss: 0.0067
Epoch [120/1600], Loss: 0.0005
Epoch [180/1600], Loss: 0.0002
Epoch [240/1600], Loss: 0.0001
Epoch [300/1600], Loss: 0.0001
Epoch [360/1600], Loss: 0.0002
Epoch [420/1600], Loss: 0.0001
Epoch [480/1600], Loss: 0.0001
Epoch [540/1600], Loss: 0.0003
Epoch [600/1600], Loss: 0.0000
Epoch [660/1600], Loss: 0.0001
Epoch [720/1600], Loss: 0.0001
Epoch [780/1600], Loss: 0.0064
Epoch [840/1600], Loss: 0.0000
Epoch [900/1600], Loss: 0.0000
Epoch [960/1600], Loss: 0.0000
Epoch [1020/1600], Loss: 0.0000
Epoch [1080/1600], Loss: 0.0001
Epoch [1140/1600], Loss: 0.0049
Epoch [1200/1600], Loss: 0.0000
Epoch [1260/1600], Loss: 0.0001
Epoch [1320/1600], Loss: 0.0000
Epoch [1380/1600], Loss: 0.0000
Epoch [1440/1600], Loss: 0.0000
Epoch [1500/1600], Loss: 0.0000
Epoch [1560/1600], Loss: 0.0006
0.6880248785018921
0.6837636828422546
0.679116427898407
0.6765191555023193
0.6746193170547485
Test Power of C2ST-L:  0.0
Epoch [60/1600], Loss: 0.0034
Epoch [120/1600], Loss: 0.0005
Epoch [180/1600], Loss: 0.0012
Epoch [240/1600], Loss: 0.0002
Epoch [300/1600], Loss: 0.0002
Epoch [360/1600], Loss: 0.0001
Epoch [420/1600], Loss: 0.0001
Epoch [480/1600], Loss: 0.0000
Epoch [540/1600], Loss: 0.0000
Epoch [600/1600], Loss: 0.0003
Epoch [660/1600], Loss: 0.0001
Epoch [720/1600], Loss: 0.0000
Epoch [780/1600], Loss: 0.0001
Epoch [840/1600], Loss: 0.0000
Epoch [900/1600], Loss: 0.0000
Epoch [960/1600], Loss: 0.0002
Epoch [1020/1600], Loss: 0.0000
Epoch [1080/1600], Loss: 0.0000
Epoch [1140/1600], Loss: 0.0001
Epoch [1200/1600], Loss: 0.0001
Epoch [1260/1600], Loss: 0.0005
Epoch [1320/1600], Loss: 0.0000
Epoch [1380/1600], Loss: 0.0000
Epoch [1440/1600], Loss: 0.0001
Epoch [1500/1600], Loss: 0.0000
Epoch [1560/1600], Loss: 0.0001
0.6866413354873657
0.6789782643318176
0.6783374547958374
0.6779405474662781
0.6770837306976318
Test Power of C2ST-L:  0.0
Epoch [60/1600], Loss: 0.0031
Epoch [120/1600], Loss: 0.0005
Epoch [180/1600], Loss: 0.0002
Epoch [240/1600], Loss: 0.0001
Epoch [300/1600], Loss: 0.0001
Epoch [360/1600], Loss: 0.0003
Epoch [420/1600], Loss: 0.0001
Epoch [480/1600], Loss: 0.0007
Epoch [540/1600], Loss: 0.0002
Epoch [600/1600], Loss: 0.0001
Epoch [660/1600], Loss: 0.0000
Epoch [720/1600], Loss: 0.0000
Epoch [780/1600], Loss: 0.0001
Epoch [840/1600], Loss: 0.0001
Epoch [900/1600], Loss: 0.0000
Epoch [960/1600], Loss: 0.0000
Epoch [1020/1600], Loss: 0.0000
Epoch [1080/1600], Loss: 0.0000
Epoch [1140/1600], Loss: 0.0002
Epoch [1200/1600], Loss: 0.0001
Epoch [1260/1600], Loss: 0.0002
Epoch [1320/1600], Loss: 0.0000
Epoch [1380/1600], Loss: 0.0000
Epoch [1440/1600], Loss: 0.0000
Epoch [1500/1600], Loss: 0.0000
Epoch [1560/1600], Loss: 0.0000
0.6902697682380676
0.6848897337913513
0.6801910400390625
0.6785695552825928
0.6777700781822205
Test Power of C2ST-L:  0.0
Epoch [60/1600], Loss: 0.0057
Epoch [120/1600], Loss: 0.0006
Epoch [180/1600], Loss: 0.0010
Epoch [240/1600], Loss: 0.0001
Epoch [300/1600], Loss: 0.0001
Epoch [360/1600], Loss: 0.0002
Epoch [420/1600], Loss: 0.0002
Epoch [480/1600], Loss: 0.0000
Epoch [540/1600], Loss: 0.0032
Epoch [600/1600], Loss: 0.0000
Epoch [660/1600], Loss: 0.0000
Epoch [720/1600], Loss: 0.0000
Epoch [780/1600], Loss: 0.0003
Epoch [840/1600], Loss: 0.0000
Epoch [900/1600], Loss: 0.0003
Epoch [960/1600], Loss: 0.0000
Epoch [1020/1600], Loss: 0.0000
Epoch [1080/1600], Loss: 0.0000
Epoch [1140/1600], Loss: 0.0001
Epoch [1200/1600], Loss: 0.0000
Epoch [1260/1600], Loss: 0.0001
Epoch [1320/1600], Loss: 0.0000
Epoch [1380/1600], Loss: 0.0001
Epoch [1440/1600], Loss: 0.0003
Epoch [1500/1600], Loss: 0.0000
Epoch [1560/1600], Loss: 0.0000
0.6829479932785034
0.6726601719856262
0.6703550219535828
0.66892009973526
0.6676477789878845
Test Power of C2ST-L:  1.0
Epoch [60/1600], Loss: 0.0040
Epoch [120/1600], Loss: 0.0004
Epoch [180/1600], Loss: 0.0002
Epoch [240/1600], Loss: 0.0001
Epoch [300/1600], Loss: 0.0001
Epoch [360/1600], Loss: 0.0035
Epoch [420/1600], Loss: 0.0000
Epoch [480/1600], Loss: 0.0002
Epoch [540/1600], Loss: 0.0001
Epoch [600/1600], Loss: 0.0003
Epoch [660/1600], Loss: 0.0005
Epoch [720/1600], Loss: 0.0003
Epoch [780/1600], Loss: 0.0000
Epoch [840/1600], Loss: 0.0000
Epoch [900/1600], Loss: 0.0000
Epoch [960/1600], Loss: 0.0000
Epoch [1020/1600], Loss: 0.0000
Epoch [1080/1600], Loss: 0.0000
Epoch [1140/1600], Loss: 0.0003
Epoch [1200/1600], Loss: 0.0001
Epoch [1260/1600], Loss: 0.0000
Epoch [1320/1600], Loss: 0.0000
Epoch [1380/1600], Loss: 0.0001
Epoch [1440/1600], Loss: 0.0000
Epoch [1500/1600], Loss: 0.0000
Epoch [1560/1600], Loss: 0.0003
0.6896375417709351
0.685396134853363
0.6830547451972961
0.6806372404098511
0.677763819694519
Test Power of C2ST-L:  0.0
Epoch [60/1600], Loss: 0.0041
Epoch [120/1600], Loss: 0.0003
Epoch [180/1600], Loss: 0.0001
Epoch [240/1600], Loss: 0.0001
Epoch [300/1600], Loss: 0.0001
Epoch [360/1600], Loss: 0.0001
Epoch [420/1600], Loss: 0.0000
Epoch [480/1600], Loss: 0.0002
Epoch [540/1600], Loss: 0.0001
Epoch [600/1600], Loss: 0.0001
Epoch [660/1600], Loss: 0.0000
Epoch [720/1600], Loss: 0.0000
Epoch [780/1600], Loss: 0.0000
Epoch [840/1600], Loss: 0.0000
Epoch [900/1600], Loss: 0.0019
Epoch [960/1600], Loss: 0.0000
Epoch [1020/1600], Loss: 0.0000
Epoch [1080/1600], Loss: 0.0000
Epoch [1140/1600], Loss: 0.0000
Epoch [1200/1600], Loss: 0.0001
Epoch [1260/1600], Loss: 0.0000
Epoch [1320/1600], Loss: 0.0000
Epoch [1380/1600], Loss: 0.0001
Epoch [1440/1600], Loss: 0.0000
Epoch [1500/1600], Loss: 0.0000
Epoch [1560/1600], Loss: 0.0000
0.6893816590309143
0.6784405708312988
0.6734018921852112
0.6680709719657898
0.6658970713615417
Test Power of C2ST-L:  1.0
Epoch [60/1600], Loss: 0.0087
Epoch [120/1600], Loss: 0.0004
Epoch [180/1600], Loss: 0.0002
Epoch [240/1600], Loss: 0.0001
Epoch [300/1600], Loss: 0.0001
Epoch [360/1600], Loss: 0.0001
Epoch [420/1600], Loss: 0.0000
Epoch [480/1600], Loss: 0.0000
Epoch [540/1600], Loss: 0.0000
Epoch [600/1600], Loss: 0.0000
Epoch [660/1600], Loss: 0.0000
Epoch [720/1600], Loss: 0.0000
Epoch [780/1600], Loss: 0.0000
Epoch [840/1600], Loss: 0.0000
Epoch [900/1600], Loss: 0.0002
Epoch [960/1600], Loss: 0.0000
Epoch [1020/1600], Loss: 0.0002
Epoch [1080/1600], Loss: 0.0002
Epoch [1140/1600], Loss: 0.0000
Epoch [1200/1600], Loss: 0.0000
Epoch [1260/1600], Loss: 0.0000
Epoch [1320/1600], Loss: 0.0000
Epoch [1380/1600], Loss: 0.0004
Epoch [1440/1600], Loss: 0.0000
Epoch [1500/1600], Loss: 0.0005
Epoch [1560/1600], Loss: 0.0000
0.6879485249519348
0.6798779368400574
0.6775131821632385
0.6736093163490295
0.6702355146408081
Test Power of C2ST-L:  0.0
Epoch [60/1600], Loss: 0.0049
Epoch [120/1600], Loss: 0.0005
Epoch [180/1600], Loss: 0.0002
Epoch [240/1600], Loss: 0.0001
Epoch [300/1600], Loss: 0.0006
Epoch [360/1600], Loss: 0.0001
Epoch [420/1600], Loss: 0.0001
Epoch [480/1600], Loss: 0.0005
Epoch [540/1600], Loss: 0.0000
Epoch [600/1600], Loss: 0.0000
Epoch [660/1600], Loss: 0.0001
Epoch [720/1600], Loss: 0.0000
Epoch [780/1600], Loss: 0.0000
Epoch [840/1600], Loss: 0.0000
Epoch [900/1600], Loss: 0.0002
Epoch [960/1600], Loss: 0.0000
Epoch [1020/1600], Loss: 0.0000
Epoch [1080/1600], Loss: 0.0011
Epoch [1140/1600], Loss: 0.0005
Epoch [1200/1600], Loss: 0.0000
Epoch [1260/1600], Loss: 0.0000
Epoch [1320/1600], Loss: 0.0000
Epoch [1380/1600], Loss: 0.0000
Epoch [1440/1600], Loss: 0.0000
Epoch [1500/1600], Loss: 0.0001
Epoch [1560/1600], Loss: 0.0001
0.6878061294555664
0.6774728894233704
0.6738612055778503
0.6726340651512146
0.6715887784957886
Test Power of C2ST-L:  1.0
Epoch [60/1600], Loss: 0.0028
Epoch [120/1600], Loss: 0.0010
Epoch [180/1600], Loss: 0.0006
Epoch [240/1600], Loss: 0.0001
Epoch [300/1600], Loss: 0.0001
Epoch [360/1600], Loss: 0.0001
Epoch [420/1600], Loss: 0.0003
Epoch [480/1600], Loss: 0.0001
Epoch [540/1600], Loss: 0.0000
Epoch [600/1600], Loss: 0.0000
Epoch [660/1600], Loss: 0.0000
Epoch [720/1600], Loss: 0.0002
Epoch [780/1600], Loss: 0.0002
Epoch [840/1600], Loss: 0.0000
Epoch [900/1600], Loss: 0.0000
Epoch [960/1600], Loss: 0.0001
Epoch [1020/1600], Loss: 0.0001
Epoch [1080/1600], Loss: 0.0000
Epoch [1140/1600], Loss: 0.0000
Epoch [1200/1600], Loss: 0.0002
Epoch [1260/1600], Loss: 0.0000
Epoch [1320/1600], Loss: 0.0001
Epoch [1380/1600], Loss: 0.0002
Epoch [1440/1600], Loss: 0.0000
Epoch [1500/1600], Loss: 0.0000
Epoch [1560/1600], Loss: 0.0000
0.6831437945365906
0.6658491492271423
0.6644154191017151
0.6633692979812622
0.6621891260147095
Test Power of C2ST-L:  0.0
Epoch [60/1600], Loss: 0.0038
Epoch [120/1600], Loss: 0.0006
Epoch [180/1600], Loss: 0.0004
Epoch [240/1600], Loss: 0.0002
Epoch [300/1600], Loss: 0.0003
Epoch [360/1600], Loss: 0.0002
Epoch [420/1600], Loss: 0.0001
Epoch [480/1600], Loss: 0.0008
Epoch [540/1600], Loss: 0.0000
Epoch [600/1600], Loss: 0.0000
Epoch [660/1600], Loss: 0.0000
Epoch [720/1600], Loss: 0.0000
Epoch [780/1600], Loss: 0.0002
Epoch [840/1600], Loss: 0.0000
Epoch [900/1600], Loss: 0.0008
Epoch [960/1600], Loss: 0.0000
Epoch [1020/1600], Loss: 0.0000
Epoch [1080/1600], Loss: 0.0001
Epoch [1140/1600], Loss: 0.0001
Epoch [1200/1600], Loss: 0.0000
Epoch [1260/1600], Loss: 0.0001
Epoch [1320/1600], Loss: 0.0000
Epoch [1380/1600], Loss: 0.0000
Epoch [1440/1600], Loss: 0.0000
Epoch [1500/1600], Loss: 0.0002
Epoch [1560/1600], Loss: 0.0000
0.6914006471633911
0.6880273818969727
0.6840948462486267
0.6798951029777527
0.6731734275817871
Test Power of C2ST-L:  0.0
Epoch [60/1600], Loss: 0.0047
Epoch [120/1600], Loss: 0.0004
Epoch [180/1600], Loss: 0.0001
Epoch [240/1600], Loss: 0.0002
Epoch [300/1600], Loss: 0.0002
Epoch [360/1600], Loss: 0.0001
Epoch [420/1600], Loss: 0.0000
Epoch [480/1600], Loss: 0.0001
Epoch [540/1600], Loss: 0.0000
Epoch [600/1600], Loss: 0.0000
Epoch [660/1600], Loss: 0.0002
Epoch [720/1600], Loss: 0.0001
Epoch [780/1600], Loss: 0.0000
Epoch [840/1600], Loss: 0.0002
Epoch [900/1600], Loss: 0.0000
Epoch [960/1600], Loss: 0.0000
Epoch [1020/1600], Loss: 0.0002
Epoch [1080/1600], Loss: 0.0000
Epoch [1140/1600], Loss: 0.0003
Epoch [1200/1600], Loss: 0.0000
Epoch [1260/1600], Loss: 0.0000
Epoch [1320/1600], Loss: 0.0004
Epoch [1380/1600], Loss: 0.0000
Epoch [1440/1600], Loss: 0.0011
Epoch [1500/1600], Loss: 0.0001
Epoch [1560/1600], Loss: 0.0000
0.687763512134552
0.6730247735977173
0.6704272031784058
0.667194664478302
0.6655955910682678
Test Power of C2ST-L:  0.0
Epoch [60/1600], Loss: 0.0034
Epoch [120/1600], Loss: 0.0007
Epoch [180/1600], Loss: 0.0037
Epoch [240/1600], Loss: 0.0002
Epoch [300/1600], Loss: 0.0001
Epoch [360/1600], Loss: 0.0000
Epoch [420/1600], Loss: 0.0003
Epoch [480/1600], Loss: 0.0001
Epoch [540/1600], Loss: 0.0001
Epoch [600/1600], Loss: 0.0000
Epoch [660/1600], Loss: 0.0007
Epoch [720/1600], Loss: 0.0001
Epoch [780/1600], Loss: 0.0019
Epoch [840/1600], Loss: 0.0000
Epoch [900/1600], Loss: 0.0000
Epoch [960/1600], Loss: 0.0000
Epoch [1020/1600], Loss: 0.0000
Epoch [1080/1600], Loss: 0.0002
Epoch [1140/1600], Loss: 0.0000
Epoch [1200/1600], Loss: 0.0000
Epoch [1260/1600], Loss: 0.0000
Epoch [1320/1600], Loss: 0.0000
Epoch [1380/1600], Loss: 0.0001
Epoch [1440/1600], Loss: 0.0000
Epoch [1500/1600], Loss: 0.0000
Epoch [1560/1600], Loss: 0.0000
0.689324140548706
0.6880344152450562
0.6855158805847168
0.6834894418716431
0.6808019280433655
Test Power of C2ST-L:  1.0
Epoch [60/1600], Loss: 0.0028
Epoch [120/1600], Loss: 0.0003
Epoch [180/1600], Loss: 0.0002
Epoch [240/1600], Loss: 0.0001
Epoch [300/1600], Loss: 0.0006
Epoch [360/1600], Loss: 0.0000
Epoch [420/1600], Loss: 0.0001
Epoch [480/1600], Loss: 0.0000
Epoch [540/1600], Loss: 0.0002
Epoch [600/1600], Loss: 0.0001
Epoch [660/1600], Loss: 0.0000
Epoch [720/1600], Loss: 0.0000
Epoch [780/1600], Loss: 0.0000
Epoch [840/1600], Loss: 0.0001
Epoch [900/1600], Loss: 0.0000
Epoch [960/1600], Loss: 0.0000
Epoch [1020/1600], Loss: 0.0000
Epoch [1080/1600], Loss: 0.0000
Epoch [1140/1600], Loss: 0.0000
Epoch [1200/1600], Loss: 0.0000
Epoch [1260/1600], Loss: 0.0000
Epoch [1320/1600], Loss: 0.0001
Epoch [1380/1600], Loss: 0.0000
Epoch [1440/1600], Loss: 0.0000
Epoch [1500/1600], Loss: 0.0001
Epoch [1560/1600], Loss: 0.0000
0.6905729174613953
0.6825770139694214
0.6782963275909424
0.67574143409729
0.673564076423645
Test Power of C2ST-L:  1.0
Epoch [60/1600], Loss: 0.0030
Epoch [120/1600], Loss: 0.0004
Epoch [180/1600], Loss: 0.0001
Epoch [240/1600], Loss: 0.0001
Epoch [300/1600], Loss: 0.0002
Epoch [360/1600], Loss: 0.0001
Epoch [420/1600], Loss: 0.0001
Epoch [480/1600], Loss: 0.0001
Epoch [540/1600], Loss: 0.0003
Epoch [600/1600], Loss: 0.0000
Epoch [660/1600], Loss: 0.0000
Epoch [720/1600], Loss: 0.0000
Epoch [780/1600], Loss: 0.0000
Epoch [840/1600], Loss: 0.0000
Epoch [900/1600], Loss: 0.0000
Epoch [960/1600], Loss: 0.0000
Epoch [1020/1600], Loss: 0.0000
Epoch [1080/1600], Loss: 0.0000
Epoch [1140/1600], Loss: 0.0000
Epoch [1200/1600], Loss: 0.0001
Epoch [1260/1600], Loss: 0.0002
Epoch [1320/1600], Loss: 0.0000
Epoch [1380/1600], Loss: 0.0000
Epoch [1440/1600], Loss: 0.0001
Epoch [1500/1600], Loss: 0.0000
Epoch [1560/1600], Loss: 0.0001
0.6867150664329529
0.6723777055740356
0.6682944893836975
0.6644060015678406
0.6624929308891296
Test Power of C2ST-L:  0.0
Epoch [60/1600], Loss: 0.0041
Epoch [120/1600], Loss: 0.0003
Epoch [180/1600], Loss: 0.0002
Epoch [240/1600], Loss: 0.0001
Epoch [300/1600], Loss: 0.0003
Epoch [360/1600], Loss: 0.0001
Epoch [420/1600], Loss: 0.0001
Epoch [480/1600], Loss: 0.0001
Epoch [540/1600], Loss: 0.0002
Epoch [600/1600], Loss: 0.0000
Epoch [660/1600], Loss: 0.0002
Epoch [720/1600], Loss: 0.0000
Epoch [780/1600], Loss: 0.0001
Epoch [840/1600], Loss: 0.0015
Epoch [900/1600], Loss: 0.0000
Epoch [960/1600], Loss: 0.0000
Epoch [1020/1600], Loss: 0.0001
Epoch [1080/1600], Loss: 0.0003
Epoch [1140/1600], Loss: 0.0000
Epoch [1200/1600], Loss: 0.0001
Epoch [1260/1600], Loss: 0.0000
Epoch [1320/1600], Loss: 0.0001
Epoch [1380/1600], Loss: 0.0000
Epoch [1440/1600], Loss: 0.0001
Epoch [1500/1600], Loss: 0.0000
Epoch [1560/1600], Loss: 0.0000
0.6887343525886536
0.6751301884651184
0.6684616804122925
0.6665490865707397
0.6657171249389648
Test Power of C2ST-L:  0.0
Epoch [60/1600], Loss: 0.0040
Epoch [120/1600], Loss: 0.0006
Epoch [180/1600], Loss: 0.0002
Epoch [240/1600], Loss: 0.0001
Epoch [300/1600], Loss: 0.0001
Epoch [360/1600], Loss: 0.0001
Epoch [420/1600], Loss: 0.0000
Epoch [480/1600], Loss: 0.0001
Epoch [540/1600], Loss: 0.0001
Epoch [600/1600], Loss: 0.0001
Epoch [660/1600], Loss: 0.0001
Epoch [720/1600], Loss: 0.0001
Epoch [780/1600], Loss: 0.0000
Epoch [840/1600], Loss: 0.0003
Epoch [900/1600], Loss: 0.0020
Epoch [960/1600], Loss: 0.0000
Epoch [1020/1600], Loss: 0.0000
Epoch [1080/1600], Loss: 0.0001
Epoch [1140/1600], Loss: 0.0000
Epoch [1200/1600], Loss: 0.0001
Epoch [1260/1600], Loss: 0.0000
Epoch [1320/1600], Loss: 0.0000
Epoch [1380/1600], Loss: 0.0000
Epoch [1440/1600], Loss: 0.0000
Epoch [1500/1600], Loss: 0.0001
Epoch [1560/1600], Loss: 0.0003
0.6861675977706909
0.6763161420822144
0.6743427515029907
0.6721211671829224
0.6676656603813171
Test Power of C2ST-L:  1.0
Epoch [60/1600], Loss: 0.0039
Epoch [120/1600], Loss: 0.0003
Epoch [180/1600], Loss: 0.0001
Epoch [240/1600], Loss: 0.0015
Epoch [300/1600], Loss: 0.0001
Epoch [360/1600], Loss: 0.0000
Epoch [420/1600], Loss: 0.0000
Epoch [480/1600], Loss: 0.0009
Epoch [540/1600], Loss: 0.0000
Epoch [600/1600], Loss: 0.0000
Epoch [660/1600], Loss: 0.0001
Epoch [720/1600], Loss: 0.0000
Epoch [780/1600], Loss: 0.0000
Epoch [840/1600], Loss: 0.0000
Epoch [900/1600], Loss: 0.0000
Epoch [960/1600], Loss: 0.0023
Epoch [1020/1600], Loss: 0.0000
Epoch [1080/1600], Loss: 0.0000
Epoch [1140/1600], Loss: 0.0000
Epoch [1200/1600], Loss: 0.0002
Epoch [1260/1600], Loss: 0.0000
Epoch [1320/1600], Loss: 0.0003
Epoch [1380/1600], Loss: 0.0000
Epoch [1440/1600], Loss: 0.0000
Epoch [1500/1600], Loss: 0.0000
Epoch [1560/1600], Loss: 0.0000
0.6832671761512756
0.6749474406242371
0.6664639115333557
0.6635460257530212
0.6611151695251465
Test Power of C2ST-L:  0.0
Epoch [60/1600], Loss: 0.0026
Epoch [120/1600], Loss: 0.0004
Epoch [180/1600], Loss: 0.0002
Epoch [240/1600], Loss: 0.0006
Epoch [300/1600], Loss: 0.0001
Epoch [360/1600], Loss: 0.0000
Epoch [420/1600], Loss: 0.0001
Epoch [480/1600], Loss: 0.0000
Epoch [540/1600], Loss: 0.0000
Epoch [600/1600], Loss: 0.0000
Epoch [660/1600], Loss: 0.0001
Epoch [720/1600], Loss: 0.0000
Epoch [780/1600], Loss: 0.0025
Epoch [840/1600], Loss: 0.0000
Epoch [900/1600], Loss: 0.0000
Epoch [960/1600], Loss: 0.0000
Epoch [1020/1600], Loss: 0.0001
Epoch [1080/1600], Loss: 0.0000
Epoch [1140/1600], Loss: 0.0000
Epoch [1200/1600], Loss: 0.0000
Epoch [1260/1600], Loss: 0.0001
Epoch [1320/1600], Loss: 0.0001
Epoch [1380/1600], Loss: 0.0004
Epoch [1440/1600], Loss: 0.0003
Epoch [1500/1600], Loss: 0.0000
Epoch [1560/1600], Loss: 0.0002
0.6881211996078491
0.6847140789031982
0.680099368095398
0.6749653816223145
0.6714810729026794
Test Power of C2ST-L:  0.0
Epoch [60/1600], Loss: 0.0033
Epoch [120/1600], Loss: 0.0003
Epoch [180/1600], Loss: 0.0004
Epoch [240/1600], Loss: 0.0001
Epoch [300/1600], Loss: 0.0006
Epoch [360/1600], Loss: 0.0001
Epoch [420/1600], Loss: 0.0001
Epoch [480/1600], Loss: 0.0000
Epoch [540/1600], Loss: 0.0000
Epoch [600/1600], Loss: 0.0001
Epoch [660/1600], Loss: 0.0001
Epoch [720/1600], Loss: 0.0004
Epoch [780/1600], Loss: 0.0000
Epoch [840/1600], Loss: 0.0000
Epoch [900/1600], Loss: 0.0000
Epoch [960/1600], Loss: 0.0000
Epoch [1020/1600], Loss: 0.0001
Epoch [1080/1600], Loss: 0.0001
Epoch [1140/1600], Loss: 0.0000
Epoch [1200/1600], Loss: 0.0000
Epoch [1260/1600], Loss: 0.0001
Epoch [1320/1600], Loss: 0.0000
Epoch [1380/1600], Loss: 0.0000
Epoch [1440/1600], Loss: 0.0000
Epoch [1500/1600], Loss: 0.0001
Epoch [1560/1600], Loss: 0.0000
0.6893737316131592
0.682980477809906
0.6789777874946594
0.6764784455299377
0.674990713596344
Test Power of C2ST-L:  1.0
Epoch [60/1600], Loss: 0.0043
Epoch [120/1600], Loss: 0.0005
Epoch [180/1600], Loss: 0.0001
Epoch [240/1600], Loss: 0.0001
Epoch [300/1600], Loss: 0.0001
Epoch [360/1600], Loss: 0.0001
Epoch [420/1600], Loss: 0.0001
Epoch [480/1600], Loss: 0.0000
Epoch [540/1600], Loss: 0.0024
Epoch [600/1600], Loss: 0.0000
Epoch [660/1600], Loss: 0.0009
Epoch [720/1600], Loss: 0.0001
Epoch [780/1600], Loss: 0.0000
Epoch [840/1600], Loss: 0.0002
Epoch [900/1600], Loss: 0.0004
Epoch [960/1600], Loss: 0.0000
Epoch [1020/1600], Loss: 0.0000
Epoch [1080/1600], Loss: 0.0000
Epoch [1140/1600], Loss: 0.0005
Epoch [1200/1600], Loss: 0.0000
Epoch [1260/1600], Loss: 0.0000
Epoch [1320/1600], Loss: 0.0001
Epoch [1380/1600], Loss: 0.0000
Epoch [1440/1600], Loss: 0.0000
Epoch [1500/1600], Loss: 0.0001
Epoch [1560/1600], Loss: 0.0000
0.6895751953125
0.6817214488983154
0.6768616437911987
0.6754977703094482
0.6743687987327576
Test Power of C2ST-L:  0.0
Epoch [60/1600], Loss: 0.0058
Epoch [120/1600], Loss: 0.0023
Epoch [180/1600], Loss: 0.0001
Epoch [240/1600], Loss: 0.0001
Epoch [300/1600], Loss: 0.0001
Epoch [360/1600], Loss: 0.0001
Epoch [420/1600], Loss: 0.0000
Epoch [480/1600], Loss: 0.0000
Epoch [540/1600], Loss: 0.0000
Epoch [600/1600], Loss: 0.0000
Epoch [660/1600], Loss: 0.0000
Epoch [720/1600], Loss: 0.0000
Epoch [780/1600], Loss: 0.0000
Epoch [840/1600], Loss: 0.0001
Epoch [900/1600], Loss: 0.0000
Epoch [960/1600], Loss: 0.0000
Epoch [1020/1600], Loss: 0.0000
Epoch [1080/1600], Loss: 0.0000
Epoch [1140/1600], Loss: 0.0000
Epoch [1200/1600], Loss: 0.0000
Epoch [1260/1600], Loss: 0.0001
Epoch [1320/1600], Loss: 0.0000
Epoch [1380/1600], Loss: 0.0000
Epoch [1440/1600], Loss: 0.0000
Epoch [1500/1600], Loss: 0.0000
Epoch [1560/1600], Loss: 0.0001
0.689346432685852
0.6863751411437988
0.6825546026229858
0.678173840045929
0.6756700873374939
Test Power of C2ST-L:  0.0
Epoch [60/1600], Loss: 0.0053
Epoch [120/1600], Loss: 0.0026
Epoch [180/1600], Loss: 0.0007
Epoch [240/1600], Loss: 0.0001
Epoch [300/1600], Loss: 0.0001
Epoch [360/1600], Loss: 0.0001
Epoch [420/1600], Loss: 0.0000
Epoch [480/1600], Loss: 0.0000
Epoch [540/1600], Loss: 0.0006
Epoch [600/1600], Loss: 0.0000
Epoch [660/1600], Loss: 0.0000
Epoch [720/1600], Loss: 0.0000
Epoch [780/1600], Loss: 0.0000
Epoch [840/1600], Loss: 0.0007
Epoch [900/1600], Loss: 0.0010
Epoch [960/1600], Loss: 0.0000
Epoch [1020/1600], Loss: 0.0002
Epoch [1080/1600], Loss: 0.0000
Epoch [1140/1600], Loss: 0.0001
Epoch [1200/1600], Loss: 0.0000
Epoch [1260/1600], Loss: 0.0000
Epoch [1320/1600], Loss: 0.0000
Epoch [1380/1600], Loss: 0.0000
Epoch [1440/1600], Loss: 0.0000
Epoch [1500/1600], Loss: 0.0000
Epoch [1560/1600], Loss: 0.0005
0.6852754950523376
0.6733758449554443
0.6726811528205872
0.671963632106781
0.6712295413017273
Test Power of C2ST-L:  1.0
Epoch [60/1600], Loss: 0.0115
Epoch [120/1600], Loss: 0.0006
Epoch [180/1600], Loss: 0.0002
Epoch [240/1600], Loss: 0.0005
Epoch [300/1600], Loss: 0.0001
Epoch [360/1600], Loss: 0.0003
Epoch [420/1600], Loss: 0.0001
Epoch [480/1600], Loss: 0.0000
Epoch [540/1600], Loss: 0.0008
Epoch [600/1600], Loss: 0.0000
Epoch [660/1600], Loss: 0.0022
Epoch [720/1600], Loss: 0.0000
Epoch [780/1600], Loss: 0.0001
Epoch [840/1600], Loss: 0.0003
Epoch [900/1600], Loss: 0.0000
Epoch [960/1600], Loss: 0.0004
Epoch [1020/1600], Loss: 0.0000
Epoch [1080/1600], Loss: 0.0008
Epoch [1140/1600], Loss: 0.0000
Epoch [1200/1600], Loss: 0.0001
Epoch [1260/1600], Loss: 0.0000
Epoch [1320/1600], Loss: 0.0001
Epoch [1380/1600], Loss: 0.0000
Epoch [1440/1600], Loss: 0.0001
Epoch [1500/1600], Loss: 0.0000
Epoch [1560/1600], Loss: 0.0000
0.6896566152572632
0.6820307374000549
0.6766945719718933
0.6717477440834045
0.6708776950836182
Test Power of C2ST-L:  1.0
Epoch [60/1600], Loss: 0.0035
Epoch [120/1600], Loss: 0.0006
Epoch [180/1600], Loss: 0.0029
Epoch [240/1600], Loss: 0.0001
Epoch [300/1600], Loss: 0.0001
Epoch [360/1600], Loss: 0.0001
Epoch [420/1600], Loss: 0.0002
Epoch [480/1600], Loss: 0.0001
Epoch [540/1600], Loss: 0.0000
Epoch [600/1600], Loss: 0.0001
Epoch [660/1600], Loss: 0.0001
Epoch [720/1600], Loss: 0.0001
Epoch [780/1600], Loss: 0.0000
Epoch [840/1600], Loss: 0.0000
Epoch [900/1600], Loss: 0.0001
Epoch [960/1600], Loss: 0.0001
Epoch [1020/1600], Loss: 0.0001
Epoch [1080/1600], Loss: 0.0000
Epoch [1140/1600], Loss: 0.0004
Epoch [1200/1600], Loss: 0.0001
Epoch [1260/1600], Loss: 0.0000
Epoch [1320/1600], Loss: 0.0008
Epoch [1380/1600], Loss: 0.0000
Epoch [1440/1600], Loss: 0.0000
Epoch [1500/1600], Loss: 0.0000
Epoch [1560/1600], Loss: 0.0000
0.6894039511680603
0.6882584691047668
0.6858017444610596
0.6820040345191956
0.6768083572387695
Test Power of C2ST-L:  0.0
Epoch [60/1600], Loss: 0.0038
Epoch [120/1600], Loss: 0.0010
Epoch [180/1600], Loss: 0.0007
Epoch [240/1600], Loss: 0.0001
Epoch [300/1600], Loss: 0.0001
Epoch [360/1600], Loss: 0.0000
Epoch [420/1600], Loss: 0.0001
Epoch [480/1600], Loss: 0.0000
Epoch [540/1600], Loss: 0.0003
Epoch [600/1600], Loss: 0.0000
Epoch [660/1600], Loss: 0.0000
Epoch [720/1600], Loss: 0.0000
Epoch [780/1600], Loss: 0.0000
Epoch [840/1600], Loss: 0.0001
Epoch [900/1600], Loss: 0.0001
Epoch [960/1600], Loss: 0.0000
Epoch [1020/1600], Loss: 0.0003
Epoch [1080/1600], Loss: 0.0000
Epoch [1140/1600], Loss: 0.0000
Epoch [1200/1600], Loss: 0.0000
Epoch [1260/1600], Loss: 0.0005
Epoch [1320/1600], Loss: 0.0001
Epoch [1380/1600], Loss: 0.0000
Epoch [1440/1600], Loss: 0.0000
Epoch [1500/1600], Loss: 0.0000
Epoch [1560/1600], Loss: 0.0000
0.691021740436554
0.6884597539901733
0.6859706044197083
0.6828248500823975
0.6795445084571838
Test Power of C2ST-L:  0.0
Epoch [60/1600], Loss: 0.0053
Epoch [120/1600], Loss: 0.0006
Epoch [180/1600], Loss: 0.0002
Epoch [240/1600], Loss: 0.0032
Epoch [300/1600], Loss: 0.0002
Epoch [360/1600], Loss: 0.0001
Epoch [420/1600], Loss: 0.0001
Epoch [480/1600], Loss: 0.0024
Epoch [540/1600], Loss: 0.0008
Epoch [600/1600], Loss: 0.0001
Epoch [660/1600], Loss: 0.0005
Epoch [720/1600], Loss: 0.0007
Epoch [780/1600], Loss: 0.0000
Epoch [840/1600], Loss: 0.0000
Epoch [900/1600], Loss: 0.0000
Epoch [960/1600], Loss: 0.0000
Epoch [1020/1600], Loss: 0.0000
Epoch [1080/1600], Loss: 0.0000
Epoch [1140/1600], Loss: 0.0007
Epoch [1200/1600], Loss: 0.0001
Epoch [1260/1600], Loss: 0.0006
Epoch [1320/1600], Loss: 0.0000
Epoch [1380/1600], Loss: 0.0000
Epoch [1440/1600], Loss: 0.0000
Epoch [1500/1600], Loss: 0.0005
Epoch [1560/1600], Loss: 0.0000
0.6890666484832764
0.681606113910675
0.6749120950698853
0.6728595495223999
0.6711627244949341
Test Power of C2ST-L:  0.0
Epoch [60/1600], Loss: 0.0029
Epoch [120/1600], Loss: 0.0003
Epoch [180/1600], Loss: 0.0001
Epoch [240/1600], Loss: 0.0013
Epoch [300/1600], Loss: 0.0001
Epoch [360/1600], Loss: 0.0001
Epoch [420/1600], Loss: 0.0000
Epoch [480/1600], Loss: 0.0000
Epoch [540/1600], Loss: 0.0005
Epoch [600/1600], Loss: 0.0000
Epoch [660/1600], Loss: 0.0000
Epoch [720/1600], Loss: 0.0000
Epoch [780/1600], Loss: 0.0013
Epoch [840/1600], Loss: 0.0002
Epoch [900/1600], Loss: 0.0000
Epoch [960/1600], Loss: 0.0000
Epoch [1020/1600], Loss: 0.0001
Epoch [1080/1600], Loss: 0.0002
Epoch [1140/1600], Loss: 0.0002
Epoch [1200/1600], Loss: 0.0000
Epoch [1260/1600], Loss: 0.0010
Epoch [1320/1600], Loss: 0.0000
Epoch [1380/1600], Loss: 0.0000
Epoch [1440/1600], Loss: 0.0000
Epoch [1500/1600], Loss: 0.0004
Epoch [1560/1600], Loss: 0.0000
0.6886628866195679
0.6856251955032349
0.6828238368034363
0.6810024380683899
0.6789160370826721
Test Power of C2ST-L:  1.0
Epoch [60/1600], Loss: 0.0047
Epoch [120/1600], Loss: 0.0003
Epoch [180/1600], Loss: 0.0001
Epoch [240/1600], Loss: 0.0003
Epoch [300/1600], Loss: 0.0001
Epoch [360/1600], Loss: 0.0001
Epoch [420/1600], Loss: 0.0000
Epoch [480/1600], Loss: 0.0000
Epoch [540/1600], Loss: 0.0002
Epoch [600/1600], Loss: 0.0003
Epoch [660/1600], Loss: 0.0001
Epoch [720/1600], Loss: 0.0000
Epoch [780/1600], Loss: 0.0000
Epoch [840/1600], Loss: 0.0000
Epoch [900/1600], Loss: 0.0000
Epoch [960/1600], Loss: 0.0000
Epoch [1020/1600], Loss: 0.0000
Epoch [1080/1600], Loss: 0.0000
Epoch [1140/1600], Loss: 0.0000
Epoch [1200/1600], Loss: 0.0000
Epoch [1260/1600], Loss: 0.0006
Epoch [1320/1600], Loss: 0.0000
Epoch [1380/1600], Loss: 0.0000
Epoch [1440/1600], Loss: 0.0000
Epoch [1500/1600], Loss: 0.0000
Epoch [1560/1600], Loss: 0.0000
0.6902333498001099
0.6870295405387878
0.6844160556793213
0.6803591847419739
0.6792049407958984
Test Power of C2ST-L:  0.0
Epoch [60/1600], Loss: 0.0072
Epoch [120/1600], Loss: 0.0005
Epoch [180/1600], Loss: 0.0001
Epoch [240/1600], Loss: 0.0001
Epoch [300/1600], Loss: 0.0001
Epoch [360/1600], Loss: 0.0043
Epoch [420/1600], Loss: 0.0000
Epoch [480/1600], Loss: 0.0000
Epoch [540/1600], Loss: 0.0000
Epoch [600/1600], Loss: 0.0006
Epoch [660/1600], Loss: 0.0000
Epoch [720/1600], Loss: 0.0000
Epoch [780/1600], Loss: 0.0000
Epoch [840/1600], Loss: 0.0000
Epoch [900/1600], Loss: 0.0000
Epoch [960/1600], Loss: 0.0000
Epoch [1020/1600], Loss: 0.0000
Epoch [1080/1600], Loss: 0.0010
Epoch [1140/1600], Loss: 0.0001
Epoch [1200/1600], Loss: 0.0001
Epoch [1260/1600], Loss: 0.0000
Epoch [1320/1600], Loss: 0.0000
Epoch [1380/1600], Loss: 0.0000
Epoch [1440/1600], Loss: 0.0000
Epoch [1500/1600], Loss: 0.0003
Epoch [1560/1600], Loss: 0.0000
0.6860203742980957
0.681613564491272
0.6762579083442688
0.6746873259544373
0.6737622022628784
Test Power of C2ST-L:  1.0
Epoch [60/1600], Loss: 0.0025
Epoch [120/1600], Loss: 0.0004
Epoch [180/1600], Loss: 0.0002
Epoch [240/1600], Loss: 0.0001
Epoch [300/1600], Loss: 0.0002
Epoch [360/1600], Loss: 0.0001
Epoch [420/1600], Loss: 0.0001
Epoch [480/1600], Loss: 0.0003
Epoch [540/1600], Loss: 0.0000
Epoch [600/1600], Loss: 0.0000
Epoch [660/1600], Loss: 0.0000
Epoch [720/1600], Loss: 0.0000
Epoch [780/1600], Loss: 0.0000
Epoch [840/1600], Loss: 0.0003
Epoch [900/1600], Loss: 0.0015
Epoch [960/1600], Loss: 0.0000
Epoch [1020/1600], Loss: 0.0000
Epoch [1080/1600], Loss: 0.0000
Epoch [1140/1600], Loss: 0.0002
Epoch [1200/1600], Loss: 0.0004
Epoch [1260/1600], Loss: 0.0000
Epoch [1320/1600], Loss: 0.0000
Epoch [1380/1600], Loss: 0.0000
Epoch [1440/1600], Loss: 0.0000
Epoch [1500/1600], Loss: 0.0000
Epoch [1560/1600], Loss: 0.0002
0.6883594393730164
0.6748144030570984
0.6699265241622925
0.6659718155860901
0.6643704175949097
Test Power of C2ST-L:  1.0
Epoch [60/1600], Loss: 0.0033
Epoch [120/1600], Loss: 0.0004
Epoch [180/1600], Loss: 0.0003
Epoch [240/1600], Loss: 0.0001
Epoch [300/1600], Loss: 0.0001
Epoch [360/1600], Loss: 0.0001
Epoch [420/1600], Loss: 0.0000
Epoch [480/1600], Loss: 0.0001
Epoch [540/1600], Loss: 0.0000
Epoch [600/1600], Loss: 0.0001
Epoch [660/1600], Loss: 0.0011
Epoch [720/1600], Loss: 0.0002
Epoch [780/1600], Loss: 0.0000
Epoch [840/1600], Loss: 0.0000
Epoch [900/1600], Loss: 0.0000
Epoch [960/1600], Loss: 0.0000
Epoch [1020/1600], Loss: 0.0000
Epoch [1080/1600], Loss: 0.0001
Epoch [1140/1600], Loss: 0.0000
Epoch [1200/1600], Loss: 0.0002
Epoch [1260/1600], Loss: 0.0000
Epoch [1320/1600], Loss: 0.0001
Epoch [1380/1600], Loss: 0.0000
Epoch [1440/1600], Loss: 0.0000
Epoch [1500/1600], Loss: 0.0001
Epoch [1560/1600], Loss: 0.0004
0.6908470988273621
0.685338020324707
0.6780120134353638
0.6750080585479736
0.6704555153846741
Test Power of C2ST-L:  1.0
Epoch [60/1600], Loss: 0.0022
Epoch [120/1600], Loss: 0.0004
Epoch [180/1600], Loss: 0.0001
Epoch [240/1600], Loss: 0.0002
Epoch [300/1600], Loss: 0.0005
Epoch [360/1600], Loss: 0.0009
Epoch [420/1600], Loss: 0.0001
Epoch [480/1600], Loss: 0.0001
Epoch [540/1600], Loss: 0.0001
Epoch [600/1600], Loss: 0.0000
Epoch [660/1600], Loss: 0.0000
Epoch [720/1600], Loss: 0.0000
Epoch [780/1600], Loss: 0.0000
Epoch [840/1600], Loss: 0.0000
Epoch [900/1600], Loss: 0.0002
Epoch [960/1600], Loss: 0.0000
Epoch [1020/1600], Loss: 0.0000
Epoch [1080/1600], Loss: 0.0000
Epoch [1140/1600], Loss: 0.0001
Epoch [1200/1600], Loss: 0.0000
Epoch [1260/1600], Loss: 0.0003
Epoch [1320/1600], Loss: 0.0000
Epoch [1380/1600], Loss: 0.0000
Epoch [1440/1600], Loss: 0.0009
Epoch [1500/1600], Loss: 0.0002
Epoch [1560/1600], Loss: 0.0000
0.6892351508140564
0.6830810904502869
0.6793877482414246
0.6778796315193176
0.6768741011619568
Test Power of C2ST-L:  0.0
Epoch [60/1600], Loss: 0.0041
Epoch [120/1600], Loss: 0.0004
Epoch [180/1600], Loss: 0.0001
Epoch [240/1600], Loss: 0.0001
Epoch [300/1600], Loss: 0.0001
Epoch [360/1600], Loss: 0.0002
Epoch [420/1600], Loss: 0.0000
Epoch [480/1600], Loss: 0.0000
Epoch [540/1600], Loss: 0.0000
Epoch [600/1600], Loss: 0.0019
Epoch [660/1600], Loss: 0.0007
Epoch [720/1600], Loss: 0.0002
Epoch [780/1600], Loss: 0.0000
Epoch [840/1600], Loss: 0.0000
Epoch [900/1600], Loss: 0.0000
Epoch [960/1600], Loss: 0.0000
Epoch [1020/1600], Loss: 0.0000
Epoch [1080/1600], Loss: 0.0001
Epoch [1140/1600], Loss: 0.0000
Epoch [1200/1600], Loss: 0.0001
Epoch [1260/1600], Loss: 0.0000
Epoch [1320/1600], Loss: 0.0000
Epoch [1380/1600], Loss: 0.0000
Epoch [1440/1600], Loss: 0.0001
Epoch [1500/1600], Loss: 0.0000
Epoch [1560/1600], Loss: 0.0011
0.691332221031189
0.6879226565361023
0.6830933094024658
0.6816665530204773
0.6812334060668945
Test Power of C2ST-L:  0.0
Epoch [60/1600], Loss: 0.0035
Epoch [120/1600], Loss: 0.0004
Epoch [180/1600], Loss: 0.0001
Epoch [240/1600], Loss: 0.0004
Epoch [300/1600], Loss: 0.0001
Epoch [360/1600], Loss: 0.0041
Epoch [420/1600], Loss: 0.0001
Epoch [480/1600], Loss: 0.0000
Epoch [540/1600], Loss: 0.0001
Epoch [600/1600], Loss: 0.0000
Epoch [660/1600], Loss: 0.0000
Epoch [720/1600], Loss: 0.0001
Epoch [780/1600], Loss: 0.0000
Epoch [840/1600], Loss: 0.0000
Epoch [900/1600], Loss: 0.0000
Epoch [960/1600], Loss: 0.0000
Epoch [1020/1600], Loss: 0.0000
Epoch [1080/1600], Loss: 0.0000
Epoch [1140/1600], Loss: 0.0002
Epoch [1200/1600], Loss: 0.0000
Epoch [1260/1600], Loss: 0.0001
Epoch [1320/1600], Loss: 0.0000
Epoch [1380/1600], Loss: 0.0000
Epoch [1440/1600], Loss: 0.0000
Epoch [1500/1600], Loss: 0.0000
Epoch [1560/1600], Loss: 0.0005
0.6876340508460999
0.6837537884712219
0.6827943325042725
0.6815076470375061
0.6784155964851379
Test Power of C2ST-L:  0.0
Epoch [60/1600], Loss: 0.0033
Epoch [120/1600], Loss: 0.0004
Epoch [180/1600], Loss: 0.0009
Epoch [240/1600], Loss: 0.0001
Epoch [300/1600], Loss: 0.0015
Epoch [360/1600], Loss: 0.0000
Epoch [420/1600], Loss: 0.0000
Epoch [480/1600], Loss: 0.0000
Epoch [540/1600], Loss: 0.0000
Epoch [600/1600], Loss: 0.0000
Epoch [660/1600], Loss: 0.0006
Epoch [720/1600], Loss: 0.0001
Epoch [780/1600], Loss: 0.0036
Epoch [840/1600], Loss: 0.0000
Epoch [900/1600], Loss: 0.0001
Epoch [960/1600], Loss: 0.0001
Epoch [1020/1600], Loss: 0.0000
Epoch [1080/1600], Loss: 0.0000
Epoch [1140/1600], Loss: 0.0000
Epoch [1200/1600], Loss: 0.0010
Epoch [1260/1600], Loss: 0.0000
Epoch [1320/1600], Loss: 0.0001
Epoch [1380/1600], Loss: 0.0000
Epoch [1440/1600], Loss: 0.0001
Epoch [1500/1600], Loss: 0.0000
Epoch [1560/1600], Loss: 0.0001
0.6897233724594116
0.6842925548553467
0.6824138760566711
0.6811491250991821
0.6782971620559692
Test Power of C2ST-L:  1.0
Epoch [60/1600], Loss: 0.0057
Epoch [120/1600], Loss: 0.0005
Epoch [180/1600], Loss: 0.0002
Epoch [240/1600], Loss: 0.0001
Epoch [300/1600], Loss: 0.0013
Epoch [360/1600], Loss: 0.0001
Epoch [420/1600], Loss: 0.0000
Epoch [480/1600], Loss: 0.0002
Epoch [540/1600], Loss: 0.0000
Epoch [600/1600], Loss: 0.0000
Epoch [660/1600], Loss: 0.0000
Epoch [720/1600], Loss: 0.0002
Epoch [780/1600], Loss: 0.0000
Epoch [840/1600], Loss: 0.0000
Epoch [900/1600], Loss: 0.0001
Epoch [960/1600], Loss: 0.0000
Epoch [1020/1600], Loss: 0.0000
Epoch [1080/1600], Loss: 0.0001
Epoch [1140/1600], Loss: 0.0001
Epoch [1200/1600], Loss: 0.0001
Epoch [1260/1600], Loss: 0.0000
Epoch [1320/1600], Loss: 0.0002
Epoch [1380/1600], Loss: 0.0000
Epoch [1440/1600], Loss: 0.0002
Epoch [1500/1600], Loss: 0.0000
Epoch [1560/1600], Loss: 0.0000
0.6884844303131104
0.6815156936645508
0.6755800843238831
0.6732611060142517
0.6721007823944092
Test Power of C2ST-L:  0.0
Epoch [60/1600], Loss: 0.0055
Epoch [120/1600], Loss: 0.0004
Epoch [180/1600], Loss: 0.0001
Epoch [240/1600], Loss: 0.0078
Epoch [300/1600], Loss: 0.0001
Epoch [360/1600], Loss: 0.0003
Epoch [420/1600], Loss: 0.0000
Epoch [480/1600], Loss: 0.0000
Epoch [540/1600], Loss: 0.0000
Epoch [600/1600], Loss: 0.0000
Epoch [660/1600], Loss: 0.0000
Epoch [720/1600], Loss: 0.0002
Epoch [780/1600], Loss: 0.0000
Epoch [840/1600], Loss: 0.0001
Epoch [900/1600], Loss: 0.0004
Epoch [960/1600], Loss: 0.0000
Epoch [1020/1600], Loss: 0.0008
Epoch [1080/1600], Loss: 0.0002
Epoch [1140/1600], Loss: 0.0000
Epoch [1200/1600], Loss: 0.0000
Epoch [1260/1600], Loss: 0.0000
Epoch [1320/1600], Loss: 0.0000
Epoch [1380/1600], Loss: 0.0002
Epoch [1440/1600], Loss: 0.0001
Epoch [1500/1600], Loss: 0.0000
Epoch [1560/1600], Loss: 0.0000
0.6868149042129517
0.6781639456748962
0.6765503883361816
0.6751168370246887
0.673515796661377
Test Power of C2ST-L:  1.0
Epoch [60/1600], Loss: 0.0045
Epoch [120/1600], Loss: 0.0004
Epoch [180/1600], Loss: 0.0002
Epoch [240/1600], Loss: 0.0001
Epoch [300/1600], Loss: 0.0001
Epoch [360/1600], Loss: 0.0001
Epoch [420/1600], Loss: 0.0000
Epoch [480/1600], Loss: 0.0001
Epoch [540/1600], Loss: 0.0006
Epoch [600/1600], Loss: 0.0001
Epoch [660/1600], Loss: 0.0000
Epoch [720/1600], Loss: 0.0000
Epoch [780/1600], Loss: 0.0000
Epoch [840/1600], Loss: 0.0000
Epoch [900/1600], Loss: 0.0019
Epoch [960/1600], Loss: 0.0000
Epoch [1020/1600], Loss: 0.0001
Epoch [1080/1600], Loss: 0.0000
Epoch [1140/1600], Loss: 0.0000
Epoch [1200/1600], Loss: 0.0000
Epoch [1260/1600], Loss: 0.0001
Epoch [1320/1600], Loss: 0.0000
Epoch [1380/1600], Loss: 0.0005
Epoch [1440/1600], Loss: 0.0004
Epoch [1500/1600], Loss: 0.0009
Epoch [1560/1600], Loss: 0.0000
0.6880181431770325
0.6803852319717407
0.6784137487411499
0.6761734485626221
0.6722519993782043
Test Power of C2ST-L:  1.0
Epoch [60/1600], Loss: 0.0042
Epoch [120/1600], Loss: 0.0003
Epoch [180/1600], Loss: 0.0002
Epoch [240/1600], Loss: 0.0001
Epoch [300/1600], Loss: 0.0001
Epoch [360/1600], Loss: 0.0001
Epoch [420/1600], Loss: 0.0000
Epoch [480/1600], Loss: 0.0000
Epoch [540/1600], Loss: 0.0007
Epoch [600/1600], Loss: 0.0002
Epoch [660/1600], Loss: 0.0000
Epoch [720/1600], Loss: 0.0000
Epoch [780/1600], Loss: 0.0000
Epoch [840/1600], Loss: 0.0001
Epoch [900/1600], Loss: 0.0000
Epoch [960/1600], Loss: 0.0000
Epoch [1020/1600], Loss: 0.0000
Epoch [1080/1600], Loss: 0.0000
Epoch [1140/1600], Loss: 0.0003
Epoch [1200/1600], Loss: 0.0000
Epoch [1260/1600], Loss: 0.0001
Epoch [1320/1600], Loss: 0.0001
Epoch [1380/1600], Loss: 0.0000
Epoch [1440/1600], Loss: 0.0002
Epoch [1500/1600], Loss: 0.0000
Epoch [1560/1600], Loss: 0.0000
0.6859152913093567
0.6780593395233154
0.6754130721092224
0.6733664274215698
0.6697083115577698
Test Power of C2ST-L:  0.0
Epoch [60/1600], Loss: 0.0034
Epoch [120/1600], Loss: 0.0004
Epoch [180/1600], Loss: 0.0007
Epoch [240/1600], Loss: 0.0001
Epoch [300/1600], Loss: 0.0001
Epoch [360/1600], Loss: 0.0001
Epoch [420/1600], Loss: 0.0001
Epoch [480/1600], Loss: 0.0000
Epoch [540/1600], Loss: 0.0003
Epoch [600/1600], Loss: 0.0000
Epoch [660/1600], Loss: 0.0000
Epoch [720/1600], Loss: 0.0000
Epoch [780/1600], Loss: 0.0008
Epoch [840/1600], Loss: 0.0000
Epoch [900/1600], Loss: 0.0001
Epoch [960/1600], Loss: 0.0005
Epoch [1020/1600], Loss: 0.0000
Epoch [1080/1600], Loss: 0.0000
Epoch [1140/1600], Loss: 0.0000
Epoch [1200/1600], Loss: 0.0001
Epoch [1260/1600], Loss: 0.0000
Epoch [1320/1600], Loss: 0.0014
Epoch [1380/1600], Loss: 0.0000
Epoch [1440/1600], Loss: 0.0000
Epoch [1500/1600], Loss: 0.0000
Epoch [1560/1600], Loss: 0.0002
0.6893224716186523
0.6833202838897705
0.6799477338790894
0.6758323907852173
0.6717033982276917
Test Power of C2ST-L:  0.0
Epoch [60/1600], Loss: 0.0055
Epoch [120/1600], Loss: 0.0004
Epoch [180/1600], Loss: 0.0002
Epoch [240/1600], Loss: 0.0001
Epoch [300/1600], Loss: 0.0001
Epoch [360/1600], Loss: 0.0027
Epoch [420/1600], Loss: 0.0001
Epoch [480/1600], Loss: 0.0000
Epoch [540/1600], Loss: 0.0000
Epoch [600/1600], Loss: 0.0000
Epoch [660/1600], Loss: 0.0000
Epoch [720/1600], Loss: 0.0000
Epoch [780/1600], Loss: 0.0000
Epoch [840/1600], Loss: 0.0000
Epoch [900/1600], Loss: 0.0000
Epoch [960/1600], Loss: 0.0000
Epoch [1020/1600], Loss: 0.0000
Epoch [1080/1600], Loss: 0.0000
Epoch [1140/1600], Loss: 0.0000
Epoch [1200/1600], Loss: 0.0000
Epoch [1260/1600], Loss: 0.0000
Epoch [1320/1600], Loss: 0.0000
Epoch [1380/1600], Loss: 0.0000
Epoch [1440/1600], Loss: 0.0001
Epoch [1500/1600], Loss: 0.0000
Epoch [1560/1600], Loss: 0.0001
0.6913405060768127
0.6888503432273865
0.6855356693267822
0.6829742193222046
0.6813386082649231
Test Power of C2ST-L:  0.0
Epoch [60/1600], Loss: 0.0062
Epoch [120/1600], Loss: 0.0006
Epoch [180/1600], Loss: 0.0002
Epoch [240/1600], Loss: 0.0001
Epoch [300/1600], Loss: 0.0001
Epoch [360/1600], Loss: 0.0000
Epoch [420/1600], Loss: 0.0001
Epoch [480/1600], Loss: 0.0001
Epoch [540/1600], Loss: 0.0000
Epoch [600/1600], Loss: 0.0001
Epoch [660/1600], Loss: 0.0001
Epoch [720/1600], Loss: 0.0000
Epoch [780/1600], Loss: 0.0000
Epoch [840/1600], Loss: 0.0000
Epoch [900/1600], Loss: 0.0000
Epoch [960/1600], Loss: 0.0000
Epoch [1020/1600], Loss: 0.0000
Epoch [1080/1600], Loss: 0.0000
Epoch [1140/1600], Loss: 0.0000
Epoch [1200/1600], Loss: 0.0001
Epoch [1260/1600], Loss: 0.0000
Epoch [1320/1600], Loss: 0.0000
Epoch [1380/1600], Loss: 0.0001
Epoch [1440/1600], Loss: 0.0000
Epoch [1500/1600], Loss: 0.0000
Epoch [1560/1600], Loss: 0.0000
0.6890273690223694
0.6844228506088257
0.6798338890075684
0.6739044785499573
0.669563889503479
Test Power of C2ST-L:  1.0
Epoch [60/1600], Loss: 0.0077
Epoch [120/1600], Loss: 0.0005
Epoch [180/1600], Loss: 0.0001
Epoch [240/1600], Loss: 0.0001
Epoch [300/1600], Loss: 0.0001
Epoch [360/1600], Loss: 0.0004
Epoch [420/1600], Loss: 0.0001
Epoch [480/1600], Loss: 0.0001
Epoch [540/1600], Loss: 0.0000
Epoch [600/1600], Loss: 0.0001
Epoch [660/1600], Loss: 0.0000
Epoch [720/1600], Loss: 0.0000
Epoch [780/1600], Loss: 0.0003
Epoch [840/1600], Loss: 0.0001
Epoch [900/1600], Loss: 0.0002
Epoch [960/1600], Loss: 0.0000
Epoch [1020/1600], Loss: 0.0000
Epoch [1080/1600], Loss: 0.0000
Epoch [1140/1600], Loss: 0.0001
Epoch [1200/1600], Loss: 0.0000
Epoch [1260/1600], Loss: 0.0000
Epoch [1320/1600], Loss: 0.0001
Epoch [1380/1600], Loss: 0.0000
Epoch [1440/1600], Loss: 0.0000
Epoch [1500/1600], Loss: 0.0000
Epoch [1560/1600], Loss: 0.0000
0.6846154928207397
0.6754215955734253
0.6710391044616699
0.6680780649185181
0.6641864776611328
Test Power of C2ST-L:  1.0
Epoch [60/1600], Loss: 0.0063
Epoch [120/1600], Loss: 0.0005
Epoch [180/1600], Loss: 0.0008
Epoch [240/1600], Loss: 0.0012
Epoch [300/1600], Loss: 0.0007
Epoch [360/1600], Loss: 0.0001
Epoch [420/1600], Loss: 0.0000
Epoch [480/1600], Loss: 0.0001
Epoch [540/1600], Loss: 0.0000
Epoch [600/1600], Loss: 0.0000
Epoch [660/1600], Loss: 0.0000
Epoch [720/1600], Loss: 0.0001
Epoch [780/1600], Loss: 0.0000
Epoch [840/1600], Loss: 0.0000
Epoch [900/1600], Loss: 0.0000
Epoch [960/1600], Loss: 0.0004
Epoch [1020/1600], Loss: 0.0001
Epoch [1080/1600], Loss: 0.0000
Epoch [1140/1600], Loss: 0.0000
Epoch [1200/1600], Loss: 0.0005
Epoch [1260/1600], Loss: 0.0004
Epoch [1320/1600], Loss: 0.0001
Epoch [1380/1600], Loss: 0.0000
Epoch [1440/1600], Loss: 0.0000
Epoch [1500/1600], Loss: 0.0000
Epoch [1560/1600], Loss: 0.0000
0.6861258149147034
0.6809588670730591
0.6770423650741577
0.6723745465278625
0.6690030694007874
Test Power of C2ST-L:  1.0
Epoch [60/1600], Loss: 0.0023
Epoch [120/1600], Loss: 0.0008
Epoch [180/1600], Loss: 0.0002
Epoch [240/1600], Loss: 0.0006
Epoch [300/1600], Loss: 0.0002
Epoch [360/1600], Loss: 0.0002
Epoch [420/1600], Loss: 0.0000
Epoch [480/1600], Loss: 0.0000
Epoch [540/1600], Loss: 0.0001
Epoch [600/1600], Loss: 0.0000
Epoch [660/1600], Loss: 0.0000
Epoch [720/1600], Loss: 0.0000
Epoch [780/1600], Loss: 0.0000
Epoch [840/1600], Loss: 0.0004
Epoch [900/1600], Loss: 0.0000
Epoch [960/1600], Loss: 0.0006
Epoch [1020/1600], Loss: 0.0000
Epoch [1080/1600], Loss: 0.0000
Epoch [1140/1600], Loss: 0.0000
Epoch [1200/1600], Loss: 0.0000
Epoch [1260/1600], Loss: 0.0000
Epoch [1320/1600], Loss: 0.0001
Epoch [1380/1600], Loss: 0.0001
Epoch [1440/1600], Loss: 0.0000
Epoch [1500/1600], Loss: 0.0002
Epoch [1560/1600], Loss: 0.0000
0.6882646679878235
0.684611439704895
0.6806482672691345
0.6770036220550537
0.6742864847183228
Test Power of C2ST-L:  1.0
Epoch [60/1600], Loss: 0.0034
Epoch [120/1600], Loss: 0.0008
Epoch [180/1600], Loss: 0.0002
Epoch [240/1600], Loss: 0.0001
Epoch [300/1600], Loss: 0.0013
Epoch [360/1600], Loss: 0.0000
Epoch [420/1600], Loss: 0.0002
Epoch [480/1600], Loss: 0.0000
Epoch [540/1600], Loss: 0.0000
Epoch [600/1600], Loss: 0.0000
Epoch [660/1600], Loss: 0.0000
Epoch [720/1600], Loss: 0.0000
Epoch [780/1600], Loss: 0.0000
Epoch [840/1600], Loss: 0.0002
Epoch [900/1600], Loss: 0.0000
Epoch [960/1600], Loss: 0.0000
Epoch [1020/1600], Loss: 0.0000
Epoch [1080/1600], Loss: 0.0006
Epoch [1140/1600], Loss: 0.0000
Epoch [1200/1600], Loss: 0.0000
Epoch [1260/1600], Loss: 0.0000
Epoch [1320/1600], Loss: 0.0000
Epoch [1380/1600], Loss: 0.0000
Epoch [1440/1600], Loss: 0.0000
Epoch [1500/1600], Loss: 0.0001
Epoch [1560/1600], Loss: 0.0001
0.6876986026763916
0.6811653971672058
0.6790183782577515
0.6728174686431885
0.6685249209403992
Test Power of C2ST-L:  1.0
Epoch [60/1600], Loss: 0.0034
Epoch [120/1600], Loss: 0.0005
Epoch [180/1600], Loss: 0.0017
Epoch [240/1600], Loss: 0.0002
Epoch [300/1600], Loss: 0.0001
Epoch [360/1600], Loss: 0.0001
Epoch [420/1600], Loss: 0.0000
Epoch [480/1600], Loss: 0.0000
Epoch [540/1600], Loss: 0.0000
Epoch [600/1600], Loss: 0.0000
Epoch [660/1600], Loss: 0.0001
Epoch [720/1600], Loss: 0.0000
Epoch [780/1600], Loss: 0.0001
Epoch [840/1600], Loss: 0.0004
Epoch [900/1600], Loss: 0.0002
Epoch [960/1600], Loss: 0.0000
Epoch [1020/1600], Loss: 0.0000
Epoch [1080/1600], Loss: 0.0000
Epoch [1140/1600], Loss: 0.0001
Epoch [1200/1600], Loss: 0.0004
Epoch [1260/1600], Loss: 0.0000
Epoch [1320/1600], Loss: 0.0000
Epoch [1380/1600], Loss: 0.0007
Epoch [1440/1600], Loss: 0.0002
Epoch [1500/1600], Loss: 0.0000
Epoch [1560/1600], Loss: 0.0009
0.6896146535873413
0.6834343075752258
0.6818242073059082
0.6794186234474182
0.6766838431358337
Test Power of C2ST-L:  0.0
Epoch [60/1600], Loss: 0.0051
Epoch [120/1600], Loss: 0.0002
Epoch [180/1600], Loss: 0.0003
Epoch [240/1600], Loss: 0.0001
Epoch [300/1600], Loss: 0.0002
Epoch [360/1600], Loss: 0.0001
Epoch [420/1600], Loss: 0.0018
Epoch [480/1600], Loss: 0.0000
Epoch [540/1600], Loss: 0.0000
Epoch [600/1600], Loss: 0.0000
Epoch [660/1600], Loss: 0.0000
Epoch [720/1600], Loss: 0.0001
Epoch [780/1600], Loss: 0.0001
Epoch [840/1600], Loss: 0.0000
Epoch [900/1600], Loss: 0.0000
Epoch [960/1600], Loss: 0.0026
Epoch [1020/1600], Loss: 0.0000
Epoch [1080/1600], Loss: 0.0001
Epoch [1140/1600], Loss: 0.0000
Epoch [1200/1600], Loss: 0.0000
Epoch [1260/1600], Loss: 0.0000
Epoch [1320/1600], Loss: 0.0000
Epoch [1380/1600], Loss: 0.0002
Epoch [1440/1600], Loss: 0.0014
Epoch [1500/1600], Loss: 0.0004
Epoch [1560/1600], Loss: 0.0002
0.6880849599838257
0.6800909042358398
0.6762852668762207
0.6730929017066956
0.6697137951850891
Test Power of C2ST-L:  1.0
Epoch [60/1600], Loss: 0.0049
Epoch [120/1600], Loss: 0.0004
Epoch [180/1600], Loss: 0.0018
Epoch [240/1600], Loss: 0.0027
Epoch [300/1600], Loss: 0.0026
Epoch [360/1600], Loss: 0.0001
Epoch [420/1600], Loss: 0.0000
Epoch [480/1600], Loss: 0.0000
Epoch [540/1600], Loss: 0.0002
Epoch [600/1600], Loss: 0.0004
Epoch [660/1600], Loss: 0.0001
Epoch [720/1600], Loss: 0.0001
Epoch [780/1600], Loss: 0.0000
Epoch [840/1600], Loss: 0.0000
Epoch [900/1600], Loss: 0.0001
Epoch [960/1600], Loss: 0.0000
Epoch [1020/1600], Loss: 0.0000
Epoch [1080/1600], Loss: 0.0007
Epoch [1140/1600], Loss: 0.0001
Epoch [1200/1600], Loss: 0.0000
Epoch [1260/1600], Loss: 0.0001
Epoch [1320/1600], Loss: 0.0001
Epoch [1380/1600], Loss: 0.0001
Epoch [1440/1600], Loss: 0.0005
Epoch [1500/1600], Loss: 0.0000
Epoch [1560/1600], Loss: 0.0000
0.6834520101547241
0.670619010925293
0.6645156741142273
0.6611396074295044
0.6594046354293823
Test Power of C2ST-L:  1.0
Epoch [60/1600], Loss: 0.0028
Epoch [120/1600], Loss: 0.0006
Epoch [180/1600], Loss: 0.0001
Epoch [240/1600], Loss: 0.0001
Epoch [300/1600], Loss: 0.0001
Epoch [360/1600], Loss: 0.0001
Epoch [420/1600], Loss: 0.0001
Epoch [480/1600], Loss: 0.0001
Epoch [540/1600], Loss: 0.0003
Epoch [600/1600], Loss: 0.0000
Epoch [660/1600], Loss: 0.0023
Epoch [720/1600], Loss: 0.0000
Epoch [780/1600], Loss: 0.0000
Epoch [840/1600], Loss: 0.0001
Epoch [900/1600], Loss: 0.0000
Epoch [960/1600], Loss: 0.0000
Epoch [1020/1600], Loss: 0.0000
Epoch [1080/1600], Loss: 0.0006
Epoch [1140/1600], Loss: 0.0000
Epoch [1200/1600], Loss: 0.0008
Epoch [1260/1600], Loss: 0.0000
Epoch [1320/1600], Loss: 0.0001
Epoch [1380/1600], Loss: 0.0001
Epoch [1440/1600], Loss: 0.0000
Epoch [1500/1600], Loss: 0.0000
Epoch [1560/1600], Loss: 0.0001
0.6876605749130249
0.6836952567100525
0.6819441318511963
0.6810120940208435
0.6802265048027039
Test Power of C2ST-L:  1.0
Epoch [60/1600], Loss: 0.0071
Epoch [120/1600], Loss: 0.0007
Epoch [180/1600], Loss: 0.0002
Epoch [240/1600], Loss: 0.0002
Epoch [300/1600], Loss: 0.0001
Epoch [360/1600], Loss: 0.0001
Epoch [420/1600], Loss: 0.0000
Epoch [480/1600], Loss: 0.0001
Epoch [540/1600], Loss: 0.0001
Epoch [600/1600], Loss: 0.0000
Epoch [660/1600], Loss: 0.0000
Epoch [720/1600], Loss: 0.0000
Epoch [780/1600], Loss: 0.0000
Epoch [840/1600], Loss: 0.0000
Epoch [900/1600], Loss: 0.0000
Epoch [960/1600], Loss: 0.0001
Epoch [1020/1600], Loss: 0.0000
Epoch [1080/1600], Loss: 0.0001
Epoch [1140/1600], Loss: 0.0000
Epoch [1200/1600], Loss: 0.0000
Epoch [1260/1600], Loss: 0.0001
Epoch [1320/1600], Loss: 0.0000
Epoch [1380/1600], Loss: 0.0000
Epoch [1440/1600], Loss: 0.0001
Epoch [1500/1600], Loss: 0.0000
Epoch [1560/1600], Loss: 0.0000
0.6904110312461853
0.6832454204559326
0.6787832379341125
0.6763529181480408
0.6708399057388306
Test Power of C2ST-L:  1.0
Epoch [60/1600], Loss: 0.0048
Epoch [120/1600], Loss: 0.0004
Epoch [180/1600], Loss: 0.0002
Epoch [240/1600], Loss: 0.0005
Epoch [300/1600], Loss: 0.0001
Epoch [360/1600], Loss: 0.0005
Epoch [420/1600], Loss: 0.0000
Epoch [480/1600], Loss: 0.0000
Epoch [540/1600], Loss: 0.0000
Epoch [600/1600], Loss: 0.0001
Epoch [660/1600], Loss: 0.0000
Epoch [720/1600], Loss: 0.0000
Epoch [780/1600], Loss: 0.0000
Epoch [840/1600], Loss: 0.0000
Epoch [900/1600], Loss: 0.0000
Epoch [960/1600], Loss: 0.0001
Epoch [1020/1600], Loss: 0.0000
Epoch [1080/1600], Loss: 0.0003
Epoch [1140/1600], Loss: 0.0000
Epoch [1200/1600], Loss: 0.0000
Epoch [1260/1600], Loss: 0.0000
Epoch [1320/1600], Loss: 0.0000
Epoch [1380/1600], Loss: 0.0000
Epoch [1440/1600], Loss: 0.0001
Epoch [1500/1600], Loss: 0.0000
Epoch [1560/1600], Loss: 0.0000
0.6884364485740662
0.683530867099762
0.6801721453666687
0.6767316460609436
0.6743698120117188
Test Power of C2ST-L:  1.0
Epoch [60/1600], Loss: 0.0059
Epoch [120/1600], Loss: 0.0004
Epoch [180/1600], Loss: 0.0002
Epoch [240/1600], Loss: 0.0001
Epoch [300/1600], Loss: 0.0001
Epoch [360/1600], Loss: 0.0001
Epoch [420/1600], Loss: 0.0001
Epoch [480/1600], Loss: 0.0000
Epoch [540/1600], Loss: 0.0000
Epoch [600/1600], Loss: 0.0000
Epoch [660/1600], Loss: 0.0000
Epoch [720/1600], Loss: 0.0000
Epoch [780/1600], Loss: 0.0004
Epoch [840/1600], Loss: 0.0000
Epoch [900/1600], Loss: 0.0000
Epoch [960/1600], Loss: 0.0001
Epoch [1020/1600], Loss: 0.0000
Epoch [1080/1600], Loss: 0.0000
Epoch [1140/1600], Loss: 0.0002
Epoch [1200/1600], Loss: 0.0009
Epoch [1260/1600], Loss: 0.0003
Epoch [1320/1600], Loss: 0.0002
Epoch [1380/1600], Loss: 0.0000
Epoch [1440/1600], Loss: 0.0000
Epoch [1500/1600], Loss: 0.0001
Epoch [1560/1600], Loss: 0.0000
0.690852701663971
0.6864417195320129
0.6831961870193481
0.6797310709953308
0.6784912943840027
Test Power of C2ST-L:  1.0
Epoch [60/1600], Loss: 0.0053
Epoch [120/1600], Loss: 0.0008
Epoch [180/1600], Loss: 0.0011
Epoch [240/1600], Loss: 0.0001
Epoch [300/1600], Loss: 0.0001
Epoch [360/1600], Loss: 0.0001
Epoch [420/1600], Loss: 0.0001
Epoch [480/1600], Loss: 0.0001
Epoch [540/1600], Loss: 0.0000
Epoch [600/1600], Loss: 0.0000
Epoch [660/1600], Loss: 0.0007
Epoch [720/1600], Loss: 0.0001
Epoch [780/1600], Loss: 0.0000
Epoch [840/1600], Loss: 0.0000
Epoch [900/1600], Loss: 0.0000
Epoch [960/1600], Loss: 0.0001
Epoch [1020/1600], Loss: 0.0000
Epoch [1080/1600], Loss: 0.0000
Epoch [1140/1600], Loss: 0.0000
Epoch [1200/1600], Loss: 0.0000
Epoch [1260/1600], Loss: 0.0000
Epoch [1320/1600], Loss: 0.0004
Epoch [1380/1600], Loss: 0.0000
Epoch [1440/1600], Loss: 0.0000
Epoch [1500/1600], Loss: 0.0002
Epoch [1560/1600], Loss: 0.0000
0.6799977421760559
0.6743855476379395
0.6730793118476868
0.6702423095703125
0.6683923602104187
Test Power of C2ST-L:  0.0
Epoch [60/1600], Loss: 0.0045
Epoch [120/1600], Loss: 0.0004
Epoch [180/1600], Loss: 0.0003
Epoch [240/1600], Loss: 0.0001
Epoch [300/1600], Loss: 0.0002
Epoch [360/1600], Loss: 0.0001
Epoch [420/1600], Loss: 0.0000
Epoch [480/1600], Loss: 0.0001
Epoch [540/1600], Loss: 0.0001
Epoch [600/1600], Loss: 0.0000
Epoch [660/1600], Loss: 0.0000
Epoch [720/1600], Loss: 0.0000
Epoch [780/1600], Loss: 0.0002
Epoch [840/1600], Loss: 0.0000
Epoch [900/1600], Loss: 0.0000
Epoch [960/1600], Loss: 0.0000
Epoch [1020/1600], Loss: 0.0000
Epoch [1080/1600], Loss: 0.0001
Epoch [1140/1600], Loss: 0.0001
Epoch [1200/1600], Loss: 0.0017
Epoch [1260/1600], Loss: 0.0001
Epoch [1320/1600], Loss: 0.0001
Epoch [1380/1600], Loss: 0.0000
Epoch [1440/1600], Loss: 0.0000
Epoch [1500/1600], Loss: 0.0000
Epoch [1560/1600], Loss: 0.0000
0.6871665716171265
0.6833273768424988
0.6808037757873535
0.6780425906181335
0.6760689616203308
Test Power of C2ST-L:  0.0
Epoch [60/1600], Loss: 0.0045
Epoch [120/1600], Loss: 0.0006
Epoch [180/1600], Loss: 0.0005
Epoch [240/1600], Loss: 0.0001
Epoch [300/1600], Loss: 0.0001
Epoch [360/1600], Loss: 0.0003
Epoch [420/1600], Loss: 0.0003
Epoch [480/1600], Loss: 0.0001
Epoch [540/1600], Loss: 0.0012
Epoch [600/1600], Loss: 0.0002
Epoch [660/1600], Loss: 0.0000
Epoch [720/1600], Loss: 0.0000
Epoch [780/1600], Loss: 0.0001
Epoch [840/1600], Loss: 0.0000
Epoch [900/1600], Loss: 0.0000
Epoch [960/1600], Loss: 0.0001
Epoch [1020/1600], Loss: 0.0000
Epoch [1080/1600], Loss: 0.0001
Epoch [1140/1600], Loss: 0.0000
Epoch [1200/1600], Loss: 0.0000
Epoch [1260/1600], Loss: 0.0000
Epoch [1320/1600], Loss: 0.0001
Epoch [1380/1600], Loss: 0.0000
Epoch [1440/1600], Loss: 0.0004
Epoch [1500/1600], Loss: 0.0002
Epoch [1560/1600], Loss: 0.0000
0.6895852088928223
0.6827850937843323
0.6818302273750305
0.6812315583229065
0.6803630590438843
Test Power of C2ST-L:  1.0
Epoch [60/1600], Loss: 0.0050
Epoch [120/1600], Loss: 0.0006
Epoch [180/1600], Loss: 0.0002
Epoch [240/1600], Loss: 0.0001
Epoch [300/1600], Loss: 0.0002
Epoch [360/1600], Loss: 0.0001
Epoch [420/1600], Loss: 0.0001
Epoch [480/1600], Loss: 0.0001
Epoch [540/1600], Loss: 0.0000
Epoch [600/1600], Loss: 0.0000
Epoch [660/1600], Loss: 0.0000
Epoch [720/1600], Loss: 0.0012
Epoch [780/1600], Loss: 0.0002
Epoch [840/1600], Loss: 0.0000
Epoch [900/1600], Loss: 0.0027
Epoch [960/1600], Loss: 0.0000
Epoch [1020/1600], Loss: 0.0001
Epoch [1080/1600], Loss: 0.0000
Epoch [1140/1600], Loss: 0.0001
Epoch [1200/1600], Loss: 0.0001
Epoch [1260/1600], Loss: 0.0000
Epoch [1320/1600], Loss: 0.0001
Epoch [1380/1600], Loss: 0.0000
Epoch [1440/1600], Loss: 0.0000
Epoch [1500/1600], Loss: 0.0000
Epoch [1560/1600], Loss: 0.0000
0.6895418167114258
0.6872868537902832
0.6824491024017334
0.678862988948822
0.6771097183227539
Test Power of C2ST-L:  0.0
Epoch [60/1600], Loss: 0.0039
Epoch [120/1600], Loss: 0.0010
Epoch [180/1600], Loss: 0.0001
Epoch [240/1600], Loss: 0.0001
Epoch [300/1600], Loss: 0.0000
Epoch [360/1600], Loss: 0.0000
Epoch [420/1600], Loss: 0.0000
Epoch [480/1600], Loss: 0.0001
Epoch [540/1600], Loss: 0.0000
Epoch [600/1600], Loss: 0.0005
Epoch [660/1600], Loss: 0.0000
Epoch [720/1600], Loss: 0.0004
Epoch [780/1600], Loss: 0.0002
Epoch [840/1600], Loss: 0.0000
Epoch [900/1600], Loss: 0.0000
Epoch [960/1600], Loss: 0.0000
Epoch [1020/1600], Loss: 0.0000
Epoch [1080/1600], Loss: 0.0000
Epoch [1140/1600], Loss: 0.0000
Epoch [1200/1600], Loss: 0.0000
Epoch [1260/1600], Loss: 0.0001
Epoch [1320/1600], Loss: 0.0000
Epoch [1380/1600], Loss: 0.0008
Epoch [1440/1600], Loss: 0.0003
Epoch [1500/1600], Loss: 0.0002
Epoch [1560/1600], Loss: 0.0000
0.691227912902832
0.6821265816688538
0.6781566143035889
0.6741536259651184
0.6719592809677124
Test Power of C2ST-L:  0.0
Epoch [60/1600], Loss: 0.0055
Epoch [120/1600], Loss: 0.0055
Epoch [180/1600], Loss: 0.0012
Epoch [240/1600], Loss: 0.0003
Epoch [300/1600], Loss: 0.0042
Epoch [360/1600], Loss: 0.0000
Epoch [420/1600], Loss: 0.0001
Epoch [480/1600], Loss: 0.0000
Epoch [540/1600], Loss: 0.0000
Epoch [600/1600], Loss: 0.0013
Epoch [660/1600], Loss: 0.0001
Epoch [720/1600], Loss: 0.0000
Epoch [780/1600], Loss: 0.0000
Epoch [840/1600], Loss: 0.0001
Epoch [900/1600], Loss: 0.0001
Epoch [960/1600], Loss: 0.0000
Epoch [1020/1600], Loss: 0.0000
Epoch [1080/1600], Loss: 0.0000
Epoch [1140/1600], Loss: 0.0002
Epoch [1200/1600], Loss: 0.0001
Epoch [1260/1600], Loss: 0.0001
Epoch [1320/1600], Loss: 0.0000
Epoch [1380/1600], Loss: 0.0000
Epoch [1440/1600], Loss: 0.0000
Epoch [1500/1600], Loss: 0.0001
Epoch [1560/1600], Loss: 0.0000
0.684001624584198
0.6790450215339661
0.6759451031684875
0.6732094883918762
0.6713151931762695
Test Power of C2ST-L:  1.0
Epoch [60/1600], Loss: 0.0041
Epoch [120/1600], Loss: 0.0004
Epoch [180/1600], Loss: 0.0001
Epoch [240/1600], Loss: 0.0001
Epoch [300/1600], Loss: 0.0001
Epoch [360/1600], Loss: 0.0001
Epoch [420/1600], Loss: 0.0003
Epoch [480/1600], Loss: 0.0004
Epoch [540/1600], Loss: 0.0000
Epoch [600/1600], Loss: 0.0001
Epoch [660/1600], Loss: 0.0000
Epoch [720/1600], Loss: 0.0001
Epoch [780/1600], Loss: 0.0001
Epoch [840/1600], Loss: 0.0002
Epoch [900/1600], Loss: 0.0002
Epoch [960/1600], Loss: 0.0000
Epoch [1020/1600], Loss: 0.0005
Epoch [1080/1600], Loss: 0.0000
Epoch [1140/1600], Loss: 0.0000
Epoch [1200/1600], Loss: 0.0000
Epoch [1260/1600], Loss: 0.0002
Epoch [1320/1600], Loss: 0.0000
Epoch [1380/1600], Loss: 0.0000
Epoch [1440/1600], Loss: 0.0002
Epoch [1500/1600], Loss: 0.0001
Epoch [1560/1600], Loss: 0.0000
0.688887894153595
0.6858568787574768
0.6834573745727539
0.6816734671592712
0.6790267825126648
Test Power of C2ST-L:  0.0
Epoch [60/1600], Loss: 0.0031
Epoch [120/1600], Loss: 0.0029
Epoch [180/1600], Loss: 0.0006
Epoch [240/1600], Loss: 0.0001
Epoch [300/1600], Loss: 0.0001
Epoch [360/1600], Loss: 0.0000
Epoch [420/1600], Loss: 0.0023
Epoch [480/1600], Loss: 0.0000
Epoch [540/1600], Loss: 0.0001
Epoch [600/1600], Loss: 0.0001
Epoch [660/1600], Loss: 0.0000
Epoch [720/1600], Loss: 0.0000
Epoch [780/1600], Loss: 0.0000
Epoch [840/1600], Loss: 0.0010
Epoch [900/1600], Loss: 0.0000
Epoch [960/1600], Loss: 0.0003
Epoch [1020/1600], Loss: 0.0014
Epoch [1080/1600], Loss: 0.0000
Epoch [1140/1600], Loss: 0.0000
Epoch [1200/1600], Loss: 0.0001
Epoch [1260/1600], Loss: 0.0000
Epoch [1320/1600], Loss: 0.0000
Epoch [1380/1600], Loss: 0.0000
Epoch [1440/1600], Loss: 0.0000
Epoch [1500/1600], Loss: 0.0001
Epoch [1560/1600], Loss: 0.0000
0.683500349521637
0.6785407662391663
0.6761286854743958
0.6714962124824524
0.6660840511322021
Test Power of C2ST-L:  0.0
Epoch [60/1600], Loss: 0.0048
Epoch [120/1600], Loss: 0.0004
Epoch [180/1600], Loss: 0.0005
Epoch [240/1600], Loss: 0.0001
Epoch [300/1600], Loss: 0.0001
Epoch [360/1600], Loss: 0.0001
Epoch [420/1600], Loss: 0.0041
Epoch [480/1600], Loss: 0.0000
Epoch [540/1600], Loss: 0.0001
Epoch [600/1600], Loss: 0.0001
Epoch [660/1600], Loss: 0.0008
Epoch [720/1600], Loss: 0.0000
Epoch [780/1600], Loss: 0.0000
Epoch [840/1600], Loss: 0.0000
Epoch [900/1600], Loss: 0.0000
Epoch [960/1600], Loss: 0.0000
Epoch [1020/1600], Loss: 0.0001
Epoch [1080/1600], Loss: 0.0000
Epoch [1140/1600], Loss: 0.0005
Epoch [1200/1600], Loss: 0.0000
Epoch [1260/1600], Loss: 0.0000
Epoch [1320/1600], Loss: 0.0000
Epoch [1380/1600], Loss: 0.0003
Epoch [1440/1600], Loss: 0.0001
Epoch [1500/1600], Loss: 0.0000
Epoch [1560/1600], Loss: 0.0000
0.6867949366569519
0.6809725761413574
0.6787121295928955
0.6764571666717529
0.6726933717727661
Test Power of C2ST-L:  0.0
Epoch [60/1600], Loss: 0.0051
Epoch [120/1600], Loss: 0.0006
Epoch [180/1600], Loss: 0.0005
Epoch [240/1600], Loss: 0.0003
Epoch [300/1600], Loss: 0.0001
Epoch [360/1600], Loss: 0.0003
Epoch [420/1600], Loss: 0.0000
Epoch [480/1600], Loss: 0.0001
Epoch [540/1600], Loss: 0.0000
Epoch [600/1600], Loss: 0.0000
Epoch [660/1600], Loss: 0.0000
Epoch [720/1600], Loss: 0.0000
Epoch [780/1600], Loss: 0.0000
Epoch [840/1600], Loss: 0.0000
Epoch [900/1600], Loss: 0.0000
Epoch [960/1600], Loss: 0.0000
Epoch [1020/1600], Loss: 0.0000
Epoch [1080/1600], Loss: 0.0001
Epoch [1140/1600], Loss: 0.0002
Epoch [1200/1600], Loss: 0.0000
Epoch [1260/1600], Loss: 0.0002
Epoch [1320/1600], Loss: 0.0000
Epoch [1380/1600], Loss: 0.0000
Epoch [1440/1600], Loss: 0.0000
Epoch [1500/1600], Loss: 0.0000
Epoch [1560/1600], Loss: 0.0004
0.6857907772064209
0.6746909618377686
0.6716474294662476
0.6710300445556641
0.6698135733604431
Test Power of C2ST-L:  1.0
Epoch [60/1600], Loss: 0.0048
Epoch [120/1600], Loss: 0.0006
Epoch [180/1600], Loss: 0.0001
Epoch [240/1600], Loss: 0.0002
Epoch [300/1600], Loss: 0.0001
Epoch [360/1600], Loss: 0.0006
Epoch [420/1600], Loss: 0.0001
Epoch [480/1600], Loss: 0.0001
Epoch [540/1600], Loss: 0.0000
Epoch [600/1600], Loss: 0.0000
Epoch [660/1600], Loss: 0.0000
Epoch [720/1600], Loss: 0.0000
Epoch [780/1600], Loss: 0.0000
Epoch [840/1600], Loss: 0.0000
Epoch [900/1600], Loss: 0.0001
Epoch [960/1600], Loss: 0.0000
Epoch [1020/1600], Loss: 0.0002
Epoch [1080/1600], Loss: 0.0011
Epoch [1140/1600], Loss: 0.0002
Epoch [1200/1600], Loss: 0.0000
Epoch [1260/1600], Loss: 0.0002
Epoch [1320/1600], Loss: 0.0002
Epoch [1380/1600], Loss: 0.0000
Epoch [1440/1600], Loss: 0.0013
Epoch [1500/1600], Loss: 0.0000
Epoch [1560/1600], Loss: 0.0000
0.6882061958312988
0.6721482872962952
0.6689817905426025
0.6663811802864075
0.6652420163154602
Test Power of C2ST-L:  0.0
Epoch [60/1600], Loss: 0.0044
Epoch [120/1600], Loss: 0.0003
Epoch [180/1600], Loss: 0.0009
Epoch [240/1600], Loss: 0.0001
Epoch [300/1600], Loss: 0.0007
Epoch [360/1600], Loss: 0.0000
Epoch [420/1600], Loss: 0.0004
Epoch [480/1600], Loss: 0.0001
Epoch [540/1600], Loss: 0.0000
Epoch [600/1600], Loss: 0.0000
Epoch [660/1600], Loss: 0.0000
Epoch [720/1600], Loss: 0.0000
Epoch [780/1600], Loss: 0.0000
Epoch [840/1600], Loss: 0.0000
Epoch [900/1600], Loss: 0.0000
Epoch [960/1600], Loss: 0.0005
Epoch [1020/1600], Loss: 0.0001
Epoch [1080/1600], Loss: 0.0002
Epoch [1140/1600], Loss: 0.0003
Epoch [1200/1600], Loss: 0.0000
Epoch [1260/1600], Loss: 0.0003
Epoch [1320/1600], Loss: 0.0000
Epoch [1380/1600], Loss: 0.0002
Epoch [1440/1600], Loss: 0.0001
Epoch [1500/1600], Loss: 0.0000
Epoch [1560/1600], Loss: 0.0001
0.6854639649391174
0.6825062036514282
0.681800901889801
0.6811538934707642
0.6796962022781372
Test Power of C2ST-L:  1.0
Epoch [60/1600], Loss: 0.0045
Epoch [120/1600], Loss: 0.0005
Epoch [180/1600], Loss: 0.0023
Epoch [240/1600], Loss: 0.0001
Epoch [300/1600], Loss: 0.0001
Epoch [360/1600], Loss: 0.0001
Epoch [420/1600], Loss: 0.0001
Epoch [480/1600], Loss: 0.0002
Epoch [540/1600], Loss: 0.0001
Epoch [600/1600], Loss: 0.0000
Epoch [660/1600], Loss: 0.0003
Epoch [720/1600], Loss: 0.0012
Epoch [780/1600], Loss: 0.0000
Epoch [840/1600], Loss: 0.0000
Epoch [900/1600], Loss: 0.0001
Epoch [960/1600], Loss: 0.0001
Epoch [1020/1600], Loss: 0.0001
Epoch [1080/1600], Loss: 0.0002
Epoch [1140/1600], Loss: 0.0001
Epoch [1200/1600], Loss: 0.0004
Epoch [1260/1600], Loss: 0.0000
Epoch [1320/1600], Loss: 0.0000
Epoch [1380/1600], Loss: 0.0000
Epoch [1440/1600], Loss: 0.0000
Epoch [1500/1600], Loss: 0.0000
Epoch [1560/1600], Loss: 0.0000
0.6864796280860901
0.6786355376243591
0.675667941570282
0.6743130683898926
0.6727495193481445
Test Power of C2ST-L:  1.0
Epoch [60/1600], Loss: 0.0060
Epoch [120/1600], Loss: 0.0004
Epoch [180/1600], Loss: 0.0006
Epoch [240/1600], Loss: 0.0001
Epoch [300/1600], Loss: 0.0008
Epoch [360/1600], Loss: 0.0001
Epoch [420/1600], Loss: 0.0012
Epoch [480/1600], Loss: 0.0001
Epoch [540/1600], Loss: 0.0000
Epoch [600/1600], Loss: 0.0000
Epoch [660/1600], Loss: 0.0000
Epoch [720/1600], Loss: 0.0000
Epoch [780/1600], Loss: 0.0000
Epoch [840/1600], Loss: 0.0000
Epoch [900/1600], Loss: 0.0000
Epoch [960/1600], Loss: 0.0000
Epoch [1020/1600], Loss: 0.0000
Epoch [1080/1600], Loss: 0.0002
Epoch [1140/1600], Loss: 0.0009
Epoch [1200/1600], Loss: 0.0000
Epoch [1260/1600], Loss: 0.0006
Epoch [1320/1600], Loss: 0.0000
Epoch [1380/1600], Loss: 0.0000
Epoch [1440/1600], Loss: 0.0001
Epoch [1500/1600], Loss: 0.0000
Epoch [1560/1600], Loss: 0.0000
0.6913807392120361
0.6867766380310059
0.6794095039367676
0.6758021712303162
0.673687219619751
Test Power of C2ST-L:  0.0


=====================================================
Average test power at training size =  250  :  0.45
=====================================================



-----------------------------------------------

Finished with execution of c2st_semi_HDGM.py script

-----------------------------------------------

Job ID           : 55586046
Cluster          : spartan
User/Project     : xunyet/punim2112
Nodes            : 1
Wall-clock time  : 00:38:37 / 1-00:00:00

Displaying overall resources usage from 2024-02-02 20:17:23 to 2024-02-02 20:56:00:

NODE            CPU#        TOT%   ( USR   / SYS   / WIO   / IDLE  ) 

spartan-gpgpu092 : 
                CPU# 1    : 33.2   (  32.4 /   0.8 /   0.0 /  66.8 ) 
                CPU# 2    : 21.3   (  20.5 /   0.8 /   0.0 /  78.7 ) 
                CPU# 3    : 19.1   (  18.3 /   0.8 /   0.0 /  80.9 ) 
                CPU# 4    : 31.2   (  30.5 /   0.7 /   0.0 /  68.8 ) 

                GPU# 1    : 32.9  


Allocated CPUs            : 4    
  CPUs with usage <25%    : 2    
  CPUs with usage <50%    : 2    
  CPUs with usage >50%    : 0    


Allocated GPUs            : 1    
  GPUs with usage <25%    : 0    
  GPUs with usage <50%    : 1    
  GPUs with usage >50%    : 0    

Memory used (RAM)         : 30.5%  [2621MB of 8590MB]

--------------------------------------------

