device: cuda:0
0.6628251075744629
0.5908496379852295
0.427749902009964
0.2834830582141876
0.17762179672718048
Test Power of C2ST-L:  0.0
0.6526439189910889
0.5815683603286743
0.42240315675735474
0.26748207211494446
0.15312914550304413
Test Power of C2ST-L:  0.0
0.6695020198822021
0.5650830268859863
0.3977840542793274
0.18596062064170837
0.06693057715892792
Test Power of C2ST-L:  0.0
0.6583521962165833
0.5712568163871765
0.4208517074584961
0.2929726243019104
0.22421066462993622
Test Power of C2ST-L:  0.0
0.6649347543716431
0.6071023344993591
0.4644068479537964
0.3325099050998688
0.22110281884670258
Test Power of C2ST-L:  0.0
0.678794264793396
0.6289762258529663
0.5155107378959656
0.2764243483543396
0.13582743704319
Test Power of C2ST-L:  0.0
0.6647009253501892
0.6013352870941162
0.4757198989391327
0.3520509898662567
0.24567876756191254
Test Power of C2ST-L:  0.0
0.6513859033584595
0.5930215716362
0.4373551607131958
0.30393674969673157
0.211896613240242
Test Power of C2ST-L:  0.0
0.6621453762054443
0.5991368889808655
0.4335489869117737
0.3454410433769226
0.26874396204948425
Test Power of C2ST-L:  0.0
0.6598726511001587
0.5713094472885132
0.3025685250759125
0.11115537583827972
0.021163122728466988
Test Power of C2ST-L:  0.0
0.6736325025558472
0.6190739274024963
0.47597602009773254
0.320442259311676
0.15147188305854797
Test Power of C2ST-L:  0.0
0.6790328621864319
0.5960182547569275
0.3868591785430908
0.2834379971027374
0.1530323028564453
Test Power of C2ST-L:  0.0
0.675070583820343
0.6155415177345276
0.42106273770332336
0.30726075172424316
0.19213980436325073
Test Power of C2ST-L:  0.0
0.6605978012084961
0.599467933177948
0.41766926646232605
0.2684233784675598
0.16568443179130554
Test Power of C2ST-L:  0.0
0.6729092001914978
0.5979987382888794
0.393428236246109
0.2642868161201477
0.1613321453332901
Test Power of C2ST-L:  1.0
0.6762648224830627
0.6002287864685059
0.3734310269355774
0.22980326414108276
0.13220921158790588
Test Power of C2ST-L:  0.0
0.6753877401351929
0.6322755217552185
0.45044854283332825
0.3302064836025238
0.24033591151237488
Test Power of C2ST-L:  0.0
0.665107250213623
0.5443218350410461
0.36915087699890137
0.2505185604095459
0.17759211361408234
Test Power of C2ST-L:  0.0
0.6525468230247498
0.5582096576690674
0.3491359353065491
0.20165883004665375
0.11566215753555298
Test Power of C2ST-L:  0.0
0.6740003824234009
0.598021388053894
0.39230599999427795
0.22979165613651276
0.11944478005170822
Test Power of C2ST-L:  0.0
0.6705206632614136
0.5778026580810547
0.4100936949253082
0.2659532427787781
0.17360077798366547
Test Power of C2ST-L:  0.0
0.672691285610199
0.6284007430076599
0.4263307452201843
0.24390809237957
0.13397216796875
Test Power of C2ST-L:  0.0
0.6687464714050293
0.6015798449516296
0.41871222853660583
0.2886847257614136
0.1799432337284088
Test Power of C2ST-L:  0.0
0.6718199849128723
0.6039156317710876
0.4248158037662506
0.28114819526672363
0.1834908127784729
Test Power of C2ST-L:  0.0
0.6754062175750732
0.6069858074188232
0.4150814712047577
0.24589580297470093
0.1415463536977768
Test Power of C2ST-L:  0.0
0.6583987474441528
0.5602437257766724
0.3980295956134796
0.26443782448768616
0.19912613928318024
Test Power of C2ST-L:  0.0
0.6730026602745056
0.6169511079788208
0.4539586007595062
0.28918400406837463
0.15380004048347473
Test Power of C2ST-L:  0.0
0.681155800819397
0.6286255121231079
0.4889759421348572
0.3128414452075958
0.20305556058883667
Test Power of C2ST-L:  0.0
0.6680494546890259
0.5909090042114258
0.35256335139274597
0.23277534544467926
0.12121254205703735
Test Power of C2ST-L:  1.0
0.6746973991394043
0.6033408045768738
0.4177241623401642
0.2587958872318268
0.1604667454957962
Test Power of C2ST-L:  0.0
0.6671915650367737
0.5697417855262756
0.3671310245990753
0.22766561806201935
0.15021581947803497
Test Power of C2ST-L:  0.0
0.6543931365013123
0.6014165878295898
0.4421234428882599
0.29869401454925537
0.21022780239582062
Test Power of C2ST-L:  1.0
0.6631677150726318
0.58921217918396
0.4552454948425293
0.35678422451019287
0.23818279802799225
Test Power of C2ST-L:  0.0
0.6715027689933777
0.5832824110984802
0.403145968914032
0.3028666377067566
0.23182134330272675
Test Power of C2ST-L:  0.0
0.6712929010391235
0.6087815165519714
0.513790488243103
0.3860665261745453
0.29132768511772156
Test Power of C2ST-L:  0.0
0.6788017153739929
0.629391074180603
0.44715961813926697
0.33091455698013306
0.14253076910972595
Test Power of C2ST-L:  0.0
0.6781286597251892
0.628290057182312
0.46976158022880554
0.32117512822151184
0.2284812182188034
Test Power of C2ST-L:  0.0
0.6692447066307068
0.615346372127533
0.5204616785049438
0.38774436712265015
0.23904907703399658
Test Power of C2ST-L:  0.0
0.6665721535682678
0.5866926312446594
0.4360519051551819
0.3313053548336029
0.25445133447647095
Test Power of C2ST-L:  0.0
0.6670114994049072
0.5772501826286316
0.3499310314655304
0.20072191953659058
0.12409263849258423
Test Power of C2ST-L:  0.0
0.6627128720283508
0.5894802212715149
0.37932124733924866
0.22922174632549286
0.11253976076841354
Test Power of C2ST-L:  0.0
0.6765526533126831
0.6185320615768433
0.4499790072441101
0.33725234866142273
0.2496194690465927
Test Power of C2ST-L:  0.0
0.6661151051521301
0.5861908793449402
0.3834187090396881
0.2700149714946747
0.16376462578773499
Test Power of C2ST-L:  0.0
0.6676955819129944
0.6073641777038574
0.42318618297576904
0.25506991147994995
0.4107193350791931
Test Power of C2ST-L:  0.0
0.6705300807952881
0.6018003225326538
0.41827690601348877
0.26273566484451294
0.15793943405151367
Test Power of C2ST-L:  0.0
0.6659645438194275
0.5830764770507812
0.3777187466621399
0.22778452932834625
0.11701782047748566
Test Power of C2ST-L:  0.0
0.6810675859451294
0.5976512432098389
0.38480788469314575
0.21127083897590637
0.11498790979385376
Test Power of C2ST-L:  0.0
0.6637105941772461
0.6050809621810913
0.40795016288757324
0.2958620488643646
0.18961083889007568
Test Power of C2ST-L:  0.0
0.6767637729644775
0.6008633971214294
0.39960598945617676
0.24245110154151917
0.13409258425235748
Test Power of C2ST-L:  0.0
0.6659326553344727
0.6062832474708557
0.38657689094543457
0.21685948967933655
0.1255526840686798
Test Power of C2ST-L:  0.0
0.680072546005249
0.6295061707496643
0.46390432119369507
0.327266663312912
0.23929035663604736
Test Power of C2ST-L:  0.0
0.6580781936645508
0.5971003174781799
0.40355053544044495
0.29009202122688293
0.16242200136184692
Test Power of C2ST-L:  0.0
0.6711858510971069
0.6002069115638733
0.4207874536514282
0.27032315731048584
0.1802336424589157
Test Power of C2ST-L:  0.0
0.6653847098350525
0.6253373622894287
0.5185190439224243
0.3843878209590912
0.2938868999481201
Test Power of C2ST-L:  0.0
0.674197256565094
0.6091206073760986
0.4016738831996918
0.2497977912425995
0.16985425353050232
Test Power of C2ST-L:  0.0
0.6765339374542236
0.6143920421600342
0.46491682529449463
0.32262447476387024
0.31490424275398254
Test Power of C2ST-L:  0.0
0.6655029654502869
0.5836661458015442
0.41275718808174133
0.2508145570755005
0.13073894381523132
Test Power of C2ST-L:  0.0
0.6736359596252441
0.5800925493240356
0.4109308123588562
0.2541521191596985
0.1614879071712494
Test Power of C2ST-L:  1.0
0.6730292439460754
0.5777546763420105
0.42723220586776733
0.3003763258457184
0.2259872555732727
Test Power of C2ST-L:  0.0
0.661351203918457
0.5810570120811462
0.42307043075561523
0.31788256764411926
0.23863618075847626
Test Power of C2ST-L:  0.0
0.6752283573150635
0.6169082522392273
0.4748489558696747
0.3332676291465759
0.2290491759777069
Test Power of C2ST-L:  0.0
0.671252429485321
0.610655665397644
0.453339546918869
0.3035750687122345
0.1892881691455841
Test Power of C2ST-L:  0.0
0.6702917218208313
0.5580769181251526
0.4574621617794037
0.34332162141799927
0.5319226980209351
Test Power of C2ST-L:  0.0
0.6632426977157593
0.5715126991271973
0.3799297511577606
0.25635868310928345
0.14267215132713318
Test Power of C2ST-L:  0.0
0.6686272025108337
0.5625830888748169
0.40877479314804077
0.28127023577690125
0.18564391136169434
Test Power of C2ST-L:  0.0
0.662601113319397
0.574153482913971
0.37875813245773315
0.24585206806659698
0.15617938339710236
Test Power of C2ST-L:  0.0
0.6669214963912964
0.6138852834701538
0.46409907937049866
0.2908364534378052
0.16346047818660736
Test Power of C2ST-L:  0.0
0.6690707802772522
0.596677839756012
0.3730866014957428
0.21617268025875092
0.10436197370290756
Test Power of C2ST-L:  0.0
0.6675843000411987
0.593215823173523
0.44330495595932007
0.371274471282959
0.23250123858451843
Test Power of C2ST-L:  0.0
0.669651210308075
0.5745928883552551
0.3973905146121979
0.24515372514724731
0.14199912548065186
Test Power of C2ST-L:  0.0
0.6675292253494263
0.5969542264938354
0.45557069778442383
0.3248324394226074
0.21618078649044037
Test Power of C2ST-L:  0.0
0.6584498882293701
0.5824670791625977
0.44163113832473755
0.3029831051826477
0.19651153683662415
Test Power of C2ST-L:  0.0
0.6662824749946594
0.5683580040931702
0.3881199359893799
0.2503724694252014
0.1671726107597351
Test Power of C2ST-L:  0.0
0.6689317226409912
0.5885639190673828
0.37616217136383057
0.23630650341510773
0.14958685636520386
Test Power of C2ST-L:  0.0
0.6490659117698669
0.5641210079193115
0.3582669198513031
0.20136041939258575
0.0984000712633133
Test Power of C2ST-L:  0.0
0.6724655032157898
0.621886670589447
0.4280030429363251
0.2821468412876129
0.18314862251281738
Test Power of C2ST-L:  0.0
0.6738747358322144
0.5998513102531433
0.3960440754890442
0.25812217593193054
0.13448554277420044
Test Power of C2ST-L:  0.0
0.6708298325538635
0.5956225991249084
0.45156756043434143
0.3878939747810364
0.21921144425868988
Test Power of C2ST-L:  0.0
0.6692963242530823
0.5890272259712219
0.39006656408309937
0.23364894092082977
0.12626680731773376
Test Power of C2ST-L:  0.0
0.6685654520988464
0.5853310227394104
0.328029066324234
0.153562530875206
0.062142159789800644
Test Power of C2ST-L:  0.0
0.6802852749824524
0.6038824915885925
0.487183541059494
0.3873002827167511
0.2867580056190491
Test Power of C2ST-L:  0.0
0.6641513109207153
0.5761855840682983
0.34968262910842896
0.19491688907146454
0.12574057281017303
Test Power of C2ST-L:  0.0
0.6696134209632874
0.5982736945152283
0.3797510862350464
0.237497478723526
0.12794029712677002
Test Power of C2ST-L:  0.0
0.6724963784217834
0.5737224817276001
0.32481735944747925
0.19307629764080048
0.13258345425128937
Test Power of C2ST-L:  0.0
0.6627253293991089
0.5871248841285706
0.4068150818347931
0.2883084714412689
0.20497678220272064
Test Power of C2ST-L:  0.0
0.6561295986175537
0.5842540264129639
0.44562435150146484
0.30701375007629395
0.19110220670700073
Test Power of C2ST-L:  0.0
0.6747782230377197
0.5981058478355408
0.3846815526485443
0.24682293832302094
0.6885526776313782
Test Power of C2ST-L:  0.0
0.676666796207428
0.6212696433067322
0.4280560612678528
0.26366502046585083
0.1228240504860878
Test Power of C2ST-L:  0.0
0.673249363899231
0.5984179973602295
0.403462678194046
0.24467810988426208
0.224141925573349
Test Power of C2ST-L:  0.0
0.6759676337242126
0.6331446766853333
0.42992666363716125
0.2703900635242462
0.14072437584400177
Test Power of C2ST-L:  0.0
0.6713255643844604
0.6180623769760132
0.4423193037509918
0.30377277731895447
0.2548307478427887
Test Power of C2ST-L:  0.0
0.659738302230835
0.6042159795761108
0.45140865445137024
0.3100138008594513
0.263886421918869
Test Power of C2ST-L:  0.0
0.6757608652114868
0.6258226037025452
0.46684372425079346
0.31873202323913574
0.19154241681098938
Test Power of C2ST-L:  0.0
0.6750409603118896
0.6157328486442566
0.426924467086792
0.2442656308412552
0.12967675924301147
Test Power of C2ST-L:  0.0
0.6667443513870239
0.569719135761261
0.3910740613937378
0.22646239399909973
1.689163088798523
Test Power of C2ST-L:  0.0
0.6692878603935242
0.5737856030464172
0.3647867441177368
0.2356804609298706
0.14936071634292603
Test Power of C2ST-L:  0.0
0.6643269658088684
0.553433895111084
0.43269020318984985
0.3549891710281372
0.16733859479427338
Test Power of C2ST-L:  0.0
0.6650630831718445
0.5388590097427368
0.33760419487953186
0.15206453204154968
0.06151464581489563
Test Power of C2ST-L:  0.0
0.6575664281845093
0.5477858781814575
0.40075066685676575
0.28287485241889954
0.19697129726409912
Test Power of C2ST-L:  0.0
0.6711401343345642
0.5958520770072937
0.44227302074432373
0.29495322704315186
0.1860441267490387
Test Power of C2ST-L:  0.0


=====================================================
Average test power at training size =  125  :  0.04
=====================================================


0.6876542568206787
0.6707402467727661
0.6245076656341553
0.5466090440750122
0.48933833837509155
Test Power of C2ST-L:  0.0
0.6881846189498901
0.6740425825119019
0.6347599029541016
0.5662519335746765
0.5093126893043518
Test Power of C2ST-L:  0.0
0.682317316532135
0.6604697704315186
0.6027016639709473
0.5185385346412659
0.4511603116989136
Test Power of C2ST-L:  0.0
0.6854054927825928
0.6543401479721069
0.6112536787986755
0.5469381213188171
0.4653928279876709
Test Power of C2ST-L:  0.0
0.6760914921760559
0.6436731815338135
0.5709120631217957
0.5008513331413269
0.4521811008453369
Test Power of C2ST-L:  0.0
0.6721644401550293
0.6435956358909607
0.5514671802520752
0.4603419601917267
0.5577961802482605
Test Power of C2ST-L:  0.0
0.6814928650856018
0.6516523361206055
0.5885102152824402
0.5284910798072815
0.4799218773841858
Test Power of C2ST-L:  0.0
0.6830708384513855
0.6532369256019592
0.6100712418556213
0.5462237596511841
0.4924827814102173
Test Power of C2ST-L:  0.0
0.6858949065208435
0.6598702669143677
0.5927333831787109
0.5264455080032349
0.46265873312950134
Test Power of C2ST-L:  0.0
0.6882986426353455
0.6609295010566711
0.6016550064086914
0.5184904336929321
0.45740795135498047
Test Power of C2ST-L:  0.0
0.6829339861869812
0.664315938949585
0.6273019313812256
0.542461097240448
0.5166749358177185
Test Power of C2ST-L:  0.0
0.6862995028495789
0.6482778191566467
0.5814458131790161
0.5118952989578247
0.44843167066574097
Test Power of C2ST-L:  0.0
0.687429666519165
0.6609941124916077
0.5830172896385193
0.4776111841201782
0.4082396626472473
Test Power of C2ST-L:  0.0
0.68413245677948
0.6612938642501831
0.5797023773193359
0.47475191950798035
0.41829001903533936
Test Power of C2ST-L:  0.0
0.6830300688743591
0.6522778868675232
0.5759149193763733
0.5067653059959412
0.4524418115615845
Test Power of C2ST-L:  0.0
0.6841704249382019
0.667075514793396
0.6278619170188904
0.5172907710075378
0.44384416937828064
Test Power of C2ST-L:  0.0
0.6834999322891235
0.6459664106369019
0.5752108693122864
0.4863121509552002
0.4282902479171753
Test Power of C2ST-L:  0.0
0.6840084195137024
0.6579805612564087
0.58039391040802
0.5004050731658936
0.41760706901550293
Test Power of C2ST-L:  1.0
0.6827016472816467
0.6580482721328735
0.5920433402061462
0.5252792239189148
0.46612390875816345
Test Power of C2ST-L:  1.0
0.6771257519721985
0.6473775506019592
0.5908434987068176
0.5371659994125366
0.5045073628425598
Test Power of C2ST-L:  1.0
0.6838687658309937
0.654403030872345
0.5923914313316345
0.5296951532363892
0.4705299735069275
Test Power of C2ST-L:  0.0
0.684965968132019
0.6528090834617615
0.5807743072509766
0.4788781404495239
0.3985796570777893
Test Power of C2ST-L:  0.0
0.6777253746986389
0.6501415967941284
0.5958548188209534
0.5276150107383728
0.4673222601413727
Test Power of C2ST-L:  0.0
0.6803717017173767
0.6462173461914062
0.5804015398025513
0.48703303933143616
0.43047937750816345
Test Power of C2ST-L:  0.0
0.6804625988006592
0.6438207030296326
0.5318620800971985
0.43929746747016907
0.38781973719596863
Test Power of C2ST-L:  0.0
0.6853837370872498
0.6628998517990112
0.6029572486877441
0.5359963178634644
0.48145046830177307
Test Power of C2ST-L:  0.0
0.6840490698814392
0.6479112505912781
0.5929635763168335
0.5109051465988159
0.45226696133613586
Test Power of C2ST-L:  0.0
0.6872988939285278
0.6657383441925049
0.6317232251167297
0.5414224863052368
0.4604851305484772
Test Power of C2ST-L:  1.0
0.6733223795890808
0.639921247959137
0.5706941485404968
0.4918675422668457
0.4255276918411255
Test Power of C2ST-L:  1.0
0.6790176033973694
0.6549702286720276
0.5991950631141663
0.49486297369003296
0.4659884572029114
Test Power of C2ST-L:  0.0
0.6837790012359619
0.6556708216667175
0.5529561638832092
0.46488407254219055
0.39848801493644714
Test Power of C2ST-L:  0.0
0.6876569986343384
0.644217312335968
0.5677043795585632
0.49431121349334717
0.44632694125175476
Test Power of C2ST-L:  0.0
0.6841448545455933
0.6599793434143066
0.6095269918441772
0.5485342144966125
0.5003968477249146
Test Power of C2ST-L:  0.0
0.6867018342018127
0.6652219891548157
0.630950927734375
0.5443592071533203
0.5015640258789062
Test Power of C2ST-L:  0.0
0.677414059638977
0.6362255215644836
0.5725221037864685
0.49615898728370667
0.42132219672203064
Test Power of C2ST-L:  0.0
0.6826356053352356
0.6528557538986206
0.5859652757644653
0.524807333946228
0.45701107382774353
Test Power of C2ST-L:  1.0
0.6877461075782776
0.6670805811882019
0.6175394058227539
0.5334039330482483
0.48793870210647583
Test Power of C2ST-L:  0.0
0.6827804446220398
0.6525936722755432
0.5906838178634644
0.5276498198509216
0.46216267347335815
Test Power of C2ST-L:  0.0
0.6820365190505981
0.6557009816169739
0.5859845876693726
0.4857393503189087
0.397551029920578
Test Power of C2ST-L:  0.0
0.6801536679267883
0.6498950719833374
0.6054652333259583
0.49010756611824036
0.4117317795753479
Test Power of C2ST-L:  0.0
0.6701552271842957
0.6455723643302917
0.5794703960418701
0.5179475545883179
0.4429926872253418
Test Power of C2ST-L:  0.0
0.6831884980201721
0.6592124104499817
0.6093061566352844
0.5154960751533508
0.43834567070007324
Test Power of C2ST-L:  0.0
0.6801782250404358
0.6637556552886963
0.6248293519020081
0.5260680913925171
0.4835226535797119
Test Power of C2ST-L:  1.0
0.6838387846946716
0.6464006900787354
0.5620105266571045
0.4685323238372803
0.4115350842475891
Test Power of C2ST-L:  0.0
0.6885734796524048
0.6729564666748047
0.62241131067276
0.5329241156578064
0.4613209664821625
Test Power of C2ST-L:  0.0
0.6835741400718689
0.6498347520828247
0.5506497621536255
0.4786417484283447
0.40600794553756714
Test Power of C2ST-L:  0.0
0.6788777112960815
0.6559907793998718
0.5951134562492371
0.54097980260849
0.4843156933784485
Test Power of C2ST-L:  0.0
0.6837296485900879
0.6644073128700256
0.6157594323158264
0.5411918759346008
0.469717800617218
Test Power of C2ST-L:  0.0
0.6879271864891052
0.6712045073509216
0.6494461894035339
0.5590678453445435
0.49084994196891785
Test Power of C2ST-L:  0.0
0.6762725114822388
0.6518115401268005
0.590216875076294
0.5409482717514038
0.4619169235229492
Test Power of C2ST-L:  0.0
0.6767762303352356
0.6459428668022156
0.5503947734832764
0.47514811158180237
0.4205951988697052
Test Power of C2ST-L:  0.0
0.6849637627601624
0.6602328419685364
0.661427915096283
0.53966224193573
0.48673588037490845
Test Power of C2ST-L:  0.0
0.6867327690124512
0.6626842021942139
0.6188851594924927
0.5617027878761292
0.5011012554168701
Test Power of C2ST-L:  0.0
0.6827334761619568
0.6660117506980896
0.589879035949707
0.5108124613761902
0.4487651288509369
Test Power of C2ST-L:  0.0
0.6855925917625427
0.6595552563667297
0.612777054309845
0.5132730603218079
0.4804084897041321
Test Power of C2ST-L:  0.0
0.6859617829322815
0.6547366976737976
0.5904379487037659
0.5263507962226868
0.4757174551486969
Test Power of C2ST-L:  0.0
0.6833828687667847
0.656674325466156
0.5985127091407776
0.4990150034427643
0.4348258674144745
Test Power of C2ST-L:  0.0
0.6824668049812317
0.6597511172294617
0.5976210832595825
0.5088658332824707
0.4459456205368042
Test Power of C2ST-L:  0.0
0.6843174695968628
0.6647370457649231
0.6043322086334229
0.5295476913452148
0.4691852331161499
Test Power of C2ST-L:  0.0
0.6856592893600464
0.6566528677940369
0.578816294670105
0.5045651793479919
0.44673874974250793
Test Power of C2ST-L:  0.0
0.6858922243118286
0.6488413214683533
0.5938792824745178
0.5171630382537842
0.4547218680381775
Test Power of C2ST-L:  0.0
0.6796798706054688
0.6603948473930359
0.6158773899078369
0.5013044476509094
0.40153756737709045
Test Power of C2ST-L:  0.0
0.6839956641197205
0.6492477655410767
0.5717400312423706
0.5166523456573486
0.47096869349479675
Test Power of C2ST-L:  0.0
0.6837817430496216
0.6612585186958313
0.5937719941139221
0.5585338473320007
0.44524097442626953
Test Power of C2ST-L:  0.0
0.6863411068916321
0.6596211791038513
0.595776379108429
0.5103057622909546
0.44711288809776306
Test Power of C2ST-L:  0.0
0.684004545211792
0.6448668837547302
0.5694458484649658
0.491904616355896
0.42388156056404114
Test Power of C2ST-L:  0.0
0.6839315295219421
0.6479240655899048
0.5888840556144714
0.5165849328041077
0.4382582902908325
Test Power of C2ST-L:  0.0
0.685550332069397
0.653404176235199
0.5589056611061096
0.4590463638305664
0.39853236079216003
Test Power of C2ST-L:  1.0
0.6810375452041626
0.6496708393096924
0.5878399014472961
0.517024040222168
0.46705362200737
Test Power of C2ST-L:  0.0
0.685612678527832
0.6693060994148254
0.6158314347267151
0.5395842790603638
0.4771425724029541
Test Power of C2ST-L:  0.0
0.6840808987617493
0.6478392481803894
0.5690696239471436
0.4946891963481903
0.44029390811920166
Test Power of C2ST-L:  0.0
0.685044527053833
0.65792316198349
0.5898786783218384
0.5087273120880127
0.4375855326652527
Test Power of C2ST-L:  0.0
0.6878965497016907
0.6619626879692078
0.5779291987419128
0.479947954416275
0.4235045611858368
Test Power of C2ST-L:  1.0
0.6820899248123169
0.6575624346733093
0.6133281588554382
0.5261462926864624
0.42705583572387695
Test Power of C2ST-L:  0.0
0.6782622933387756
0.6345897912979126
0.5359705090522766
0.43398746848106384
0.4248359799385071
Test Power of C2ST-L:  0.0
0.6795114278793335
0.6492210626602173
0.5864295363426208
0.5148820877075195
0.45196473598480225
Test Power of C2ST-L:  0.0
0.6839451193809509
0.6656498908996582
0.6085256338119507
0.5217242240905762
0.4391603171825409
Test Power of C2ST-L:  0.0
0.6836282014846802
0.6527068614959717
0.6053851842880249
0.5420953631401062
0.49099496006965637
Test Power of C2ST-L:  0.0
0.6813029050827026
0.6553937196731567
0.5594063401222229
0.4428507089614868
0.3605581223964691
Test Power of C2ST-L:  0.0
0.6794941425323486
0.6560970544815063
0.612781286239624
0.5333240628242493
0.46848222613334656
Test Power of C2ST-L:  0.0
0.6840804815292358
0.6706326007843018
0.6449180245399475
0.5659611225128174
0.45240524411201477
Test Power of C2ST-L:  0.0
0.6838228106498718
0.6563447117805481
0.6219484210014343
0.5307409167289734
0.4577939212322235
Test Power of C2ST-L:  0.0
0.6856177449226379
0.6617618799209595
0.5688135623931885
0.4876444339752197
0.4328829050064087
Test Power of C2ST-L:  0.0
0.685888409614563
0.6671127676963806
0.6154025197029114
0.49267110228538513
0.4284331202507019
Test Power of C2ST-L:  0.0
0.6799001693725586
0.6450186967849731
0.5698290467262268
0.474856972694397
0.41131195425987244
Test Power of C2ST-L:  0.0
0.6855120062828064
0.6638696789741516
0.6363948583602905
0.538244366645813
0.4686240255832672
Test Power of C2ST-L:  1.0
0.6851750612258911
0.6608882546424866
0.592875063419342
0.45562443137168884
0.3767370879650116
Test Power of C2ST-L:  1.0
0.6825348138809204
0.6618160009384155
0.5783630609512329
0.5035474300384521
0.4454158842563629
Test Power of C2ST-L:  0.0
0.6840518712997437
0.6390782594680786
0.5422484874725342
0.4675484895706177
0.4096289277076721
Test Power of C2ST-L:  1.0
0.684473991394043
0.6575068831443787
0.6082189679145813
0.5301384925842285
0.46337324380874634
Test Power of C2ST-L:  0.0
0.685998797416687
0.6572062969207764
0.5974534749984741
0.5366352200508118
0.4689607322216034
Test Power of C2ST-L:  0.0
0.6852574944496155
0.6529509425163269
0.5472211837768555
0.45660609006881714
0.38683950901031494
Test Power of C2ST-L:  1.0
0.6816271543502808
0.6607875227928162
0.5873963832855225
0.48540589213371277
0.4213104546070099
Test Power of C2ST-L:  0.0
0.6831093430519104
0.665317177772522
0.6213697195053101
0.5314768552780151
0.43793970346450806
Test Power of C2ST-L:  0.0
0.6861794590950012
0.6683079600334167
0.6036841869354248
0.5168238878250122
0.4492363929748535
Test Power of C2ST-L:  0.0
0.680514931678772
0.6410227417945862
0.5731922388076782
0.5123806595802307
0.4624180495738983
Test Power of C2ST-L:  0.0
0.6856974363327026
0.6769851446151733
0.646891176700592
0.5163865089416504
0.4145392179489136
Test Power of C2ST-L:  0.0
0.6814467310905457
0.6522175669670105
0.6134697198867798
0.5246619582176208
0.45161697268486023
Test Power of C2ST-L:  0.0
0.6866583228111267
0.6647736430168152
0.6005604863166809
0.5260967016220093
0.4703027904033661
Test Power of C2ST-L:  0.0
0.6885568499565125
0.6713970303535461
0.6182219982147217
0.5170437693595886
0.4480515420436859
Test Power of C2ST-L:  0.0


=====================================================
Average test power at training size =  250  :  0.13
=====================================================


0.6890920400619507
0.6814929842948914
0.6729931235313416
0.6463757157325745
0.6169648170471191
Test Power of C2ST-L:  1.0
0.6886109113693237
0.6785833239555359
0.6657523512840271
0.6322683691978455
0.5823928117752075
Test Power of C2ST-L:  0.0
0.6897509098052979
0.6836709380149841
0.6772423386573792
0.6348453164100647
0.606645405292511
Test Power of C2ST-L:  1.0
0.689039409160614
0.6827546954154968
0.6700212359428406
0.6468496918678284
0.6228988170623779
Test Power of C2ST-L:  0.0
0.689464271068573
0.6797496676445007
0.6683000922203064
0.6288663148880005
0.5944098234176636
Test Power of C2ST-L:  1.0
0.6888716816902161
0.6750403046607971
0.6543447971343994
0.6058385372161865
0.5731427073478699
Test Power of C2ST-L:  0.0
0.6866428852081299
0.6755368113517761
0.6635069251060486
0.6246328353881836
0.6140241026878357
Test Power of C2ST-L:  1.0
0.6896307468414307
0.6790972948074341
0.6710529327392578
0.6221643686294556
0.5812482237815857
Test Power of C2ST-L:  0.0
0.6884876489639282
0.6781989932060242
0.666091799736023
0.6228352189064026
0.5907934904098511
Test Power of C2ST-L:  0.0
0.6880074739456177
0.6683421730995178
0.6524486541748047
0.6183356046676636
0.5905338525772095
Test Power of C2ST-L:  1.0
0.6874867081642151
0.6786315441131592
0.6478782892227173
0.5951332449913025
0.5603916645050049
Test Power of C2ST-L:  1.0
0.6894509196281433
0.6803352236747742
0.6684045791625977
0.6159461736679077
0.5881383419036865
Test Power of C2ST-L:  1.0
0.6896839141845703
0.6831669211387634
0.6637042164802551
0.6101420521736145
0.5725468993186951
Test Power of C2ST-L:  1.0
0.6880055069923401
0.677659273147583
0.663059413433075
0.6209270358085632
0.5916792154312134
Test Power of C2ST-L:  0.0
0.6908622980117798
0.6785292029380798
0.6648675203323364
0.6136202216148376
0.5786738991737366
Test Power of C2ST-L:  0.0
0.6886701583862305
0.6776570677757263
0.6639009714126587
0.6177325248718262
0.5941289663314819
Test Power of C2ST-L:  1.0
0.6882379055023193
0.6791752576828003
0.6690871715545654
0.633891224861145
0.6021968722343445
Test Power of C2ST-L:  0.0
0.6895676255226135
0.6808726787567139
0.6680389642715454
0.6184134483337402
0.5831384658813477
Test Power of C2ST-L:  0.0
0.6901693940162659
0.6796703338623047
0.6653745174407959
0.5994677543640137
0.5640720129013062
Test Power of C2ST-L:  0.0
0.6898030042648315
0.6829554438591003
0.6720837950706482
0.6289452910423279
0.5868422389030457
Test Power of C2ST-L:  1.0
0.688930094242096
0.6809656023979187
0.6711980104446411
0.6311162114143372
0.5915811657905579
Test Power of C2ST-L:  0.0
0.68746018409729
0.6804868578910828
0.6750335693359375
0.6467013359069824
0.6223888397216797
Test Power of C2ST-L:  1.0
0.689695417881012
0.6835911273956299
0.6711581945419312
0.6451981067657471
0.6087719798088074
Test Power of C2ST-L:  1.0
0.6877796649932861
0.6830729246139526
0.6738210320472717
0.6330441832542419
0.6012121438980103
Test Power of C2ST-L:  1.0
0.6866075992584229
0.6800426840782166
0.6687601208686829
0.6191592812538147
0.5816759467124939
Test Power of C2ST-L:  0.0
0.6884759068489075
0.6822792291641235
0.6724191904067993
0.623393177986145
0.5880234837532043
Test Power of C2ST-L:  1.0
0.686586856842041
0.671402096748352
0.6462023258209229
0.6034249663352966
0.5758653283119202
Test Power of C2ST-L:  1.0
0.6883639693260193
0.678072988986969
0.6638885736465454
0.6273631453514099
0.6025055646896362
Test Power of C2ST-L:  1.0
0.6895160675048828
0.681133508682251
0.6582269668579102
0.6106457710266113
0.5781592130661011
Test Power of C2ST-L:  1.0
0.6882418990135193
0.6787051558494568
0.657382607460022
0.6057658791542053
0.5707072615623474
Test Power of C2ST-L:  1.0
0.6873701214790344
0.6775140762329102
0.6599796414375305
0.6090550422668457
0.5777638554573059
Test Power of C2ST-L:  1.0
0.6889921426773071
0.6811543703079224
0.6654717326164246
0.6191982626914978
0.5794880986213684
Test Power of C2ST-L:  1.0
0.6896073222160339
0.6802409887313843
0.6667453646659851
0.6152551174163818
0.5776721239089966
Test Power of C2ST-L:  1.0
0.6895016431808472
0.6828336119651794
0.6763338446617126
0.6436275243759155
0.6044892072677612
Test Power of C2ST-L:  1.0
0.690288782119751
0.6789706349372864
0.667061448097229
0.6330370306968689
0.610686182975769
Test Power of C2ST-L:  0.0
0.690816342830658
0.6870660781860352
0.6770930290222168
0.6195975542068481
0.5910317301750183
Test Power of C2ST-L:  1.0
0.6884233951568604
0.6786544322967529
0.6712833642959595
0.6330312490463257
0.5973126292228699
Test Power of C2ST-L:  1.0
0.6905463337898254
0.6805770397186279
0.6652248501777649
0.6281982660293579
0.5901771187782288
Test Power of C2ST-L:  1.0
0.6883752942085266
0.6786350011825562
0.6630704998970032
0.6196215748786926
0.587033748626709
Test Power of C2ST-L:  1.0
0.691326916217804
0.6847848296165466
0.6781144142150879
0.6560909152030945
0.6252745985984802
Test Power of C2ST-L:  0.0
0.6898089647293091
0.6807783246040344
0.666975200176239
0.6225168704986572
0.5910120606422424
Test Power of C2ST-L:  1.0
0.687026858329773
0.6801540851593018
0.6716502904891968
0.6287362575531006
0.5917618274688721
Test Power of C2ST-L:  1.0
0.6876530647277832
0.6674429178237915
0.6546839475631714
0.6103405952453613
0.5824693441390991
Test Power of C2ST-L:  1.0
0.6891868710517883
0.6842771768569946
0.6730035543441772
0.6342487931251526
0.60379958152771
Test Power of C2ST-L:  1.0
0.68699049949646
0.6766993999481201
0.6663047075271606
0.617799699306488
0.5828335285186768
Test Power of C2ST-L:  1.0
0.6897364258766174
0.6765531301498413
0.6576359868049622
0.6225932836532593
0.5860030055046082
Test Power of C2ST-L:  1.0
0.6883399486541748
0.6751273274421692
0.654296875
0.5995612740516663
0.5623275637626648
Test Power of C2ST-L:  1.0
0.6890352368354797
0.6799697279930115
0.6602396965026855
0.6153261661529541
0.5794476270675659
Test Power of C2ST-L:  1.0
0.6862977743148804
0.6756131649017334
0.6624575853347778
0.631937563419342
0.5993462800979614
Test Power of C2ST-L:  0.0
0.6880430579185486
0.6766818165779114
0.668743371963501
0.6323923468589783
0.5940760374069214
Test Power of C2ST-L:  1.0
0.6906678676605225
0.6806317567825317
0.6708229780197144
0.6252104043960571
0.592046320438385
Test Power of C2ST-L:  1.0
0.6873461008071899
0.674363374710083
0.6599258184432983
0.6086419224739075
0.5712364912033081
Test Power of C2ST-L:  1.0
0.6893250942230225
0.6794756054878235
0.6635448932647705
0.6260989904403687
0.5891904234886169
Test Power of C2ST-L:  1.0
0.6864990592002869
0.673904538154602
0.6549102067947388
0.6072793006896973
0.5688492059707642
Test Power of C2ST-L:  1.0
0.6910403966903687
0.6834502816200256
0.6706714034080505
0.6246278285980225
0.5905607342720032
Test Power of C2ST-L:  1.0
0.6882554888725281
0.6768686175346375
0.6577848196029663
0.6056980490684509
0.5751740336418152
Test Power of C2ST-L:  0.0
0.6873390078544617
0.6820610761642456
0.6659303903579712
0.6277052164077759
0.5847314596176147
Test Power of C2ST-L:  0.0
0.6871464848518372
0.6759471893310547
0.6593958735466003
0.623455822467804
0.5966795086860657
Test Power of C2ST-L:  1.0
0.690068781375885
0.6770272254943848
0.6623129844665527
0.6105021834373474
0.5754851698875427
Test Power of C2ST-L:  1.0
0.6886801719665527
0.6786580085754395
0.6555454730987549
0.6130595207214355
0.5826171636581421
Test Power of C2ST-L:  0.0
0.6887494921684265
0.6774053573608398
0.6653832793235779
0.6156167387962341
0.5801821947097778
Test Power of C2ST-L:  0.0
0.6888629198074341
0.6791542768478394
0.6550867557525635
0.6054769158363342
0.5717740058898926
Test Power of C2ST-L:  1.0
0.6884738802909851
0.6813827753067017
0.658211886882782
0.610607385635376
0.5797843337059021
Test Power of C2ST-L:  1.0
0.6911116242408752
0.6822968125343323
0.673015296459198
0.6376274824142456
0.6157886981964111
Test Power of C2ST-L:  1.0
0.6870060563087463
0.6750280261039734
0.658871054649353
0.612686812877655
0.5769888162612915
Test Power of C2ST-L:  1.0
0.6891501545906067
0.6810532808303833
0.6648855209350586
0.6063035726547241
0.5609064102172852
Test Power of C2ST-L:  1.0
0.6895847916603088
0.6801775693893433
0.6694479584693909
0.6386607885360718
0.5948165655136108
Test Power of C2ST-L:  1.0
0.6871699094772339
0.6771693229675293
0.6646324992179871
0.6132330894470215
0.5651493668556213
Test Power of C2ST-L:  1.0
0.6889743804931641
0.678950846195221
0.661098837852478
0.6061580777168274
0.5677271485328674
Test Power of C2ST-L:  1.0
0.6903246641159058
0.6805286407470703
0.6639484763145447
0.6131154298782349
0.5681379437446594
Test Power of C2ST-L:  1.0
0.6885956525802612
0.6793714761734009
0.6701635122299194
0.6291075944900513
0.5991461277008057
Test Power of C2ST-L:  0.0
0.689958930015564
0.6772787570953369
0.6502341032028198
0.6006483435630798
0.5617135763168335
Test Power of C2ST-L:  1.0
0.6842605471611023
0.6747121810913086
0.6569724678993225
0.6093286871910095
0.5763357877731323
Test Power of C2ST-L:  1.0
0.6894887685775757
0.676990807056427
0.657282292842865
0.6190581321716309
0.5833763480186462
Test Power of C2ST-L:  0.0
0.690030038356781
0.6775346398353577
0.6588777899742126
0.6171488165855408
0.5923385620117188
Test Power of C2ST-L:  0.0
0.6858559250831604
0.6789398193359375
0.6707978248596191
0.6295133829116821
0.5917276740074158
Test Power of C2ST-L:  0.0
0.6896544694900513
0.6820444464683533
0.6697107553482056
0.6300674080848694
0.5912898182868958
Test Power of C2ST-L:  1.0
0.6857048273086548
0.674477219581604
0.6668357253074646
0.6176037788391113
0.5789777040481567
Test Power of C2ST-L:  1.0
0.689623236656189
0.6810088753700256
0.6623138785362244
0.6215507388114929
0.5879753828048706
Test Power of C2ST-L:  1.0
0.6896221041679382
0.6808706521987915
0.670443058013916
0.631052553653717
0.6001778841018677
Test Power of C2ST-L:  1.0
0.6893908977508545
0.6837279796600342
0.6645781397819519
0.627707839012146
0.5999822020530701
Test Power of C2ST-L:  1.0
0.6881448030471802
0.6709035634994507
0.6462910771369934
0.6085759997367859
0.5926687121391296
Test Power of C2ST-L:  1.0
0.6860249638557434
0.6767651438713074
0.6600660085678101
0.6108269691467285
0.562511146068573
Test Power of C2ST-L:  1.0
0.6887215971946716
0.6778497695922852
0.6611136794090271
0.6272016167640686
0.5898252129554749
Test Power of C2ST-L:  1.0
0.6911497712135315
0.683823823928833
0.6664262413978577
0.621008038520813
0.5890588164329529
Test Power of C2ST-L:  1.0
0.6906426548957825
0.6841464638710022
0.6647655367851257
0.6028218269348145
0.5608080625534058
Test Power of C2ST-L:  0.0
0.6876440048217773
0.6755898594856262
0.6656314134597778
0.6260342001914978
0.5930273532867432
Test Power of C2ST-L:  1.0
0.6855885982513428
0.6743637919425964
0.6638119220733643
0.6269943714141846
0.5994952917098999
Test Power of C2ST-L:  1.0
0.6851714849472046
0.669876754283905
0.6555715799331665
0.6062802672386169
0.5667027235031128
Test Power of C2ST-L:  0.0
0.6873733997344971
0.6825641393661499
0.673305332660675
0.6457390189170837
0.6006779074668884
Test Power of C2ST-L:  1.0
0.6898944973945618
0.6835408806800842
0.6721075177192688
0.6201138496398926
0.5834019184112549
Test Power of C2ST-L:  0.0
0.6886190176010132
0.6825394034385681
0.6740889549255371
0.6318281888961792
0.5790021419525146
Test Power of C2ST-L:  0.0
0.6885556578636169
0.6810713410377502
0.6731374263763428
0.634337306022644
0.5931650400161743
Test Power of C2ST-L:  0.0
0.6896122097969055
0.6832111477851868
0.669173538684845
0.6302508115768433
0.5976374745368958
Test Power of C2ST-L:  0.0
0.6911450028419495
0.6831896901130676
0.6750754117965698
0.6410439610481262
0.6017317175865173
Test Power of C2ST-L:  0.0
0.6891317367553711
0.6805655360221863
0.6683662533760071
0.6254734992980957
0.5971060991287231
Test Power of C2ST-L:  1.0
0.6884554028511047
0.681441068649292
0.6717225909233093
0.6409148573875427
0.6139422059059143
Test Power of C2ST-L:  1.0
0.6907010674476624
0.6866695880889893
0.6811376810073853
0.6524236798286438
0.6211429238319397
Test Power of C2ST-L:  1.0
0.6865609288215637
0.6756613254547119
0.6581804752349854
0.608138918876648
0.5933312773704529
Test Power of C2ST-L:  1.0
0.6862430572509766
0.6778218150138855
0.667433500289917
0.6274648308753967
0.5978170037269592
Test Power of C2ST-L:  1.0


=====================================================
Average test power at training size =  500  :  0.7
=====================================================


0.687188982963562
0.6806970834732056
0.6697070598602295
0.6522795557975769
0.6342470645904541
Test Power of C2ST-L:  1.0
0.686989963054657
0.6830548644065857
0.6725064516067505
0.6541670560836792
0.6374672651290894
Test Power of C2ST-L:  1.0
0.6883271336555481
0.6810622811317444
0.6649360656738281
0.646889865398407
0.6284545660018921
Test Power of C2ST-L:  1.0
0.6875880360603333
0.6771225333213806
0.6621269583702087
0.6410394906997681
0.6233490109443665
Test Power of C2ST-L:  1.0
0.6887880563735962
0.6772387027740479
0.6737058758735657
0.6499729156494141
0.6274010539054871
Test Power of C2ST-L:  1.0
0.6861250996589661
0.6739950180053711
0.6541134715080261
0.6374044418334961
0.6257304549217224
Test Power of C2ST-L:  1.0
0.687368631362915
0.6766270399093628
0.6556039452552795
0.6394308805465698
0.6196525692939758
Test Power of C2ST-L:  1.0
0.6855586171150208
0.6751546263694763
0.6725995540618896
0.6500104665756226
0.6344577074050903
Test Power of C2ST-L:  1.0
0.6875372529029846
0.6816950440406799
0.6786125302314758
0.6628360748291016
0.6536787748336792
Test Power of C2ST-L:  1.0
0.6848329305648804
0.6804214119911194
0.6627488732337952
0.6326890587806702
0.6168714165687561
Test Power of C2ST-L:  1.0
0.6849833726882935
0.6791519522666931
0.6654282212257385
0.6470629572868347
0.6288385987281799
Test Power of C2ST-L:  1.0
0.6875953674316406
0.6713573932647705
0.6570912003517151
0.6311121582984924
0.6138330698013306
Test Power of C2ST-L:  1.0
0.6878565549850464
0.6835464835166931
0.674771785736084
0.6528202891349792
0.6387676000595093
Test Power of C2ST-L:  1.0
0.6887783408164978
0.6831867098808289
0.6713098287582397
0.6525216102600098
0.6342388391494751
Test Power of C2ST-L:  1.0
0.6873961687088013
0.6795297861099243
0.6657822132110596
0.6522110104560852
0.6384277939796448
Test Power of C2ST-L:  1.0
0.6877362728118896
0.6804351210594177
0.6670738458633423
0.6424770951271057
0.6247071623802185
Test Power of C2ST-L:  1.0
0.6811091899871826
0.671991229057312
0.6566253900527954
0.6423404812812805
0.6290708780288696
Test Power of C2ST-L:  1.0
0.6873231530189514
0.6812295913696289
0.6706485748291016
0.6529282331466675
0.6341333985328674
Test Power of C2ST-L:  1.0
0.6891058087348938
0.6810703873634338
0.6643934845924377
0.6367418766021729
0.6187277436256409
Test Power of C2ST-L:  1.0
0.6889194250106812
0.6819941997528076
0.6753357648849487
0.6523360013961792
0.6300344467163086
Test Power of C2ST-L:  1.0
0.6864875555038452
0.6766242384910583
0.6582385301589966
0.6387359499931335
0.6227760314941406
Test Power of C2ST-L:  1.0
0.6875873804092407
0.6802002787590027
0.6607955098152161
0.6414942741394043
0.6265400648117065
Test Power of C2ST-L:  1.0
0.6870481967926025
0.6828568577766418
0.6704258322715759
0.6455007195472717
0.6263659596443176
Test Power of C2ST-L:  1.0
0.6882923245429993
0.6783512830734253
0.6673903465270996
0.6565850973129272
0.6442107558250427
Test Power of C2ST-L:  1.0
0.6881347894668579
0.6807506680488586
0.6666705012321472
0.6470035314559937
0.6244974136352539
Test Power of C2ST-L:  1.0
0.6887879371643066
0.6810869574546814
0.6752014756202698
0.6620761752128601
0.6376004815101624
Test Power of C2ST-L:  1.0
0.6887302398681641
0.6833750605583191
0.6814240217208862
0.6535407900810242
0.6311293244361877
Test Power of C2ST-L:  1.0
0.6856967210769653
0.6727314591407776
0.6595990061759949
0.6405400037765503
0.6181256771087646
Test Power of C2ST-L:  1.0
0.6888951659202576
0.6829769015312195
0.6709080934524536
0.6519742012023926
0.6356154084205627
Test Power of C2ST-L:  1.0
0.6879278421401978
0.6796041131019592
0.65749192237854
0.6393579840660095
0.6240506768226624
Test Power of C2ST-L:  1.0
0.6834844350814819
0.6791208982467651
0.6713901162147522
0.6517360210418701
0.634016215801239
Test Power of C2ST-L:  1.0
0.6875306963920593
0.6807199120521545
0.6642510890960693
0.6464990377426147
0.6295472979545593
Test Power of C2ST-L:  1.0
0.6892180442810059
0.6813305616378784
0.6695199608802795
0.6497103571891785
0.6339550614356995
Test Power of C2ST-L:  1.0
0.6883658170700073
0.6808975338935852
0.6690352559089661
0.648172914981842
0.6329732537269592
Test Power of C2ST-L:  1.0
0.688872218132019
0.6815264821052551
0.6690571904182434
0.6457743048667908
0.6251488327980042
Test Power of C2ST-L:  1.0
0.6882727742195129
0.6793190240859985
0.6642546057701111
0.6407029628753662
0.624617338180542
Test Power of C2ST-L:  1.0
0.6870542168617249
0.6762117743492126
0.6611630320549011
0.6386087536811829
0.6159587502479553
Test Power of C2ST-L:  1.0
0.6876100897789001
0.6810775399208069
0.6719139218330383
0.6501548886299133
0.6270446181297302
Test Power of C2ST-L:  1.0
0.686136782169342
0.6824877262115479
0.6763572096824646
0.6585329174995422
0.6390316486358643
Test Power of C2ST-L:  1.0
0.6899287104606628
0.6811861991882324
0.66531902551651
0.6451084613800049
0.6293728947639465
Test Power of C2ST-L:  1.0
0.6872267127037048
0.6802217364311218
0.6643956899642944
0.6513227820396423
0.6297239065170288
Test Power of C2ST-L:  1.0
0.6903972029685974
0.6826601028442383
0.6763530969619751
0.6589207649230957
0.6388795375823975
Test Power of C2ST-L:  1.0
0.6883862018585205
0.6808195114135742
0.6676951050758362
0.6434330344200134
0.623819887638092
Test Power of C2ST-L:  1.0
0.688085675239563
0.6788985729217529
0.6591445207595825
0.6374650597572327
0.6235029697418213
Test Power of C2ST-L:  1.0
0.6842678189277649
0.6800209283828735
0.6793251037597656
0.6563987135887146
0.6260443925857544
Test Power of C2ST-L:  1.0
0.6868540048599243
0.6839817762374878
0.6669270992279053
0.6396988034248352
0.6182658672332764
Test Power of C2ST-L:  1.0
0.6876541972160339
0.6836243271827698
0.674406886100769
0.6549503803253174
0.6266803741455078
Test Power of C2ST-L:  1.0
0.6864031553268433
0.6824003458023071
0.66135573387146
0.6431013345718384
0.6259723901748657
Test Power of C2ST-L:  1.0
0.688544750213623
0.6784979701042175
0.6668685078620911
0.6427333354949951
0.6232591867446899
Test Power of C2ST-L:  1.0
0.6888991594314575
0.6812615990638733
0.6632741093635559
0.6511459350585938
0.6279512047767639
Test Power of C2ST-L:  1.0
0.6911957859992981
0.6872206330299377
0.6854647397994995
0.6656454801559448
0.645824670791626
Test Power of C2ST-L:  1.0
0.6904405355453491
0.6826445460319519
0.6730950474739075
0.6515078544616699
0.6287704110145569
Test Power of C2ST-L:  1.0
0.6864253878593445
0.6828141212463379
0.6693915724754333
0.6524707078933716
0.6335948705673218
Test Power of C2ST-L:  1.0
0.6885108947753906
0.6840648055076599
0.6810483932495117
0.6615580320358276
0.6489049792289734
Test Power of C2ST-L:  1.0
0.6901212334632874
0.6850670576095581
0.6536093950271606
0.6363840699195862
0.6185330748558044
Test Power of C2ST-L:  1.0
0.6899709701538086
0.6853924989700317
0.662857174873352
0.6483500003814697
0.6315720081329346
Test Power of C2ST-L:  1.0
0.6873365640640259
0.6794272661209106
0.6626890301704407
0.6496645212173462
0.6357275247573853
Test Power of C2ST-L:  1.0
0.6864927411079407
0.6776226162910461
0.6645767092704773
0.6491570472717285
0.6321939826011658
Test Power of C2ST-L:  1.0
0.6885983943939209
0.6838820576667786
0.6687040328979492
0.6444801688194275
0.6288014054298401
Test Power of C2ST-L:  1.0
0.6874945759773254
0.6830683350563049
0.6674178242683411
0.6525905132293701
0.6390041708946228
Test Power of C2ST-L:  1.0
0.6879073977470398
0.6847174763679504
0.6821098923683167
0.6626514792442322
0.6389682292938232
Test Power of C2ST-L:  1.0
0.685965895652771
0.6814348697662354
0.6681310534477234
0.6469340920448303
0.6266087293624878
Test Power of C2ST-L:  1.0
0.6906359791755676
0.6837586164474487
0.6762053370475769
0.6449929475784302
0.6207461953163147
Test Power of C2ST-L:  1.0
0.6882027387619019
0.6820651292800903
0.6647801399230957
0.6529809236526489
0.6361383199691772
Test Power of C2ST-L:  1.0
0.6886562705039978
0.6786523461341858
0.6763272881507874
0.6605637073516846
0.6408548355102539
Test Power of C2ST-L:  1.0
0.6870793700218201
0.6774058938026428
0.6646367907524109
0.6533769369125366
0.6449468731880188
Test Power of C2ST-L:  1.0
0.6883073449134827
0.6823236346244812
0.6615764498710632
0.6450674533843994
0.6292966604232788
Test Power of C2ST-L:  1.0
0.6890608668327332
0.684971272945404
0.6726479530334473
0.6538338661193848
0.63178551197052
Test Power of C2ST-L:  1.0
0.6874129772186279
0.6725900173187256
0.6544381380081177
0.6372096538543701
0.6205304861068726
Test Power of C2ST-L:  1.0
0.68882155418396
0.6819429397583008
0.6643853187561035
0.6456382274627686
0.6316758990287781
Test Power of C2ST-L:  1.0
0.6881399154663086
0.6819669008255005
0.6718478798866272
0.6556421518325806
0.6415491700172424
Test Power of C2ST-L:  1.0
0.6869255900382996
0.6785459518432617
0.6572577953338623
0.6395078897476196
0.6141684055328369
Test Power of C2ST-L:  1.0
0.688117265701294
0.6850647926330566
0.6823183298110962
0.6557302474975586
0.6327558755874634
Test Power of C2ST-L:  1.0
0.6864272356033325
0.6759782433509827
0.6551788449287415
0.6331682801246643
0.61604905128479
Test Power of C2ST-L:  1.0
0.6897391080856323
0.6856896877288818
0.673241376876831
0.6464741826057434
0.6317899823188782
Test Power of C2ST-L:  1.0
0.6862396001815796
0.6826373934745789
0.6691023707389832
0.6495447754859924
0.6335006356239319
Test Power of C2ST-L:  1.0
0.6839664578437805
0.6784889101982117
0.6709528565406799
0.6569167971611023
0.6356281638145447
Test Power of C2ST-L:  1.0
0.6889688372612
0.6836349368095398
0.6752403378486633
0.6523184180259705
0.6284241080284119
Test Power of C2ST-L:  1.0
0.6889911890029907
0.6831901669502258
0.6681398749351501
0.6461086869239807
0.6272114515304565
Test Power of C2ST-L:  1.0
0.6885402798652649
0.6824019551277161
0.6771156787872314
0.6574421525001526
0.6384996175765991
Test Power of C2ST-L:  1.0
0.6843760013580322
0.6746509671211243
0.6587841510772705
0.6362074613571167
0.6192640662193298
Test Power of C2ST-L:  1.0
0.6863051056861877
0.6808425784111023
0.6762785911560059
0.6570956110954285
0.6342087984085083
Test Power of C2ST-L:  1.0
0.6884565353393555
0.6795843243598938
0.6690326929092407
0.6452129483222961
0.6279221773147583
Test Power of C2ST-L:  1.0
0.685642421245575
0.677660346031189
0.6638224124908447
0.6475615501403809
0.6370418667793274
Test Power of C2ST-L:  1.0
0.6896553635597229
0.6854270696640015
0.6752487421035767
0.6565285921096802
0.6441141366958618
Test Power of C2ST-L:  1.0
0.6863527894020081
0.6817194819450378
0.6699168086051941
0.6465457677841187
0.6253076791763306
Test Power of C2ST-L:  0.0
0.6855375170707703
0.6811859011650085
0.6755433678627014
0.6528305411338806
0.6339135766029358
Test Power of C2ST-L:  1.0
0.6855404376983643
0.6793372631072998
0.6672499179840088
0.6453561782836914
0.6272951364517212
Test Power of C2ST-L:  1.0
0.6858826279640198
0.6772196888923645
0.6621379256248474
0.6440998911857605
0.6266531348228455
Test Power of C2ST-L:  1.0
0.6874392032623291
0.682204008102417
0.6768489480018616
0.6635033488273621
0.6478620767593384
Test Power of C2ST-L:  1.0
0.6871720552444458
0.683322012424469
0.662321925163269
0.6457521915435791
0.632142186164856
Test Power of C2ST-L:  1.0
0.6858251690864563
0.6751253604888916
0.664808452129364
0.6484535932540894
0.6289398670196533
Test Power of C2ST-L:  1.0
0.6865925192832947
0.6822181940078735
0.6608690023422241
0.6376104950904846
0.6202182769775391
Test Power of C2ST-L:  1.0
0.6878324151039124
0.6799054741859436
0.6763622760772705
0.6603333950042725
0.6383528113365173
Test Power of C2ST-L:  1.0
0.6861701607704163
0.6812704801559448
0.6613698601722717
0.647796094417572
0.6353163123130798
Test Power of C2ST-L:  1.0
0.6893475651741028
0.6846161484718323
0.6737374067306519
0.6538864970207214
0.6378564834594727
Test Power of C2ST-L:  1.0
0.6907966136932373
0.6846627593040466
0.665934681892395
0.640792727470398
0.6230776906013489
Test Power of C2ST-L:  1.0
0.688352108001709
0.6839062571525574
0.6639572978019714
0.646735668182373
0.6295243501663208
Test Power of C2ST-L:  1.0
0.6863813996315002
0.6805659532546997
0.6584762334823608
0.6411319375038147
0.6269609928131104
Test Power of C2ST-L:  1.0
0.6876063346862793
0.6769531965255737
0.6690405011177063
0.6453919410705566
0.6257020831108093
Test Power of C2ST-L:  1.0


=====================================================
Average test power at training size =  750  :  0.99
=====================================================


0.6909724473953247
0.6841371059417725
0.6629784107208252
0.65294349193573
0.6466062068939209
Test Power of C2ST-L:  1.0
0.690792441368103
0.6846402883529663
0.6633473634719849
0.6460737586021423
0.6380654573440552
Test Power of C2ST-L:  1.0
0.6906661987304688
0.6793003082275391
0.6647094488143921
0.6570873260498047
0.6474089622497559
Test Power of C2ST-L:  1.0
0.6914322972297668
0.6867826581001282
0.6840315461158752
0.6620025634765625
0.6481543183326721
Test Power of C2ST-L:  1.0
0.6899318695068359
0.6838054656982422
0.6671329140663147
0.6563481092453003
0.645321249961853
Test Power of C2ST-L:  1.0
0.690997838973999
0.6848447322845459
0.6727879047393799
0.6561793088912964
0.6439935564994812
Test Power of C2ST-L:  1.0
0.6904186010360718
0.6856473684310913
0.6709421277046204
0.6542043089866638
0.6365212798118591
Test Power of C2ST-L:  1.0
0.690775454044342
0.6849402785301208
0.6652019619941711
0.6473854780197144
0.6271371841430664
Test Power of C2ST-L:  1.0
0.6892213821411133
0.6835909485816956
0.6717325448989868
0.6539120078086853
0.6432187557220459
Test Power of C2ST-L:  1.0
0.6900168061256409
0.6834737658500671
0.6696900725364685
0.6483797430992126
0.6348074674606323
Test Power of C2ST-L:  1.0
0.689933180809021
0.6799318194389343
0.6650493144989014
0.6531592607498169
0.6421560049057007
Test Power of C2ST-L:  1.0
0.6906801462173462
0.68358314037323
0.6712613701820374
0.6539072394371033
0.6428536176681519
Test Power of C2ST-L:  1.0
0.6906301975250244
0.6851370334625244
0.679722249507904
0.6565298438072205
0.6406627297401428
Test Power of C2ST-L:  1.0
0.6910449266433716
0.6867129802703857
0.6788206696510315
0.6574139595031738
0.6470412611961365
Test Power of C2ST-L:  1.0
0.6881000399589539
0.6824424862861633
0.6723686456680298
0.6561073660850525
0.6439396142959595
Test Power of C2ST-L:  1.0
0.6880080699920654
0.6806731224060059
0.6753149032592773
0.6570345163345337
0.6438297033309937
Test Power of C2ST-L:  1.0
0.6900172233581543
0.6859471201896667
0.6773257851600647
0.6606103777885437
0.6456934213638306
Test Power of C2ST-L:  1.0
0.6892109513282776
0.6810203790664673
0.6692453622817993
0.6550929546356201
0.6455431580543518
Test Power of C2ST-L:  1.0
0.6857563853263855
0.6801513433456421
0.6657542586326599
0.6544985771179199
0.6424592733383179
Test Power of C2ST-L:  1.0
0.6867402791976929
0.6789311766624451
0.6680523753166199
0.6522128582000732
0.6408776044845581
Test Power of C2ST-L:  1.0
0.6884994506835938
0.6850771903991699
0.6797762513160706
0.6604834794998169
0.6462746858596802
Test Power of C2ST-L:  1.0
0.6868805289268494
0.6784390807151794
0.6621353626251221
0.649193286895752
0.6363025903701782
Test Power of C2ST-L:  1.0
0.6912961006164551
0.6835293173789978
0.6787644624710083
0.6543476581573486
0.6389576196670532
Test Power of C2ST-L:  1.0
0.6889486312866211
0.6834812760353088
0.6804306507110596
0.6646288633346558
0.650546133518219
Test Power of C2ST-L:  1.0
0.6906982064247131
0.6850233674049377
0.6635825037956238
0.6461964845657349
0.6352524161338806
Test Power of C2ST-L:  1.0
0.6903188228607178
0.6790286302566528
0.6708849668502808
0.6538909673690796
0.6449291110038757
Test Power of C2ST-L:  1.0
0.6900357604026794
0.6817235350608826
0.674297034740448
0.6565533876419067
0.6461953520774841
Test Power of C2ST-L:  1.0
0.687498927116394
0.6832093000411987
0.6701776385307312
0.6534924507141113
0.641514778137207
Test Power of C2ST-L:  1.0
0.6896945834159851
0.6839234828948975
0.6670798063278198
0.6450898051261902
0.6336833834648132
Test Power of C2ST-L:  1.0
0.6916407346725464
0.6869439482688904
0.6703489422798157
0.6544565558433533
0.6419880986213684
Test Power of C2ST-L:  1.0
0.6900749802589417
0.6823142170906067
0.6768144369125366
0.6588093042373657
0.6482955813407898
Test Power of C2ST-L:  1.0
0.6882330775260925
0.6815639734268188
0.6778465509414673
0.6590109467506409
0.6409770250320435
Test Power of C2ST-L:  1.0
0.6901081204414368
0.6834979057312012
0.6709762811660767
0.6574386358261108
0.6452063918113708
Test Power of C2ST-L:  1.0
0.6882385611534119
0.6746484041213989
0.6493147611618042
0.6411219239234924
0.631771981716156
Test Power of C2ST-L:  1.0
0.6895449161529541
0.6787161827087402
0.6639748215675354
0.6525253057479858
0.6436718702316284
Test Power of C2ST-L:  1.0
0.6887370347976685
0.6817505955696106
0.6673320531845093
0.6515963673591614
0.6355615854263306
Test Power of C2ST-L:  1.0
0.688700258731842
0.6805666089057922
0.6775262355804443
0.6629496812820435
0.6520065665245056
Test Power of C2ST-L:  1.0
0.6883918046951294
0.679743230342865
0.6631619334220886
0.6494397521018982
0.635136604309082
Test Power of C2ST-L:  1.0
0.6894059777259827
0.6788647174835205
0.6621688008308411
0.6503587961196899
0.6348406076431274
Test Power of C2ST-L:  1.0
0.6907764673233032
0.6796939373016357
0.664378821849823
0.6498535871505737
0.6389395594596863
Test Power of C2ST-L:  1.0
0.6895052194595337
0.6823318004608154
0.6769317984580994
0.6597112417221069
0.6475910544395447
Test Power of C2ST-L:  1.0
0.689139187335968
0.6831130981445312
0.6756628155708313
0.656598687171936
0.6464716792106628
Test Power of C2ST-L:  1.0
0.6903526782989502
0.6853654384613037
0.6675819754600525
0.6523123383522034
0.6383270025253296
Test Power of C2ST-L:  1.0
0.6882204413414001
0.682188868522644
0.6766262054443359
0.6663500070571899
0.6436181664466858
Test Power of C2ST-L:  1.0
0.6899509429931641
0.6822643876075745
0.6679661273956299
0.6545592546463013
0.6382766962051392
Test Power of C2ST-L:  1.0
0.6893596053123474
0.6837194561958313
0.6690641045570374
0.660184383392334
0.6452546715736389
Test Power of C2ST-L:  1.0
0.6907287240028381
0.685395359992981
0.6794880628585815
0.6589962244033813
0.6451933979988098
Test Power of C2ST-L:  1.0
0.6885465383529663
0.6798223853111267
0.6702714562416077
0.6488534212112427
0.6349799036979675
Test Power of C2ST-L:  1.0
0.6908285617828369
0.6832688450813293
0.671552300453186
0.6501521468162537
0.6345887184143066
Test Power of C2ST-L:  1.0
0.6902192234992981
0.6815765500068665
0.6718515753746033
0.6572655439376831
0.646872341632843
Test Power of C2ST-L:  1.0
0.6906302571296692
0.6821582913398743
0.664938747882843
0.6504043340682983
0.635291337966919
Test Power of C2ST-L:  1.0
0.6887044906616211
0.6838082671165466
0.6800849437713623
0.6632880568504333
0.6486273407936096
Test Power of C2ST-L:  1.0
0.6898011565208435
0.6851465106010437
0.6728924512863159
0.6578994393348694
0.6410539746284485
Test Power of C2ST-L:  1.0
0.6881667375564575
0.6786355972290039
0.6634992957115173
0.6486315131187439
0.636141836643219
Test Power of C2ST-L:  1.0
0.6901262998580933
0.681535542011261
0.6627650260925293
0.6427039504051208
0.62505704164505
Test Power of C2ST-L:  1.0
0.6905485987663269
0.6855520009994507
0.6778419613838196
0.6661413311958313
0.6488780379295349
Test Power of C2ST-L:  1.0
0.687954843044281
0.6795350313186646
0.6600617170333862
0.6478220820426941
0.6366007328033447
Test Power of C2ST-L:  1.0
0.6898083686828613
0.6844529509544373
0.6783453822135925
0.6609287858009338
0.6478110551834106
Test Power of C2ST-L:  1.0
0.6895509362220764
0.6799424290657043
0.6593852043151855
0.6409031748771667
0.6272313594818115
Test Power of C2ST-L:  1.0
0.6873470544815063
0.6805722713470459
0.6647331714630127
0.6534401178359985
0.6400102376937866
Test Power of C2ST-L:  1.0
0.6888608336448669
0.6766372323036194
0.6503108143806458
0.6356616020202637
0.6209406852722168
Test Power of C2ST-L:  1.0
0.6876931190490723
0.6809874773025513
0.6717576384544373
0.650253176689148
0.6361726522445679
Test Power of C2ST-L:  1.0
0.6899553537368774
0.6821858286857605
0.6632992029190063
0.6473715305328369
0.6356290578842163
Test Power of C2ST-L:  1.0
0.6898751258850098
0.6814426183700562
0.6740055680274963
0.6550003886222839
0.6411458849906921
Test Power of C2ST-L:  1.0
0.6892297267913818
0.6849066615104675
0.6807937622070312
0.6699770092964172
0.6514962911605835
Test Power of C2ST-L:  1.0
0.6902580857276917
0.6834019422531128
0.6700249314308167
0.6502924561500549
0.6378648281097412
Test Power of C2ST-L:  1.0
0.6910353899002075
0.6842741370201111
0.6772809624671936
0.6563050150871277
0.642727792263031
Test Power of C2ST-L:  1.0
0.6896663904190063
0.6829479932785034
0.6765503287315369
0.6605778932571411
0.647636353969574
Test Power of C2ST-L:  1.0
0.6898705363273621
0.6791629791259766
0.6661749482154846
0.6484940052032471
0.6347954869270325
Test Power of C2ST-L:  1.0
0.6891574263572693
0.6790104508399963
0.6585597991943359
0.6430323719978333
0.6328536868095398
Test Power of C2ST-L:  1.0
0.6879882216453552
0.6794483661651611
0.6593995690345764
0.6438609957695007
0.6305875182151794
Test Power of C2ST-L:  1.0
0.6876397728919983
0.6805976033210754
0.6623208522796631
0.652123212814331
0.6424621939659119
Test Power of C2ST-L:  1.0
0.6891832947731018
0.6832858324050903
0.6782002449035645
0.6574640870094299
0.6452714800834656
Test Power of C2ST-L:  1.0
0.6904930472373962
0.6838492155075073
0.6625593304634094
0.6513227820396423
0.6328443884849548
Test Power of C2ST-L:  1.0
0.6906892657279968
0.6823968291282654
0.6707636117935181
0.6518546938896179
0.6395142674446106
Test Power of C2ST-L:  1.0
0.6917047500610352
0.6845695972442627
0.679155170917511
0.6629610657691956
0.6518310308456421
Test Power of C2ST-L:  1.0
0.6890185475349426
0.6830296516418457
0.6648758053779602
0.6482008695602417
0.6347253322601318
Test Power of C2ST-L:  1.0
0.6914649605751038
0.6873428225517273
0.6726648807525635
0.6553437113761902
0.6439201235771179
Test Power of C2ST-L:  1.0
0.6897051334381104
0.6828455328941345
0.6766155958175659
0.6535707712173462
0.6379976272583008
Test Power of C2ST-L:  1.0
0.6894266605377197
0.6835996508598328
0.6629535555839539
0.6499910950660706
0.6408483386039734
Test Power of C2ST-L:  1.0
0.6884034872055054
0.6810867786407471
0.6611770391464233
0.6472018957138062
0.6357269287109375
Test Power of C2ST-L:  1.0
0.6903643608093262
0.685668408870697
0.6799802780151367
0.667890727519989
0.6581007242202759
Test Power of C2ST-L:  1.0
0.6878654360771179
0.6794030666351318
0.6612253785133362
0.6437855362892151
0.6319654583930969
Test Power of C2ST-L:  1.0
0.6902709007263184
0.684432864189148
0.6778106689453125
0.6608791947364807
0.6451034545898438
Test Power of C2ST-L:  1.0
0.691118597984314
0.6849120855331421
0.670940101146698
0.6533463597297668
0.6429886221885681
Test Power of C2ST-L:  1.0
0.6910160183906555
0.6864072680473328
0.6817768216133118
0.667576789855957
0.6488747000694275
Test Power of C2ST-L:  1.0
0.6887365579605103
0.6801823377609253
0.6654168367385864
0.653887152671814
0.6427053213119507
Test Power of C2ST-L:  1.0
0.6879339218139648
0.6821380257606506
0.662837564945221
0.6499891877174377
0.6389106512069702
Test Power of C2ST-L:  1.0
0.69001305103302
0.6806374788284302
0.6661096811294556
0.646535336971283
0.6300435066223145
Test Power of C2ST-L:  1.0
0.6916251182556152
0.6869947910308838
0.6811729073524475
0.659642219543457
0.6415396332740784
Test Power of C2ST-L:  1.0
0.687727153301239
0.6814101934432983
0.6648076176643372
0.6503146290779114
0.631965696811676
Test Power of C2ST-L:  1.0
0.6901891827583313
0.680927574634552
0.6720043420791626
0.6468816995620728
0.6343144774436951
Test Power of C2ST-L:  1.0
0.6894657611846924
0.6810977458953857
0.6680443286895752
0.6575217247009277
0.6451963186264038
Test Power of C2ST-L:  1.0
0.6885657906532288
0.6812224984169006
0.6718741059303284
0.6507477760314941
0.6375683546066284
Test Power of C2ST-L:  1.0
0.6891785860061646
0.6829071640968323
0.662712037563324
0.6522234082221985
0.644416868686676
Test Power of C2ST-L:  1.0
0.6903249025344849
0.6809711456298828
0.6652060151100159
0.6486250758171082
0.6350358724594116
Test Power of C2ST-L:  1.0
0.6906846165657043
0.6765056252479553
0.6618170142173767
0.6508342623710632
0.638792872428894
Test Power of C2ST-L:  1.0
0.6885141730308533
0.6822941303253174
0.6678858995437622
0.6529204845428467
0.639268696308136
Test Power of C2ST-L:  1.0
0.6872928142547607
0.682294487953186
0.6700719594955444
0.6476718187332153
0.6369326114654541
Test Power of C2ST-L:  1.0
0.6892411708831787
0.6843422055244446
0.6782864928245544
0.6644927859306335
0.6560898423194885
Test Power of C2ST-L:  1.0


=====================================================
Average test power at training size =  1000  :  1.0
=====================================================


0.6899145245552063
0.6838580369949341
0.6726946234703064
0.6591145992279053
0.6623423099517822
Test Power of C2ST-L:  1.0
0.6881640553474426
0.6789735555648804
0.6605628132820129
0.6525110602378845
0.645015299320221
Test Power of C2ST-L:  1.0
0.6903048753738403
0.6808871030807495
0.668978214263916
0.6587507724761963
0.646550178527832
Test Power of C2ST-L:  1.0
0.6889442205429077
0.6780378222465515
0.6634476780891418
0.6518980264663696
0.653771698474884
Test Power of C2ST-L:  1.0
0.6907249689102173
0.6824069023132324
0.6720340847969055
0.660401463508606
0.6444926261901855
Test Power of C2ST-L:  1.0
0.689186692237854
0.6824631690979004
0.6677980422973633
0.6535610556602478
0.6425731778144836
Test Power of C2ST-L:  1.0
0.6908475756645203
0.6863806247711182
0.6735921502113342
0.6624444723129272
0.6531035900115967
Test Power of C2ST-L:  1.0
0.6890100240707397
0.683089554309845
0.6714643239974976
0.6591413617134094
0.6476922631263733
Test Power of C2ST-L:  1.0
0.6894873380661011
0.6732984781265259
0.6623727083206177
0.6558552384376526
0.6569890975952148
Test Power of C2ST-L:  1.0
0.6889512538909912
0.6722524166107178
0.6617024540901184
0.6464977860450745
0.6351948976516724
Test Power of C2ST-L:  1.0
0.6900372505187988
0.6825780272483826
0.6662511229515076
0.6514052748680115
0.641426682472229
Test Power of C2ST-L:  1.0
0.6898889541625977
0.6803876757621765
0.6638530492782593
0.6539987921714783
0.6538316607475281
Test Power of C2ST-L:  1.0
0.6886073350906372
0.6790913343429565
0.662757396697998
0.651741087436676
0.6423411965370178
Test Power of C2ST-L:  1.0
0.6913472414016724
0.6837714910507202
0.6653019189834595
0.6534039378166199
0.6601866483688354
Test Power of C2ST-L:  1.0
0.6887013912200928
0.6853951811790466
0.6779175996780396
0.6586270928382874
0.6465120315551758
Test Power of C2ST-L:  1.0
0.689781665802002
0.678398072719574
0.661016047000885
0.6529556512832642
0.6418898105621338
Test Power of C2ST-L:  1.0
0.6876571178436279
0.6696057319641113
0.6564232110977173
0.6441038846969604
0.6346703767776489
Test Power of C2ST-L:  1.0
0.690451979637146
0.683587372303009
0.6681573987007141
0.6552737951278687
0.6421405076980591
Test Power of C2ST-L:  1.0
0.688665509223938
0.6775110960006714
0.6535091996192932
0.6457644701004028
0.636642575263977
Test Power of C2ST-L:  1.0
0.6868539452552795
0.680645763874054
0.6659998297691345
0.6591309309005737
0.6546130180358887
Test Power of C2ST-L:  1.0
0.6898892521858215
0.682793378829956
0.6731371879577637
0.6580207943916321
0.65096116065979
Test Power of C2ST-L:  1.0
0.6902105808258057
0.6830378174781799
0.6715283393859863
0.6615831255912781
0.6601342558860779
Test Power of C2ST-L:  1.0
0.6904349327087402
0.6840952038764954
0.6676892638206482
0.6540455222129822
0.6456117033958435
Test Power of C2ST-L:  1.0
0.6893795728683472
0.6781378984451294
0.6659032702445984
0.6480301022529602
0.6431300640106201
Test Power of C2ST-L:  1.0
0.6889640688896179
0.6808843016624451
0.6639847159385681
0.6527533531188965
0.6453531980514526
Test Power of C2ST-L:  1.0
0.6877310276031494
0.6818262338638306
0.6702178120613098
0.6545995473861694
0.6405254602432251
Test Power of C2ST-L:  1.0
0.6892826557159424
0.6801859140396118
0.6648561954498291
0.6532428860664368
0.6419206261634827
Test Power of C2ST-L:  1.0
0.690468430519104
0.681108295917511
0.6629242300987244
0.6538427472114563
0.651715099811554
Test Power of C2ST-L:  1.0
0.690013587474823
0.6840046644210815
0.6660833358764648
0.6498490571975708
0.6406631469726562
Test Power of C2ST-L:  1.0
0.6894548535346985
0.6783521771430969
0.6710412502288818
0.6584117412567139
0.6591455340385437
Test Power of C2ST-L:  1.0
0.6885614991188049
0.6843470335006714
0.6767560839653015
0.6549529433250427
0.6473948955535889
Test Power of C2ST-L:  1.0
0.6852820515632629
0.6694470047950745
0.6612793207168579
0.6498895287513733
0.643814742565155
Test Power of C2ST-L:  1.0
0.6892613768577576
0.6836193203926086
0.6658576726913452
0.6531301140785217
0.6401960253715515
Test Power of C2ST-L:  1.0
0.687658965587616
0.6825745105743408
0.6629955768585205
0.6516989469528198
0.6554160714149475
Test Power of C2ST-L:  1.0
0.6904665231704712
0.6853085160255432
0.6624960899353027
0.6528699398040771
0.6456935405731201
Test Power of C2ST-L:  1.0
0.688373863697052
0.674065113067627
0.6629757881164551
0.6534321308135986
0.648984432220459
Test Power of C2ST-L:  1.0
0.6879000663757324
0.6826322078704834
0.664511501789093
0.6529894471168518
0.6475202441215515
Test Power of C2ST-L:  1.0
0.6898732781410217
0.6829751133918762
0.6694360375404358
0.6535606980323792
0.6461312770843506
Test Power of C2ST-L:  1.0
0.6891133189201355
0.679503858089447
0.6678781509399414
0.6582440733909607
0.654106855392456
Test Power of C2ST-L:  1.0
0.6898701190948486
0.6827901601791382
0.6670055389404297
0.6565109491348267
0.6531657576560974
Test Power of C2ST-L:  1.0
0.6891710758209229
0.6766360998153687
0.6611958146095276
0.644941508769989
0.6353141665458679
Test Power of C2ST-L:  1.0
0.6889533400535583
0.6808054447174072
0.6666341423988342
0.6521009206771851
0.6380490064620972
Test Power of C2ST-L:  1.0
0.6885245442390442
0.6785972714424133
0.6656838059425354
0.6486775875091553
0.6462233662605286
Test Power of C2ST-L:  1.0
0.6893810629844666
0.6844716668128967
0.6697202324867249
0.6549748778343201
0.6455135941505432
Test Power of C2ST-L:  1.0
0.6897006630897522
0.6825011968612671
0.6751291155815125
0.6566699743270874
0.6611469984054565
Test Power of C2ST-L:  1.0
0.690396785736084
0.6830155253410339
0.6679109930992126
0.6571241617202759
0.6631083488464355
Test Power of C2ST-L:  1.0
0.6896915435791016
0.677901029586792
0.664284884929657
0.6565280556678772
0.6572751998901367
Test Power of C2ST-L:  1.0
0.6899967193603516
0.6809948682785034
0.6625421047210693
0.6496453881263733
0.6444635987281799
Test Power of C2ST-L:  1.0
0.6893138885498047
0.6810029745101929
0.6675499081611633
0.6592980623245239
0.6591196060180664
Test Power of C2ST-L:  1.0
0.6860337257385254
0.6620637774467468
0.6552637815475464
0.6395297646522522
0.6296734809875488
Test Power of C2ST-L:  1.0
0.6888560056686401
0.6752090454101562
0.6652068495750427
0.6521995067596436
0.6421353816986084
Test Power of C2ST-L:  1.0
0.6893361806869507
0.6690290570259094
0.6600475907325745
0.6474546790122986
0.6381640434265137
Test Power of C2ST-L:  1.0
0.6888732314109802
0.6800258159637451
0.6654853820800781
0.6567069888114929
0.6462602019309998
Test Power of C2ST-L:  1.0
0.6893389821052551
0.6753115057945251
0.6610397100448608
0.6434337496757507
0.6332240104675293
Test Power of C2ST-L:  1.0
0.688244640827179
0.6761554479598999
0.6623907685279846
0.651896595954895
0.6441051959991455
Test Power of C2ST-L:  1.0
0.689338743686676
0.6835312247276306
0.6580200791358948
0.6475787162780762
0.6416302919387817
Test Power of C2ST-L:  1.0
0.6907077431678772
0.6806239485740662
0.6567325592041016
0.641939640045166
0.6296238303184509
Test Power of C2ST-L:  1.0
0.6894050240516663
0.6792309284210205
0.6679942607879639
0.654059648513794
0.6439757943153381
Test Power of C2ST-L:  1.0
0.6889772415161133
0.6820212006568909
0.6665385365486145
0.651694118976593
0.6565337777137756
Test Power of C2ST-L:  1.0
0.6893687844276428
0.6846612691879272
0.6667100787162781
0.6523593068122864
0.6406896114349365
Test Power of C2ST-L:  1.0
0.6898210644721985
0.6847919821739197
0.6699007749557495
0.6501020193099976
0.6397273540496826
Test Power of C2ST-L:  1.0
0.6892832517623901
0.6812496781349182
0.6645497679710388
0.6558557152748108
0.6494030952453613
Test Power of C2ST-L:  1.0
0.6898379921913147
0.6849460005760193
0.6727823615074158
0.6593618392944336
0.6546500325202942
Test Power of C2ST-L:  1.0
0.6876829862594604
0.6762194037437439
0.6664133071899414
0.6560224890708923
0.6430932879447937
Test Power of C2ST-L:  1.0
0.689357340335846
0.6810901165008545
0.6710252165794373
0.6578033566474915
0.6421598792076111
Test Power of C2ST-L:  1.0
0.6877890229225159
0.680131733417511
0.6672331094741821
0.6560032367706299
0.6480294466018677
Test Power of C2ST-L:  1.0
0.6869961619377136
0.6755895018577576
0.6602675914764404
0.6557062268257141
0.6543081402778625
Test Power of C2ST-L:  1.0
0.6880477666854858
0.6816202998161316
0.6606987118721008
0.6467843055725098
0.640723705291748
Test Power of C2ST-L:  1.0
0.6901687383651733
0.680152177810669
0.6667800545692444
0.6541468501091003
0.656328558921814
Test Power of C2ST-L:  1.0
0.689982533454895
0.6850695610046387
0.6653422117233276
0.6544546484947205
0.6587655544281006
Test Power of C2ST-L:  1.0
0.6899141669273376
0.6841503381729126
0.6726502180099487
0.655445396900177
0.6391093134880066
Test Power of C2ST-L:  1.0
0.690064013004303
0.6799142956733704
0.6622435450553894
0.6533047556877136
0.6511217951774597
Test Power of C2ST-L:  1.0
0.6892631649971008
0.6797962188720703
0.6661500930786133
0.657228946685791
0.6582006216049194
Test Power of C2ST-L:  1.0
0.6870737075805664
0.6759797930717468
0.6527782678604126
0.6384324431419373
0.6268437504768372
Test Power of C2ST-L:  1.0
0.6897144317626953
0.6801270246505737
0.6666430234909058
0.6509032249450684
0.6436483263969421
Test Power of C2ST-L:  1.0
0.6864345669746399
0.6750510334968567
0.6633744239807129
0.655168890953064
0.6425400376319885
Test Power of C2ST-L:  1.0
0.6894218325614929
0.6827371120452881
0.6616606712341309
0.6495211720466614
0.6457937955856323
Test Power of C2ST-L:  1.0
0.6891947388648987
0.6837942600250244
0.667461097240448
0.6580771207809448
0.6544414162635803
Test Power of C2ST-L:  1.0
0.6887008547782898
0.6810095310211182
0.6701286435127258
0.6580241918563843
0.6488727927207947
Test Power of C2ST-L:  1.0
0.6890345811843872
0.6821112632751465
0.6634762287139893
0.6513516902923584
0.6414191722869873
Test Power of C2ST-L:  1.0
0.6885597109794617
0.6746405959129333
0.6605932116508484
0.6517297625541687
0.6545217037200928
Test Power of C2ST-L:  1.0
0.687515377998352
0.6794910430908203
0.6659811735153198
0.6519963145256042
0.6407134532928467
Test Power of C2ST-L:  1.0
0.6887847185134888
0.6742766499519348
0.6572728157043457
0.6422366499900818
0.6305440664291382
Test Power of C2ST-L:  1.0
0.6887487173080444
0.6832070350646973
0.6715275645256042
0.6585161089897156
0.648190975189209
Test Power of C2ST-L:  1.0
0.6897646188735962
0.6831626296043396
0.6668452620506287
0.6506470441818237
0.6415179967880249
Test Power of C2ST-L:  1.0
0.6892904043197632
0.6837408542633057
0.6703060269355774
0.6539502143859863
0.6362431645393372
Test Power of C2ST-L:  1.0
0.6883014440536499
0.6788322925567627
0.6589903235435486
0.6441764235496521
0.6338780522346497
Test Power of C2ST-L:  1.0
0.6880208253860474
0.6844237446784973
0.6693826913833618
0.6557496190071106
0.6515210270881653
Test Power of C2ST-L:  1.0
0.6876358985900879
0.673730731010437
0.660470187664032
0.6420584321022034
0.6325308680534363
Test Power of C2ST-L:  1.0
0.6900898218154907
0.6867311000823975
0.6759165525436401
0.6615285873413086
0.6589081287384033
Test Power of C2ST-L:  1.0
0.6901084184646606
0.6838185787200928
0.6685463190078735
0.6540666818618774
0.6425763964653015
Test Power of C2ST-L:  1.0
0.6884069442749023
0.6841493248939514
0.66994309425354
0.6563132405281067
0.6538587808609009
Test Power of C2ST-L:  1.0
0.6878255009651184
0.6749738454818726
0.6634208559989929
0.6537298560142517
0.6607937216758728
Test Power of C2ST-L:  1.0
0.6895947456359863
0.6834412813186646
0.6700119376182556
0.6549535393714905
0.6554334759712219
Test Power of C2ST-L:  1.0
0.6888832449913025
0.6797447800636292
0.6678805947303772
0.6547955870628357
0.6421911716461182
Test Power of C2ST-L:  1.0
0.6904618740081787
0.6827977299690247
0.6626757979393005
0.6463924050331116
0.6338223814964294
Test Power of C2ST-L:  1.0
0.6866932511329651
0.6740269660949707
0.6594196557998657
0.650617778301239
0.640759289264679
Test Power of C2ST-L:  1.0
0.6900625228881836
0.6800781488418579
0.6646026968955994
0.6510944962501526
0.6400725245475769
Test Power of C2ST-L:  1.0
0.6898564696311951
0.6845337152481079
0.6629297733306885
0.650748610496521
0.6391777992248535
Test Power of C2ST-L:  1.0
0.6904900670051575
0.6806021332740784
0.666103720664978
0.6564239263534546
0.655098021030426
Test Power of C2ST-L:  1.0


=====================================================
Average test power at training size =  1250  :  1.0
=====================================================



-----------------------------------------------

Finished with execution of c2st_HDGM.py script

-----------------------------------------------

Job ID           : 54195176
Cluster          : spartan
User/Project     : xunyet/punim2112
Nodes            : 1
Wall-clock time  : 03:13:28 / 1-00:00:00

Displaying overall resources usage from 2023-12-08 15:08:14 to 2023-12-08 18:21:42:

NODE            CPU#        TOT%   ( USR   / SYS   / WIO   / IDLE  ) 

spartan-gpgpu078 : 
                CPU# 1    : 20.3   (  19.7 /   0.6 /   0.0 /  79.7 ) 
                CPU# 2    : 28.2   (  27.5 /   0.7 /   0.0 /  71.8 ) 
                CPU# 3    : 25.4   (  24.8 /   0.6 /   0.0 /  74.6 ) 
                CPU# 4    : 28.9   (  28.3 /   0.6 /   0.0 /  71.1 ) 

                GPU# 1    : 12.6  


Allocated CPUs            : 4    
  CPUs with usage <25%    : 1    
  CPUs with usage <50%    : 3    
  CPUs with usage >50%    : 0    


Allocated GPUs            : 1    
  GPUs with usage <25%    : 1    
  GPUs with usage <50%    : 0    
  GPUs with usage >50%    : 0    

Memory used (RAM)         : 22.7%  [1947MB of 8590MB]

--------------------------------------------

