device: cuda:0
Epoch [60/533], Loss: 0.0016
Epoch [120/533], Loss: 0.0001
Epoch [180/533], Loss: 0.0000
Epoch [240/533], Loss: 0.0007
Epoch [300/533], Loss: 0.0000
Epoch [360/533], Loss: 0.0002
Epoch [420/533], Loss: 0.0003
Epoch [480/533], Loss: 0.0000
0.6817454099655151
0.6801472306251526
0.6795077919960022
0.6817857623100281
0.678512692451477
Test Power of C2ST-L:  1.0
Epoch [60/533], Loss: 0.0002
Epoch [120/533], Loss: 0.0001
Epoch [180/533], Loss: 0.0000
Epoch [240/533], Loss: 0.0000
Epoch [300/533], Loss: 0.0000
Epoch [360/533], Loss: 0.0011
Epoch [420/533], Loss: 0.0001
Epoch [480/533], Loss: 0.0001
0.6897609829902649
0.6769324541091919
0.6763672828674316
0.6782217025756836
0.6744418144226074
Test Power of C2ST-L:  1.0
Epoch [60/533], Loss: 0.0004
Epoch [120/533], Loss: 0.0001
Epoch [180/533], Loss: 0.0000
Epoch [240/533], Loss: 0.0000
Epoch [300/533], Loss: 0.0000
Epoch [360/533], Loss: 0.0001
Epoch [420/533], Loss: 0.0010
Epoch [480/533], Loss: 0.0000
0.6828616261482239
0.682204008102417
0.6812252402305603
0.6836209297180176
0.6791733503341675
Test Power of C2ST-L:  1.0
Epoch [60/533], Loss: 0.0002
Epoch [120/533], Loss: 0.0028
Epoch [180/533], Loss: 0.0001
Epoch [240/533], Loss: 0.0000
Epoch [300/533], Loss: 0.0000
Epoch [360/533], Loss: 0.0000
Epoch [420/533], Loss: 0.0000
Epoch [480/533], Loss: 0.0001
0.6845307350158691
0.6814879179000854
0.6797193288803101
0.6778358817100525
0.6766563653945923
Test Power of C2ST-L:  1.0
Epoch [60/533], Loss: 0.0003
Epoch [120/533], Loss: 0.0021
Epoch [180/533], Loss: 0.0000
Epoch [240/533], Loss: 0.0016
Epoch [300/533], Loss: 0.0018
Epoch [360/533], Loss: 0.0000
Epoch [420/533], Loss: 0.0000
Epoch [480/533], Loss: 0.0000
0.6798529624938965
0.6788575053215027
0.6776865124702454
0.6770299077033997
0.6760045886039734
Test Power of C2ST-L:  1.0
Epoch [60/533], Loss: 0.0004
Epoch [120/533], Loss: 0.0001
Epoch [180/533], Loss: 0.0000
Epoch [240/533], Loss: 0.0000
Epoch [300/533], Loss: 0.0001
Epoch [360/533], Loss: 0.0000
Epoch [420/533], Loss: 0.0000
Epoch [480/533], Loss: 0.0000
0.6856778860092163
0.6811387538909912
0.6804754734039307
0.6798842549324036
0.6790066957473755
Test Power of C2ST-L:  1.0
Epoch [60/533], Loss: 0.0001
Epoch [120/533], Loss: 0.0001
Epoch [180/533], Loss: 0.0001
Epoch [240/533], Loss: 0.0000
Epoch [300/533], Loss: 0.0000
Epoch [360/533], Loss: 0.0000
Epoch [420/533], Loss: 0.0001
Epoch [480/533], Loss: 0.0000
0.6850382685661316
0.6810392141342163
0.6801820397377014
0.6823827028274536
0.6792304515838623
Test Power of C2ST-L:  1.0
Epoch [60/533], Loss: 0.0002
Epoch [120/533], Loss: 0.0008
Epoch [180/533], Loss: 0.0006
Epoch [240/533], Loss: 0.0000
Epoch [300/533], Loss: 0.0001
Epoch [360/533], Loss: 0.0005
Epoch [420/533], Loss: 0.0001
Epoch [480/533], Loss: 0.0001
0.68038010597229
0.6794443130493164
0.6779972314834595
0.6802369356155396
0.6765227913856506
Test Power of C2ST-L:  1.0
Epoch [60/533], Loss: 0.0007
Epoch [120/533], Loss: 0.0001
Epoch [180/533], Loss: 0.0000
Epoch [240/533], Loss: 0.0000
Epoch [300/533], Loss: 0.0000
Epoch [360/533], Loss: 0.0000
Epoch [420/533], Loss: 0.0001
Epoch [480/533], Loss: 0.0001
0.6871239542961121
0.6816513538360596
0.6806572675704956
0.6847941279411316
0.6795218586921692
Test Power of C2ST-L:  1.0
Epoch [60/533], Loss: 0.0006
Epoch [120/533], Loss: 0.0001
Epoch [180/533], Loss: 0.0000
Epoch [240/533], Loss: 0.0001
Epoch [300/533], Loss: 0.0001
Epoch [360/533], Loss: 0.0000
Epoch [420/533], Loss: 0.0001
Epoch [480/533], Loss: 0.0000
0.6797512173652649
0.6755896210670471
0.6742713451385498
0.6755734086036682
0.6733455061912537
Test Power of C2ST-L:  1.0
Epoch [60/533], Loss: 0.0002
Epoch [120/533], Loss: 0.0001
Epoch [180/533], Loss: 0.0000
Epoch [240/533], Loss: 0.0000
Epoch [300/533], Loss: 0.0001
Epoch [360/533], Loss: 0.0000
Epoch [420/533], Loss: 0.0000
Epoch [480/533], Loss: 0.0000
0.6852715015411377
0.6801363825798035
0.6797155141830444
0.6807630062103271
0.6782117486000061
Test Power of C2ST-L:  1.0
Epoch [60/533], Loss: 0.0001
Epoch [120/533], Loss: 0.0001
Epoch [180/533], Loss: 0.0058
Epoch [240/533], Loss: 0.0001
Epoch [300/533], Loss: 0.0000
Epoch [360/533], Loss: 0.0000
Epoch [420/533], Loss: 0.0012
Epoch [480/533], Loss: 0.0001
0.684714674949646
0.6796865463256836
0.6790702939033508
0.6791677474975586
0.6761608719825745
Test Power of C2ST-L:  1.0
Epoch [60/533], Loss: 0.0007
Epoch [120/533], Loss: 0.0001
Epoch [180/533], Loss: 0.0000
Epoch [240/533], Loss: 0.0000
Epoch [300/533], Loss: 0.0000
Epoch [360/533], Loss: 0.0000
Epoch [420/533], Loss: 0.0002
Epoch [480/533], Loss: 0.0002
0.6901458501815796
0.6854369044303894
0.6851202845573425
0.6855433583259583
0.6848273873329163
Test Power of C2ST-L:  1.0
Epoch [60/533], Loss: 0.0005
Epoch [120/533], Loss: 0.0001
Epoch [180/533], Loss: 0.0000
Epoch [240/533], Loss: 0.0001
Epoch [300/533], Loss: 0.0016
Epoch [360/533], Loss: 0.0001
Epoch [420/533], Loss: 0.0001
Epoch [480/533], Loss: 0.0001
0.6822718381881714
0.6804417967796326
0.6788985729217529
0.6793299317359924
0.6775931119918823
Test Power of C2ST-L:  1.0
Epoch [60/533], Loss: 0.0005
Epoch [120/533], Loss: 0.0000
Epoch [180/533], Loss: 0.0000
Epoch [240/533], Loss: 0.0000
Epoch [300/533], Loss: 0.0000
Epoch [360/533], Loss: 0.0000
Epoch [420/533], Loss: 0.0000
Epoch [480/533], Loss: 0.0004
0.6844625473022461
0.682028591632843
0.6815900206565857
0.6809347867965698
0.6806561350822449
Test Power of C2ST-L:  1.0
Epoch [60/533], Loss: 0.0001
Epoch [120/533], Loss: 0.0001
Epoch [180/533], Loss: 0.0010
Epoch [240/533], Loss: 0.0000
Epoch [300/533], Loss: 0.0001
Epoch [360/533], Loss: 0.0006
Epoch [420/533], Loss: 0.0000
Epoch [480/533], Loss: 0.0005
0.6848817467689514
0.6801099181175232
0.679000198841095
0.6794971227645874
0.6778191924095154
Test Power of C2ST-L:  1.0
Epoch [60/533], Loss: 0.0002
Epoch [120/533], Loss: 0.0001
Epoch [180/533], Loss: 0.0000
Epoch [240/533], Loss: 0.0000
Epoch [300/533], Loss: 0.0003
Epoch [360/533], Loss: 0.0002
Epoch [420/533], Loss: 0.0000
Epoch [480/533], Loss: 0.0000
0.6836411952972412
0.6814168095588684
0.6813942193984985
0.682518482208252
0.6790456771850586
Test Power of C2ST-L:  1.0
Epoch [60/533], Loss: 0.0001
Epoch [120/533], Loss: 0.0002
Epoch [180/533], Loss: 0.0000
Epoch [240/533], Loss: 0.0000
Epoch [300/533], Loss: 0.0000
Epoch [360/533], Loss: 0.0000
Epoch [420/533], Loss: 0.0002
Epoch [480/533], Loss: 0.0000
0.6838200688362122
0.6821209788322449
0.6821122765541077
0.6810764670372009
0.6800851821899414
Test Power of C2ST-L:  1.0
Epoch [60/533], Loss: 0.0001
Epoch [120/533], Loss: 0.0002
Epoch [180/533], Loss: 0.0000
Epoch [240/533], Loss: 0.0002
Epoch [300/533], Loss: 0.0000
Epoch [360/533], Loss: 0.0001
Epoch [420/533], Loss: 0.0001
Epoch [480/533], Loss: 0.0001
0.6808736324310303
0.6767627596855164
0.6757284998893738
0.6781342625617981
0.6746891140937805
Test Power of C2ST-L:  1.0
Epoch [60/533], Loss: 0.0002
Epoch [120/533], Loss: 0.0001
Epoch [180/533], Loss: 0.0003
Epoch [240/533], Loss: 0.0000
Epoch [300/533], Loss: 0.0000
Epoch [360/533], Loss: 0.0000
Epoch [420/533], Loss: 0.0013
Epoch [480/533], Loss: 0.0001
0.6879521608352661
0.6825894713401794
0.6810387969017029
0.6803176403045654
0.6795805096626282
Test Power of C2ST-L:  1.0
Epoch [60/533], Loss: 0.0002
Epoch [120/533], Loss: 0.0001
Epoch [180/533], Loss: 0.0001
Epoch [240/533], Loss: 0.0000
Epoch [300/533], Loss: 0.0024
Epoch [360/533], Loss: 0.0000
Epoch [420/533], Loss: 0.0002
Epoch [480/533], Loss: 0.0000
0.6849456429481506
0.6818410158157349
0.6810364723205566
0.6838718056678772
0.6790680885314941
Test Power of C2ST-L:  1.0
Epoch [60/533], Loss: 0.0002
Epoch [120/533], Loss: 0.0001
Epoch [180/533], Loss: 0.0000
Epoch [240/533], Loss: 0.0000
Epoch [300/533], Loss: 0.0000
Epoch [360/533], Loss: 0.0001
Epoch [420/533], Loss: 0.0001
Epoch [480/533], Loss: 0.0009
0.685228168964386
0.6781437397003174
0.675833523273468
0.6787959337234497
0.6734588146209717
Test Power of C2ST-L:  1.0
Epoch [60/533], Loss: 0.0010
Epoch [120/533], Loss: 0.0001
Epoch [180/533], Loss: 0.0003
Epoch [240/533], Loss: 0.0000
Epoch [300/533], Loss: 0.0000
Epoch [360/533], Loss: 0.0000
Epoch [420/533], Loss: 0.0000
Epoch [480/533], Loss: 0.0002
0.6843335628509521
0.6805022358894348
0.6797703504562378
0.6800850033760071
0.678560733795166
Test Power of C2ST-L:  1.0
Epoch [60/533], Loss: 0.0003
Epoch [120/533], Loss: 0.0001
Epoch [180/533], Loss: 0.0000
Epoch [240/533], Loss: 0.0000
Epoch [300/533], Loss: 0.0000
Epoch [360/533], Loss: 0.0002
Epoch [420/533], Loss: 0.0002
Epoch [480/533], Loss: 0.0000
0.6813428401947021
0.6787257194519043
0.6784993410110474
0.6775369644165039
0.6758342385292053
Test Power of C2ST-L:  1.0
Epoch [60/533], Loss: 0.0002
Epoch [120/533], Loss: 0.0000
Epoch [180/533], Loss: 0.0000
Epoch [240/533], Loss: 0.0002
Epoch [300/533], Loss: 0.0002
Epoch [360/533], Loss: 0.0000
Epoch [420/533], Loss: 0.0000
Epoch [480/533], Loss: 0.0000
0.6900708675384521
0.6851282715797424
0.6838006377220154
0.6838394999504089
0.6827791333198547
Test Power of C2ST-L:  1.0
Epoch [60/533], Loss: 0.0002
Epoch [120/533], Loss: 0.0001
Epoch [180/533], Loss: 0.0001
Epoch [240/533], Loss: 0.0000
Epoch [300/533], Loss: 0.0000
Epoch [360/533], Loss: 0.0000
Epoch [420/533], Loss: 0.0000
Epoch [480/533], Loss: 0.0000
0.681209146976471
0.6786966919898987
0.6761155128479004
0.6760955452919006
0.6740208864212036
Test Power of C2ST-L:  1.0
Epoch [60/533], Loss: 0.0002
Epoch [120/533], Loss: 0.0001
Epoch [180/533], Loss: 0.0000
Epoch [240/533], Loss: 0.0001
Epoch [300/533], Loss: 0.0000
Epoch [360/533], Loss: 0.0003
Epoch [420/533], Loss: 0.0000
Epoch [480/533], Loss: 0.0002
0.6835942268371582
0.6792610883712769
0.6776801943778992
0.6780744791030884
0.6771072745323181
Test Power of C2ST-L:  1.0
Epoch [60/533], Loss: 0.0002
Epoch [120/533], Loss: 0.0001
Epoch [180/533], Loss: 0.0000
Epoch [240/533], Loss: 0.0000
Epoch [300/533], Loss: 0.0001
Epoch [360/533], Loss: 0.0000
Epoch [420/533], Loss: 0.0000
Epoch [480/533], Loss: 0.0008
0.6861011385917664
0.6844165921211243
0.6838664412498474
0.6846215724945068
0.68326336145401
Test Power of C2ST-L:  1.0
Epoch [60/533], Loss: 0.0002
Epoch [120/533], Loss: 0.0001
Epoch [180/533], Loss: 0.0008
Epoch [240/533], Loss: 0.0000
Epoch [300/533], Loss: 0.0003
Epoch [360/533], Loss: 0.0000
Epoch [420/533], Loss: 0.0000
Epoch [480/533], Loss: 0.0000
0.68694669008255
0.6769998669624329
0.6763979196548462
0.679685115814209
0.6750892996788025
Test Power of C2ST-L:  1.0
Epoch [60/533], Loss: 0.0021
Epoch [120/533], Loss: 0.0004
Epoch [180/533], Loss: 0.0000
Epoch [240/533], Loss: 0.0000
Epoch [300/533], Loss: 0.0000
Epoch [360/533], Loss: 0.0001
Epoch [420/533], Loss: 0.0001
Epoch [480/533], Loss: 0.0005
0.6808083653450012
0.677375316619873
0.6763034462928772
0.677735447883606
0.6750048398971558
Test Power of C2ST-L:  1.0
Epoch [60/533], Loss: 0.0002
Epoch [120/533], Loss: 0.0025
Epoch [180/533], Loss: 0.0000
Epoch [240/533], Loss: 0.0001
Epoch [300/533], Loss: 0.0001
Epoch [360/533], Loss: 0.0001
Epoch [420/533], Loss: 0.0000
Epoch [480/533], Loss: 0.0000
0.6905888915061951
0.6815115213394165
0.679655909538269
0.6820359826087952
0.6785290837287903
Test Power of C2ST-L:  1.0
Epoch [60/533], Loss: 0.0002
Epoch [120/533], Loss: 0.0000
Epoch [180/533], Loss: 0.0000
Epoch [240/533], Loss: 0.0000
Epoch [300/533], Loss: 0.0000
Epoch [360/533], Loss: 0.0001
Epoch [420/533], Loss: 0.0004
Epoch [480/533], Loss: 0.0007
0.6837970614433289
0.6821880340576172
0.6818476915359497
0.6823316812515259
0.6814541816711426
Test Power of C2ST-L:  1.0
Epoch [60/533], Loss: 0.0001
Epoch [120/533], Loss: 0.0001
Epoch [180/533], Loss: 0.0016
Epoch [240/533], Loss: 0.0000
Epoch [300/533], Loss: 0.0003
Epoch [360/533], Loss: 0.0004
Epoch [420/533], Loss: 0.0001
Epoch [480/533], Loss: 0.0000
0.684937596321106
0.680059552192688
0.6788498759269714
0.680172324180603
0.6776571273803711
Test Power of C2ST-L:  1.0
Epoch [60/533], Loss: 0.0026
Epoch [120/533], Loss: 0.0007
Epoch [180/533], Loss: 0.0001
Epoch [240/533], Loss: 0.0000
Epoch [300/533], Loss: 0.0001
Epoch [360/533], Loss: 0.0000
Epoch [420/533], Loss: 0.0000
Epoch [480/533], Loss: 0.0001
0.6912767887115479
0.6791250705718994
0.6771172285079956
0.6800641417503357
0.6756080389022827
Test Power of C2ST-L:  1.0
Epoch [60/533], Loss: 0.0011
Epoch [120/533], Loss: 0.0000
Epoch [180/533], Loss: 0.0000
Epoch [240/533], Loss: 0.0000
Epoch [300/533], Loss: 0.0000
Epoch [360/533], Loss: 0.0000
Epoch [420/533], Loss: 0.0006
Epoch [480/533], Loss: 0.0000
0.6920780539512634
0.6780397295951843
0.6754783391952515
0.6767650842666626
0.6735086441040039
Test Power of C2ST-L:  1.0
Epoch [60/533], Loss: 0.0002
Epoch [120/533], Loss: 0.0001
Epoch [180/533], Loss: 0.0001
Epoch [240/533], Loss: 0.0000
Epoch [300/533], Loss: 0.0000
Epoch [360/533], Loss: 0.0001
Epoch [420/533], Loss: 0.0000
Epoch [480/533], Loss: 0.0002
0.683979332447052
0.6776712536811829
0.675957977771759
0.678218424320221
0.6744102239608765
Test Power of C2ST-L:  1.0
Epoch [60/533], Loss: 0.0001
Epoch [120/533], Loss: 0.0001
Epoch [180/533], Loss: 0.0000
Epoch [240/533], Loss: 0.0002
Epoch [300/533], Loss: 0.0001
Epoch [360/533], Loss: 0.0000
Epoch [420/533], Loss: 0.0000
Epoch [480/533], Loss: 0.0000
0.684999942779541
0.6809350252151489
0.6798794269561768
0.6811571717262268
0.6791742444038391
Test Power of C2ST-L:  1.0
Epoch [60/533], Loss: 0.0002
Epoch [120/533], Loss: 0.0000
Epoch [180/533], Loss: 0.0016
Epoch [240/533], Loss: 0.0000
Epoch [300/533], Loss: 0.0000
Epoch [360/533], Loss: 0.0002
Epoch [420/533], Loss: 0.0004
Epoch [480/533], Loss: 0.0001
0.6804730296134949
0.6791831254959106
0.6776760816574097
0.68057781457901
0.6766056418418884
Test Power of C2ST-L:  1.0
Epoch [60/533], Loss: 0.0001
Epoch [120/533], Loss: 0.0005
Epoch [180/533], Loss: 0.0002
Epoch [240/533], Loss: 0.0001
Epoch [300/533], Loss: 0.0000
Epoch [360/533], Loss: 0.0004
Epoch [420/533], Loss: 0.0000
Epoch [480/533], Loss: 0.0001
0.6869179606437683
0.6860849857330322
0.6844034194946289
0.683384120464325
0.6820188164710999
Test Power of C2ST-L:  1.0
Epoch [60/533], Loss: 0.0004
Epoch [120/533], Loss: 0.0001
Epoch [180/533], Loss: 0.0001
Epoch [240/533], Loss: 0.0000
Epoch [300/533], Loss: 0.0000
Epoch [360/533], Loss: 0.0001
Epoch [420/533], Loss: 0.0000
Epoch [480/533], Loss: 0.0000
0.6847479939460754
0.6792809367179871
0.6780545115470886
0.6812089681625366
0.6775086522102356
Test Power of C2ST-L:  1.0
Epoch [60/533], Loss: 0.0001
Epoch [120/533], Loss: 0.0001
Epoch [180/533], Loss: 0.0000
Epoch [240/533], Loss: 0.0000
Epoch [300/533], Loss: 0.0000
Epoch [360/533], Loss: 0.0001
Epoch [420/533], Loss: 0.0001
Epoch [480/533], Loss: 0.0002
0.682340681552887
0.6798357963562012
0.6794261336326599
0.6815938949584961
0.6786712408065796
Test Power of C2ST-L:  1.0
Epoch [60/533], Loss: 0.0001
Epoch [120/533], Loss: 0.0001
Epoch [180/533], Loss: 0.0001
Epoch [240/533], Loss: 0.0001
Epoch [300/533], Loss: 0.0000
Epoch [360/533], Loss: 0.0000
Epoch [420/533], Loss: 0.0000
Epoch [480/533], Loss: 0.0003
0.6850672960281372
0.6825137734413147
0.6818879246711731
0.6803757548332214
0.6797923445701599
Test Power of C2ST-L:  1.0
Epoch [60/533], Loss: 0.0002
Epoch [120/533], Loss: 0.0000
Epoch [180/533], Loss: 0.0000
Epoch [240/533], Loss: 0.0003
Epoch [300/533], Loss: 0.0000
Epoch [360/533], Loss: 0.0006
Epoch [420/533], Loss: 0.0000
Epoch [480/533], Loss: 0.0002
0.6823279857635498
0.6804149150848389
0.6794711351394653
0.6786651015281677
0.677955150604248
Test Power of C2ST-L:  1.0
Epoch [60/533], Loss: 0.0001
Epoch [120/533], Loss: 0.0002
Epoch [180/533], Loss: 0.0000
Epoch [240/533], Loss: 0.0000
Epoch [300/533], Loss: 0.0022
Epoch [360/533], Loss: 0.0011
Epoch [420/533], Loss: 0.0000
Epoch [480/533], Loss: 0.0000
0.6855967044830322
0.6843687891960144
0.683356761932373
0.6837446093559265
0.6818637847900391
Test Power of C2ST-L:  1.0
Epoch [60/533], Loss: 0.0002
Epoch [120/533], Loss: 0.0000
Epoch [180/533], Loss: 0.0001
Epoch [240/533], Loss: 0.0000
Epoch [300/533], Loss: 0.0001
Epoch [360/533], Loss: 0.0002
Epoch [420/533], Loss: 0.0001
Epoch [480/533], Loss: 0.0000
0.6820589900016785
0.6769797205924988
0.6768321394920349
0.678851306438446
0.6763378977775574
Test Power of C2ST-L:  1.0
Epoch [60/533], Loss: 0.0004
Epoch [120/533], Loss: 0.0000
Epoch [180/533], Loss: 0.0006
Epoch [240/533], Loss: 0.0000
Epoch [300/533], Loss: 0.0001
Epoch [360/533], Loss: 0.0004
Epoch [420/533], Loss: 0.0001
Epoch [480/533], Loss: 0.0001
0.6836236119270325
0.6833133697509766
0.6821784377098083
0.6826509833335876
0.681648850440979
Test Power of C2ST-L:  1.0
Epoch [60/533], Loss: 0.0002
Epoch [120/533], Loss: 0.0001
Epoch [180/533], Loss: 0.0000
Epoch [240/533], Loss: 0.0000
Epoch [300/533], Loss: 0.0000
Epoch [360/533], Loss: 0.0014
Epoch [420/533], Loss: 0.0000
Epoch [480/533], Loss: 0.0000
0.6808692812919617
0.6791592836380005
0.6782655715942383
0.6775628328323364
0.6771027445793152
Test Power of C2ST-L:  1.0
Epoch [60/533], Loss: 0.0001
Epoch [120/533], Loss: 0.0001
Epoch [180/533], Loss: 0.0001
Epoch [240/533], Loss: 0.0004
Epoch [300/533], Loss: 0.0000
Epoch [360/533], Loss: 0.0000
Epoch [420/533], Loss: 0.0003
Epoch [480/533], Loss: 0.0007
0.684537410736084
0.6831427216529846
0.6825324296951294
0.6844803690910339
0.6796444654464722
Test Power of C2ST-L:  1.0
Epoch [60/533], Loss: 0.0001
Epoch [120/533], Loss: 0.0000
Epoch [180/533], Loss: 0.0005
Epoch [240/533], Loss: 0.0000
Epoch [300/533], Loss: 0.0001
Epoch [360/533], Loss: 0.0022
Epoch [420/533], Loss: 0.0001
Epoch [480/533], Loss: 0.0001
0.6826916337013245
0.6787224411964417
0.6782410144805908
0.6783815622329712
0.6771284937858582
Test Power of C2ST-L:  1.0
Epoch [60/533], Loss: 0.0001
Epoch [120/533], Loss: 0.0001
Epoch [180/533], Loss: 0.0000
Epoch [240/533], Loss: 0.0000
Epoch [300/533], Loss: 0.0000
Epoch [360/533], Loss: 0.0003
Epoch [420/533], Loss: 0.0004
Epoch [480/533], Loss: 0.0001
0.6854357123374939
0.6784003376960754
0.6774047017097473
0.6792255640029907
0.6766018271446228
Test Power of C2ST-L:  1.0
Epoch [60/533], Loss: 0.0002
Epoch [120/533], Loss: 0.0000
Epoch [180/533], Loss: 0.0000
Epoch [240/533], Loss: 0.0000
Epoch [300/533], Loss: 0.0000
Epoch [360/533], Loss: 0.0000
Epoch [420/533], Loss: 0.0000
Epoch [480/533], Loss: 0.0000
0.6825017333030701
0.6791070699691772
0.6784230470657349
0.6785520315170288
0.6762800812721252
Test Power of C2ST-L:  1.0
Epoch [60/533], Loss: 0.0002
Epoch [120/533], Loss: 0.0002
Epoch [180/533], Loss: 0.0000
Epoch [240/533], Loss: 0.0000
Epoch [300/533], Loss: 0.0003
Epoch [360/533], Loss: 0.0000
Epoch [420/533], Loss: 0.0000
Epoch [480/533], Loss: 0.0001
0.6838098764419556
0.6763489842414856
0.6744318008422852
0.6774771809577942
0.6729893088340759
Test Power of C2ST-L:  1.0
Epoch [60/533], Loss: 0.0002
Epoch [120/533], Loss: 0.0001
Epoch [180/533], Loss: 0.0000
Epoch [240/533], Loss: 0.0001
Epoch [300/533], Loss: 0.0000
Epoch [360/533], Loss: 0.0002
Epoch [420/533], Loss: 0.0007
Epoch [480/533], Loss: 0.0000
0.6815227270126343
0.6806378364562988
0.6790884733200073
0.6807748079299927
0.6766833662986755
Test Power of C2ST-L:  1.0
Epoch [60/533], Loss: 0.0002
Epoch [120/533], Loss: 0.0004
Epoch [180/533], Loss: 0.0001
Epoch [240/533], Loss: 0.0000
Epoch [300/533], Loss: 0.0000
Epoch [360/533], Loss: 0.0000
Epoch [420/533], Loss: 0.0001
Epoch [480/533], Loss: 0.0001
0.6852357387542725
0.6834022402763367
0.6828120946884155
0.6835879683494568
0.6814866662025452
Test Power of C2ST-L:  1.0
Epoch [60/533], Loss: 0.0002
Epoch [120/533], Loss: 0.0001
Epoch [180/533], Loss: 0.0030
Epoch [240/533], Loss: 0.0003
Epoch [300/533], Loss: 0.0001
Epoch [360/533], Loss: 0.0001
Epoch [420/533], Loss: 0.0000
Epoch [480/533], Loss: 0.0001
0.6822829842567444
0.6773349046707153
0.6755416393280029
0.6774798035621643
0.6745749115943909
Test Power of C2ST-L:  1.0
Epoch [60/533], Loss: 0.0005
Epoch [120/533], Loss: 0.0001
Epoch [180/533], Loss: 0.0000
Epoch [240/533], Loss: 0.0003
Epoch [300/533], Loss: 0.0001
Epoch [360/533], Loss: 0.0010
Epoch [420/533], Loss: 0.0002
Epoch [480/533], Loss: 0.0001
0.684953510761261
0.6835743188858032
0.6828591227531433
0.6819307208061218
0.6813158988952637
Test Power of C2ST-L:  0.0
Epoch [60/533], Loss: 0.0014
Epoch [120/533], Loss: 0.0002
Epoch [180/533], Loss: 0.0014
Epoch [240/533], Loss: 0.0000
Epoch [300/533], Loss: 0.0000
Epoch [360/533], Loss: 0.0001
Epoch [420/533], Loss: 0.0000
Epoch [480/533], Loss: 0.0000
0.6812401413917542
0.6802104711532593
0.6795973181724548
0.6818649768829346
0.6786540746688843
Test Power of C2ST-L:  1.0
Epoch [60/533], Loss: 0.0004
Epoch [120/533], Loss: 0.0001
Epoch [180/533], Loss: 0.0011
Epoch [240/533], Loss: 0.0000
Epoch [300/533], Loss: 0.0001
Epoch [360/533], Loss: 0.0001
Epoch [420/533], Loss: 0.0002
Epoch [480/533], Loss: 0.0000
0.685222327709198
0.6825928688049316
0.6814107894897461
0.682910144329071
0.6787065267562866
Test Power of C2ST-L:  1.0
Epoch [60/533], Loss: 0.0002
Epoch [120/533], Loss: 0.0005
Epoch [180/533], Loss: 0.0000
Epoch [240/533], Loss: 0.0001
Epoch [300/533], Loss: 0.0000
Epoch [360/533], Loss: 0.0000
Epoch [420/533], Loss: 0.0003
Epoch [480/533], Loss: 0.0000
0.6839835047721863
0.6820720434188843
0.6814670562744141
0.6810036301612854
0.6805325150489807
Test Power of C2ST-L:  1.0
Epoch [60/533], Loss: 0.0033
Epoch [120/533], Loss: 0.0001
Epoch [180/533], Loss: 0.0022
Epoch [240/533], Loss: 0.0001
Epoch [300/533], Loss: 0.0025
Epoch [360/533], Loss: 0.0000
Epoch [420/533], Loss: 0.0000
Epoch [480/533], Loss: 0.0000
0.6885144114494324
0.6809213757514954
0.6799622178077698
0.681961715221405
0.6777682900428772
Test Power of C2ST-L:  1.0
Epoch [60/533], Loss: 0.0005
Epoch [120/533], Loss: 0.0002
Epoch [180/533], Loss: 0.0001
Epoch [240/533], Loss: 0.0000
Epoch [300/533], Loss: 0.0006
Epoch [360/533], Loss: 0.0003
Epoch [420/533], Loss: 0.0001
Epoch [480/533], Loss: 0.0001
0.6837568879127502
0.6790609955787659
0.6777884364128113
0.6785564422607422
0.676605761051178
Test Power of C2ST-L:  1.0
Epoch [60/533], Loss: 0.0018
Epoch [120/533], Loss: 0.0002
Epoch [180/533], Loss: 0.0001
Epoch [240/533], Loss: 0.0004
Epoch [300/533], Loss: 0.0003
Epoch [360/533], Loss: 0.0002
Epoch [420/533], Loss: 0.0000
Epoch [480/533], Loss: 0.0000
0.6847671866416931
0.6831747889518738
0.6818532943725586
0.6830335855484009
0.6813939213752747
Test Power of C2ST-L:  1.0
Epoch [60/533], Loss: 0.0004
Epoch [120/533], Loss: 0.0001
Epoch [180/533], Loss: 0.0000
Epoch [240/533], Loss: 0.0000
Epoch [300/533], Loss: 0.0000
Epoch [360/533], Loss: 0.0003
Epoch [420/533], Loss: 0.0001
Epoch [480/533], Loss: 0.0000
0.6870526671409607
0.6840192079544067
0.6831811666488647
0.6834762096405029
0.6826449632644653
Test Power of C2ST-L:  1.0
Epoch [60/533], Loss: 0.0001
Epoch [120/533], Loss: 0.0004
Epoch [180/533], Loss: 0.0000
Epoch [240/533], Loss: 0.0004
Epoch [300/533], Loss: 0.0000
Epoch [360/533], Loss: 0.0000
Epoch [420/533], Loss: 0.0006
Epoch [480/533], Loss: 0.0003
0.6824058294296265
0.6821523308753967
0.6814414858818054
0.6812293529510498
0.679655909538269
Test Power of C2ST-L:  1.0
Epoch [60/533], Loss: 0.0002
Epoch [120/533], Loss: 0.0001
Epoch [180/533], Loss: 0.0000
Epoch [240/533], Loss: 0.0000
Epoch [300/533], Loss: 0.0007
Epoch [360/533], Loss: 0.0000
Epoch [420/533], Loss: 0.0000
Epoch [480/533], Loss: 0.0000
0.6868530511856079
0.6832287311553955
0.6818094253540039
0.6846523284912109
0.6802336573600769
Test Power of C2ST-L:  0.0
Epoch [60/533], Loss: 0.0002
Epoch [120/533], Loss: 0.0001
Epoch [180/533], Loss: 0.0001
Epoch [240/533], Loss: 0.0001
Epoch [300/533], Loss: 0.0000
Epoch [360/533], Loss: 0.0000
Epoch [420/533], Loss: 0.0001
Epoch [480/533], Loss: 0.0000
0.6805058121681213
0.6795855164527893
0.6781076192855835
0.6798239946365356
0.6762769222259521
Test Power of C2ST-L:  1.0
Epoch [60/533], Loss: 0.0002
Epoch [120/533], Loss: 0.0002
Epoch [180/533], Loss: 0.0001
Epoch [240/533], Loss: 0.0000
Epoch [300/533], Loss: 0.0000
Epoch [360/533], Loss: 0.0000
Epoch [420/533], Loss: 0.0000
Epoch [480/533], Loss: 0.0002
0.6807804107666016
0.6782988905906677
0.6784517168998718
0.6769561171531677
0.6766101121902466
Test Power of C2ST-L:  1.0
Epoch [60/533], Loss: 0.0002
Epoch [120/533], Loss: 0.0001
Epoch [180/533], Loss: 0.0001
Epoch [240/533], Loss: 0.0000
Epoch [300/533], Loss: 0.0000
Epoch [360/533], Loss: 0.0000
Epoch [420/533], Loss: 0.0000
Epoch [480/533], Loss: 0.0004
0.680928111076355
0.6799405217170715
0.6788592338562012
0.6797451376914978
0.6778473854064941
Test Power of C2ST-L:  1.0
Epoch [60/533], Loss: 0.0001
Epoch [120/533], Loss: 0.0001
Epoch [180/533], Loss: 0.0000
Epoch [240/533], Loss: 0.0000
Epoch [300/533], Loss: 0.0004
Epoch [360/533], Loss: 0.0002
Epoch [420/533], Loss: 0.0000
Epoch [480/533], Loss: 0.0002
0.6829475164413452
0.6766549348831177
0.6756818294525146
0.6781663298606873
0.674753725528717
Test Power of C2ST-L:  1.0
Epoch [60/533], Loss: 0.0001
Epoch [120/533], Loss: 0.0001
Epoch [180/533], Loss: 0.0002
Epoch [240/533], Loss: 0.0004
Epoch [300/533], Loss: 0.0000
Epoch [360/533], Loss: 0.0000
Epoch [420/533], Loss: 0.0006
Epoch [480/533], Loss: 0.0000
0.6817666292190552
0.6801081299781799
0.6794703602790833
0.6795368790626526
0.6776485443115234
Test Power of C2ST-L:  1.0
Epoch [60/533], Loss: 0.0003
Epoch [120/533], Loss: 0.0001
Epoch [180/533], Loss: 0.0000
Epoch [240/533], Loss: 0.0000
Epoch [300/533], Loss: 0.0001
Epoch [360/533], Loss: 0.0004
Epoch [420/533], Loss: 0.0001
Epoch [480/533], Loss: 0.0001
0.6860573887825012
0.6851203441619873
0.685080885887146
0.6847286224365234
0.684461772441864
Test Power of C2ST-L:  1.0
Epoch [60/533], Loss: 0.0030
Epoch [120/533], Loss: 0.0001
Epoch [180/533], Loss: 0.0000
Epoch [240/533], Loss: 0.0001
Epoch [300/533], Loss: 0.0000
Epoch [360/533], Loss: 0.0000
Epoch [420/533], Loss: 0.0000
Epoch [480/533], Loss: 0.0000
0.681405246257782
0.6805701851844788
0.6800794005393982
0.6794545650482178
0.6783601641654968
Test Power of C2ST-L:  1.0
Epoch [60/533], Loss: 0.0001
Epoch [120/533], Loss: 0.0001
Epoch [180/533], Loss: 0.0001
Epoch [240/533], Loss: 0.0000
Epoch [300/533], Loss: 0.0000
Epoch [360/533], Loss: 0.0000
Epoch [420/533], Loss: 0.0001
Epoch [480/533], Loss: 0.0007
0.6859508752822876
0.6811204552650452
0.6807575225830078
0.6810833215713501
0.6794884204864502
Test Power of C2ST-L:  1.0
Epoch [60/533], Loss: 0.0007
Epoch [120/533], Loss: 0.0001
Epoch [180/533], Loss: 0.0025
Epoch [240/533], Loss: 0.0000
Epoch [300/533], Loss: 0.0002
Epoch [360/533], Loss: 0.0000
Epoch [420/533], Loss: 0.0000
Epoch [480/533], Loss: 0.0001
0.6820263862609863
0.680371105670929
0.6799589395523071
0.6798062920570374
0.6780225038528442
Test Power of C2ST-L:  1.0
Epoch [60/533], Loss: 0.0002
Epoch [120/533], Loss: 0.0001
Epoch [180/533], Loss: 0.0000
Epoch [240/533], Loss: 0.0000
Epoch [300/533], Loss: 0.0000
Epoch [360/533], Loss: 0.0000
Epoch [420/533], Loss: 0.0000
Epoch [480/533], Loss: 0.0001
0.6821004748344421
0.6788865327835083
0.6765362024307251
0.6793835163116455
0.6752898097038269
Test Power of C2ST-L:  1.0
Epoch [60/533], Loss: 0.0002
Epoch [120/533], Loss: 0.0000
Epoch [180/533], Loss: 0.0000
Epoch [240/533], Loss: 0.0001
Epoch [300/533], Loss: 0.0002
Epoch [360/533], Loss: 0.0001
Epoch [420/533], Loss: 0.0001
Epoch [480/533], Loss: 0.0005
0.6847035884857178
0.6808215975761414
0.6799122095108032
0.6794106364250183
0.679078996181488
Test Power of C2ST-L:  1.0
Epoch [60/533], Loss: 0.0002
Epoch [120/533], Loss: 0.0001
Epoch [180/533], Loss: 0.0001
Epoch [240/533], Loss: 0.0007
Epoch [300/533], Loss: 0.0000
Epoch [360/533], Loss: 0.0000
Epoch [420/533], Loss: 0.0001
Epoch [480/533], Loss: 0.0000
0.6832062005996704
0.6827225089073181
0.6811962723731995
0.6815040111541748
0.6793028712272644
Test Power of C2ST-L:  1.0
Epoch [60/533], Loss: 0.0053
Epoch [120/533], Loss: 0.0001
Epoch [180/533], Loss: 0.0000
Epoch [240/533], Loss: 0.0000
Epoch [300/533], Loss: 0.0015
Epoch [360/533], Loss: 0.0000
Epoch [420/533], Loss: 0.0000
Epoch [480/533], Loss: 0.0000
0.6858687996864319
0.6829691529273987
0.6821420192718506
0.6821788549423218
0.6805112957954407
Test Power of C2ST-L:  1.0
Epoch [60/533], Loss: 0.0012
Epoch [120/533], Loss: 0.0000
Epoch [180/533], Loss: 0.0001
Epoch [240/533], Loss: 0.0002
Epoch [300/533], Loss: 0.0001
Epoch [360/533], Loss: 0.0001
Epoch [420/533], Loss: 0.0000
Epoch [480/533], Loss: 0.0005
0.6817622184753418
0.6792102456092834
0.6782076954841614
0.6808465719223022
0.6771134734153748
Test Power of C2ST-L:  1.0
Epoch [60/533], Loss: 0.0001
Epoch [120/533], Loss: 0.0001
Epoch [180/533], Loss: 0.0000
Epoch [240/533], Loss: 0.0000
Epoch [300/533], Loss: 0.0000
Epoch [360/533], Loss: 0.0001
Epoch [420/533], Loss: 0.0000
Epoch [480/533], Loss: 0.0001
0.6848954558372498
0.6778841018676758
0.677610456943512
0.6793371438980103
0.677012026309967
Test Power of C2ST-L:  1.0
Epoch [60/533], Loss: 0.0003
Epoch [120/533], Loss: 0.0001
Epoch [180/533], Loss: 0.0000
Epoch [240/533], Loss: 0.0000
Epoch [300/533], Loss: 0.0000
Epoch [360/533], Loss: 0.0001
Epoch [420/533], Loss: 0.0000
Epoch [480/533], Loss: 0.0001
0.6799075603485107
0.6788384318351746
0.6781909465789795
0.6780105233192444
0.6770484447479248
Test Power of C2ST-L:  1.0
Epoch [60/533], Loss: 0.0002
Epoch [120/533], Loss: 0.0001
Epoch [180/533], Loss: 0.0000
Epoch [240/533], Loss: 0.0000
Epoch [300/533], Loss: 0.0001
Epoch [360/533], Loss: 0.0000
Epoch [420/533], Loss: 0.0001
Epoch [480/533], Loss: 0.0000
0.6804041266441345
0.6796002388000488
0.6779332160949707
0.67882239818573
0.6768115162849426
Test Power of C2ST-L:  1.0
Epoch [60/533], Loss: 0.0002
Epoch [120/533], Loss: 0.0001
Epoch [180/533], Loss: 0.0000
Epoch [240/533], Loss: 0.0000
Epoch [300/533], Loss: 0.0000
Epoch [360/533], Loss: 0.0001
Epoch [420/533], Loss: 0.0000
Epoch [480/533], Loss: 0.0000
0.6797210574150085
0.6774895191192627
0.6766654849052429
0.67613285779953
0.6749923229217529
Test Power of C2ST-L:  1.0
Epoch [60/533], Loss: 0.0002
Epoch [120/533], Loss: 0.0001
Epoch [180/533], Loss: 0.0000
Epoch [240/533], Loss: 0.0000
Epoch [300/533], Loss: 0.0016
Epoch [360/533], Loss: 0.0000
Epoch [420/533], Loss: 0.0000
Epoch [480/533], Loss: 0.0000
0.6882250905036926
0.6829389929771423
0.6801938414573669
0.6805647015571594
0.6756974458694458
Test Power of C2ST-L:  1.0
Epoch [60/533], Loss: 0.0001
Epoch [120/533], Loss: 0.0001
Epoch [180/533], Loss: 0.0000
Epoch [240/533], Loss: 0.0004
Epoch [300/533], Loss: 0.0001
Epoch [360/533], Loss: 0.0001
Epoch [420/533], Loss: 0.0001
Epoch [480/533], Loss: 0.0001
0.6861278414726257
0.6809530258178711
0.6785488724708557
0.6783983111381531
0.6758835911750793
Test Power of C2ST-L:  1.0
Epoch [60/533], Loss: 0.0001
Epoch [120/533], Loss: 0.0003
Epoch [180/533], Loss: 0.0000
Epoch [240/533], Loss: 0.0001
Epoch [300/533], Loss: 0.0000
Epoch [360/533], Loss: 0.0001
Epoch [420/533], Loss: 0.0000
Epoch [480/533], Loss: 0.0003
0.679585874080658
0.6776200532913208
0.6766804456710815
0.6799107193946838
0.6750994920730591
Test Power of C2ST-L:  1.0
Epoch [60/533], Loss: 0.0014
Epoch [120/533], Loss: 0.0001
Epoch [180/533], Loss: 0.0000
Epoch [240/533], Loss: 0.0018
Epoch [300/533], Loss: 0.0000
Epoch [360/533], Loss: 0.0000
Epoch [420/533], Loss: 0.0001
Epoch [480/533], Loss: 0.0000
0.6815748810768127
0.6787842512130737
0.6781646609306335
0.6803845763206482
0.6774189472198486
Test Power of C2ST-L:  1.0
Epoch [60/533], Loss: 0.0002
Epoch [120/533], Loss: 0.0001
Epoch [180/533], Loss: 0.0000
Epoch [240/533], Loss: 0.0000
Epoch [300/533], Loss: 0.0000
Epoch [360/533], Loss: 0.0003
Epoch [420/533], Loss: 0.0000
Epoch [480/533], Loss: 0.0001
0.6843876242637634
0.6799405813217163
0.6784341335296631
0.6792547106742859
0.677432656288147
Test Power of C2ST-L:  1.0
Epoch [60/533], Loss: 0.0002
Epoch [120/533], Loss: 0.0001
Epoch [180/533], Loss: 0.0001
Epoch [240/533], Loss: 0.0000
Epoch [300/533], Loss: 0.0002
Epoch [360/533], Loss: 0.0006
Epoch [420/533], Loss: 0.0000
Epoch [480/533], Loss: 0.0001
0.681810200214386
0.6804198622703552
0.6795317530632019
0.6826034784317017
0.678210437297821
Test Power of C2ST-L:  1.0
Epoch [60/533], Loss: 0.0001
Epoch [120/533], Loss: 0.0002
Epoch [180/533], Loss: 0.0001
Epoch [240/533], Loss: 0.0000
Epoch [300/533], Loss: 0.0000
Epoch [360/533], Loss: 0.0000
Epoch [420/533], Loss: 0.0000
Epoch [480/533], Loss: 0.0000
0.6845252513885498
0.6803479194641113
0.6794129610061646
0.6835384368896484
0.678585410118103
Test Power of C2ST-L:  1.0
Epoch [60/533], Loss: 0.0007
Epoch [120/533], Loss: 0.0001
Epoch [180/533], Loss: 0.0000
Epoch [240/533], Loss: 0.0006
Epoch [300/533], Loss: 0.0000
Epoch [360/533], Loss: 0.0001
Epoch [420/533], Loss: 0.0000
Epoch [480/533], Loss: 0.0001
0.6859174966812134
0.6818431615829468
0.6795427799224854
0.6833043694496155
0.6788660287857056
Test Power of C2ST-L:  1.0
Epoch [60/533], Loss: 0.0003
Epoch [120/533], Loss: 0.0001
Epoch [180/533], Loss: 0.0000
Epoch [240/533], Loss: 0.0000
Epoch [300/533], Loss: 0.0001
Epoch [360/533], Loss: 0.0001
Epoch [420/533], Loss: 0.0000
Epoch [480/533], Loss: 0.0000
0.6827866435050964
0.6776586771011353
0.6764583587646484
0.678800106048584
0.6759710907936096
Test Power of C2ST-L:  1.0
Epoch [60/533], Loss: 0.0002
Epoch [120/533], Loss: 0.0001
Epoch [180/533], Loss: 0.0000
Epoch [240/533], Loss: 0.0000
Epoch [300/533], Loss: 0.0015
Epoch [360/533], Loss: 0.0004
Epoch [420/533], Loss: 0.0000
Epoch [480/533], Loss: 0.0000
0.6851059794425964
0.6815173029899597
0.6806662082672119
0.6824547648429871
0.6789916157722473
Test Power of C2ST-L:  1.0
Epoch [60/533], Loss: 0.0002
Epoch [120/533], Loss: 0.0004
Epoch [180/533], Loss: 0.0000
Epoch [240/533], Loss: 0.0000
Epoch [300/533], Loss: 0.0003
Epoch [360/533], Loss: 0.0000
Epoch [420/533], Loss: 0.0000
Epoch [480/533], Loss: 0.0000
0.6812111139297485
0.6800407767295837
0.6801975965499878
0.6815944910049438
0.6796614527702332
Test Power of C2ST-L:  1.0
Epoch [60/533], Loss: 0.0002
Epoch [120/533], Loss: 0.0001
Epoch [180/533], Loss: 0.0001
Epoch [240/533], Loss: 0.0000
Epoch [300/533], Loss: 0.0000
Epoch [360/533], Loss: 0.0009
Epoch [420/533], Loss: 0.0001
Epoch [480/533], Loss: 0.0004
0.6831212043762207
0.6785873770713806
0.6774924397468567
0.6808502674102783
0.6758990287780762
Test Power of C2ST-L:  1.0
Epoch [60/533], Loss: 0.0003
Epoch [120/533], Loss: 0.0001
Epoch [180/533], Loss: 0.0000
Epoch [240/533], Loss: 0.0000
Epoch [300/533], Loss: 0.0000
Epoch [360/533], Loss: 0.0001
Epoch [420/533], Loss: 0.0000
Epoch [480/533], Loss: 0.0000
0.6834583878517151
0.6824018359184265
0.6807291507720947
0.6802380084991455
0.6795459389686584
Test Power of C2ST-L:  1.0
Epoch [60/533], Loss: 0.0002
Epoch [120/533], Loss: 0.0000
Epoch [180/533], Loss: 0.0001
Epoch [240/533], Loss: 0.0000
Epoch [300/533], Loss: 0.0000
Epoch [360/533], Loss: 0.0000
Epoch [420/533], Loss: 0.0000
Epoch [480/533], Loss: 0.0000
0.6891496777534485
0.6808413863182068
0.6785959601402283
0.6796016693115234
0.6750935316085815
Test Power of C2ST-L:  0.0
Epoch [60/533], Loss: 0.0009
Epoch [120/533], Loss: 0.0009
Epoch [180/533], Loss: 0.0004
Epoch [240/533], Loss: 0.0002
Epoch [300/533], Loss: 0.0000
Epoch [360/533], Loss: 0.0003
Epoch [420/533], Loss: 0.0001
Epoch [480/533], Loss: 0.0001
0.687686026096344
0.6808530688285828
0.6804577112197876
0.6822669506072998
0.6796163320541382
Test Power of C2ST-L:  1.0
Epoch [60/533], Loss: 0.0002
Epoch [120/533], Loss: 0.0001
Epoch [180/533], Loss: 0.0001
Epoch [240/533], Loss: 0.0002
Epoch [300/533], Loss: 0.0000
Epoch [360/533], Loss: 0.0000
Epoch [420/533], Loss: 0.0001
Epoch [480/533], Loss: 0.0000
0.6806185245513916
0.6781617403030396
0.6775490045547485
0.6769253015518188
0.6768030524253845
Test Power of C2ST-L:  1.0
Epoch [60/533], Loss: 0.0001
Epoch [120/533], Loss: 0.0001
Epoch [180/533], Loss: 0.0001
Epoch [240/533], Loss: 0.0008
Epoch [300/533], Loss: 0.0000
Epoch [360/533], Loss: 0.0000
Epoch [420/533], Loss: 0.0000
Epoch [480/533], Loss: 0.0000
0.686772882938385
0.6779125928878784
0.675706684589386
0.6773691773414612
0.6746422648429871
Test Power of C2ST-L:  1.0


=====================================================
Average test power at training size =  750  :  0.97
=====================================================



-----------------------------------------------

Finished with execution of c2st_semi_HDGM.py script

-----------------------------------------------

Job ID           : 55586050
Cluster          : spartan
User/Project     : xunyet/punim2112
Nodes            : 1
Wall-clock time  : 01:01:24 / 1-00:00:00

Displaying overall resources usage from 2024-02-02 20:17:38 to 2024-02-02 21:19:02:

NODE            CPU#        TOT%   ( USR   / SYS   / WIO   / IDLE  ) 

spartan-gpgpu094 : 
                CPU# 1    : 24.1   (  23.4 /   0.7 /   0.0 /  75.9 ) 
                CPU# 2    : 26.8   (  26.3 /   0.6 /   0.0 /  73.2 ) 
                CPU# 3    : 26.4   (  25.9 /   0.4 /   0.0 /  73.6 ) 
                CPU# 4    : 26.6   (  26.2 /   0.4 /   0.0 /  73.4 ) 

                GPU# 1    : 31.4  


Allocated CPUs            : 4    
  CPUs with usage <25%    : 1    
  CPUs with usage <50%    : 3    
  CPUs with usage >50%    : 0    


Allocated GPUs            : 1    
  GPUs with usage <25%    : 0    
  GPUs with usage <50%    : 1    
  GPUs with usage >50%    : 0    

Memory used (RAM)         : 23.5%  [2017MB of 8590MB]

--------------------------------------------

