device: cuda:0
0.689272940158844
0.6876596808433533
0.6847696900367737
0.6820064187049866
0.6807541847229004
Test Power of C2ST-L:  0.0
0.6893270015716553
0.6887568235397339
0.6883347034454346
0.6864166259765625
0.6851769685745239
Test Power of C2ST-L:  0.0
0.6873243451118469
0.6864224076271057
0.6854201555252075
0.6830364465713501
0.6793367266654968
Test Power of C2ST-L:  0.0
0.692672848701477
0.6923446655273438
0.690480649471283
0.6797859072685242
0.675659716129303
Test Power of C2ST-L:  0.0
0.6880064606666565
0.6862809658050537
0.6832655072212219
0.6800420880317688
0.6854785680770874
Test Power of C2ST-L:  0.0
0.6917451620101929
0.6910157203674316
0.6903934478759766
0.6871761083602905
0.6794483065605164
Test Power of C2ST-L:  0.0
0.6893323659896851
0.6884243488311768
0.687633216381073
0.6834760308265686
0.6756948828697205
Test Power of C2ST-L:  0.0
0.687197744846344
0.6845118999481201
0.6830132603645325
0.6808273792266846
0.6781073212623596
Test Power of C2ST-L:  0.0
0.6884637475013733
0.6873152256011963
0.6860591769218445
0.6829224228858948
0.6760279536247253
Test Power of C2ST-L:  0.0
0.6883079409599304
0.68751060962677
0.6868859529495239
0.6851757764816284
0.6746532917022705
Test Power of C2ST-L:  0.0
0.6839193105697632
0.6813358068466187
0.6785220503807068
0.6737121939659119
0.6713564395904541
Test Power of C2ST-L:  0.0
0.6881897449493408
0.6871567368507385
0.6812853217124939
0.6786139607429504
0.6748595237731934
Test Power of C2ST-L:  0.0
0.6904983520507812
0.6897091865539551
0.688325822353363
0.6806030869483948
0.6749786138534546
Test Power of C2ST-L:  0.0
0.686531126499176
0.6853693127632141
0.6830951571464539
0.6788129806518555
0.6747744083404541
Test Power of C2ST-L:  0.0
0.690295934677124
0.6881967186927795
0.6806787252426147
0.6761391758918762
0.6731682419776917
Test Power of C2ST-L:  0.0
0.6909508109092712
0.6905031800270081
0.6865840554237366
0.6773657202720642
0.6729820966720581
Test Power of C2ST-L:  0.0
0.6903998851776123
0.6898215413093567
0.6885444521903992
0.6796609163284302
0.6737902760505676
Test Power of C2ST-L:  0.0
0.688751757144928
0.6877492666244507
0.6841731667518616
0.6695126891136169
0.6455261707305908
Test Power of C2ST-L:  0.0
0.6919861435890198
0.6913870573043823
0.6893206834793091
0.6881921291351318
0.686757504940033
Test Power of C2ST-L:  0.0
0.6864630579948425
0.6845869421958923
0.6799288392066956
0.6743162274360657
0.6696870923042297
Test Power of C2ST-L:  0.0
0.6914368271827698
0.6903018355369568
0.6870625019073486
0.6734281778335571
0.6687321662902832
Test Power of C2ST-L:  0.0
0.6903092265129089
0.6884161233901978
0.6787946820259094
0.6700624823570251
0.6657065749168396
Test Power of C2ST-L:  0.0
0.6922810077667236
0.6920662522315979
0.6918339729309082
0.6907761096954346
0.6874288320541382
Test Power of C2ST-L:  0.0
0.6824507117271423
0.6805962920188904
0.6783292889595032
0.6739739179611206
0.6687464118003845
Test Power of C2ST-L:  0.0
0.6893287897109985
0.6873420476913452
0.6793485879898071
0.671779990196228
0.6661089062690735
Test Power of C2ST-L:  0.0
0.6889260411262512
0.6866668462753296
0.6800020337104797
0.6716855764389038
0.6649056077003479
Test Power of C2ST-L:  0.0
0.6867302060127258
0.6862463355064392
0.686030924320221
0.6849411129951477
0.6828730702400208
Test Power of C2ST-L:  0.0
0.6837279200553894
0.6811762452125549
0.6744287014007568
0.6714054346084595
0.6696187257766724
Test Power of C2ST-L:  0.0
0.6873683333396912
0.6844081878662109
0.6816079020500183
0.6738790273666382
0.6686242818832397
Test Power of C2ST-L:  0.0
0.6900675892829895
0.6889721155166626
0.6851586103439331
0.6749581694602966
0.6667465567588806
Test Power of C2ST-L:  0.0
0.6885718703269958
0.6864074468612671
0.6834717988967896
0.6841601133346558
0.6684515476226807
Test Power of C2ST-L:  0.0
0.6883480548858643
0.6853124499320984
0.6775352954864502
0.6738966107368469
0.6727813482284546
Test Power of C2ST-L:  0.0
0.6862703561782837
0.6857884526252747
0.6847460269927979
0.6796652674674988
0.676487386226654
Test Power of C2ST-L:  0.0
0.6908398270606995
0.6839509010314941
0.6652148365974426
0.6529587507247925
0.6390487551689148
Test Power of C2ST-L:  0.0
0.6892340779304504
0.6862732768058777
0.6809651255607605
0.676314651966095
0.6702890396118164
Test Power of C2ST-L:  0.0
0.6872326731681824
0.6859996318817139
0.6848424673080444
0.6836912035942078
0.6825679540634155
Test Power of C2ST-L:  0.0
0.688291609287262
0.687221884727478
0.6846779584884644
0.6753430962562561
0.6689387559890747
Test Power of C2ST-L:  0.0
0.6899212598800659
0.6883615851402283
0.6868998408317566
0.6772205233573914
0.6724676489830017
Test Power of C2ST-L:  1.0
0.6874168515205383
0.6866250038146973
0.6862170696258545
0.6848839521408081
0.6829939484596252
Test Power of C2ST-L:  0.0
0.687838077545166
0.6868347525596619
0.683068037033081
0.6748784780502319
0.6724074482917786
Test Power of C2ST-L:  0.0
0.6895996928215027
0.688843846321106
0.6886763572692871
0.6883425712585449
0.6876211762428284
Test Power of C2ST-L:  0.0
0.6865027546882629
0.6854632496833801
0.6845442652702332
0.6809315085411072
0.6763778924942017
Test Power of C2ST-L:  0.0
0.6904952526092529
0.687267541885376
0.6826772093772888
0.6797824501991272
0.6776087284088135
Test Power of C2ST-L:  0.0
0.6919261813163757
0.6911616921424866
0.6897658705711365
0.6861078143119812
0.6730630993843079
Test Power of C2ST-L:  0.0
0.6893453598022461
0.6882713437080383
0.6839104890823364
0.6694002747535706
0.6663973331451416
Test Power of C2ST-L:  0.0
0.6881899833679199
0.6865805983543396
0.6847315430641174
0.6811396479606628
0.678519606590271
Test Power of C2ST-L:  0.0
0.6864067912101746
0.683918297290802
0.6790827512741089
0.6766355037689209
0.6739324331283569
Test Power of C2ST-L:  0.0
0.6903862357139587
0.6899126172065735
0.6890969276428223
0.686599850654602
0.6835188269615173
Test Power of C2ST-L:  0.0
0.691591203212738
0.6911283135414124
0.6896083354949951
0.6858615875244141
0.6817373037338257
Test Power of C2ST-L:  0.0
0.6915929317474365
0.6906797885894775
0.6867350339889526
0.6746472716331482
0.6711228489875793
Test Power of C2ST-L:  0.0
0.6885738968849182
0.6876581907272339
0.685845136642456
0.6832494139671326
0.6761860847473145
Test Power of C2ST-L:  1.0
0.6880868673324585
0.6875550150871277
0.6872854232788086
0.6869149804115295
0.6860641837120056
Test Power of C2ST-L:  0.0
0.6878897547721863
0.6835818290710449
0.6732200384140015
0.6657714247703552
0.6642395853996277
Test Power of C2ST-L:  0.0
0.6919583678245544
0.691679835319519
0.6915849447250366
0.6913461089134216
0.6903635859489441
Test Power of C2ST-L:  0.0
0.6908687949180603
0.6903858184814453
0.6897402405738831
0.6867715716362
0.6831868886947632
Test Power of C2ST-L:  0.0
0.688826858997345
0.6872709393501282
0.6831619739532471
0.6823891997337341
0.6817816495895386
Test Power of C2ST-L:  0.0
0.683732807636261
0.674906849861145
0.6676247715950012
0.662089467048645
0.6542348265647888
Test Power of C2ST-L:  0.0
0.6842402219772339
0.6822941303253174
0.6774450540542603
0.6707109808921814
0.6795197129249573
Test Power of C2ST-L:  0.0
0.6815295219421387
0.6804747581481934
0.6793903708457947
0.6765420436859131
0.6739670634269714
Test Power of C2ST-L:  0.0
0.690377950668335
0.6892867088317871
0.6888220310211182
0.6870352625846863
0.68310546875
Test Power of C2ST-L:  0.0
0.6846126317977905
0.683083713054657
0.6808499097824097
0.6757485270500183
0.6717855334281921
Test Power of C2ST-L:  0.0
0.6874157190322876
0.6869477033615112
0.686644971370697
0.685627281665802
0.6843296885490417
Test Power of C2ST-L:  0.0
0.6900786757469177
0.6871310472488403
0.678466260433197
0.6733585596084595
0.6724333167076111
Test Power of C2ST-L:  0.0
0.6917612552642822
0.6914531588554382
0.6902904510498047
0.6847797632217407
0.6784256100654602
Test Power of C2ST-L:  0.0
0.6924485564231873
0.6921197772026062
0.6918026208877563
0.6908078789710999
0.6873444318771362
Test Power of C2ST-L:  0.0
0.6881282329559326
0.6864604353904724
0.6833450198173523
0.6781719923019409
0.6755319833755493
Test Power of C2ST-L:  0.0
0.6837685704231262
0.6828845143318176
0.6814693808555603
0.6791030764579773
0.6768501996994019
Test Power of C2ST-L:  0.0
0.687945544719696
0.6874306201934814
0.6871868968009949
0.6861857771873474
0.6804944276809692
Test Power of C2ST-L:  0.0
0.6881852149963379
0.6877433657646179
0.6875364780426025
0.6871997714042664
0.6866545081138611
Test Power of C2ST-L:  0.0
0.6895506978034973
0.6890366673469543
0.6879428625106812
0.6802887916564941
0.6751374006271362
Test Power of C2ST-L:  0.0
0.6902382373809814
0.6869639158248901
0.682182788848877
0.6786616444587708
0.6768280267715454
Test Power of C2ST-L:  0.0
0.6900655627250671
0.6887508034706116
0.6793254613876343
0.6678959131240845
0.6621220111846924
Test Power of C2ST-L:  0.0
0.6883108615875244
0.6875717043876648
0.685631275177002
0.6775401830673218
0.6763194799423218
Test Power of C2ST-L:  0.0
0.6892910003662109
0.6877187490463257
0.6849964261054993
0.6773226261138916
0.6741191744804382
Test Power of C2ST-L:  0.0
0.6853817701339722
0.6837596297264099
0.6831901669502258
0.6810652017593384
0.6788446307182312
Test Power of C2ST-L:  0.0
0.6835809350013733
0.6797178983688354
0.6728513240814209
0.6718353033065796
0.6678737998008728
Test Power of C2ST-L:  0.0
0.6854780912399292
0.6835421323776245
0.6815717816352844
0.6792311668395996
0.6779866814613342
Test Power of C2ST-L:  0.0
0.6897692084312439
0.6887249946594238
0.6842701435089111
0.6815057992935181
0.6765667200088501
Test Power of C2ST-L:  1.0
0.6892604231834412
0.6883014440536499
0.684731125831604
0.6687319874763489
0.6634314060211182
Test Power of C2ST-L:  0.0
0.690811812877655
0.6902210712432861
0.6891576647758484
0.6880677938461304
0.683929443359375
Test Power of C2ST-L:  0.0
0.6862244606018066
0.6843886971473694
0.674910843372345
0.6691585183143616
0.6766002178192139
Test Power of C2ST-L:  0.0
0.6848275065422058
0.681282103061676
0.672245442867279
0.6687748432159424
0.6725433468818665
Test Power of C2ST-L:  0.0
0.6912649869918823
0.690812349319458
0.6903879642486572
0.6894237995147705
0.6854528784751892
Test Power of C2ST-L:  0.0
0.6853504180908203
0.6848835945129395
0.683243453502655
0.6792390942573547
0.6762650609016418
Test Power of C2ST-L:  0.0
0.680637001991272
0.6788903474807739
0.6754739880561829
0.6710163950920105
0.666249692440033
Test Power of C2ST-L:  0.0
0.6801857352256775
0.6780526041984558
0.6761437058448792
0.6649189591407776
0.6607269048690796
Test Power of C2ST-L:  0.0
0.6886710524559021
0.686309814453125
0.6828247904777527
0.680190920829773
0.6744763255119324
Test Power of C2ST-L:  0.0
0.6867141723632812
0.6862645149230957
0.685167133808136
0.6805371046066284
0.6768643260002136
Test Power of C2ST-L:  0.0
0.6911901831626892
0.6902433633804321
0.688471257686615
0.6876111626625061
0.6866040825843811
Test Power of C2ST-L:  0.0
0.6842828392982483
0.6830852031707764
0.6826510429382324
0.6819125413894653
0.681266725063324
Test Power of C2ST-L:  0.0
0.6843633055686951
0.6823459267616272
0.6819716095924377
0.6812472939491272
0.679606020450592
Test Power of C2ST-L:  0.0
0.692298412322998
0.6919008493423462
0.690879762172699
0.6859452128410339
0.6762645244598389
Test Power of C2ST-L:  0.0
0.6859906911849976
0.6851150393486023
0.6839462518692017
0.6811975836753845
0.6796196103096008
Test Power of C2ST-L:  0.0
0.6879231929779053
0.6860363483428955
0.6838399767875671
0.6821892857551575
0.6803323030471802
Test Power of C2ST-L:  0.0
0.6891341805458069
0.6848333477973938
0.6739717721939087
0.6737798452377319
0.6719730496406555
Test Power of C2ST-L:  0.0
0.6877769827842712
0.6813428401947021
0.6726420521736145
0.6676875352859497
0.6660611629486084
Test Power of C2ST-L:  0.0
0.6885578036308289
0.685957670211792
0.6833776235580444
0.6817008256912231
0.6801935434341431
Test Power of C2ST-L:  0.0
0.6866409182548523
0.6854378581047058
0.6790488362312317
0.6696908473968506
0.6665492653846741
Test Power of C2ST-L:  0.0
0.684755265712738
0.6834101676940918
0.6818283200263977
0.6794506907463074
0.6751464605331421
Test Power of C2ST-L:  0.0
0.6881226301193237
0.6870535612106323
0.6865763068199158
0.6850689053535461
0.6808474063873291
Test Power of C2ST-L:  0.0


=====================================================
Average test power at training size =  125  :  0.03
=====================================================


0.6920034289360046
0.6917155385017395
0.691163957118988
0.690146267414093
0.6894523501396179
Test Power of C2ST-L:  0.0
0.6909204721450806
0.6891379952430725
0.6875636577606201
0.685813307762146
0.688618540763855
Test Power of C2ST-L:  0.0
0.6919695138931274
0.6913864016532898
0.6904426217079163
0.6882363557815552
0.6872124671936035
Test Power of C2ST-L:  0.0
0.6891690492630005
0.6883479952812195
0.6882242560386658
0.6879672408103943
0.6875202059745789
Test Power of C2ST-L:  0.0
0.6919291019439697
0.691657543182373
0.6913124322891235
0.6904456615447998
0.6868293881416321
Test Power of C2ST-L:  0.0
0.6904981136322021
0.6900342702865601
0.6889640688896179
0.6841025948524475
0.6803002953529358
Test Power of C2ST-L:  1.0
0.6918255686759949
0.6916134357452393
0.6912082433700562
0.6882836818695068
0.6859287619590759
Test Power of C2ST-L:  0.0
0.6919710040092468
0.6917709708213806
0.6917185187339783
0.6916454434394836
0.691493034362793
Test Power of C2ST-L:  0.0
0.6927306056022644
0.6924895644187927
0.6921432018280029
0.6903637051582336
0.6886425018310547
Test Power of C2ST-L:  0.0
0.6908411383628845
0.6895900964736938
0.6888022422790527
0.6880015730857849
0.6873990893363953
Test Power of C2ST-L:  0.0
0.6902982592582703
0.6896249651908875
0.6885120272636414
0.6856950521469116
0.6832079291343689
Test Power of C2ST-L:  0.0
0.6914013028144836
0.6907356977462769
0.6902873516082764
0.689484179019928
0.6891945004463196
Test Power of C2ST-L:  0.0
0.6912097334861755
0.6910901069641113
0.6908472776412964
0.6898542642593384
0.6867371797561646
Test Power of C2ST-L:  0.0
0.6905949711799622
0.6902932524681091
0.6901192665100098
0.6897109746932983
0.6890383362770081
Test Power of C2ST-L:  0.0
0.6926087737083435
0.6923595666885376
0.6920428276062012
0.6906211376190186
0.6898626089096069
Test Power of C2ST-L:  0.0
0.6923842430114746
0.69193035364151
0.6911070942878723
0.689024031162262
0.6859111785888672
Test Power of C2ST-L:  0.0
0.6923226118087769
0.692058265209198
0.6919772624969482
0.6918739080429077
0.6917316317558289
Test Power of C2ST-L:  0.0
0.6925337314605713
0.69235759973526
0.6917914152145386
0.6889426708221436
0.6871809959411621
Test Power of C2ST-L:  0.0
0.6893444657325745
0.6883823275566101
0.6874256730079651
0.6862886548042297
0.685154378414154
Test Power of C2ST-L:  0.0
0.688393771648407
0.6876030564308167
0.6874104142189026
0.6870436072349548
0.6855968236923218
Test Power of C2ST-L:  0.0
0.6920949816703796
0.6917775273323059
0.6913645267486572
0.6897822022438049
0.6852859854698181
Test Power of C2ST-L:  0.0
0.6899892687797546
0.6887134909629822
0.6881734132766724
0.6873652338981628
0.6862799525260925
Test Power of C2ST-L:  0.0
0.691257119178772
0.6904306411743164
0.6886782050132751
0.684585452079773
0.682184100151062
Test Power of C2ST-L:  0.0
0.6918787956237793
0.6912825703620911
0.6904807686805725
0.689185380935669
0.6882579326629639
Test Power of C2ST-L:  0.0
0.6888883113861084
0.6875160932540894
0.6849219799041748
0.6804814338684082
0.6773164868354797
Test Power of C2ST-L:  0.0
0.6904305815696716
0.6900503635406494
0.6899784207344055
0.6898733973503113
0.6894668340682983
Test Power of C2ST-L:  0.0
0.689294695854187
0.6883426904678345
0.6870763897895813
0.6856076121330261
0.6851344108581543
Test Power of C2ST-L:  0.0
0.6915083527565002
0.6908038258552551
0.6902799606323242
0.6888718008995056
0.6855645775794983
Test Power of C2ST-L:  0.0
0.6905133128166199
0.6891506910324097
0.6885095834732056
0.6877785325050354
0.6873216032981873
Test Power of C2ST-L:  0.0
0.6903416514396667
0.689957857131958
0.6898281574249268
0.689551591873169
0.6884300112724304
Test Power of C2ST-L:  0.0
0.692256510257721
0.6920647025108337
0.6908543109893799
0.687799334526062
0.6871797442436218
Test Power of C2ST-L:  0.0
0.6913051605224609
0.6910446882247925
0.6907914876937866
0.6899670958518982
0.6890201568603516
Test Power of C2ST-L:  0.0
0.6925232410430908
0.6917946934700012
0.6902723908424377
0.6875637173652649
0.6860243082046509
Test Power of C2ST-L:  0.0
0.691202700138092
0.69102942943573
0.690975546836853
0.6908752918243408
0.6905869841575623
Test Power of C2ST-L:  0.0
0.6893916130065918
0.6892615556716919
0.6892348527908325
0.6891880035400391
0.6890528798103333
Test Power of C2ST-L:  0.0
0.6906089186668396
0.6898847818374634
0.6883143782615662
0.6843768358230591
0.6823277473449707
Test Power of C2ST-L:  0.0
0.691435694694519
0.6912645101547241
0.6911407709121704
0.6909088492393494
0.6906163692474365
Test Power of C2ST-L:  0.0
0.6905271410942078
0.6892057061195374
0.6870428919792175
0.6854457855224609
0.6834499835968018
Test Power of C2ST-L:  0.0
0.6925418376922607
0.6923763751983643
0.6922982335090637
0.6921148896217346
0.6913172006607056
Test Power of C2ST-L:  0.0
0.6915422677993774
0.6909558176994324
0.6905391812324524
0.6890090703964233
0.6874415874481201
Test Power of C2ST-L:  0.0
0.6917567253112793
0.6911545395851135
0.69095379114151
0.6905133128166199
0.6870929598808289
Test Power of C2ST-L:  0.0
0.6896708607673645
0.688713014125824
0.6859406232833862
0.6817053556442261
0.6800239086151123
Test Power of C2ST-L:  0.0
0.6922614574432373
0.6919388771057129
0.6917022466659546
0.6911169290542603
0.6887683868408203
Test Power of C2ST-L:  0.0
0.6918303370475769
0.6917916536331177
0.6917704343795776
0.691745400428772
0.6917070746421814
Test Power of C2ST-L:  0.0
0.6908809542655945
0.6905008554458618
0.6898939609527588
0.6879497766494751
0.6862829327583313
Test Power of C2ST-L:  0.0
0.6906044483184814
0.6899350881576538
0.6885946393013
0.6874231696128845
0.6863137483596802
Test Power of C2ST-L:  1.0
0.6907308101654053
0.6900359392166138
0.6868865489959717
0.6801937222480774
0.6775262951850891
Test Power of C2ST-L:  0.0
0.6905649900436401
0.6894758343696594
0.6883758306503296
0.6859261393547058
0.684154212474823
Test Power of C2ST-L:  0.0
0.6894503235816956
0.6890701055526733
0.6887326240539551
0.68705153465271
0.684814989566803
Test Power of C2ST-L:  1.0
0.6905266642570496
0.6889533400535583
0.6862284541130066
0.6840760707855225
0.6833192110061646
Test Power of C2ST-L:  0.0
0.6916035413742065
0.6913225054740906
0.6912719011306763
0.6912139654159546
0.6911260485649109
Test Power of C2ST-L:  0.0
0.6915068030357361
0.6910961866378784
0.6908890008926392
0.6903235912322998
0.6895940899848938
Test Power of C2ST-L:  0.0
0.6905152797698975
0.6893675327301025
0.6877760887145996
0.6853228807449341
0.6826647520065308
Test Power of C2ST-L:  0.0
0.6911821961402893
0.6906011700630188
0.689674973487854
0.6874629259109497
0.6862817406654358
Test Power of C2ST-L:  0.0
0.6912031769752502
0.6902365684509277
0.6843940615653992
0.6772218346595764
0.6729640960693359
Test Power of C2ST-L:  0.0
0.6921583414077759
0.691380500793457
0.688930869102478
0.6868255138397217
0.6856151819229126
Test Power of C2ST-L:  0.0
0.6914731860160828
0.6912349462509155
0.6910755038261414
0.690844714641571
0.6905678510665894
Test Power of C2ST-L:  0.0
0.6901545524597168
0.6899005174636841
0.6891360282897949
0.6874871850013733
0.6855776309967041
Test Power of C2ST-L:  0.0
0.6922280192375183
0.691831111907959
0.6910417675971985
0.6900562047958374
0.6893643140792847
Test Power of C2ST-L:  0.0
0.6888641119003296
0.6883917450904846
0.6881900429725647
0.6876435279846191
0.6868089437484741
Test Power of C2ST-L:  1.0
0.6924824118614197
0.6920614242553711
0.691452145576477
0.6908170580863953
0.6901316046714783
Test Power of C2ST-L:  0.0
0.6906189918518066
0.6896331906318665
0.6887444853782654
0.685646116733551
0.6837843656539917
Test Power of C2ST-L:  0.0
0.6923450827598572
0.692042887210846
0.6918050050735474
0.6914163827896118
0.6903477311134338
Test Power of C2ST-L:  0.0
0.690589189529419
0.6900197863578796
0.6894479990005493
0.6882340312004089
0.6861884593963623
Test Power of C2ST-L:  1.0
0.6915599703788757
0.6905115246772766
0.6876525282859802
0.6849805116653442
0.6843712329864502
Test Power of C2ST-L:  0.0
0.6907264590263367
0.69012850522995
0.6893246173858643
0.6883634924888611
0.6875637769699097
Test Power of C2ST-L:  0.0
0.6908844113349915
0.69026118516922
0.6900750398635864
0.6896679401397705
0.6891754865646362
Test Power of C2ST-L:  0.0
0.6892831325531006
0.6886404156684875
0.6880739331245422
0.687271237373352
0.6867455244064331
Test Power of C2ST-L:  0.0
0.6907575130462646
0.6892287731170654
0.6837140917778015
0.6821091771125793
0.6813262104988098
Test Power of C2ST-L:  0.0
0.6921471357345581
0.691128134727478
0.6884099245071411
0.6852298378944397
0.6827391386032104
Test Power of C2ST-L:  0.0
0.6893888115882874
0.6881570816040039
0.6865273118019104
0.6859275102615356
0.6848732829093933
Test Power of C2ST-L:  0.0
0.6896887421607971
0.6889504790306091
0.6876742839813232
0.6836406588554382
0.6809263229370117
Test Power of C2ST-L:  0.0
0.6917021870613098
0.6911572217941284
0.6901062726974487
0.6894863843917847
0.6892032027244568
Test Power of C2ST-L:  0.0
0.6916198134422302
0.6912288069725037
0.6909857988357544
0.6903737187385559
0.6897016167640686
Test Power of C2ST-L:  0.0
0.6890981197357178
0.688916802406311
0.6887481212615967
0.6882202625274658
0.6862040758132935
Test Power of C2ST-L:  0.0
0.6898680329322815
0.6886494755744934
0.688162088394165
0.6867084503173828
0.685584545135498
Test Power of C2ST-L:  0.0
0.6914384961128235
0.6909548044204712
0.6888738870620728
0.6874522566795349
0.685494065284729
Test Power of C2ST-L:  0.0
0.6916469931602478
0.6913912296295166
0.6911465525627136
0.690551221370697
0.6891832947731018
Test Power of C2ST-L:  0.0
0.6918515563011169
0.691587507724762
0.6914402842521667
0.6910598278045654
0.689308226108551
Test Power of C2ST-L:  0.0
0.6926422715187073
0.6919403076171875
0.6897207498550415
0.6884130239486694
0.6869323253631592
Test Power of C2ST-L:  0.0
0.6914363503456116
0.6911508440971375
0.6905757188796997
0.6887955665588379
0.687761664390564
Test Power of C2ST-L:  0.0
0.6912591457366943
0.6907830238342285
0.6901562213897705
0.6873856782913208
0.6843742728233337
Test Power of C2ST-L:  0.0
0.6925527453422546
0.692237913608551
0.6919019222259521
0.6908274292945862
0.6896116733551025
Test Power of C2ST-L:  0.0
0.6925165057182312
0.6922559142112732
0.6920982599258423
0.6917150020599365
0.6909213662147522
Test Power of C2ST-L:  0.0
0.6911755204200745
0.6896194815635681
0.6860767602920532
0.6849663257598877
0.6839844584465027
Test Power of C2ST-L:  0.0
0.6923648715019226
0.6919662356376648
0.6910545825958252
0.6890202760696411
0.6874515414237976
Test Power of C2ST-L:  0.0
0.6893062591552734
0.6883389949798584
0.6862853169441223
0.6842653751373291
0.6817068457603455
Test Power of C2ST-L:  0.0
0.6890798211097717
0.6886526346206665
0.6866310834884644
0.6844099760055542
0.6835470795631409
Test Power of C2ST-L:  0.0
0.6922925710678101
0.6914916038513184
0.6899150609970093
0.6884438395500183
0.6856690049171448
Test Power of C2ST-L:  0.0
0.6914116740226746
0.69038987159729
0.6890668272972107
0.6867769360542297
0.6865118741989136
Test Power of C2ST-L:  0.0
0.6915649175643921
0.6913645267486572
0.6911954283714294
0.6909365653991699
0.690744161605835
Test Power of C2ST-L:  0.0
0.6914367079734802
0.690722644329071
0.6903921961784363
0.689775288105011
0.6892617344856262
Test Power of C2ST-L:  0.0
0.6924155950546265
0.6921042799949646
0.6914786696434021
0.6904599666595459
0.6888605356216431
Test Power of C2ST-L:  0.0
0.6866888403892517
0.6845771074295044
0.6831501722335815
0.6810688972473145
0.6771337985992432
Test Power of C2ST-L:  0.0
0.691665530204773
0.6913830041885376
0.6911682486534119
0.6906477808952332
0.6900094747543335
Test Power of C2ST-L:  0.0
0.6914180517196655
0.6905585527420044
0.6895010471343994
0.6874669194221497
0.6836645007133484
Test Power of C2ST-L:  0.0
0.6928430199623108
0.6925470232963562
0.6907665133476257
0.6870129108428955
0.6834676861763
Test Power of C2ST-L:  0.0
0.6898728609085083
0.6895084977149963
0.6894651651382446
0.6894360780715942
0.689400315284729
Test Power of C2ST-L:  0.0
0.6919270753860474
0.6915609836578369
0.6912451982498169
0.6907509565353394
0.690360963344574
Test Power of C2ST-L:  0.0
0.6920478940010071
0.6915205121040344
0.689224362373352
0.6846699118614197
0.6829822063446045
Test Power of C2ST-L:  0.0


=====================================================
Average test power at training size =  250  :  0.05
=====================================================


0.6930652856826782
0.6930230259895325
0.6929511427879333
0.6927657723426819
0.6922390460968018
Test Power of C2ST-L:  0.0
0.6928207874298096
0.6926353573799133
0.6925772428512573
0.6924837231636047
0.6923279166221619
Test Power of C2ST-L:  0.0
0.6923924088478088
0.6921277046203613
0.6920592784881592
0.6918898820877075
0.6911183595657349
Test Power of C2ST-L:  0.0
0.6928077340126038
0.6926607489585876
0.6925469040870667
0.6923198103904724
0.6917192339897156
Test Power of C2ST-L:  0.0
0.6917715072631836
0.6907907128334045
0.6894528269767761
0.688416600227356
0.6874745488166809
Test Power of C2ST-L:  0.0
0.692721962928772
0.6926113367080688
0.6924844980239868
0.6921054124832153
0.6914512515068054
Test Power of C2ST-L:  0.0
0.6919902563095093
0.6918162107467651
0.691699206829071
0.6914767622947693
0.6909204125404358
Test Power of C2ST-L:  0.0
0.6923609972000122
0.6919216513633728
0.6917378306388855
0.6912093162536621
0.6895142197608948
Test Power of C2ST-L:  0.0
0.6907567381858826
0.6903589963912964
0.690195620059967
0.6900047659873962
0.6895731687545776
Test Power of C2ST-L:  0.0
0.6921505331993103
0.6918239593505859
0.6914105415344238
0.6906400918960571
0.6899188160896301
Test Power of C2ST-L:  0.0
0.6918942928314209
0.6916742920875549
0.6915777325630188
0.691292941570282
0.6905983686447144
Test Power of C2ST-L:  1.0
0.6920480132102966
0.6917677521705627
0.691447913646698
0.6907345056533813
0.6898304224014282
Test Power of C2ST-L:  0.0
0.6915788650512695
0.6912409663200378
0.6909763813018799
0.6904346942901611
0.6902902126312256
Test Power of C2ST-L:  0.0
0.6922750473022461
0.6919419765472412
0.6918304562568665
0.6915671825408936
0.6909710764884949
Test Power of C2ST-L:  0.0
0.6911763548851013
0.6908243894577026
0.6907331943511963
0.6905726790428162
0.6901911497116089
Test Power of C2ST-L:  0.0
0.6922250390052795
0.6919851303100586
0.6919139623641968
0.6917750239372253
0.691520094871521
Test Power of C2ST-L:  0.0
0.6927545666694641
0.6925971508026123
0.6925449371337891
0.6924909353256226
0.6924237012863159
Test Power of C2ST-L:  0.0
0.6921576261520386
0.6917663216590881
0.6912487149238586
0.6906976103782654
0.6903427243232727
Test Power of C2ST-L:  0.0
0.6904515624046326
0.6897370219230652
0.6889230012893677
0.6866101622581482
0.6845200657844543
Test Power of C2ST-L:  0.0
0.6922871470451355
0.690927267074585
0.6883722543716431
0.6881088018417358
0.6879558563232422
Test Power of C2ST-L:  0.0
0.6924733519554138
0.6922118067741394
0.6918853521347046
0.6907793283462524
0.6901676058769226
Test Power of C2ST-L:  0.0
0.6929000616073608
0.6927608847618103
0.6924524903297424
0.690843939781189
0.689389169216156
Test Power of C2ST-L:  0.0
0.6925911903381348
0.6924839019775391
0.6923347115516663
0.6918998956680298
0.6910468935966492
Test Power of C2ST-L:  0.0
0.6920351386070251
0.6918333768844604
0.6914612054824829
0.6902627348899841
0.68989497423172
Test Power of C2ST-L:  0.0
0.6922764182090759
0.6918532252311707
0.6917669177055359
0.6916695237159729
0.6915284395217896
Test Power of C2ST-L:  0.0
0.6921758651733398
0.6919797658920288
0.6919003129005432
0.6917890906333923
0.6914801001548767
Test Power of C2ST-L:  0.0
0.6923347115516663
0.6920925974845886
0.6919905543327332
0.6917863488197327
0.6913784742355347
Test Power of C2ST-L:  0.0
0.6922147274017334
0.6921241283416748
0.6920269131660461
0.691795289516449
0.6910925507545471
Test Power of C2ST-L:  0.0
0.6920199394226074
0.6915671825408936
0.6913369297981262
0.6909875869750977
0.690394937992096
Test Power of C2ST-L:  1.0
0.6929466128349304
0.6928322911262512
0.6928070783615112
0.6927711963653564
0.6927118301391602
Test Power of C2ST-L:  0.0
0.6918149590492249
0.691368579864502
0.6910573840141296
0.690342903137207
0.6897156834602356
Test Power of C2ST-L:  0.0
0.6916064620018005
0.6910654902458191
0.6909485459327698
0.690765380859375
0.6903900504112244
Test Power of C2ST-L:  1.0
0.6922102570533752
0.6919253468513489
0.691869854927063
0.6918027997016907
0.6917015314102173
Test Power of C2ST-L:  0.0
0.6928605437278748
0.6926528215408325
0.6924580335617065
0.6918894052505493
0.6907223463058472
Test Power of C2ST-L:  0.0
0.6924247145652771
0.6922277212142944
0.691810667514801
0.6907450556755066
0.6905274987220764
Test Power of C2ST-L:  0.0
0.6918390989303589
0.6915997862815857
0.6915171146392822
0.6913532614707947
0.6908335089683533
Test Power of C2ST-L:  0.0
0.692655086517334
0.6925016641616821
0.6923055648803711
0.6917116641998291
0.6913892030715942
Test Power of C2ST-L:  0.0
0.6923264861106873
0.692175030708313
0.6921105980873108
0.6920209527015686
0.6918609142303467
Test Power of C2ST-L:  0.0
0.6920176148414612
0.6917632222175598
0.6916870474815369
0.691551148891449
0.6911013126373291
Test Power of C2ST-L:  0.0
0.6919727921485901
0.6915299892425537
0.6912091970443726
0.6903666853904724
0.6895601749420166
Test Power of C2ST-L:  0.0
0.690675675868988
0.6896911263465881
0.6893618702888489
0.6889510750770569
0.6881489753723145
Test Power of C2ST-L:  0.0
0.6921707987785339
0.6917609572410583
0.6916768550872803
0.6915358901023865
0.6912879347801208
Test Power of C2ST-L:  0.0
0.6928068399429321
0.6926213502883911
0.6921671032905579
0.6908916234970093
0.6904825568199158
Test Power of C2ST-L:  0.0
0.6907650232315063
0.6905332207679749
0.6904300451278687
0.6902827024459839
0.6900617480278015
Test Power of C2ST-L:  0.0
0.6920564770698547
0.6918528079986572
0.6917986869812012
0.6917129755020142
0.6915457844734192
Test Power of C2ST-L:  0.0
0.6911852359771729
0.6909069418907166
0.6908601522445679
0.6907934546470642
0.6906527280807495
Test Power of C2ST-L:  0.0
0.6908109784126282
0.6905410885810852
0.6904826164245605
0.6903873085975647
0.6901830434799194
Test Power of C2ST-L:  0.0
0.6918403506278992
0.6914466619491577
0.6911826133728027
0.6907868981361389
0.6903824210166931
Test Power of C2ST-L:  0.0
0.6919082999229431
0.691425621509552
0.690676212310791
0.6896769404411316
0.6893758773803711
Test Power of C2ST-L:  0.0
0.6917113065719604
0.6913496255874634
0.6911373734474182
0.6907191872596741
0.6902472376823425
Test Power of C2ST-L:  0.0
0.692575216293335
0.6923285722732544
0.6920363903045654
0.6911194920539856
0.6899789571762085
Test Power of C2ST-L:  0.0
0.6917598247528076
0.6914032101631165
0.690382719039917
0.6887354254722595
0.6884635090827942
Test Power of C2ST-L:  1.0
0.6909076571464539
0.6900898814201355
0.6900524497032166
0.6900163292884827
0.689985990524292
Test Power of C2ST-L:  0.0
0.6922463178634644
0.692089319229126
0.692065417766571
0.6920381784439087
0.6919854283332825
Test Power of C2ST-L:  0.0
0.6922142505645752
0.6920605301856995
0.6920045614242554
0.6919234395027161
0.6917517781257629
Test Power of C2ST-L:  0.0
0.6920924186706543
0.6918804049491882
0.6918537616729736
0.6918089389801025
0.6917147636413574
Test Power of C2ST-L:  0.0
0.6914891004562378
0.690843939781189
0.6906890273094177
0.6903560757637024
0.6895975470542908
Test Power of C2ST-L:  0.0
0.691437840461731
0.6903498768806458
0.6891379356384277
0.687886655330658
0.6876391768455505
Test Power of C2ST-L:  0.0
0.6907854676246643
0.6900336742401123
0.6899064183235168
0.6896944642066956
0.6891764998435974
Test Power of C2ST-L:  0.0
0.6930350065231323
0.6929869651794434
0.6929318904876709
0.6928101181983948
0.6922644376754761
Test Power of C2ST-L:  0.0
0.6924072504043579
0.692259669303894
0.6919199228286743
0.6904398202896118
0.6894725561141968
Test Power of C2ST-L:  0.0
0.6925416588783264
0.6919023990631104
0.6889643669128418
0.6868542432785034
0.6848448514938354
Test Power of C2ST-L:  0.0
0.692139744758606
0.6919794678688049
0.6917719841003418
0.690819501876831
0.6886605024337769
Test Power of C2ST-L:  0.0
0.6928892135620117
0.6928127408027649
0.6927613019943237
0.6926469802856445
0.6923403739929199
Test Power of C2ST-L:  0.0
0.6924915909767151
0.6921250224113464
0.6918129920959473
0.6908968687057495
0.6902440190315247
Test Power of C2ST-L:  0.0
0.6917895078659058
0.6911983489990234
0.6905438899993896
0.6896570920944214
0.6893607378005981
Test Power of C2ST-L:  0.0
0.6923767328262329
0.6916115283966064
0.6897060871124268
0.6890742778778076
0.6887712478637695
Test Power of C2ST-L:  0.0
0.692852258682251
0.6927149295806885
0.6926432251930237
0.6925411820411682
0.69241863489151
Test Power of C2ST-L:  0.0
0.691765546798706
0.6916536688804626
0.6915844678878784
0.6914774179458618
0.6912590265274048
Test Power of C2ST-L:  0.0
0.6920968890190125
0.6919835805892944
0.6918079853057861
0.6914304494857788
0.6909915804862976
Test Power of C2ST-L:  0.0
0.6912202835083008
0.6908381581306458
0.6903609037399292
0.6893722414970398
0.688642680644989
Test Power of C2ST-L:  1.0
0.6915373206138611
0.6914688348770142
0.6914138197898865
0.6913147568702698
0.6911157965660095
Test Power of C2ST-L:  0.0
0.6926186084747314
0.6922255158424377
0.6919407844543457
0.6913586854934692
0.6908974647521973
Test Power of C2ST-L:  0.0
0.692314088344574
0.6920843124389648
0.6919267773628235
0.691357433795929
0.6907446980476379
Test Power of C2ST-L:  0.0
0.6917561888694763
0.6912431716918945
0.6901227235794067
0.6884045600891113
0.6973215937614441
Test Power of C2ST-L:  0.0
0.6928025484085083
0.6927064657211304
0.6926620006561279
0.6925787925720215
0.6924328207969666
Test Power of C2ST-L:  0.0
0.6916921138763428
0.6912550330162048
0.691078245639801
0.6908214092254639
0.6904286742210388
Test Power of C2ST-L:  0.0
0.6923354864120483
0.691903293132782
0.6917908787727356
0.6915663480758667
0.6909880638122559
Test Power of C2ST-L:  0.0
0.6924368143081665
0.6921381950378418
0.6912408471107483
0.6900146007537842
0.6885295510292053
Test Power of C2ST-L:  0.0
0.6928925514221191
0.6928054690361023
0.6927014589309692
0.6924201250076294
0.6918841600418091
Test Power of C2ST-L:  0.0
0.6928464770317078
0.6926022171974182
0.6924782991409302
0.6920385360717773
0.6910384893417358
Test Power of C2ST-L:  0.0
0.6909217238426208
0.6905454397201538
0.6904571652412415
0.6903529763221741
0.6901965737342834
Test Power of C2ST-L:  0.0
0.6925890445709229
0.692389726638794
0.6923161149024963
0.6922128200531006
0.6919964551925659
Test Power of C2ST-L:  0.0
0.6921574473381042
0.6912842988967896
0.6896425485610962
0.6879438161849976
0.6872453093528748
Test Power of C2ST-L:  0.0
0.6910964250564575
0.689952552318573
0.6893000602722168
0.6884962916374207
0.6876723766326904
Test Power of C2ST-L:  0.0
0.6926472187042236
0.6925098299980164
0.6923508644104004
0.6919935941696167
0.6915619969367981
Test Power of C2ST-L:  0.0
0.6906227469444275
0.6903507113456726
0.6901706457138062
0.6899215579032898
0.6895533800125122
Test Power of C2ST-L:  0.0
0.6916964054107666
0.6913342475891113
0.6911998987197876
0.6909038424491882
0.690540611743927
Test Power of C2ST-L:  0.0
0.6928272843360901
0.6927832961082458
0.6927441358566284
0.6926559209823608
0.6923152804374695
Test Power of C2ST-L:  0.0
0.6923407316207886
0.6919943690299988
0.6917259097099304
0.6912199258804321
0.6906228065490723
Test Power of C2ST-L:  0.0
0.6921527981758118
0.6919921636581421
0.6918817162513733
0.6916916370391846
0.6911406517028809
Test Power of C2ST-L:  0.0
0.6917237639427185
0.6914879083633423
0.6912209987640381
0.6904788017272949
0.689407229423523
Test Power of C2ST-L:  1.0
0.6923564672470093
0.692249596118927
0.6921970844268799
0.6921289563179016
0.6920053362846375
Test Power of C2ST-L:  0.0
0.6917553544044495
0.6914523243904114
0.6913385987281799
0.6911320686340332
0.6906483173370361
Test Power of C2ST-L:  0.0
0.6928081512451172
0.6926735639572144
0.6926336288452148
0.6925755739212036
0.692419171333313
Test Power of C2ST-L:  0.0
0.6922562122344971
0.6921198964118958
0.6919856667518616
0.6916202306747437
0.6908673048019409
Test Power of C2ST-L:  0.0
0.6920366287231445
0.6918303370475769
0.6916515231132507
0.6910454034805298
0.6893904805183411
Test Power of C2ST-L:  0.0
0.6924391984939575
0.6923151016235352
0.6922153830528259
0.6917723417282104
0.6914133429527283
Test Power of C2ST-L:  0.0
0.6925461292266846
0.6922419667243958
0.6920480728149414
0.691512405872345
0.6907921433448792
Test Power of C2ST-L:  0.0
0.6921553015708923
0.6917603015899658
0.6916624903678894
0.6915287971496582
0.6913177967071533
Test Power of C2ST-L:  1.0


=====================================================
Average test power at training size =  500  :  0.07
=====================================================


0.695684552192688
0.6925768256187439
0.6920309066772461
0.6951113343238831
0.6944351196289062
Test Power of C2ST-L:  0.0
0.6971045732498169
0.6936382055282593
0.6918459534645081
0.6917464733123779
0.6925615072250366
Test Power of C2ST-L:  0.0
0.6958222389221191
0.6928918361663818
0.692097008228302
0.6996946334838867
0.6933633089065552
Test Power of C2ST-L:  0.0
0.6968812942504883
0.6935710310935974
0.6923937797546387
0.6991198658943176
0.6932542324066162
Test Power of C2ST-L:  0.0
0.6971594095230103
0.6937792897224426
0.6926396489143372
0.6979868412017822
0.6958284378051758
Test Power of C2ST-L:  0.0
0.6959099769592285
0.6928396224975586
0.6922698020935059
0.7000199556350708
0.6936755180358887
Test Power of C2ST-L:  0.0
0.6948460340499878
0.6922551393508911
0.691765546798706
0.6979491114616394
0.6948082447052002
Test Power of C2ST-L:  0.0
0.6950753331184387
0.6918646097183228
0.6910373568534851
0.6949194073677063
0.6938807964324951
Test Power of C2ST-L:  1.0
0.6960964202880859
0.6927400827407837
0.691641092300415
0.6959738731384277
0.6941598057746887
Test Power of C2ST-L:  0.0
0.6955568194389343
0.6928768157958984
0.6922257542610168
0.699536919593811
0.6938340067863464
Test Power of C2ST-L:  0.0
0.6973495483398438
0.6943182945251465
0.6932674050331116
0.701108455657959
0.6947338581085205
Test Power of C2ST-L:  0.0
0.6961134672164917
0.6929245591163635
0.6920132040977478
0.6958146095275879
0.6956371068954468
Test Power of C2ST-L:  0.0
0.6969636082649231
0.6937775015830994
0.6929170489311218
0.7004150152206421
0.6944540143013
Test Power of C2ST-L:  0.0
0.6969866752624512
0.6934277415275574
0.6926460862159729
0.6967502236366272
0.6957737803459167
Test Power of C2ST-L:  0.0
0.6971151232719421
0.694096028804779
0.692987322807312
0.7002720832824707
0.6946518421173096
Test Power of C2ST-L:  0.0
0.6963284611701965
0.6932490468025208
0.6921709775924683
0.69866943359375
0.6940630674362183
Test Power of C2ST-L:  0.0
0.6964707970619202
0.6934835314750671
0.6927430629730225
0.6992742419242859
0.6946237683296204
Test Power of C2ST-L:  0.0
0.697079598903656
0.6940383911132812
0.6929416656494141
0.7010660767555237
0.6944513320922852
Test Power of C2ST-L:  1.0
0.6960123777389526
0.6928873062133789
0.6923204064369202
0.6970130801200867
0.6958317160606384
Test Power of C2ST-L:  0.0
0.6973792314529419
0.6943215131759644
0.6932324171066284
0.7011156678199768
0.6947253346443176
Test Power of C2ST-L:  0.0
0.6963274478912354
0.6933358311653137
0.6924485564231873
0.6979473233222961
0.6959290504455566
Test Power of C2ST-L:  0.0
0.6966715455055237
0.6935960054397583
0.6925994753837585
0.6964022517204285
0.6961376667022705
Test Power of C2ST-L:  0.0
0.6965481042861938
0.6932899355888367
0.6925919055938721
0.6992853283882141
0.694831371307373
Test Power of C2ST-L:  0.0
0.6961901187896729
0.692793071269989
0.691827654838562
0.6970828175544739
0.695030927658081
Test Power of C2ST-L:  0.0
0.697033703327179
0.6935318112373352
0.6924176216125488
0.6963500380516052
0.6959534287452698
Test Power of C2ST-L:  0.0
0.6964113712310791
0.6928016543388367
0.6919442415237427
0.6989794969558716
0.6937839388847351
Test Power of C2ST-L:  0.0
0.6965739727020264
0.6926600933074951
0.6913321018218994
0.6958513855934143
0.6943344473838806
Test Power of C2ST-L:  1.0
0.6954727172851562
0.6920039653778076
0.691093921661377
0.6970090866088867
0.6939406991004944
Test Power of C2ST-L:  0.0
0.6962284445762634
0.6927689909934998
0.691847026348114
0.6968221068382263
0.6951919198036194
Test Power of C2ST-L:  0.0
0.695796549320221
0.6927042603492737
0.6922435164451599
0.6981345415115356
0.6949331164360046
Test Power of C2ST-L:  0.0
0.6963049173355103
0.6930593848228455
0.6923489570617676
0.6982301473617554
0.6946563124656677
Test Power of C2ST-L:  0.0
0.6973010897636414
0.6940543055534363
0.692997395992279
0.6999318599700928
0.6952254772186279
Test Power of C2ST-L:  0.0
0.6966968774795532
0.6937472224235535
0.6927884221076965
0.6999636888504028
0.6944150328636169
Test Power of C2ST-L:  1.0
0.697353184223175
0.6939507126808167
0.6923507452011108
0.6980463862419128
0.6942090392112732
Test Power of C2ST-L:  0.0
0.6964754462242126
0.6933842897415161
0.6924985647201538
0.6992456912994385
0.6946424245834351
Test Power of C2ST-L:  0.0
0.6970794796943665
0.6937697529792786
0.6925625801086426
0.6989792585372925
0.6950672268867493
Test Power of C2ST-L:  0.0
0.6942927241325378
0.6913191080093384
0.6907956004142761
0.6935929656028748
0.6942234039306641
Test Power of C2ST-L:  0.0
0.6965898275375366
0.6932799220085144
0.6921272873878479
0.6942699551582336
0.6950648427009583
Test Power of C2ST-L:  0.0
0.6959284543991089
0.6929428577423096
0.692212700843811
0.699489176273346
0.6935935020446777
Test Power of C2ST-L:  0.0
0.6972393989562988
0.6943516731262207
0.6932276487350464
0.7012869715690613
0.6948079466819763
Test Power of C2ST-L:  0.0
0.6958162188529968
0.693031907081604
0.6921690106391907
0.6980193853378296
0.6942366361618042
Test Power of C2ST-L:  0.0
0.6966359615325928
0.693581759929657
0.6926717162132263
0.6998052000999451
0.6943628787994385
Test Power of C2ST-L:  0.0
0.6966930627822876
0.6932789087295532
0.6918510794639587
0.6986266374588013
0.693777859210968
Test Power of C2ST-L:  0.0
0.6962385177612305
0.6932150721549988
0.6923611760139465
0.6991940140724182
0.6947165727615356
Test Power of C2ST-L:  0.0
0.6952476501464844
0.6919028162956238
0.691241443157196
0.6969131827354431
0.6942684054374695
Test Power of C2ST-L:  0.0
0.6940796971321106
0.6916275024414062
0.690732479095459
0.6982936263084412
0.6923346519470215
Test Power of C2ST-L:  0.0
0.6967345476150513
0.693575382232666
0.6926236748695374
0.7005677819252014
0.6941470503807068
Test Power of C2ST-L:  0.0
0.6972910761833191
0.6941965222358704
0.6931800246238708
0.7007163763046265
0.6948340535163879
Test Power of C2ST-L:  1.0
0.6954908967018127
0.6926111578941345
0.6920956373214722
0.698661208152771
0.6942813992500305
Test Power of C2ST-L:  0.0
0.6971542835235596
0.6939288973808289
0.6928956508636475
0.6991309523582458
0.6958903074264526
Test Power of C2ST-L:  0.0
0.6950716972351074
0.6922158002853394
0.6914837956428528
0.6983910202980042
0.6929519176483154
Test Power of C2ST-L:  0.0
0.6966858506202698
0.6936050653457642
0.6925173997879028
0.6991580128669739
0.6942247748374939
Test Power of C2ST-L:  0.0
0.6973543167114258
0.6942426562309265
0.6931455731391907
0.7006828784942627
0.6947634816169739
Test Power of C2ST-L:  0.0
0.6958931684494019
0.6927129030227661
0.6922529935836792
0.6986712217330933
0.694494366645813
Test Power of C2ST-L:  0.0
0.6973110437393188
0.6941653490066528
0.693008303642273
0.6982783079147339
0.6965501308441162
Test Power of C2ST-L:  0.0
0.6957707405090332
0.6926217675209045
0.691852867603302
0.69588303565979
0.6952917575836182
Test Power of C2ST-L:  0.0
0.6965330243110657
0.693682074546814
0.6923492550849915
0.700307309627533
0.6937153935432434
Test Power of C2ST-L:  0.0
0.6963847875595093
0.6936043500900269
0.6925644278526306
0.6999605298042297
0.6940818428993225
Test Power of C2ST-L:  0.0
0.6963850855827332
0.6933057308197021
0.6926743984222412
0.7003723382949829
0.6941636800765991
Test Power of C2ST-L:  0.0
0.696840763092041
0.6940129995346069
0.6927924752235413
0.7006650567054749
0.6944566369056702
Test Power of C2ST-L:  0.0
0.6973612308502197
0.6941545605659485
0.6931185722351074
0.7003868222236633
0.6949641108512878
Test Power of C2ST-L:  0.0
0.6971043944358826
0.6937997341156006
0.692841649055481
0.700198233127594
0.6944208741188049
Test Power of C2ST-L:  0.0
0.6962766647338867
0.6935184001922607
0.6922259330749512
0.6999515891075134
0.6935444474220276
Test Power of C2ST-L:  0.0
0.6963379979133606
0.6930965185165405
0.69234299659729
0.6987634301185608
0.6948583722114563
Test Power of C2ST-L:  0.0
0.6969771385192871
0.6937906742095947
0.6927900314331055
0.699343204498291
0.6958213448524475
Test Power of C2ST-L:  0.0
0.6972030401229858
0.6939265727996826
0.6928245425224304
0.7010434865951538
0.6945139765739441
Test Power of C2ST-L:  0.0
0.6968044638633728
0.6935132741928101
0.6927649974822998
0.6990030407905579
0.6954838037490845
Test Power of C2ST-L:  0.0
0.696616530418396
0.6932388544082642
0.6923112273216248
0.6990390419960022
0.6939679980278015
Test Power of C2ST-L:  0.0
0.6972947716712952
0.6940842866897583
0.6930946707725525
0.7005541920661926
0.6948803663253784
Test Power of C2ST-L:  0.0
0.6959948539733887
0.6927764415740967
0.6916671395301819
0.6998401880264282
0.6927929520606995
Test Power of C2ST-L:  0.0
0.6971228718757629
0.6939060688018799
0.6930198669433594
0.6996907591819763
0.6949350833892822
Test Power of C2ST-L:  0.0
0.6968038082122803
0.6933687925338745
0.6917942762374878
0.6949403285980225
0.6934994459152222
Test Power of C2ST-L:  0.0
0.697444498538971
0.6942120790481567
0.6932246088981628
0.7014078497886658
0.6949427723884583
Test Power of C2ST-L:  0.0
0.6941076517105103
0.6913002133369446
0.6910699605941772
0.693879246711731
0.6946404576301575
Test Power of C2ST-L:  0.0
0.6967825293540955
0.6936551332473755
0.6927101016044617
0.7001676559448242
0.6941510438919067
Test Power of C2ST-L:  0.0
0.6953768730163574
0.6918588876724243
0.6913949251174927
0.6977621912956238
0.6930831074714661
Test Power of C2ST-L:  0.0
0.6960607767105103
0.6932684183120728
0.6922803521156311
0.6995755434036255
0.6940262913703918
Test Power of C2ST-L:  0.0
0.695608913898468
0.6927251815795898
0.6923252940177917
0.6992211937904358
0.6943727731704712
Test Power of C2ST-L:  0.0
0.697054386138916
0.6939728260040283
0.6929049491882324
0.6993690729141235
0.6955249905586243
Test Power of C2ST-L:  0.0
0.6972315311431885
0.6939319372177124
0.6929267644882202
0.7011467814445496
0.694507896900177
Test Power of C2ST-L:  0.0
0.697395920753479
0.6939777731895447
0.6918076872825623
0.6984832882881165
0.693223774433136
Test Power of C2ST-L:  0.0
0.6965532898902893
0.6932476162910461
0.6924471855163574
0.6974591612815857
0.6956472992897034
Test Power of C2ST-L:  0.0
0.6972861886024475
0.6940991282463074
0.6931161284446716
0.7012659311294556
0.6947981715202332
Test Power of C2ST-L:  0.0
0.6968798041343689
0.6936774253845215
0.6926312446594238
0.6944783329963684
0.6953906416893005
Test Power of C2ST-L:  0.0
0.6973272562026978
0.6942332983016968
0.6930469274520874
0.6987616419792175
0.6962832808494568
Test Power of C2ST-L:  0.0
0.6966264843940735
0.6937221884727478
0.6927662491798401
0.7000948190689087
0.6944667100906372
Test Power of C2ST-L:  0.0
0.6967439651489258
0.6933817267417908
0.6925947070121765
0.7000519037246704
0.6943992376327515
Test Power of C2ST-L:  0.0
0.697077214717865
0.6938550472259521
0.6929574608802795
0.700571596622467
0.6944600939750671
Test Power of C2ST-L:  0.0
0.6961239576339722
0.691875159740448
0.690457284450531
0.694050133228302
0.6941004991531372
Test Power of C2ST-L:  0.0
0.696206271648407
0.6930936574935913
0.6922879219055176
0.6992409825325012
0.6942713260650635
Test Power of C2ST-L:  0.0
0.6967272162437439
0.693752110004425
0.6926569938659668
0.7000465393066406
0.694314181804657
Test Power of C2ST-L:  0.0
0.6960141658782959
0.6929124593734741
0.6921355128288269
0.6966825127601624
0.6960391402244568
Test Power of C2ST-L:  0.0
0.6968271732330322
0.6938592195510864
0.6928924322128296
0.7008472681045532
0.6946023106575012
Test Power of C2ST-L:  0.0
0.6956515312194824
0.6926060318946838
0.6917290091514587
0.6978318691253662
0.6927754878997803
Test Power of C2ST-L:  0.0
0.6966328024864197
0.6936622858047485
0.6927231550216675
0.7004314661026001
0.6942845582962036
Test Power of C2ST-L:  0.0
0.6950708627700806
0.6920647025108337
0.6912333369255066
0.697760820388794
0.6927782297134399
Test Power of C2ST-L:  0.0
0.6969343423843384
0.6933994293212891
0.6918386220932007
0.6935190558433533
0.6946654319763184
Test Power of C2ST-L:  0.0
0.6968418955802917
0.693642795085907
0.6928151845932007
0.7000126838684082
0.6945139169692993
Test Power of C2ST-L:  0.0
0.6964536905288696
0.6928720474243164
0.6918579339981079
0.6957120895385742
0.6946967840194702
Test Power of C2ST-L:  0.0
0.6964075565338135
0.6926277875900269
0.691344141960144
0.6943972110748291
0.6953495144844055
Test Power of C2ST-L:  0.0


=====================================================
Average test power at training size =  750  :   
=====================================================


0.693361222743988
0.6940521597862244
0.6932597756385803
0.6935082077980042
0.6927129030227661
Test Power of C2ST-L:  0.0
0.6931552886962891
0.6939083933830261
0.6930319666862488
0.6932150721549988
0.6925122737884521
Test Power of C2ST-L:  0.0
0.6934500336647034
0.6941008567810059
0.6932296752929688
0.6932517886161804
0.6924964785575867
Test Power of C2ST-L:  0.0
0.6935049891471863
0.6940715312957764
0.6930842995643616
0.6938362717628479
0.691993772983551
Test Power of C2ST-L:  0.0
0.6934472918510437
0.6941307783126831
0.693232536315918
0.69301438331604
0.6919076442718506
Test Power of C2ST-L:  1.0
0.6930888891220093
0.6936808228492737
0.6929587125778198
0.6930680274963379
0.6925019025802612
Test Power of C2ST-L:  0.0
0.6921424269676208
0.6929406523704529
0.6921213865280151
0.691952109336853
0.6914131045341492
Test Power of C2ST-L:  0.0
0.6918773651123047
0.6926695704460144
0.6918045878410339
0.6916934847831726
0.6911157369613647
Test Power of C2ST-L:  0.0
0.693358302116394
0.6938357949256897
0.6931737065315247
0.693500280380249
0.692704439163208
Test Power of C2ST-L:  0.0
0.6932986378669739
0.6940160393714905
0.6930725574493408
0.6933345198631287
0.6925655603408813
Test Power of C2ST-L:  0.0
0.6930306553840637
0.6937286257743835
0.6928919553756714
0.692744791507721
0.6919156312942505
Test Power of C2ST-L:  0.0
0.6933460235595703
0.6939855217933655
0.6932095289230347
0.6934612989425659
0.6927335262298584
Test Power of C2ST-L:  0.0
0.6932156085968018
0.6938018798828125
0.693044126033783
0.6931267976760864
0.6925475001335144
Test Power of C2ST-L:  0.0
0.6936538815498352
0.6943220496177673
0.6935659646987915
0.6936108469963074
0.6930908560752869
Test Power of C2ST-L:  0.0
0.6931014657020569
0.6937372088432312
0.6929526925086975
0.6929574012756348
0.6923964023590088
Test Power of C2ST-L:  0.0
0.6932612657546997
0.6939578056335449
0.6931298971176147
0.69313645362854
0.6924263834953308
Test Power of C2ST-L:  0.0
0.692802906036377
0.6933298110961914
0.6925858855247498
0.6925935745239258
0.6920202374458313
Test Power of C2ST-L:  0.0
0.6931155920028687
0.6936793923377991
0.6927148103713989
0.6926473379135132
0.6919461488723755
Test Power of C2ST-L:  0.0
0.6935824155807495
0.6941632628440857
0.6934086084365845
0.6936811804771423
0.6929365396499634
Test Power of C2ST-L:  0.0
0.6935044527053833
0.6940774321556091
0.693133533000946
0.6925094127655029
0.6919135451316833
Test Power of C2ST-L:  0.0
0.6933965682983398
0.693640947341919
0.6922298073768616
0.6925943493843079
0.6911911368370056
Test Power of C2ST-L:  0.0
0.6935379505157471
0.6941068172454834
0.6934584379196167
0.6939188838005066
0.6929858922958374
Test Power of C2ST-L:  0.0
0.6934724450111389
0.6940796971321106
0.6929945945739746
0.693071722984314
0.6899028420448303
Test Power of C2ST-L:  0.0
0.6934389472007751
0.6940006017684937
0.6917446851730347
0.6923586130142212
0.690668523311615
Test Power of C2ST-L:  0.0
0.6933990120887756
0.6940451264381409
0.6931871175765991
0.6930534243583679
0.6922065615653992
Test Power of C2ST-L:  0.0
0.6931906938552856
0.6939758658409119
0.6931526064872742
0.6931098699569702
0.6923144459724426
Test Power of C2ST-L:  0.0
0.69331955909729
0.693971574306488
0.6932026743888855
0.6930785775184631
0.6923727989196777
Test Power of C2ST-L:  0.0
0.693584144115448
0.6941548585891724
0.6933016180992126
0.693266749382019
0.6926178932189941
Test Power of C2ST-L:  0.0
0.692811906337738
0.6935241222381592
0.6924319267272949
0.6923677325248718
0.691631555557251
Test Power of C2ST-L:  0.0
0.6928408145904541
0.6935531497001648
0.692685604095459
0.6923660635948181
0.6913957595825195
Test Power of C2ST-L:  0.0
0.6935982704162598
0.6942983865737915
0.6934853792190552
0.6939551830291748
0.6930919289588928
Test Power of C2ST-L:  0.0
0.6924982070922852
0.6932224631309509
0.6922218203544617
0.6928589344024658
0.6914069652557373
Test Power of C2ST-L:  0.0
0.6927458047866821
0.6934405565261841
0.6926539540290833
0.6925058364868164
0.69181227684021
Test Power of C2ST-L:  0.0
0.6925958395004272
0.6934792399406433
0.6923830509185791
0.6926481127738953
0.6914106011390686
Test Power of C2ST-L:  0.0
0.69325852394104
0.6939411759376526
0.693131685256958
0.6935960650444031
0.6926854848861694
Test Power of C2ST-L:  0.0
0.6915335059165955
0.6926268935203552
0.6916941404342651
0.6916788816452026
0.6910161375999451
Test Power of C2ST-L:  0.0
0.6935995221138
0.6943253874778748
0.6935450434684753
0.6937383413314819
0.6930708289146423
Test Power of C2ST-L:  0.0
0.6929418444633484
0.6928132772445679
0.6914731860160828
0.6922083497047424
0.6904652118682861
Test Power of C2ST-L:  0.0
0.6931543946266174
0.6939365267753601
0.6929177641868591
0.6925764679908752
0.6914887428283691
Test Power of C2ST-L:  0.0
0.6934703588485718
0.6941816210746765
0.6933117508888245
0.6934722065925598
0.6927579641342163
Test Power of C2ST-L:  0.0
0.6931891441345215
0.6938866972923279
0.6930441856384277
0.6928350329399109
0.6922954320907593
Test Power of C2ST-L:  0.0
0.6935824155807495
0.69419926404953
0.6934500932693481
0.6938142776489258
0.6928319931030273
Test Power of C2ST-L:  0.0
0.6937105655670166
0.694277286529541
0.6935293078422546
0.6939126253128052
0.6929543018341064
Test Power of C2ST-L:  0.0
0.6934224963188171
0.6939908266067505
0.693046510219574
0.6930862665176392
0.6914345026016235
Test Power of C2ST-L:  0.0
0.6931490302085876
0.6937367916107178
0.6925931572914124
0.6930143237113953
0.691379964351654
Test Power of C2ST-L:  0.0
0.6932865381240845
0.6938580274581909
0.6928989291191101
0.6925992369651794
0.6921514868736267
Test Power of C2ST-L:  0.0
0.693642258644104
0.6942999958992004
0.6934504508972168
0.6935737133026123
0.692715585231781
Test Power of C2ST-L:  0.0
0.6930544972419739
0.693751335144043
0.6927804946899414
0.6929765343666077
0.6920366287231445
Test Power of C2ST-L:  1.0
0.693361759185791
0.6939531564712524
0.6930487751960754
0.6930211782455444
0.6920544505119324
Test Power of C2ST-L:  0.0
0.6927149891853333
0.6934453248977661
0.6924858689308167
0.6922136545181274
0.6913992762565613
Test Power of C2ST-L:  0.0
0.6933155655860901
0.6939874887466431
0.6925134658813477
0.6932445764541626
0.6915472149848938
Test Power of C2ST-L:  0.0
0.6925404667854309
0.6931690573692322
0.6920743584632874
0.6918386220932007
0.6901248693466187
Test Power of C2ST-L:  0.0
0.6932808756828308
0.6939116716384888
0.6931306719779968
0.6931456923484802
0.6925114393234253
Test Power of C2ST-L:  0.0
0.6932945847511292
0.6937106251716614
0.693056046962738
0.6929790377616882
0.6921746730804443
Test Power of C2ST-L:  0.0
0.6927606463432312
0.6935644149780273
0.6923712491989136
0.6922162771224976
0.6910372972488403
Test Power of C2ST-L:  0.0
0.693439781665802
0.693975567817688
0.6931484937667847
0.692953884601593
0.6919083595275879
Test Power of C2ST-L:  0.0
0.693442702293396
0.6940786242485046
0.6933071613311768
0.6935917735099792
0.6928385496139526
Test Power of C2ST-L:  0.0
0.6934197545051575
0.6939303874969482
0.6929605007171631
0.6923803687095642
0.6913633942604065
Test Power of C2ST-L:  0.0
0.6928364038467407
0.6935815215110779
0.6926963329315186
0.6929163336753845
0.691605806350708
Test Power of C2ST-L:  0.0
0.693183958530426
0.6936699748039246
0.6928732395172119
0.6928983330726624
0.69197016954422
Test Power of C2ST-L:  0.0
0.6935600638389587
0.6942120790481567
0.6931310892105103
0.6933459639549255
0.691643238067627
Test Power of C2ST-L:  0.0
0.6927311420440674
0.6935048699378967
0.6926198601722717
0.6924688816070557
0.691552996635437
Test Power of C2ST-L:  1.0
0.6928975582122803
0.6935715675354004
0.6926028728485107
0.6924057006835938
0.691631555557251
Test Power of C2ST-L:  0.0
0.6933949589729309
0.6940487027168274
0.6932471394538879
0.6933487057685852
0.6927516460418701
Test Power of C2ST-L:  0.0
0.6934418678283691
0.6942011713981628
0.6933825016021729
0.6935613751411438
0.6929269433021545
Test Power of C2ST-L:  0.0
0.6929159760475159
0.6936172842979431
0.6927593946456909
0.6925351619720459
0.691990077495575
Test Power of C2ST-L:  0.0
0.6936253905296326
0.6941975951194763
0.6934450268745422
0.6934798359870911
0.6927911639213562
Test Power of C2ST-L:  1.0
0.6932567954063416
0.693804919719696
0.6929347515106201
0.6928465962409973
0.6920252442359924
Test Power of C2ST-L:  0.0
0.6930617690086365
0.6938080191612244
0.6929374933242798
0.6928872466087341
0.6915551424026489
Test Power of C2ST-L:  0.0
0.6932763457298279
0.6939600706100464
0.6930264830589294
0.6928606629371643
0.6920331716537476
Test Power of C2ST-L:  0.0
0.6929751634597778
0.6935812830924988
0.6929420232772827
0.6932299137115479
0.6924980282783508
Test Power of C2ST-L:  0.0
0.6932122707366943
0.6939709186553955
0.6931973695755005
0.69312983751297
0.6926379799842834
Test Power of C2ST-L:  0.0
0.6927416324615479
0.6934213638305664
0.6921975612640381
0.6925135850906372
0.691274881362915
Test Power of C2ST-L:  0.0
0.6932979226112366
0.6939089894294739
0.6931836605072021
0.6931671500205994
0.692371129989624
Test Power of C2ST-L:  0.0
0.6934346556663513
0.6939592957496643
0.6932064890861511
0.6936202049255371
0.6927692294120789
Test Power of C2ST-L:  0.0
0.6932405829429626
0.6938997507095337
0.6929187178611755
0.6925761103630066
0.6917807459831238
Test Power of C2ST-L:  0.0
0.6934776902198792
0.6939235329627991
0.693231999874115
0.6932405829429626
0.69256192445755
Test Power of C2ST-L:  0.0
0.6933413147926331
0.6938693523406982
0.6931876540184021
0.6935572624206543
0.6924451589584351
Test Power of C2ST-L:  0.0
0.6936496496200562
0.6943227648735046
0.6930597424507141
0.693193256855011
0.6917307376861572
Test Power of C2ST-L:  0.0
0.6935962438583374
0.6941505670547485
0.6934011578559875
0.6937806010246277
0.6929788589477539
Test Power of C2ST-L:  0.0
0.6927423477172852
0.6933578848838806
0.6926417946815491
0.6924911737442017
0.6917475461959839
Test Power of C2ST-L:  0.0
0.6931346654891968
0.6936742067337036
0.6929476261138916
0.6929201483726501
0.6924278140068054
Test Power of C2ST-L:  0.0
0.6930784583091736
0.693718433380127
0.6926044225692749
0.6926852464675903
0.6918683648109436
Test Power of C2ST-L:  0.0
0.6934897303581238
0.6940386295318604
0.6933265328407288
0.6938388347625732
0.6928800344467163
Test Power of C2ST-L:  0.0
0.6936485767364502
0.6942666172981262
0.6935070157051086
0.6937753558158875
0.6930645108222961
Test Power of C2ST-L:  0.0
0.6928806900978088
0.6936318278312683
0.6928138136863708
0.6929086446762085
0.6923292279243469
Test Power of C2ST-L:  0.0
0.6931972503662109
0.6937963962554932
0.6929534673690796
0.6928179860115051
0.6922264695167542
Test Power of C2ST-L:  0.0
0.6934537291526794
0.6940458416938782
0.6932183504104614
0.6931649446487427
0.6921485066413879
Test Power of C2ST-L:  0.0
0.6931790113449097
0.6938251852989197
0.6928653717041016
0.6924187541007996
0.6919880509376526
Test Power of C2ST-L:  0.0
0.6932348608970642
0.6938493847846985
0.6929352879524231
0.6928366422653198
0.6922029852867126
Test Power of C2ST-L:  0.0
0.6930041909217834
0.6935756802558899
0.6923545002937317
0.6922329068183899
0.6914729475975037
Test Power of C2ST-L:  0.0
0.6936711072921753
0.6942383050918579
0.6930446624755859
0.6925588250160217
0.6918362379074097
Test Power of C2ST-L:  0.0
0.6924549341201782
0.6931175589561462
0.692105233669281
0.6917939186096191
0.6912991404533386
Test Power of C2ST-L:  0.0
0.6929197311401367
0.6935187578201294
0.6926844716072083
0.6927751302719116
0.6919676661491394
Test Power of C2ST-L:  0.0
0.6934939026832581
0.6942033171653748
0.6933916807174683
0.6933685541152954
0.6927759051322937
Test Power of C2ST-L:  0.0
0.6932761073112488
0.6938156485557556
0.6927764415740967
0.6931161284446716
0.691496729850769
Test Power of C2ST-L:  0.0
0.6935158371925354
0.6942568421363831
0.6934385299682617
0.6933192014694214
0.6927684545516968
Test Power of C2ST-L:  0.0
0.6936852335929871
0.6942344903945923
0.6935251951217651
0.6938398480415344
0.693062424659729
Test Power of C2ST-L:  0.0
0.6930385231971741
0.6937253475189209
0.6927436590194702
0.6927326917648315
0.6921098232269287
Test Power of C2ST-L:  0.0
0.6936692595481873
0.6943663358688354
0.6934190392494202
0.6938779354095459
0.6917520761489868
Test Power of C2ST-L:  0.0


=====================================================
Average test power at training size =  1000  :  0.04
=====================================================


0.6930910348892212
0.6934970617294312
0.6929947137832642
0.6935404539108276
0.6929850578308105
Test Power of C2ST-L:  0.0
0.6929477453231812
0.6932724714279175
0.6928619742393494
0.6931993365287781
0.6925989985466003
Test Power of C2ST-L:  0.0
0.6928851008415222
0.6932905912399292
0.6923819780349731
0.6927136182785034
0.6920534372329712
Test Power of C2ST-L:  0.0
0.692985475063324
0.693412184715271
0.6925042867660522
0.6932896971702576
0.6915533542633057
Test Power of C2ST-L:  0.0
0.6927518844604492
0.6930747032165527
0.6928274035453796
0.6929686069488525
0.6927184462547302
Test Power of C2ST-L:  0.0
0.6927464604377747
0.6928982734680176
0.6921355128288269
0.6927629113197327
0.6920850276947021
Test Power of C2ST-L:  0.0
0.6929341554641724
0.6932287812232971
0.6917773485183716
0.6926665902137756
0.6916587948799133
Test Power of C2ST-L:  0.0
0.6931713819503784
0.6935599446296692
0.6926005482673645
0.6935741901397705
0.6924136281013489
Test Power of C2ST-L:  0.0
0.6930427551269531
0.6935720443725586
0.6929044723510742
0.69349205493927
0.6930113434791565
Test Power of C2ST-L:  1.0
0.693001925945282
0.6929196715354919
0.6921237111091614
0.6932982206344604
0.692220151424408
Test Power of C2ST-L:  0.0
0.6931464076042175
0.693469226360321
0.69301438331604
0.693300724029541
0.6929287910461426
Test Power of C2ST-L:  0.0
0.6930983066558838
0.6934477090835571
0.6930660605430603
0.6933664083480835
0.6930272579193115
Test Power of C2ST-L:  0.0
0.6927785873413086
0.6938384175300598
0.6914659738540649
0.6916480660438538
0.6908749341964722
Test Power of C2ST-L:  0.0
0.6931384801864624
0.6934848427772522
0.6931366920471191
0.6933842301368713
0.6931218504905701
Test Power of C2ST-L:  0.0
0.6931238174438477
0.6932095885276794
0.6914372444152832
0.6923810243606567
0.6911784410476685
Test Power of C2ST-L:  0.0
0.6924557685852051
0.6929587721824646
0.6922673583030701
0.6932528614997864
0.6923168301582336
Test Power of C2ST-L:  0.0
0.6921790242195129
0.692042350769043
0.6911564469337463
0.6918637752532959
0.6910118460655212
Test Power of C2ST-L:  0.0
0.6929811239242554
0.6929749846458435
0.6923829913139343
0.6929935216903687
0.6922085285186768
Test Power of C2ST-L:  0.0
0.6932348012924194
0.6935387253761292
0.6930797696113586
0.6934483051300049
0.6925876140594482
Test Power of C2ST-L:  0.0
0.6930863261222839
0.6934744715690613
0.6929516792297363
0.6933378577232361
0.6929954886436462
Test Power of C2ST-L:  0.0
0.6925882697105408
0.6933320760726929
0.6922358870506287
0.6931796669960022
0.6920381188392639
Test Power of C2ST-L:  0.0
0.6929317116737366
0.6932508945465088
0.6929289102554321
0.6930657029151917
0.6926506757736206
Test Power of C2ST-L:  1.0
0.6929784417152405
0.6932166814804077
0.6928054690361023
0.6928865313529968
0.6927155256271362
Test Power of C2ST-L:  0.0
0.6926095485687256
0.6929967999458313
0.6922466158866882
0.6929495334625244
0.6919959187507629
Test Power of C2ST-L:  0.0
0.6929219365119934
0.693068265914917
0.6919113993644714
0.6926196813583374
0.6914904117584229
Test Power of C2ST-L:  0.0
0.692939817905426
0.6932805180549622
0.6927156448364258
0.6926248669624329
0.6921488046646118
Test Power of C2ST-L:  0.0
0.6928963661193848
0.6931283473968506
0.6929265856742859
0.6929340958595276
0.692709743976593
Test Power of C2ST-L:  0.0
0.6926111578941345
0.693108320236206
0.692068874835968
0.692893922328949
0.6915997266769409
Test Power of C2ST-L:  0.0
0.6929069757461548
0.6932339072227478
0.6926875710487366
0.6932928562164307
0.6927264928817749
Test Power of C2ST-L:  0.0
0.6923402547836304
0.6926987171173096
0.6924912333488464
0.6923630833625793
0.6921464204788208
Test Power of C2ST-L:  0.0
0.6931858062744141
0.6936432719230652
0.6930485367774963
0.6936456561088562
0.6925802230834961
Test Power of C2ST-L:  0.0
0.6928302049636841
0.6933190226554871
0.6923155784606934
0.6925779581069946
0.691238284111023
Test Power of C2ST-L:  1.0
0.6923618316650391
0.6929346919059753
0.6919754147529602
0.6932191252708435
0.691958487033844
Test Power of C2ST-L:  0.0
0.6929894685745239
0.6935981512069702
0.6924798488616943
0.6934117674827576
0.6923782229423523
Test Power of C2ST-L:  0.0
0.6929979920387268
0.69331955909729
0.6927258372306824
0.6935433745384216
0.692751407623291
Test Power of C2ST-L:  0.0
0.693048357963562
0.6933394074440002
0.6929839253425598
0.6927764415740967
0.692308247089386
Test Power of C2ST-L:  0.0
0.6928693652153015
0.6931921243667603
0.6927191019058228
0.6929989457130432
0.6925565004348755
Test Power of C2ST-L:  0.0
0.6926307082176208
0.693820059299469
0.6922476291656494
0.6935282945632935
0.6923012137413025
Test Power of C2ST-L:  0.0
0.6930392384529114
0.6935758590698242
0.6923744082450867
0.6929569840431213
0.6922426819801331
Test Power of C2ST-L:  1.0
0.6930422186851501
0.6936060190200806
0.6927484273910522
0.6935434341430664
0.6927742958068848
Test Power of C2ST-L:  0.0
0.692992627620697
0.6932092905044556
0.6925514340400696
0.6931928992271423
0.6926504969596863
Test Power of C2ST-L:  0.0
0.6928408741950989
0.6934276819229126
0.692399263381958
0.6933926343917847
0.6923785209655762
Test Power of C2ST-L:  0.0
0.692653477191925
0.692855179309845
0.692344605922699
0.6930332183837891
0.6921254396438599
Test Power of C2ST-L:  0.0
0.6931318044662476
0.6934255361557007
0.6926335692405701
0.6933914422988892
0.6923065185546875
Test Power of C2ST-L:  0.0
0.6931825280189514
0.693585991859436
0.6928434371948242
0.6929956078529358
0.6926141381263733
Test Power of C2ST-L:  0.0
0.6930041909217834
0.6937837600708008
0.6925247311592102
0.6934197545051575
0.6922456622123718
Test Power of C2ST-L:  0.0
0.6932038068771362
0.693580687046051
0.693080484867096
0.6936528086662292
0.6931657791137695
Test Power of C2ST-L:  0.0
0.6927231550216675
0.6938011050224304
0.6918808817863464
0.693018913269043
0.6916618943214417
Test Power of C2ST-L:  0.0
0.6928481459617615
0.6937756538391113
0.6918534636497498
0.6924118995666504
0.6915779113769531
Test Power of C2ST-L:  0.0
0.6928789019584656
0.6931763291358948
0.6926943063735962
0.6929413676261902
0.6924535632133484
Test Power of C2ST-L:  0.0
0.6931301355361938
0.6934489607810974
0.6926215887069702
0.693454921245575
0.6919180154800415
Test Power of C2ST-L:  0.0
0.6928558349609375
0.6930928230285645
0.6923683285713196
0.6934247612953186
0.6923443675041199
Test Power of C2ST-L:  0.0
0.69306480884552
0.6933106780052185
0.6931992173194885
0.693061351776123
0.6929614543914795
Test Power of C2ST-L:  0.0
0.693108320236206
0.6937208771705627
0.6919799447059631
0.69223552942276
0.6895707249641418
Test Power of C2ST-L:  0.0
0.6930273175239563
0.6933178901672363
0.693052351474762
0.693221390247345
0.6929059624671936
Test Power of C2ST-L:  0.0
0.6923375725746155
0.6925630569458008
0.6922045350074768
0.6919595003128052
0.6915292143821716
Test Power of C2ST-L:  0.0
0.6924733519554138
0.6927072405815125
0.6917610168457031
0.6929270625114441
0.6915745139122009
Test Power of C2ST-L:  0.0
0.6927748322486877
0.6931909322738647
0.6926515698432922
0.6932893991470337
0.6926944255828857
Test Power of C2ST-L:  0.0
0.6932514905929565
0.6936748623847961
0.6926814317703247
0.6936657428741455
0.6923305988311768
Test Power of C2ST-L:  0.0
0.692712128162384
0.6931176781654358
0.6925942897796631
0.6930235028266907
0.6924034953117371
Test Power of C2ST-L:  0.0
0.6930509805679321
0.6935175061225891
0.6921549439430237
0.6930351257324219
0.6918946504592896
Test Power of C2ST-L:  0.0
0.6930735111236572
0.6933811902999878
0.6930724382400513
0.6931256651878357
0.6929740309715271
Test Power of C2ST-L:  0.0
0.6918849349021912
0.6925744414329529
0.691506564617157
0.692551851272583
0.6912606358528137
Test Power of C2ST-L:  0.0
0.6928923726081848
0.6933057904243469
0.6927062273025513
0.6932415962219238
0.6926730275154114
Test Power of C2ST-L:  0.0
0.6929465532302856
0.6931853294372559
0.6926653981208801
0.6930425763130188
0.6923779249191284
Test Power of C2ST-L:  0.0
0.6931192278862
0.6934348344802856
0.6933565139770508
0.6931880116462708
0.6931071281433105
Test Power of C2ST-L:  0.0
0.6930379867553711
0.6933161616325378
0.692894458770752
0.6933475732803345
0.6927191019058228
Test Power of C2ST-L:  0.0
0.6925331354141235
0.693062961101532
0.6919971108436584
0.6927076578140259
0.6918808817863464
Test Power of C2ST-L:  0.0
0.6929587125778198
0.6933073401451111
0.6928513050079346
0.6933416724205017
0.6928085684776306
Test Power of C2ST-L:  0.0
0.6929644346237183
0.6933148503303528
0.6926940679550171
0.6933973431587219
0.6927221417427063
Test Power of C2ST-L:  0.0
0.6930365562438965
0.6935638785362244
0.6918690800666809
0.6926002502441406
0.6918959021568298
Test Power of C2ST-L:  0.0
0.6925588846206665
0.6928909420967102
0.6913444399833679
0.6921014785766602
0.6909888386726379
Test Power of C2ST-L:  0.0
0.6926002502441406
0.6933345198631287
0.692311704158783
0.6933867335319519
0.6920985579490662
Test Power of C2ST-L:  0.0
0.6929191946983337
0.69300377368927
0.6925939321517944
0.6932364106178284
0.6923344731330872
Test Power of C2ST-L:  0.0
0.6931464076042175
0.6934640407562256
0.6931460499763489
0.6931949853897095
0.6930712461471558
Test Power of C2ST-L:  0.0
0.6931641101837158
0.6934927105903625
0.6932895183563232
0.6932430863380432
0.6931025981903076
Test Power of C2ST-L:  0.0
0.6930643320083618
0.6933731436729431
0.6933242678642273
0.6930096745491028
0.6929076910018921
Test Power of C2ST-L:  0.0
0.6931299567222595
0.6934388279914856
0.6928679347038269
0.6935864090919495
0.6926649212837219
Test Power of C2ST-L:  0.0
0.6928671598434448
0.6932907700538635
0.6926387548446655
0.6934831142425537
0.6923832297325134
Test Power of C2ST-L:  0.0
0.6932545900344849
0.6936133503913879
0.6933189034461975
0.6933157444000244
0.6931526064872742
Test Power of C2ST-L:  0.0
0.6928962469100952
0.6931800246238708
0.6931215524673462
0.6928085684776306
0.6926813721656799
Test Power of C2ST-L:  0.0
0.6927207112312317
0.6930509209632874
0.6925967335700989
0.6931107640266418
0.6925382614135742
Test Power of C2ST-L:  0.0
0.693037211894989
0.6934612989425659
0.6927499771118164
0.6931208968162537
0.6921939849853516
Test Power of C2ST-L:  0.0
0.6927312016487122
0.693438708782196
0.6921992301940918
0.6928611993789673
0.6918976306915283
Test Power of C2ST-L:  1.0
0.6930350065231323
0.6934604644775391
0.6926310658454895
0.693748414516449
0.6926284432411194
Test Power of C2ST-L:  0.0
0.6923008561134338
0.6924715638160706
0.6922268271446228
0.6924862265586853
0.6922521591186523
Test Power of C2ST-L:  0.0
0.6926443576812744
0.6937380433082581
0.6921918392181396
0.6934008002281189
0.6921055316925049
Test Power of C2ST-L:  0.0
0.6927445530891418
0.6931496262550354
0.6917345523834229
0.6918491125106812
0.6907079219818115
Test Power of C2ST-L:  0.0
0.6931099891662598
0.6937874555587769
0.6919956803321838
0.6926597952842712
0.6912686824798584
Test Power of C2ST-L:  0.0
0.6931484341621399
0.6934640407562256
0.6924742460250854
0.693439245223999
0.692167341709137
Test Power of C2ST-L:  0.0
0.6931819319725037
0.6935173869132996
0.6932368874549866
0.6934016942977905
0.6931909918785095
Test Power of C2ST-L:  0.0
0.6927394866943359
0.6930906176567078
0.6924930214881897
0.6935374736785889
0.6925598382949829
Test Power of C2ST-L:  0.0
0.6926378607749939
0.6929254531860352
0.6926750540733337
0.6927299499511719
0.6925984621047974
Test Power of C2ST-L:  0.0
0.6927855014801025
0.6930975317955017
0.6926891803741455
0.6930318474769592
0.6924554109573364
Test Power of C2ST-L:  0.0
0.6924653053283691
0.692794144153595
0.6925679445266724
0.6926243901252747
0.6924768686294556
Test Power of C2ST-L:  0.0
0.6929004192352295
0.6932847499847412
0.6924976706504822
0.6932383179664612
0.6924482583999634
Test Power of C2ST-L:  0.0
0.6930742859840393
0.6934124231338501
0.6928997039794922
0.6932825446128845
0.6928855180740356
Test Power of C2ST-L:  0.0
0.6930562257766724
0.6934028267860413
0.6930639743804932
0.6933719515800476
0.692475438117981
Test Power of C2ST-L:  0.0
0.6919211745262146
0.6921504735946655
0.6911571621894836
0.6919552087783813
0.6908924579620361
Test Power of C2ST-L:  0.0
0.6923996806144714
0.6931132078170776
0.6920568346977234
0.693244993686676
0.6919057369232178
Test Power of C2ST-L:  0.0


=====================================================
Average test power at training size =  1250  :  0.05
=====================================================



-----------------------------------------------

Finished with execution of c2st_HDGM.py script

-----------------------------------------------

Job ID           : 54975944
Cluster          : spartan
User/Project     : xunyet/punim2112
Nodes            : 1
Wall-clock time  : 02:53:19 / 1-00:00:00

Displaying overall resources usage from 2024-01-08 16:25:19 to 2024-01-08 19:18:38:

NODE            CPU#        TOT%   ( USR   / SYS   / WIO   / IDLE  ) 

spartan-gpgpu093 : 
                CPU# 1    : 13.3   (  13.1 /   0.1 /   0.0 /  86.7 ) 
                CPU# 2    : 12.2   (  12.1 /   0.2 /   0.0 /  87.8 ) 
                CPU# 3    : 13.5   (  13.4 /   0.1 /   0.0 /  86.5 ) 
                CPU# 4    : 61.1   (  60.7 /   0.4 /   0.0 /  38.9 ) 

                GPU# 1    : 21.7  


Allocated CPUs            : 4    
  CPUs with usage <25%    : 3    
  CPUs with usage <50%    : 0    
  CPUs with usage >50%    : 1    


Allocated GPUs            : 1    
  GPUs with usage <25%    : 1    
  GPUs with usage <50%    : 0    
  GPUs with usage >50%    : 0    

Memory used (RAM)         : 32.8%  [2815MB of 8590MB]

--------------------------------------------

