device: cuda:0
0.6628251075744629
0.5908496379852295
0.42891228199005127
0.2824018895626068
0.1750154197216034
Test Power of C2ST-D:  0.0
0.6526438593864441
0.5815683007240295
0.42420732975006104
0.271412193775177
0.16533693671226501
Test Power of C2ST-D:  0.09
0.6695020794868469
0.5650830268859863
0.3604353964328766
0.2863784432411194
0.07559670507907867
Test Power of C2ST-D:  0.0
0.6583521962165833
0.5712568163871765
0.4191180467605591
0.2899704575538635
0.20833911001682281
Test Power of C2ST-D:  0.0
0.6649346947669983
0.6071022748947144
0.4654601216316223
0.3300369381904602
0.207175150513649
Test Power of C2ST-D:  0.0
0.678794264793396
0.6289761066436768
0.4558579623699188
0.27191275358200073
0.13589420914649963
Test Power of C2ST-D:  0.23
0.6647008657455444
0.6013352274894714
0.4752309024333954
0.35291212797164917
0.31613171100616455
Test Power of C2ST-D:  0.0
0.6513859033584595
0.5930216312408447
0.4353416860103607
0.30277180671691895
0.2166951596736908
Test Power of C2ST-D:  0.0
0.6621453762054443
0.5991368889808655
0.43674227595329285
0.3391519784927368
0.24796877801418304
Test Power of C2ST-D:  0.0
0.6598725914955139
0.5713093876838684
0.31122371554374695
0.11448654532432556
0.046561580151319504
Test Power of C2ST-D:  0.0
0.6736324429512024
0.6190739274024963
0.4818723201751709
0.28273192048072815
0.15145812928676605
Test Power of C2ST-D:  0.0
0.6790328621864319
0.5960183143615723
0.39433974027633667
0.2643137574195862
0.1622362732887268
Test Power of C2ST-D:  0.0
0.6750706434249878
0.6155414581298828
0.41504159569740295
0.2908761203289032
0.192837193608284
Test Power of C2ST-D:  0.0
0.6605977416038513
0.5994678735733032
0.4435272216796875
0.2687014639377594
0.3201933801174164
Test Power of C2ST-D:  0.0
0.672909140586853
0.597998857498169
0.39397892355918884
0.2631354033946991
0.4456309676170349
Test Power of C2ST-D:  0.86
0.6762648820877075
0.6002287268638611
0.37243708968162537
0.22950540482997894
0.1351877599954605
Test Power of C2ST-D:  0.0
0.6753877401351929
0.6322754621505737
0.4536658227443695
0.325314998626709
0.2168370932340622
Test Power of C2ST-D:  0.0
0.665107250213623
0.5443218946456909
0.36562269926071167
0.2496708333492279
0.18331579864025116
Test Power of C2ST-D:  0.0
0.6525468826293945
0.5583696365356445
0.35910895466804504
0.2500028908252716
0.12280627340078354
Test Power of C2ST-D:  0.0
0.6740003228187561
0.5980211496353149
0.3716559410095215
0.22121913731098175
0.15850326418876648
Test Power of C2ST-D:  0.01
0.670520544052124
0.5778026580810547
0.39035165309906006
0.2577601969242096
0.18002915382385254
Test Power of C2ST-D:  0.0
0.672691285610199
0.6284008622169495
0.4252249598503113
0.22480924427509308
0.1204715222120285
Test Power of C2ST-D:  0.0
0.6687464118003845
0.6015799045562744
0.4285597503185272
0.28327056765556335
0.17334358394145966
Test Power of C2ST-D:  0.0
0.6718198657035828
0.6039155125617981
0.4218291640281677
0.2912833094596863
0.1907113492488861
Test Power of C2ST-D:  0.0
0.6754063367843628
0.6069856882095337
0.40413424372673035
0.24597394466400146
0.14074961841106415
Test Power of C2ST-D:  0.0
0.6583987474441528
0.5602438449859619
0.39588218927383423
0.2559119164943695
0.17420490086078644
Test Power of C2ST-D:  0.0
0.6730026006698608
0.616951048374176
0.4454108476638794
0.2788890600204468
0.1479535847902298
Test Power of C2ST-D:  0.0
0.681155800819397
0.6286255717277527
0.4942578077316284
0.31669700145721436
0.1969672441482544
Test Power of C2ST-D:  0.0
0.6680495142936707
0.5909090638160706
0.3548510670661926
0.21025297045707703
0.10981878638267517
Test Power of C2ST-D:  0.58
0.6746973395347595
0.6033408045768738
0.4181428849697113
0.2556302845478058
0.16116394102573395
Test Power of C2ST-D:  0.0
0.6671915054321289
0.5697417855262756
0.34488213062286377
0.21303287148475647
0.14330346882343292
Test Power of C2ST-D:  0.0
0.654393196105957
0.6014166474342346
0.42628487944602966
0.3409736156463623
0.22537736594676971
Test Power of C2ST-D:  0.51
0.6631678342819214
0.58921217918396
0.4574415385723114
0.30959171056747437
0.22761264443397522
Test Power of C2ST-D:  0.0
0.6715027689933777
0.5832823514938354
0.39898252487182617
0.29219216108322144
0.2217245250940323
Test Power of C2ST-D:  0.0
0.6712929010391235
0.6087815165519714
0.5233179926872253
0.3860417902469635
0.288396954536438
Test Power of C2ST-D:  0.0
0.6788017153739929
0.6293911337852478
0.44955548644065857
0.27063965797424316
0.15505042672157288
Test Power of C2ST-D:  0.0
0.6781287789344788
0.6282901167869568
0.46650728583335876
0.3263341784477234
0.210002601146698
Test Power of C2ST-D:  0.0
0.6692447066307068
0.6153463125228882
0.5201879143714905
0.3838954269886017
0.23516659438610077
Test Power of C2ST-D:  0.0
0.666572093963623
0.5866926908493042
0.4368916153907776
0.3322065472602844
0.24999594688415527
Test Power of C2ST-D:  0.0
0.667011559009552
0.5772502422332764
0.38813287019729614
0.2360788732767105
0.14812994003295898
Test Power of C2ST-D:  0.0
0.6627129912376404
0.5894802808761597
0.3727128207683563
0.23183223605155945
0.10669268667697906
Test Power of C2ST-D:  0.0
0.6765525937080383
0.6185320019721985
0.4438632130622864
0.32924455404281616
0.24917159974575043
Test Power of C2ST-D:  0.0
0.6661151051521301
0.586190938949585
0.38150399923324585
0.2669602334499359
0.15937146544456482
Test Power of C2ST-D:  0.05
0.6676955819129944
0.6073641777038574
0.42453718185424805
0.26524361968040466
0.15871794521808624
Test Power of C2ST-D:  0.0
0.6705300807952881
0.6018003821372986
0.41329535841941833
0.2699294984340668
0.16987597942352295
Test Power of C2ST-D:  0.0
0.6659645438194275
0.5830764770507812
0.3834274411201477
0.2291002869606018
0.1101587563753128
Test Power of C2ST-D:  0.0
0.6810674667358398
0.5976512432098389
0.3898680508136749
0.2411341667175293
0.1505703181028366
Test Power of C2ST-D:  0.0
0.6637106537818909
0.6050809621810913
0.41398999094963074
0.27876749634742737
0.1794748604297638
Test Power of C2ST-D:  0.66
0.6767637729644775
0.6008634567260742
0.3968013525009155
0.2503127455711365
0.1381227970123291
Test Power of C2ST-D:  0.0
0.6659326553344727
0.6062832474708557
0.3901553452014923
0.21348686516284943
0.11204326897859573
Test Power of C2ST-D:  0.98
0.6800726056098938
0.6295061111450195
0.4637535512447357
0.334101140499115
0.2340339720249176
Test Power of C2ST-D:  0.0
0.6580783128738403
0.5971002578735352
0.4010593891143799
0.27696382999420166
0.16198310256004333
Test Power of C2ST-D:  0.0
0.6711858510971069
0.6002070307731628
0.4253027141094208
0.2800343632698059
0.18608924746513367
Test Power of C2ST-D:  0.0
0.6653847098350525
0.6253373026847839
0.5212945938110352
0.379803866147995
0.2666878402233124
Test Power of C2ST-D:  0.0
0.674197256565094
0.6091206073760986
0.41603103280067444
0.255838006734848
0.17208519577980042
Test Power of C2ST-D:  0.0
0.6765338778495789
0.6143920421600342
0.4559919238090515
0.3283502757549286
0.23059512674808502
Test Power of C2ST-D:  0.0
0.6655029058456421
0.5836661458015442
0.40787118673324585
0.25384438037872314
0.1373181790113449
Test Power of C2ST-D:  0.0
0.6736359596252441
0.5800925493240356
0.41428297758102417
0.26557308435440063
0.14852656424045563
Test Power of C2ST-D:  0.38
0.6730292439460754
0.5777546167373657
0.4436526596546173
0.3353322148323059
0.23305609822273254
Test Power of C2ST-D:  0.0
0.6613511443138123
0.5810570120811462
0.41843998432159424
0.3231380581855774
0.22725674510002136
Test Power of C2ST-D:  0.0
0.675228476524353
0.6169082522392273
0.4728792905807495
0.33610808849334717
0.2362227439880371
Test Power of C2ST-D:  0.0
0.671252429485321
0.6106557250022888
0.4602672755718231
0.3147546648979187
0.245880588889122
Test Power of C2ST-D:  0.0
0.6702917218208313
0.5580768585205078
0.45693790912628174
0.3321346044540405
0.22930720448493958
Test Power of C2ST-D:  0.0
0.663242757320404
0.5715126991271973
0.38847464323043823
0.254732221364975
0.26977142691612244
Test Power of C2ST-D:  0.0
0.668627142906189
0.5625831484794617
0.41097408533096313
0.28360050916671753
0.18824432790279388
Test Power of C2ST-D:  0.0
0.6626011729240417
0.5741536617279053
0.3808456361293793
0.25198861956596375
0.15954330563545227
Test Power of C2ST-D:  0.0
0.6669214367866516
0.6138852834701538
0.4645165503025055
0.2943224310874939
0.15550844371318817
Test Power of C2ST-D:  0.06
0.6690707802772522
0.5966777801513672
0.37229445576667786
0.22854189574718475
0.11865340918302536
Test Power of C2ST-D:  0.0
0.6675843000411987
0.593215823173523
0.4488958418369293
0.3328651487827301
0.23674450814723969
Test Power of C2ST-D:  0.0
0.669651210308075
0.5745929479598999
0.3930545747280121
0.25879400968551636
0.15183326601982117
Test Power of C2ST-D:  0.0
0.667529284954071
0.5969541072845459
0.4548875689506531
0.32415035367012024
0.21360370516777039
Test Power of C2ST-D:  0.0
0.6584499478340149
0.5824671387672424
0.4519292414188385
0.31467029452323914
0.19820459187030792
Test Power of C2ST-D:  0.0
0.6662825345993042
0.5683580636978149
0.38759705424308777
0.24451860785484314
0.16330549120903015
Test Power of C2ST-D:  0.0
0.6689316630363464
0.588563859462738
0.3808550238609314
0.3046830892562866
0.14488178491592407
Test Power of C2ST-D:  0.0
0.6490659713745117
0.5641210079193115
0.3640369176864624
0.2038520872592926
0.0892837792634964
Test Power of C2ST-D:  0.0
0.6724655628204346
0.621886670589447
0.42653071880340576
0.30150628089904785
0.19144798815250397
Test Power of C2ST-D:  0.08
0.6738747954368591
0.5998513102531433
0.3908223509788513
0.25416234135627747
0.1487918198108673
Test Power of C2ST-D:  0.0
0.6708298325538635
0.5956225991249084
0.4505577087402344
0.38606786727905273
0.22609350085258484
Test Power of C2ST-D:  0.0
0.669296383857727
0.5890272259712219
0.38951024413108826
0.2289934754371643
0.12209533900022507
Test Power of C2ST-D:  0.0
0.6685654520988464
0.5853310823440552
0.3303501009941101
0.15168647468090057
0.0572938434779644
Test Power of C2ST-D:  0.0
0.6802853345870972
0.6038825511932373
0.4878884553909302
0.37860986590385437
0.27174797654151917
Test Power of C2ST-D:  0.0
0.6641512513160706
0.5761855840682983
0.3537595868110657
0.20390790700912476
0.12983272969722748
Test Power of C2ST-D:  0.0
0.6696133613586426
0.5982736349105835
0.37599313259124756
0.23446649312973022
0.13383732736110687
Test Power of C2ST-D:  0.0
0.6724963188171387
0.5737224221229553
0.34156501293182373
0.1993066370487213
0.1344136744737625
Test Power of C2ST-D:  0.0
0.6627253890037537
0.5871250033378601
0.41590481996536255
0.2897167503833771
0.2093779444694519
Test Power of C2ST-D:  0.0
0.6561295390129089
0.5842540264129639
0.4547007977962494
0.31723448634147644
0.20243680477142334
Test Power of C2ST-D:  0.0
0.6747782826423645
0.5981058478355408
0.38684317469596863
0.2572537958621979
0.1482687145471573
Test Power of C2ST-D:  0.0
0.6766667366027832
0.6212696433067322
0.4314344525337219
0.2694690227508545
0.11708494275808334
Test Power of C2ST-D:  0.01
0.673249363899231
0.5984179973602295
0.4064021408557892
0.2501857578754425
0.17530137300491333
Test Power of C2ST-D:  0.0
0.6759675741195679
0.633144736289978
0.42719191312789917
0.2680164873600006
0.5670876502990723
Test Power of C2ST-D:  0.36
0.6713255047798157
0.6180624961853027
0.4405514597892761
0.30852994322776794
0.21193835139274597
Test Power of C2ST-D:  0.0
0.6597383618354797
0.6042159795761108
0.4480009377002716
0.3035995662212372
0.2208838015794754
Test Power of C2ST-D:  0.0
0.675760805606842
0.6258226633071899
0.4643246829509735
0.32101085782051086
0.19719116389751434
Test Power of C2ST-D:  0.01
0.6750410199165344
0.6157328486442566
0.42829635739326477
0.2522818148136139
0.13692301511764526
Test Power of C2ST-D:  0.0
0.6667442917823792
0.5697191953659058
0.3901587426662445
0.23826996982097626
0.14571011066436768
Test Power of C2ST-D:  0.0
0.6692878007888794
0.573785662651062
0.3656262159347534
0.22749558091163635
0.14183339476585388
Test Power of C2ST-D:  0.0
0.6643269062042236
0.5549455881118774
0.43673232197761536
0.3867849111557007
0.17565248906612396
Test Power of C2ST-D:  0.0
0.6650630831718445
0.538858950138092
0.31918883323669434
0.15789082646369934
0.07815437018871307
Test Power of C2ST-D:  0.0
0.6575664281845093
0.5468575358390808
0.3960813879966736
0.3330480754375458
0.1944412887096405
Test Power of C2ST-D:  0.0
0.6711400747299194
0.5958520770072937
0.44288045167922974
0.3186730146408081
0.2018144130706787
Test Power of C2ST-D:  0.0


=====================================================
Average test power at training size =  125  :  0.0487
=====================================================


0.6876542568206787
0.6707402467727661
0.6245077848434448
0.5467875003814697
0.48769962787628174
Test Power of C2ST-D:  0.0
0.6881846785545349
0.6740426421165466
0.6347599625587463
0.5653073191642761
0.5128909349441528
Test Power of C2ST-D:  0.01
0.682317316532135
0.6604697704315186
0.6027016639709473
0.5373090505599976
0.45207586884498596
Test Power of C2ST-D:  0.0
0.6854054927825928
0.6543400883674622
0.6106299757957458
0.5265623927116394
0.46348801255226135
Test Power of C2ST-D:  0.0
0.6760914921760559
0.6436731815338135
0.5713141560554504
0.5047847628593445
0.4473608136177063
Test Power of C2ST-D:  0.0
0.6721643805503845
0.6435956358909607
0.5484896898269653
0.46573540568351746
0.4026259481906891
Test Power of C2ST-D:  0.14
0.6814928650856018
0.6516523361206055
0.5888580083847046
0.5310444831848145
0.47973841428756714
Test Power of C2ST-D:  0.0
0.6830707788467407
0.6532369256019592
0.6108782291412354
0.5466673374176025
0.48897257447242737
Test Power of C2ST-D:  0.2
0.6858948469161987
0.6598702669143677
0.5923478603363037
0.5268311500549316
0.46252450346946716
Test Power of C2ST-D:  1.0
0.6882986426353455
0.6609295010566711
0.6016603708267212
0.5174908638000488
0.4653359353542328
Test Power of C2ST-D:  0.0
0.6829339265823364
0.6643159985542297
0.6273019909858704
0.5405587553977966
0.4815025329589844
Test Power of C2ST-D:  0.0
0.6862995624542236
0.6482778191566467
0.5814870595932007
0.51430743932724
0.4546310305595398
Test Power of C2ST-D:  0.0
0.6874297261238098
0.6609941720962524
0.5792180895805359
0.4762694239616394
0.4115459620952606
Test Power of C2ST-D:  0.0
0.68413245677948
0.6612939238548279
0.5798642039299011
0.48008134961128235
0.39536386728286743
Test Power of C2ST-D:  0.0
0.6830300688743591
0.6522778868675232
0.57597815990448
0.51012122631073
0.4533790946006775
Test Power of C2ST-D:  0.0
0.6841704249382019
0.6670755743980408
0.6278619170188904
0.5176753997802734
0.43873515725135803
Test Power of C2ST-D:  0.0
0.6834999322891235
0.6459664106369019
0.575196385383606
0.4838704466819763
0.4312518239021301
Test Power of C2ST-D:  0.0
0.6840084195137024
0.6579805612564087
0.5806711316108704
0.5052512884140015
0.4179944396018982
Test Power of C2ST-D:  0.56
0.6827016472816467
0.6580482721328735
0.591889500617981
0.5453674793243408
0.46125128865242004
Test Power of C2ST-D:  0.95
0.6771256327629089
0.647377610206604
0.5939801931381226
0.5386289954185486
0.5064296126365662
Test Power of C2ST-D:  1.0
0.6838688254356384
0.6544029712677002
0.5923152565956116
0.53004390001297
0.47522881627082825
Test Power of C2ST-D:  0.0
0.6849660277366638
0.6528090834617615
0.5806295275688171
0.4785568118095398
0.39637109637260437
Test Power of C2ST-D:  0.0
0.6777253746986389
0.6501415371894836
0.5967424511909485
0.5281000733375549
0.46784868836402893
Test Power of C2ST-D:  0.0
0.6803717017173767
0.6462173461914062
0.5668065547943115
0.4874972999095917
0.429694265127182
Test Power of C2ST-D:  0.0
0.6804625988006592
0.6438207030296326
0.5343558192253113
0.43934640288352966
0.36431658267974854
Test Power of C2ST-D:  0.0
0.6853837370872498
0.6628998517990112
0.6033308506011963
0.5395686626434326
0.4769647717475891
Test Power of C2ST-D:  0.0
0.6840490698814392
0.6479112505912781
0.5929825901985168
0.5101394057273865
0.45180565118789673
Test Power of C2ST-D:  0.0
0.6872988939285278
0.6657384037971497
0.6317232251167297
0.5351794362068176
0.458201140165329
Test Power of C2ST-D:  0.0
0.6733224987983704
0.6399211883544922
0.572059154510498
0.48816055059432983
0.42643123865127563
Test Power of C2ST-D:  0.01
0.6790176630020142
0.6549701690673828
0.5994620323181152
0.4883593022823334
0.4483548402786255
Test Power of C2ST-D:  0.0
0.6837790012359619
0.6556708812713623
0.5521518588066101
0.46428078413009644
0.4076022505760193
Test Power of C2ST-D:  0.0
0.6876569986343384
0.6442172527313232
0.5660023093223572
0.48401811718940735
0.434457004070282
Test Power of C2ST-D:  0.0
0.684144914150238
0.6599793434143066
0.6094835996627808
0.5493203401565552
0.49364569783210754
Test Power of C2ST-D:  0.0
0.6867018342018127
0.6652219891548157
0.630950927734375
0.5473780632019043
0.4835497736930847
Test Power of C2ST-D:  0.89
0.677414059638977
0.6362255215644836
0.5727092623710632
0.5055509805679321
0.4270166754722595
Test Power of C2ST-D:  0.0
0.6826356053352356
0.6528556942939758
0.5901153087615967
0.5242772102355957
0.45808738470077515
Test Power of C2ST-D:  0.0
0.6877461075782776
0.6670806407928467
0.6175394058227539
0.5330725908279419
0.45448678731918335
Test Power of C2ST-D:  0.0
0.6827804446220398
0.6525936722755432
0.5932660698890686
0.5272494554519653
0.46201905608177185
Test Power of C2ST-D:  0.0
0.6820366382598877
0.6557009816169739
0.5859779119491577
0.4819779396057129
0.3945046067237854
Test Power of C2ST-D:  0.0
0.6801536679267883
0.6498950719833374
0.6054652333259583
0.49284324049949646
0.410449743270874
Test Power of C2ST-D:  0.0
0.6701552271842957
0.6455723643302917
0.5790456533432007
0.5086206197738647
0.4393182694911957
Test Power of C2ST-D:  0.0
0.6831884980201721
0.6592124104499817
0.6093062162399292
0.5156528353691101
0.44261032342910767
Test Power of C2ST-D:  0.0
0.6801783442497253
0.6637556552886963
0.6248293519020081
0.5262458324432373
0.46901553869247437
Test Power of C2ST-D:  0.28
0.6838387846946716
0.6464006900787354
0.5632608532905579
0.4732641279697418
0.41166505217552185
Test Power of C2ST-D:  0.0
0.6885734796524048
0.6729564666748047
0.62241131067276
0.5293342471122742
0.4621322751045227
Test Power of C2ST-D:  0.0
0.6835741400718689
0.6498347520828247
0.5513270497322083
0.48716282844543457
0.4098626971244812
Test Power of C2ST-D:  0.0
0.6788777112960815
0.655990719795227
0.5953946709632874
0.542244017124176
0.4878951609134674
Test Power of C2ST-D:  0.0
0.6837295889854431
0.6644073724746704
0.6155613660812378
0.5457189679145813
0.48080793023109436
Test Power of C2ST-D:  0.0
0.6879271864891052
0.6712045073509216
0.6494461297988892
0.5605572462081909
0.4893394708633423
Test Power of C2ST-D:  0.0
0.6762725114822388
0.6518114805221558
0.5902586579322815
0.533076822757721
0.46584561467170715
Test Power of C2ST-D:  0.0
0.6767762899398804
0.6459428668022156
0.5542118549346924
0.47772058844566345
0.42089930176734924
Test Power of C2ST-D:  0.0
0.6849638223648071
0.6602329015731812
0.6507413387298584
0.5391796827316284
0.4913753867149353
Test Power of C2ST-D:  0.0
0.6867327094078064
0.6626842617988586
0.6297413110733032
0.5765256881713867
0.5014604926109314
Test Power of C2ST-D:  0.0
0.6827334761619568
0.6660116910934448
0.5898647308349609
0.4996931552886963
0.4472068250179291
Test Power of C2ST-D:  0.0
0.6855927109718323
0.659555196762085
0.612777054309845
0.5619473457336426
0.43357664346694946
Test Power of C2ST-D:  0.0
0.6859617233276367
0.6547366976737976
0.590395987033844
0.5306606888771057
0.5024328231811523
Test Power of C2ST-D:  0.0
0.6833828687667847
0.6566742658615112
0.5963940024375916
0.5014120936393738
0.43482714891433716
Test Power of C2ST-D:  0.0
0.6824668049812317
0.6597510576248169
0.5976977348327637
0.5063673853874207
0.5060468316078186
Test Power of C2ST-D:  0.0
0.6843174695968628
0.6647370457649231
0.6041193604469299
0.5310350656509399
0.4681587517261505
Test Power of C2ST-D:  0.0
0.6856592297554016
0.6566528677940369
0.5793167948722839
0.5031737685203552
0.4494183361530304
Test Power of C2ST-D:  0.0
0.6858922839164734
0.6488412618637085
0.5940404534339905
0.5153888463973999
0.4537815749645233
Test Power of C2ST-D:  0.0
0.679679811000824
0.6603949069976807
0.6158775091171265
0.48929062485694885
0.3989992141723633
Test Power of C2ST-D:  0.0
0.6839956045150757
0.6492478251457214
0.5702646374702454
0.5172287821769714
0.47101375460624695
Test Power of C2ST-D:  0.0
0.683781623840332
0.6612585186958313
0.5985086560249329
0.5013238191604614
0.4229283630847931
Test Power of C2ST-D:  0.0
0.6863411068916321
0.6596211791038513
0.5957764387130737
0.5060330629348755
0.44228190183639526
Test Power of C2ST-D:  0.0
0.684004545211792
0.6448668837547302
0.5646202564239502
0.5188516974449158
0.4251960813999176
Test Power of C2ST-D:  0.0
0.6839316487312317
0.6479240655899048
0.6059194803237915
0.5260633826255798
0.44429120421409607
Test Power of C2ST-D:  0.0
0.6855502724647522
0.653404176235199
0.5642281174659729
0.45924124121665955
0.3843030333518982
Test Power of C2ST-D:  0.0
0.6810374855995178
0.6496708989143372
0.5868512392044067
0.516617476940155
0.4655555486679077
Test Power of C2ST-D:  0.0
0.685612678527832
0.6693060994148254
0.6156994700431824
0.5390700697898865
0.48832499980926514
Test Power of C2ST-D:  0.03
0.6840808987617493
0.6478392481803894
0.5684106349945068
0.49361652135849
0.44335633516311646
Test Power of C2ST-D:  0.0
0.685044527053833
0.65792316198349
0.5890883207321167
0.512280285358429
0.44339850544929504
Test Power of C2ST-D:  0.0
0.6878964900970459
0.6619627475738525
0.5784463882446289
0.48845604062080383
0.4334724545478821
Test Power of C2ST-D:  0.07
0.6820899248123169
0.6575624942779541
0.6133281588554382
0.5233040452003479
0.435401976108551
Test Power of C2ST-D:  0.0
0.6782622933387756
0.6345897912979126
0.5419681072235107
0.4340862035751343
0.37122926115989685
Test Power of C2ST-D:  0.0
0.6795114278793335
0.6492210626602173
0.5865278840065002
0.5136594772338867
0.44861024618148804
Test Power of C2ST-D:  0.0
0.6839451193809509
0.665649950504303
0.6084479093551636
0.521708607673645
0.43948566913604736
Test Power of C2ST-D:  0.0
0.683628261089325
0.6527069211006165
0.6053853034973145
0.5394647121429443
0.5389195680618286
Test Power of C2ST-D:  0.0
0.6813028454780579
0.6553937196731567
0.5594314932823181
0.4398084878921509
0.3635912835597992
Test Power of C2ST-D:  0.0
0.6794940829277039
0.6560971736907959
0.6127812266349792
0.5329351425170898
0.4664018750190735
Test Power of C2ST-D:  0.0
0.6840803623199463
0.6706326007843018
0.6449180245399475
0.5595636963844299
0.4550160765647888
Test Power of C2ST-D:  0.16
0.6838228106498718
0.6563447117805481
0.6213657259941101
0.5263223648071289
0.45555832982063293
Test Power of C2ST-D:  0.0
0.6856178045272827
0.6617618799209595
0.5687607526779175
0.4867488145828247
0.4293391704559326
Test Power of C2ST-D:  0.0
0.685888409614563
0.6671127676963806
0.6204232573509216
0.4926809072494507
0.3991537392139435
Test Power of C2ST-D:  0.0
0.6799001097679138
0.6450187563896179
0.5708195567131042
0.4712505638599396
0.39967435598373413
Test Power of C2ST-D:  0.0
0.6855120062828064
0.6638696789741516
0.6363949179649353
0.525892436504364
0.4405219852924347
Test Power of C2ST-D:  0.0
0.6851750612258911
0.660888135433197
0.5928702354431152
0.4539363980293274
0.3726140558719635
Test Power of C2ST-D:  0.02
0.6825348138809204
0.6618160605430603
0.5783544182777405
0.5019956231117249
0.4484151303768158
Test Power of C2ST-D:  0.0
0.6840517520904541
0.6390783190727234
0.5413797497749329
0.4673745930194855
0.4090729057788849
Test Power of C2ST-D:  0.0
0.6844740509986877
0.6575068235397339
0.6082212924957275
0.5347182750701904
0.4773433804512024
Test Power of C2ST-D:  0.0
0.6859987378120422
0.6572062969207764
0.5972632169723511
0.5274197459220886
0.4802416265010834
Test Power of C2ST-D:  0.95
0.6852574348449707
0.6529509425163269
0.5471938848495483
0.4572685658931732
0.3825584053993225
Test Power of C2ST-D:  0.74
0.6816271543502808
0.6607874631881714
0.587790310382843
0.48802101612091064
0.42261776328086853
Test Power of C2ST-D:  0.0
0.6831093430519104
0.665317177772522
0.6213695406913757
0.5277444124221802
0.43889468908309937
Test Power of C2ST-D:  0.0
0.6861794590950012
0.6683079600334167
0.6029648780822754
0.518128514289856
0.44892993569374084
Test Power of C2ST-D:  0.0
0.6805149912834167
0.6410227417945862
0.5702095627784729
0.5311695337295532
0.4600245952606201
Test Power of C2ST-D:  0.0
0.6856974363327026
0.6769851446151733
0.6468909978866577
0.5174402594566345
0.4126433730125427
Test Power of C2ST-D:  0.0
0.6814466714859009
0.6522175669670105
0.6134697198867798
0.5359879732131958
0.4526985287666321
Test Power of C2ST-D:  0.0
0.6866582036018372
0.6647735834121704
0.6002616286277771
0.524925708770752
0.4686248004436493
Test Power of C2ST-D:  0.0
0.6885569095611572
0.6713970899581909
0.6182219386100769
0.5162451863288879
0.4533497393131256
Test Power of C2ST-D:  0.0


=====================================================
Average test power at training size =  250  :  0.0701
=====================================================


0.6890920400619507
0.6814930438995361
0.6729931235313416
0.6461871266365051
0.6160521507263184
Test Power of C2ST-D:  0.0
0.688610851764679
0.6785832643508911
0.6657523512840271
0.6296333074569702
0.5822390913963318
Test Power of C2ST-D:  0.0
0.6897509098052979
0.6836709976196289
0.6772423386573792
0.6348453164100647
0.5979861617088318
Test Power of C2ST-D:  1.0
0.689039409160614
0.6827547550201416
0.6700212359428406
0.6470041871070862
0.6207550168037415
Test Power of C2ST-D:  0.0
0.689464271068573
0.6797496676445007
0.6683000326156616
0.628682017326355
0.5868025422096252
Test Power of C2ST-D:  0.0
0.6888717412948608
0.6750402450561523
0.6543448567390442
0.6058403849601746
0.5728285312652588
Test Power of C2ST-D:  0.0
0.6866429448127747
0.6755367517471313
0.6635070443153381
0.6235156655311584
0.6021867990493774
Test Power of C2ST-D:  0.0
0.6896306276321411
0.6790973544120789
0.6710529327392578
0.62247633934021
0.5811532139778137
Test Power of C2ST-D:  0.0
0.6884875893592834
0.6781989932060242
0.666091799736023
0.6226401329040527
0.590975821018219
Test Power of C2ST-D:  1.0
0.6880074739456177
0.6683421730995178
0.6524485945701599
0.6181012988090515
0.5912088751792908
Test Power of C2ST-D:  0.0
0.6874867677688599
0.6786314845085144
0.6478782892227173
0.596146285533905
0.5596664547920227
Test Power of C2ST-D:  0.05
0.6894509196281433
0.6803352236747742
0.6684045791625977
0.6158771514892578
0.5875756740570068
Test Power of C2ST-D:  0.99
0.6896839141845703
0.6831669211387634
0.6637042164802551
0.6100414395332336
0.5764876008033752
Test Power of C2ST-D:  0.99
0.6880055665969849
0.677659273147583
0.663059413433075
0.6212892532348633
0.6066802740097046
Test Power of C2ST-D:  0.0
0.6908623576164246
0.6785292029380798
0.6648675799369812
0.6134734749794006
0.601179838180542
Test Power of C2ST-D:  0.0
0.6886702179908752
0.6776570677757263
0.6639009714126587
0.6181425452232361
0.5787394642829895
Test Power of C2ST-D:  1.0
0.6882378458976746
0.6791752576828003
0.6690871715545654
0.633420467376709
0.6022539734840393
Test Power of C2ST-D:  1.0
0.6895676851272583
0.6808726787567139
0.6680389642715454
0.618339478969574
0.5826878547668457
Test Power of C2ST-D:  0.0
0.6901693344116211
0.6796703338623047
0.6653745174407959
0.5989620089530945
0.5638787150382996
Test Power of C2ST-D:  0.0
0.6898030042648315
0.6829555034637451
0.6720837950706482
0.6288260221481323
0.5864812135696411
Test Power of C2ST-D:  0.95
0.6889301538467407
0.6809655427932739
0.6711980104446411
0.6299052238464355
0.591551661491394
Test Power of C2ST-D:  0.0
0.68746018409729
0.6804868578910828
0.6750336289405823
0.6466224193572998
0.6231505274772644
Test Power of C2ST-D:  0.0
0.6896953582763672
0.6835911273956299
0.6711581945419312
0.6621032357215881
0.6401521563529968
Test Power of C2ST-D:  1.0
0.6877796649932861
0.6830729842185974
0.6738210916519165
0.6333014965057373
0.600402295589447
Test Power of C2ST-D:  0.0
0.6866075992584229
0.6800426840782166
0.6687601208686829
0.6187389492988586
0.5826712846755981
Test Power of C2ST-D:  0.0
0.6884759068489075
0.6822792887687683
0.6724191904067993
0.6234129667282104
0.5882406830787659
Test Power of C2ST-D:  0.99
0.686586856842041
0.671402096748352
0.6462022662162781
0.6078165173530579
0.5749348998069763
Test Power of C2ST-D:  0.0
0.6883640289306641
0.678072988986969
0.6638885736465454
0.6273630261421204
0.6386680006980896
Test Power of C2ST-D:  0.0
0.6895160675048828
0.6811335682868958
0.6582268476486206
0.6078700423240662
0.5760659575462341
Test Power of C2ST-D:  0.0
0.6882418990135193
0.6787051558494568
0.6573826670646667
0.6060996651649475
0.5690146088600159
Test Power of C2ST-D:  0.0
0.6873700618743896
0.6775140762329102
0.6599796414375305
0.6079773306846619
0.5790722370147705
Test Power of C2ST-D:  1.0
0.6889920830726624
0.6811543703079224
0.6654716730117798
0.6190863847732544
0.5799727439880371
Test Power of C2ST-D:  0.91
0.6896073818206787
0.6802408695220947
0.6667453646659851
0.6153422594070435
0.5771379470825195
Test Power of C2ST-D:  1.0
0.6895016431808472
0.6828336715698242
0.6763338446617126
0.6436784863471985
0.5992226600646973
Test Power of C2ST-D:  0.0
0.6902887225151062
0.6789706349372864
0.6670613884925842
0.6340083479881287
0.6084266901016235
Test Power of C2ST-D:  0.0
0.6908161640167236
0.6870660185813904
0.677092969417572
0.628002405166626
0.5887037515640259
Test Power of C2ST-D:  0.12
0.6884234547615051
0.6786543726921082
0.6712834239006042
0.6329130530357361
0.6041225790977478
Test Power of C2ST-D:  0.01
0.6905463933944702
0.6805770397186279
0.6652249693870544
0.6283431649208069
0.5905450582504272
Test Power of C2ST-D:  0.0
0.6883752346038818
0.6786349415779114
0.6630704998970032
0.6202784776687622
0.5867619514465332
Test Power of C2ST-D:  0.0
0.691326916217804
0.6847847700119019
0.6781143546104431
0.6560908555984497
0.6220468282699585
Test Power of C2ST-D:  0.0
0.6898089647293091
0.6807783246040344
0.666975200176239
0.6221009492874146
0.5922060012817383
Test Power of C2ST-D:  0.37
0.6870269179344177
0.680154025554657
0.671650230884552
0.6286230683326721
0.592502772808075
Test Power of C2ST-D:  0.0
0.6876530647277832
0.6674428582191467
0.6546839475631714
0.6101941466331482
0.5816287994384766
Test Power of C2ST-D:  0.0
0.6891868710517883
0.6842771768569946
0.6730034947395325
0.6342666745185852
0.6033530235290527
Test Power of C2ST-D:  0.0
0.68699049949646
0.6766993999481201
0.6663047075271606
0.6162400245666504
0.5807668566703796
Test Power of C2ST-D:  0.0
0.6897363662719727
0.6765531301498413
0.6576359868049622
0.6205682158470154
0.5813389420509338
Test Power of C2ST-D:  0.0
0.6883399486541748
0.6751272678375244
0.6542969346046448
0.6013768315315247
0.5638807415962219
Test Power of C2ST-D:  0.0
0.6890352964401245
0.6799696683883667
0.6602396965026855
0.6106908321380615
0.5758318305015564
Test Power of C2ST-D:  0.81
0.6862978339195251
0.6756131649017334
0.6624575853347778
0.6301596760749817
0.5891764760017395
Test Power of C2ST-D:  0.0
0.6880430579185486
0.6766818165779114
0.668743371963501
0.6353983283042908
0.5912672281265259
Test Power of C2ST-D:  1.0
0.6906679272651672
0.6806318163871765
0.6708229184150696
0.6341872215270996
0.5994652509689331
Test Power of C2ST-D:  0.0
0.6873461008071899
0.6743636727333069
0.6599258780479431
0.6094897389411926
0.570995032787323
Test Power of C2ST-D:  0.0
0.6893250346183777
0.6794756650924683
0.6635448336601257
0.6233119368553162
0.5959275960922241
Test Power of C2ST-D:  0.0
0.6864990592002869
0.673904538154602
0.654910147190094
0.6065183281898499
0.572547972202301
Test Power of C2ST-D:  0.13
0.6910402774810791
0.6834502816200256
0.6706713438034058
0.624483048915863
0.59121173620224
Test Power of C2ST-D:  0.0
0.6882554888725281
0.6768686175346375
0.6577848196029663
0.6055924296379089
0.5754448771476746
Test Power of C2ST-D:  0.0
0.6873389482498169
0.6820610761642456
0.6659303903579712
0.6265078186988831
0.5853951573371887
Test Power of C2ST-D:  0.0
0.6871464252471924
0.6759471893310547
0.6593958735466003
0.6209405064582825
0.5925373435020447
Test Power of C2ST-D:  0.0
0.6900687217712402
0.6770272850990295
0.6623129844665527
0.6104750037193298
0.5745052099227905
Test Power of C2ST-D:  0.0
0.6886801719665527
0.6786580085754395
0.6555454730987549
0.6141112446784973
0.5839633941650391
Test Power of C2ST-D:  0.0
0.6887494921684265
0.6774053573608398
0.6653833985328674
0.6157461404800415
0.5810107588768005
Test Power of C2ST-D:  0.0
0.6888628602027893
0.6791542768478394
0.6550866961479187
0.6098818182945251
0.5721156001091003
Test Power of C2ST-D:  0.0
0.6884738802909851
0.6813827753067017
0.6582118272781372
0.6109611988067627
0.5811317563056946
Test Power of C2ST-D:  0.0
0.6911116242408752
0.6822968125343323
0.673015296459198
0.637302041053772
0.612331211566925
Test Power of C2ST-D:  0.01
0.6870060563087463
0.6750279068946838
0.658871054649353
0.6126132011413574
0.5766628384590149
Test Power of C2ST-D:  0.97
0.6891501545906067
0.6810532212257385
0.6648855209350586
0.6049782633781433
0.5600154995918274
Test Power of C2ST-D:  0.0
0.6895847916603088
0.6801775693893433
0.6694479584693909
0.6386286616325378
0.5990878939628601
Test Power of C2ST-D:  0.0
0.6871699094772339
0.6771692633628845
0.6646324992179871
0.6132034659385681
0.5643881559371948
Test Power of C2ST-D:  0.0
0.6889743804931641
0.6789509057998657
0.6610988974571228
0.6061667799949646
0.5683408975601196
Test Power of C2ST-D:  0.0
0.6903246641159058
0.6805287599563599
0.6639484167098999
0.6141988635063171
0.5680705308914185
Test Power of C2ST-D:  0.8
0.6885956525802612
0.6793715357780457
0.6701635122299194
0.6294669508934021
0.5957417488098145
Test Power of C2ST-D:  0.0
0.6899589896202087
0.6772786974906921
0.6502341628074646
0.5999523997306824
0.5835175514221191
Test Power of C2ST-D:  0.05
0.6842605471611023
0.6747121810913086
0.6569724678993225
0.6093209385871887
0.5748201012611389
Test Power of C2ST-D:  0.33
0.6894887089729309
0.676990807056427
0.657282292842865
0.6225945949554443
0.5833460092544556
Test Power of C2ST-D:  0.0
0.6900299787521362
0.6775346994400024
0.6588777899742126
0.6178978085517883
0.5877085328102112
Test Power of C2ST-D:  0.0
0.6858558058738708
0.6789398193359375
0.6707978844642639
0.6294218897819519
0.591292142868042
Test Power of C2ST-D:  0.0
0.6896544098854065
0.682044506072998
0.6697108149528503
0.6302152276039124
0.5916687846183777
Test Power of C2ST-D:  0.0
0.68570476770401
0.674477219581604
0.6668356657028198
0.6175994873046875
0.5807895660400391
Test Power of C2ST-D:  0.53
0.689623236656189
0.6810089349746704
0.6623138785362244
0.6212636828422546
0.5866143703460693
Test Power of C2ST-D:  0.0
0.6896220445632935
0.6808707118034363
0.670443058013916
0.6307783126831055
0.5981202721595764
Test Power of C2ST-D:  0.0
0.6893908977508545
0.6837279796600342
0.6645781397819519
0.6273823380470276
0.600774884223938
Test Power of C2ST-D:  1.0
0.6881448030471802
0.6709035634994507
0.6462910175323486
0.6044041514396667
0.5693367123603821
Test Power of C2ST-D:  1.0
0.686025083065033
0.6767651438713074
0.6600658893585205
0.604587197303772
0.5634007453918457
Test Power of C2ST-D:  0.53
0.6887215971946716
0.6778497695922852
0.6611136198043823
0.6383643746376038
0.5905861854553223
Test Power of C2ST-D:  0.94
0.6911497712135315
0.6838240027427673
0.6664261817932129
0.6212928891181946
0.6253495812416077
Test Power of C2ST-D:  1.0
0.6906425952911377
0.6841464638710022
0.6647657155990601
0.6027114987373352
0.5609206557273865
Test Power of C2ST-D:  0.18
0.6876439452171326
0.6755897998809814
0.6656314134597778
0.6257275342941284
0.5920932292938232
Test Power of C2ST-D:  0.0
0.685588538646698
0.6743637919425964
0.6638121604919434
0.6284005045890808
0.5995853543281555
Test Power of C2ST-D:  0.0
0.6851714849472046
0.6698766350746155
0.6555715799331665
0.606779932975769
0.5650174617767334
Test Power of C2ST-D:  0.0
0.6873733997344971
0.6825640797615051
0.6733052134513855
0.6413207054138184
0.6007477641105652
Test Power of C2ST-D:  0.0
0.6898944973945618
0.6835408806800842
0.6721075773239136
0.6196161508560181
0.5823456645011902
Test Power of C2ST-D:  0.0
0.688619077205658
0.6825394034385681
0.6740888357162476
0.6322561502456665
0.5816743969917297
Test Power of C2ST-D:  0.0
0.6885556578636169
0.6810713410377502
0.6731374263763428
0.6348497867584229
0.59073805809021
Test Power of C2ST-D:  0.01
0.6896122097969055
0.6832111477851868
0.669173538684845
0.6293251514434814
0.5971545577049255
Test Power of C2ST-D:  0.0
0.6911449432373047
0.6831897497177124
0.6750754714012146
0.6410439610481262
0.6135884523391724
Test Power of C2ST-D:  0.0
0.6891317367553711
0.680565595626831
0.6683661937713623
0.6259205341339111
0.5915422439575195
Test Power of C2ST-D:  1.0
0.6884554624557495
0.6814409494400024
0.6717225909233093
0.6410027146339417
0.6140648722648621
Test Power of C2ST-D:  0.0
0.6907010674476624
0.6866695284843445
0.6811376810073853
0.652423620223999
0.5999038815498352
Test Power of C2ST-D:  0.82
0.686560869216919
0.6756613254547119
0.6581804752349854
0.608306884765625
0.581222653388977
Test Power of C2ST-D:  0.0
0.6862430572509766
0.6778218150138855
0.667433500289917
0.6272972226142883
0.5964854955673218
Test Power of C2ST-D:  0.0


=====================================================
Average test power at training size =  500  :  0.23490000000000003
=====================================================


0.687188982963562
0.6806970834732056
0.6697070598602295
0.6522796154022217
0.6342470049858093
Test Power of C2ST-D:  0.71
0.6869900822639465
0.6830548644065857
0.6725063920021057
0.6541669964790344
0.6374672651290894
Test Power of C2ST-D:  0.15
0.6883270740509033
0.6810622811317444
0.6649360656738281
0.646889865398407
0.6284545063972473
Test Power of C2ST-D:  1.0
0.6875880360603333
0.6771226525306702
0.6621270179748535
0.6410396099090576
0.6233490705490112
Test Power of C2ST-D:  1.0
0.6887880563735962
0.6772387623786926
0.6737058162689209
0.6499728560447693
0.6274010539054871
Test Power of C2ST-D:  0.58
0.6861249804496765
0.6739950180053711
0.6541135311126709
0.6374044418334961
0.6257304549217224
Test Power of C2ST-D:  1.0
0.6873687505722046
0.6766270399093628
0.65560382604599
0.639430820941925
0.6196525692939758
Test Power of C2ST-D:  0.97
0.6855586171150208
0.6751546263694763
0.6725995540618896
0.6500105261802673
0.6344575881958008
Test Power of C2ST-D:  1.0
0.6875373721122742
0.6816950440406799
0.6786125302314758
0.6628360748291016
0.6536787748336792
Test Power of C2ST-D:  1.0
0.6848329305648804
0.6804214119911194
0.6627488732337952
0.6326890587806702
0.6168714165687561
Test Power of C2ST-D:  1.0
0.684983491897583
0.6791518330574036
0.6654282212257385
0.6470629572868347
0.6288385987281799
Test Power of C2ST-D:  1.0
0.6875953674316406
0.6713575124740601
0.6570911407470703
0.6311120986938477
0.6138330698013306
Test Power of C2ST-D:  0.0
0.6878565549850464
0.6835465431213379
0.6747717261314392
0.6528202891349792
0.638767421245575
Test Power of C2ST-D:  1.0
0.6887784004211426
0.6831865906715393
0.6713098287582397
0.6525216102600098
0.6342388391494751
Test Power of C2ST-D:  1.0
0.6873961687088013
0.6795297861099243
0.6657822132110596
0.65221107006073
0.6384279131889343
Test Power of C2ST-D:  1.0
0.6877362728118896
0.680435061454773
0.6670737862586975
0.6424771547317505
0.6247071623802185
Test Power of C2ST-D:  0.96
0.6811093091964722
0.671991229057312
0.6566253900527954
0.642340362071991
0.6290709376335144
Test Power of C2ST-D:  1.0
0.6873230934143066
0.6812295913696289
0.6706485748291016
0.6529282927513123
0.6341333985328674
Test Power of C2ST-D:  0.38
0.6891056299209595
0.6810703277587891
0.6643934845924377
0.6367418766021729
0.6187277436256409
Test Power of C2ST-D:  1.0
0.6889195442199707
0.6819941401481628
0.6753357648849487
0.6523361206054688
0.6300344467163086
Test Power of C2ST-D:  1.0
0.6864875555038452
0.6766242384910583
0.6582385301589966
0.6387359499931335
0.6227760314941406
Test Power of C2ST-D:  1.0
0.6875873804092407
0.6802002787590027
0.6607955098152161
0.6414943933486938
0.6265400648117065
Test Power of C2ST-D:  1.0
0.6870481967926025
0.6828567981719971
0.6704257130622864
0.645500659942627
0.6263659596443176
Test Power of C2ST-D:  1.0
0.6882923245429993
0.6783512830734253
0.6673904061317444
0.656585156917572
0.6442107558250427
Test Power of C2ST-D:  0.99
0.6881347894668579
0.6807506680488586
0.6666705012321472
0.6470035314559937
0.6244974136352539
Test Power of C2ST-D:  0.0
0.6887878179550171
0.6810868978500366
0.6752015352249146
0.6620761156082153
0.6376004219055176
Test Power of C2ST-D:  1.0
0.6887302398681641
0.6833750009536743
0.6814239621162415
0.6535407304763794
0.6311293244361877
Test Power of C2ST-D:  1.0
0.6856967210769653
0.6727314591407776
0.6595990061759949
0.6405400037765503
0.6181256771087646
Test Power of C2ST-D:  1.0
0.6888951659202576
0.6829769015312195
0.6709080934524536
0.6519742012023926
0.6356154680252075
Test Power of C2ST-D:  1.0
0.6879279017448425
0.6796041131019592
0.65749192237854
0.6393579244613647
0.6240504384040833
Test Power of C2ST-D:  0.0
0.6834845542907715
0.6791208386421204
0.6713901162147522
0.6517360210418701
0.634016215801239
Test Power of C2ST-D:  1.0
0.6875306963920593
0.6807199120521545
0.6642510890960693
0.6464990377426147
0.6295473575592041
Test Power of C2ST-D:  1.0
0.6892180442810059
0.6813305616378784
0.6695199608802795
0.6497105956077576
0.633955180644989
Test Power of C2ST-D:  1.0
0.6883658170700073
0.6808974742889404
0.6690353155136108
0.648172914981842
0.6329731941223145
Test Power of C2ST-D:  0.76
0.6888721585273743
0.6815265417098999
0.6690571904182434
0.6457743048667908
0.6251489520072937
Test Power of C2ST-D:  1.0
0.6882727742195129
0.6793190240859985
0.6642545461654663
0.6407029032707214
0.6246173977851868
Test Power of C2ST-D:  1.0
0.6870542168617249
0.6762118339538574
0.6611630320549011
0.6386087536811829
0.6159586906433105
Test Power of C2ST-D:  0.14
0.6876100301742554
0.6810775399208069
0.6719139218330383
0.6501549482345581
0.6270446181297302
Test Power of C2ST-D:  1.0
0.6861369013786316
0.6824877262115479
0.6763573288917542
0.658532977104187
0.6390315890312195
Test Power of C2ST-D:  1.0
0.6899287104606628
0.6811861991882324
0.66531902551651
0.6451085209846497
0.6293728351593018
Test Power of C2ST-D:  1.0
0.6872267127037048
0.6802217364311218
0.6643956899642944
0.6513227820396423
0.6297239065170288
Test Power of C2ST-D:  1.0
0.6903972029685974
0.6826601624488831
0.6763530969619751
0.6589207649230957
0.6388795375823975
Test Power of C2ST-D:  1.0
0.6883861422538757
0.6808193922042847
0.6676950454711914
0.6434329748153687
0.6238197684288025
Test Power of C2ST-D:  1.0
0.688085675239563
0.6788985729217529
0.6591445207595825
0.6374651789665222
0.6235030293464661
Test Power of C2ST-D:  0.95
0.6842677593231201
0.6800209879875183
0.6793250441551208
0.6563987135887146
0.6260444521903992
Test Power of C2ST-D:  1.0
0.6868539452552795
0.6839817762374878
0.6669270992279053
0.6396989226341248
0.6182658672332764
Test Power of C2ST-D:  1.0
0.6876541972160339
0.6836243271827698
0.6744068264961243
0.6549503803253174
0.6266804337501526
Test Power of C2ST-D:  0.18
0.6864031553268433
0.6824003458023071
0.6613557934761047
0.6431013941764832
0.6259724497795105
Test Power of C2ST-D:  1.0
0.688544750213623
0.6784979104995728
0.6668685674667358
0.6427333354949951
0.6232592463493347
Test Power of C2ST-D:  1.0
0.6888991594314575
0.6812615394592285
0.6632740497589111
0.651145875453949
0.6279512047767639
Test Power of C2ST-D:  1.0
0.6911957859992981
0.6872206330299377
0.6854647397994995
0.6656454205513
0.645824670791626
Test Power of C2ST-D:  1.0
0.6904405355453491
0.6826445460319519
0.6730950474739075
0.6515078544616699
0.6287705302238464
Test Power of C2ST-D:  1.0
0.6864254474639893
0.6828140616416931
0.6693915724754333
0.6524707674980164
0.6335949301719666
Test Power of C2ST-D:  1.0
0.6885110139846802
0.6840648055076599
0.6810483932495117
0.6615580320358276
0.6489049196243286
Test Power of C2ST-D:  1.0
0.6901212334632874
0.6850671172142029
0.6536093354225159
0.636384129524231
0.6185331344604492
Test Power of C2ST-D:  1.0
0.6899709701538086
0.6853925585746765
0.6628571152687073
0.6483500003814697
0.6315720081329346
Test Power of C2ST-D:  0.62
0.6873365640640259
0.6794271469116211
0.6626890301704407
0.6496645212173462
0.6357275247573853
Test Power of C2ST-D:  1.0
0.6864926815032959
0.6776226162910461
0.6645767688751221
0.6491570472717285
0.6321939826011658
Test Power of C2ST-D:  1.0
0.6885983347892761
0.6838820576667786
0.6687039732933044
0.6444801688194275
0.6288014054298401
Test Power of C2ST-D:  1.0
0.6874945759773254
0.6830683350563049
0.6674178242683411
0.6525905132293701
0.6390041708946228
Test Power of C2ST-D:  1.0
0.6879073977470398
0.6847174763679504
0.6821098923683167
0.6626514196395874
0.6389681100845337
Test Power of C2ST-D:  1.0
0.6859659552574158
0.6814348697662354
0.6681311130523682
0.6469339728355408
0.6266087293624878
Test Power of C2ST-D:  0.16
0.6906359791755676
0.6837587356567383
0.6762053370475769
0.6449928283691406
0.6207461953163147
Test Power of C2ST-D:  1.0
0.6882027387619019
0.6820651292800903
0.6647800207138062
0.6529808640480042
0.6361383199691772
Test Power of C2ST-D:  1.0
0.6886563301086426
0.6786524057388306
0.6763272881507874
0.6605637669563293
0.6408548355102539
Test Power of C2ST-D:  1.0
0.6870792508125305
0.6774058938026428
0.6646368503570557
0.6533768177032471
0.6449468731880188
Test Power of C2ST-D:  1.0
0.6883073449134827
0.6823236346244812
0.6615764498710632
0.6450675129890442
0.6292966604232788
Test Power of C2ST-D:  1.0
0.6890608668327332
0.684971272945404
0.6726478934288025
0.6538338661193848
0.6317854523658752
Test Power of C2ST-D:  1.0
0.6874130964279175
0.6725899577140808
0.6544381380081177
0.6372097134590149
0.6205304265022278
Test Power of C2ST-D:  1.0
0.68882155418396
0.6819429397583008
0.6643854379653931
0.6456381678581238
0.6316759586334229
Test Power of C2ST-D:  1.0
0.6881399154663086
0.6819669008255005
0.6718481183052063
0.655642032623291
0.6415491700172424
Test Power of C2ST-D:  0.73
0.6869255304336548
0.6785459518432617
0.6572577953338623
0.6395078897476196
0.6141684651374817
Test Power of C2ST-D:  1.0
0.6881172060966492
0.6850647926330566
0.6823183298110962
0.655730128288269
0.6327558755874634
Test Power of C2ST-D:  1.0
0.6864271759986877
0.6759782433509827
0.6551788449287415
0.6331682801246643
0.61604905128479
Test Power of C2ST-D:  0.95
0.6897389888763428
0.6856896877288818
0.6732413172721863
0.6464741826057434
0.631790041923523
Test Power of C2ST-D:  1.0
0.6862396001815796
0.6826373338699341
0.6691024303436279
0.6495447158813477
0.6335006952285767
Test Power of C2ST-D:  1.0
0.6839664578437805
0.6784889101982117
0.6709528565406799
0.6569166779518127
0.6356282234191895
Test Power of C2ST-D:  0.83
0.6889688372612
0.6836349368095398
0.6752402186393738
0.65231853723526
0.6284241080284119
Test Power of C2ST-D:  1.0
0.688991129398346
0.6831901669502258
0.6681398153305054
0.6461086869239807
0.6272113919258118
Test Power of C2ST-D:  1.0
0.6885402202606201
0.6824019551277161
0.6771156787872314
0.6574421525001526
0.6384995579719543
Test Power of C2ST-D:  1.0
0.6843760013580322
0.6746509671211243
0.6587840914726257
0.6362074017524719
0.6192640662193298
Test Power of C2ST-D:  1.0
0.6863049864768982
0.6808425188064575
0.6762785911560059
0.657095730304718
0.6342087984085083
Test Power of C2ST-D:  1.0
0.6884565353393555
0.6795843243598938
0.6690326929092407
0.6452129483222961
0.6279222965240479
Test Power of C2ST-D:  1.0
0.685642421245575
0.677660346031189
0.6638224124908447
0.6475615501403809
0.6370418071746826
Test Power of C2ST-D:  1.0
0.6896553635597229
0.6854270696640015
0.6752487421035767
0.656528651714325
0.6441143155097961
Test Power of C2ST-D:  1.0
0.6863527297973633
0.6817194223403931
0.6699167490005493
0.6465458869934082
0.6253076195716858
Test Power of C2ST-D:  0.0
0.6855375170707703
0.6811858415603638
0.6755433082580566
0.6528306603431702
0.633913516998291
Test Power of C2ST-D:  1.0
0.6855404376983643
0.6793372631072998
0.6672497987747192
0.6453561782836914
0.6272950172424316
Test Power of C2ST-D:  1.0
0.6858826279640198
0.6772197484970093
0.6621379256248474
0.6440999507904053
0.6266530752182007
Test Power of C2ST-D:  1.0
0.6874391436576843
0.682204008102417
0.6768489480018616
0.6635033488273621
0.6478621959686279
Test Power of C2ST-D:  1.0
0.6871720552444458
0.683322012424469
0.662321925163269
0.6457523107528687
0.632142186164856
Test Power of C2ST-D:  1.0
0.6858251690864563
0.6751253604888916
0.664808452129364
0.6484535932540894
0.6289398074150085
Test Power of C2ST-D:  1.0
0.6865924596786499
0.6822182536125183
0.6608690023422241
0.6376104950904846
0.6202182769775391
Test Power of C2ST-D:  1.0
0.6878324151039124
0.6799055337905884
0.6763622760772705
0.6603333950042725
0.6383528113365173
Test Power of C2ST-D:  1.0
0.6861701607704163
0.6812704205513
0.6613698601722717
0.6477960348129272
0.6353163123130798
Test Power of C2ST-D:  1.0
0.6893475651741028
0.6846161484718323
0.6737374067306519
0.6538864970207214
0.6378565430641174
Test Power of C2ST-D:  1.0
0.6907965540885925
0.6846625804901123
0.6659348011016846
0.6407927870750427
0.6230777502059937
Test Power of C2ST-D:  1.0
0.688352108001709
0.6839061975479126
0.6639572978019714
0.646735668182373
0.6295243501663208
Test Power of C2ST-D:  1.0
0.6863815188407898
0.6805660128593445
0.6584762334823608
0.6411318778991699
0.6269609928131104
Test Power of C2ST-D:  1.0
0.6876064538955688
0.6769532561302185
0.6690405607223511
0.6453919410705566
0.6257020831108093
Test Power of C2ST-D:  0.99


=====================================================
Average test power at training size =  750  :  0.9005
=====================================================


0.6909723281860352
0.6841371655464172
0.66297847032547
0.6529436111450195
0.6466062068939209
Test Power of C2ST-D:  1.0
0.6907925009727478
0.6846402883529663
0.6633473634719849
0.6460737586021423
0.6380654573440552
Test Power of C2ST-D:  1.0
0.6906661987304688
0.6793003082275391
0.6647093892097473
0.6570873260498047
0.6474089026451111
Test Power of C2ST-D:  1.0
0.6914322376251221
0.686782717704773
0.6840315461158752
0.6620025634765625
0.6481542587280273
Test Power of C2ST-D:  1.0
0.6899319291114807
0.6838054656982422
0.6671329736709595
0.6563480496406555
0.6453213095664978
Test Power of C2ST-D:  1.0
0.6909979581832886
0.6848447918891907
0.6727879047393799
0.6561793088912964
0.6439933180809021
Test Power of C2ST-D:  1.0
0.6904187202453613
0.6856473684310913
0.6709421277046204
0.6542043089866638
0.6365214586257935
Test Power of C2ST-D:  1.0
0.690775454044342
0.6849402785301208
0.6652019023895264
0.6473854780197144
0.6271371841430664
Test Power of C2ST-D:  1.0
0.6892213821411133
0.6835909485816956
0.6717324256896973
0.6539120078086853
0.6432188749313354
Test Power of C2ST-D:  1.0
0.6900168657302856
0.6834737658500671
0.6696901321411133
0.6483798623085022
0.6348074078559875
Test Power of C2ST-D:  1.0
0.6899331212043762
0.6799318194389343
0.6650493144989014
0.6531592011451721
0.6421559453010559
Test Power of C2ST-D:  1.0
0.6906800866127014
0.6835833191871643
0.6712613701820374
0.653907299041748
0.6428536176681519
Test Power of C2ST-D:  1.0
0.6906301975250244
0.6851370334625244
0.679722249507904
0.6565298438072205
0.6406628489494324
Test Power of C2ST-D:  1.0
0.6910449266433716
0.6867129802703857
0.6788206696510315
0.6574139595031738
0.6470412611961365
Test Power of C2ST-D:  1.0
0.6881000399589539
0.6824424266815186
0.6723686456680298
0.6561073660850525
0.6439396142959595
Test Power of C2ST-D:  1.0
0.6880081295967102
0.6806731224060059
0.6753149628639221
0.6570345163345337
0.6438296437263489
Test Power of C2ST-D:  1.0
0.6900172233581543
0.6859471797943115
0.6773257851600647
0.6606103777885437
0.6456932425498962
Test Power of C2ST-D:  0.3
0.6892109513282776
0.6810203790664673
0.6692453026771545
0.6550928950309753
0.6455431580543518
Test Power of C2ST-D:  1.0
0.6857563853263855
0.6801514029502869
0.6657542586326599
0.6544985771179199
0.6424593329429626
Test Power of C2ST-D:  1.0
0.6867402791976929
0.6789312958717346
0.6680524349212646
0.6522128582000732
0.6408776640892029
Test Power of C2ST-D:  1.0
0.6884994506835938
0.6850771903991699
0.6797763109207153
0.6604835391044617
0.6462744474411011
Test Power of C2ST-D:  1.0
0.6868805289268494
0.6784390211105347
0.6621353030204773
0.6491933465003967
0.636302649974823
Test Power of C2ST-D:  1.0
0.6912959814071655
0.6835294365882874
0.6787644624710083
0.6543477177619934
0.6389576196670532
Test Power of C2ST-D:  1.0
0.6889486312866211
0.6834812760353088
0.6804306507110596
0.6646289229393005
0.650546133518219
Test Power of C2ST-D:  1.0
0.6906982064247131
0.685023307800293
0.6635825634002686
0.6461964845657349
0.6352524757385254
Test Power of C2ST-D:  1.0
0.690318763256073
0.6790285706520081
0.6708849668502808
0.6538909673690796
0.6449291706085205
Test Power of C2ST-D:  1.0
0.6900357604026794
0.6817235350608826
0.6742969751358032
0.6565534472465515
0.6461952924728394
Test Power of C2ST-D:  0.99
0.687498927116394
0.6832093000411987
0.6701776385307312
0.6534923911094666
0.641514778137207
Test Power of C2ST-D:  1.0
0.6896945834159851
0.6839234828948975
0.6670798063278198
0.6450898051261902
0.6336833834648132
Test Power of C2ST-D:  1.0
0.6916407346725464
0.6869439482688904
0.6703490018844604
0.6544565558433533
0.6419880986213684
Test Power of C2ST-D:  0.99
0.6900749802589417
0.6823142170906067
0.6768143773078918
0.6588093042373657
0.648295521736145
Test Power of C2ST-D:  1.0
0.6882330775260925
0.6815639734268188
0.6778466701507568
0.6590108871459961
0.640977144241333
Test Power of C2ST-D:  1.0
0.6901081204414368
0.6834979057312012
0.6709762811660767
0.6574386358261108
0.6452065110206604
Test Power of C2ST-D:  1.0
0.6882385611534119
0.6746484041213989
0.649314820766449
0.6411219835281372
0.6317719221115112
Test Power of C2ST-D:  1.0
0.6895448565483093
0.6787160634994507
0.6639747023582458
0.6525253057479858
0.6436718106269836
Test Power of C2ST-D:  1.0
0.6887369751930237
0.6817505359649658
0.6673319935798645
0.6515962481498718
0.6355615854263306
Test Power of C2ST-D:  1.0
0.688700258731842
0.6805665493011475
0.6775262951850891
0.6629496812820435
0.6520065069198608
Test Power of C2ST-D:  1.0
0.6883918046951294
0.679743230342865
0.6631619334220886
0.649439811706543
0.635136604309082
Test Power of C2ST-D:  1.0
0.6894059777259827
0.6788646578788757
0.6621688008308411
0.6503587961196899
0.634840726852417
Test Power of C2ST-D:  1.0
0.6907764077186584
0.6796939373016357
0.664378821849823
0.6498536467552185
0.6389395594596863
Test Power of C2ST-D:  1.0
0.6895051598548889
0.6823318004608154
0.6769317388534546
0.6597111821174622
0.6475909948348999
Test Power of C2ST-D:  1.0
0.6891389489173889
0.6831130385398865
0.6756629347801208
0.6565986275672913
0.6464716792106628
Test Power of C2ST-D:  1.0
0.6903526782989502
0.6853654384613037
0.6675819158554077
0.6523124575614929
0.63832688331604
Test Power of C2ST-D:  1.0
0.6882205009460449
0.6821888089179993
0.6766262650489807
0.6663499474525452
0.643618106842041
Test Power of C2ST-D:  1.0
0.6899509429931641
0.6822642683982849
0.6679661870002747
0.6545592546463013
0.6382766366004944
Test Power of C2ST-D:  1.0
0.6893596649169922
0.6837194561958313
0.6690641641616821
0.660184383392334
0.6452546715736389
Test Power of C2ST-D:  1.0
0.6907286643981934
0.685395359992981
0.6794880628585815
0.6589962840080261
0.6451932787895203
Test Power of C2ST-D:  1.0
0.6885464191436768
0.6798224449157715
0.6702714562416077
0.6488534212112427
0.6349798440933228
Test Power of C2ST-D:  1.0
0.6908285617828369
0.6832688450813293
0.671552300453186
0.6501520872116089
0.6345887184143066
Test Power of C2ST-D:  1.0
0.6902192234992981
0.6815766096115112
0.6718515157699585
0.6572654247283936
0.6468722820281982
Test Power of C2ST-D:  1.0
0.6906302571296692
0.6821582913398743
0.6649386882781982
0.6504043340682983
0.6352914571762085
Test Power of C2ST-D:  0.81
0.6887044310569763
0.6838082075119019
0.6800848841667175
0.6632880568504333
0.6486273407936096
Test Power of C2ST-D:  1.0
0.6898010969161987
0.6851464509963989
0.6728924512863159
0.6578994989395142
0.6410539746284485
Test Power of C2ST-D:  0.99
0.6881667375564575
0.6786355972290039
0.6634994149208069
0.6486315727233887
0.6361418962478638
Test Power of C2ST-D:  1.0
0.6901262998580933
0.681535542011261
0.6627650260925293
0.6427040696144104
0.6250571012496948
Test Power of C2ST-D:  1.0
0.6905485987663269
0.6855520606040955
0.6778420209884644
0.6661413311958313
0.6488780379295349
Test Power of C2ST-D:  0.0
0.687954843044281
0.6795349717140198
0.6600617170333862
0.6478220820426941
0.6366007328033447
Test Power of C2ST-D:  1.0
0.6898083686828613
0.6844530701637268
0.6783454418182373
0.6609286665916443
0.6478110551834106
Test Power of C2ST-D:  1.0
0.6895508170127869
0.6799424886703491
0.6593852639198303
0.6409032344818115
0.6272314190864563
Test Power of C2ST-D:  1.0
0.6873470544815063
0.6805720925331116
0.6647332310676575
0.6534401178359985
0.6400102972984314
Test Power of C2ST-D:  0.98
0.6888607740402222
0.6766372323036194
0.6503108143806458
0.6356616616249084
0.6209407448768616
Test Power of C2ST-D:  1.0
0.6876931190490723
0.6809875965118408
0.6717576384544373
0.650253176689148
0.6361726522445679
Test Power of C2ST-D:  1.0
0.6899553537368774
0.6821857690811157
0.6632993221282959
0.6473714709281921
0.6356289386749268
Test Power of C2ST-D:  1.0
0.6898751258850098
0.6814426183700562
0.6740055680274963
0.6550003290176392
0.6411460041999817
Test Power of C2ST-D:  1.0
0.6892296671867371
0.6849066615104675
0.6807937622070312
0.6699771285057068
0.6514962911605835
Test Power of C2ST-D:  0.72
0.6902580857276917
0.6834020018577576
0.6700249314308167
0.6502924561500549
0.637864887714386
Test Power of C2ST-D:  1.0
0.6910353302955627
0.6842741966247559
0.6772809624671936
0.6563050746917725
0.642727792263031
Test Power of C2ST-D:  1.0
0.6896664500236511
0.6829480528831482
0.6765503883361816
0.6605780124664307
0.6476364135742188
Test Power of C2ST-D:  1.0
0.6898705363273621
0.6791629195213318
0.6661750078201294
0.6484940052032471
0.6347954869270325
Test Power of C2ST-D:  1.0
0.6891574263572693
0.6790104508399963
0.6585597991943359
0.643032431602478
0.632853627204895
Test Power of C2ST-D:  1.0
0.6879881620407104
0.6794484257698059
0.6593995094299316
0.6438610553741455
0.6305875778198242
Test Power of C2ST-D:  1.0
0.6876398324966431
0.6805975437164307
0.6623209118843079
0.6521232724189758
0.6424621343612671
Test Power of C2ST-D:  1.0
0.6891834139823914
0.6832858920097351
0.6782001852989197
0.6574640870094299
0.6452714800834656
Test Power of C2ST-D:  1.0
0.690493106842041
0.6838492155075073
0.6625593900680542
0.6513227224349976
0.6328445076942444
Test Power of C2ST-D:  1.0
0.6906891465187073
0.6823968291282654
0.6707636713981628
0.6518546938896179
0.6395142078399658
Test Power of C2ST-D:  1.0
0.6917047500610352
0.6845695972442627
0.679155170917511
0.6629610061645508
0.6518310308456421
Test Power of C2ST-D:  1.0
0.6890186071395874
0.6830296516418457
0.6648756861686707
0.6482008099555969
0.6347253322601318
Test Power of C2ST-D:  1.0
0.691464900970459
0.6873428821563721
0.6726648807525635
0.6553437113761902
0.6439201235771179
Test Power of C2ST-D:  1.0
0.6897050738334656
0.6828455328941345
0.6766155958175659
0.6535707116127014
0.6379976272583008
Test Power of C2ST-D:  1.0
0.689426600933075
0.6835996508598328
0.6629536151885986
0.6499910354614258
0.6408483982086182
Test Power of C2ST-D:  1.0
0.6884035468101501
0.6810867190361023
0.6611770391464233
0.6472018957138062
0.6357268691062927
Test Power of C2ST-D:  1.0
0.6903643608093262
0.685668408870697
0.6799803376197815
0.667890727519989
0.6581007242202759
Test Power of C2ST-D:  1.0
0.6878654956817627
0.6794030666351318
0.661225438117981
0.6437855362892151
0.6319654583930969
Test Power of C2ST-D:  1.0
0.6902709007263184
0.684432864189148
0.6778106093406677
0.6608791947364807
0.6451035141944885
Test Power of C2ST-D:  1.0
0.6911185383796692
0.6849121451377869
0.6709400415420532
0.6533463597297668
0.6429886221885681
Test Power of C2ST-D:  1.0
0.6910160183906555
0.6864072680473328
0.6817769408226013
0.6675767302513123
0.6488747596740723
Test Power of C2ST-D:  1.0
0.688736617565155
0.6801823377609253
0.6654168367385864
0.6538870930671692
0.6427052617073059
Test Power of C2ST-D:  1.0
0.6879339218139648
0.6821380257606506
0.662837564945221
0.6499891877174377
0.6389106512069702
Test Power of C2ST-D:  1.0
0.6900131106376648
0.6806374192237854
0.6661096811294556
0.6465352773666382
0.6300434470176697
Test Power of C2ST-D:  0.97
0.6916250586509705
0.6869948506355286
0.6811729669570923
0.659642219543457
0.6415395736694336
Test Power of C2ST-D:  1.0
0.687727153301239
0.6814101338386536
0.6648076772689819
0.6503147482872009
0.631965696811676
Test Power of C2ST-D:  1.0
0.6901891827583313
0.6809276342391968
0.6720043420791626
0.6468817591667175
0.6343145370483398
Test Power of C2ST-D:  1.0
0.6894658207893372
0.6810976266860962
0.6680443286895752
0.6575217247009277
0.6451963186264038
Test Power of C2ST-D:  0.7
0.6885657906532288
0.6812223792076111
0.6718741059303284
0.6507476568222046
0.637568473815918
Test Power of C2ST-D:  1.0
0.6891785860061646
0.6829071044921875
0.6627121567726135
0.6522233486175537
0.6444169878959656
Test Power of C2ST-D:  1.0
0.6903249025344849
0.6809711456298828
0.6652060747146606
0.6486250162124634
0.6350358724594116
Test Power of C2ST-D:  1.0
0.6906846165657043
0.6765056848526001
0.6618170142173767
0.6508344411849976
0.6387928128242493
Test Power of C2ST-D:  1.0
0.6885140538215637
0.6822941303253174
0.6678858995437622
0.6529204845428467
0.639268696308136
Test Power of C2ST-D:  1.0
0.6872928738594055
0.6822944283485413
0.6700719594955444
0.6476718187332153
0.6369326114654541
Test Power of C2ST-D:  1.0
0.6892412304878235
0.6843422651290894
0.6782863736152649
0.6644927859306335
0.6560898423194885
Test Power of C2ST-D:  0.96


=====================================================
Average test power at training size =  1000  :  0.9741
=====================================================


0.6899145245552063
0.6838580369949341
0.6726946830749512
0.6591145992279053
0.6623423099517822
Test Power of C2ST-D:  1.0
0.6881641745567322
0.6789736151695251
0.6605628132820129
0.6525110006332397
0.6450153589248657
Test Power of C2ST-D:  1.0
0.6903048157691956
0.68088698387146
0.6689781546592712
0.6587507128715515
0.6465501189231873
Test Power of C2ST-D:  1.0
0.6889441609382629
0.6780378222465515
0.6634476780891418
0.6518980264663696
0.6537716388702393
Test Power of C2ST-D:  1.0
0.6907250285148621
0.6824069619178772
0.6720340251922607
0.6604013442993164
0.6444926261901855
Test Power of C2ST-D:  1.0
0.689186692237854
0.6824632287025452
0.6677981019020081
0.6535610556602478
0.6425732374191284
Test Power of C2ST-D:  1.0
0.6908475160598755
0.6863806247711182
0.6735920906066895
0.662444531917572
0.6531035304069519
Test Power of C2ST-D:  1.0
0.689009964466095
0.683089554309845
0.6714643836021423
0.6591413617134094
0.6476922631263733
Test Power of C2ST-D:  1.0
0.6894873380661011
0.6732984781265259
0.6623727083206177
0.6558552980422974
0.6569891571998596
Test Power of C2ST-D:  1.0
0.688951313495636
0.672252357006073
0.6617025136947632
0.6464977860450745
0.6351948976516724
Test Power of C2ST-D:  1.0
0.6900372505187988
0.6825780868530273
0.6662511825561523
0.6514052748680115
0.641426682472229
Test Power of C2ST-D:  1.0
0.6898890137672424
0.6803877353668213
0.6638530492782593
0.6539987325668335
0.6538316607475281
Test Power of C2ST-D:  1.0
0.6886072754859924
0.6790913343429565
0.6627573370933533
0.651741087436676
0.6423411965370178
Test Power of C2ST-D:  1.0
0.6913472414016724
0.6837714314460754
0.6653019785881042
0.6534038782119751
0.6601866483688354
Test Power of C2ST-D:  1.0
0.6887013912200928
0.6853951811790466
0.6779175996780396
0.6586271524429321
0.646511971950531
Test Power of C2ST-D:  1.0
0.6897817254066467
0.6783980131149292
0.6610161066055298
0.6529557108879089
0.6418898105621338
Test Power of C2ST-D:  1.0
0.6876571178436279
0.6696057319641113
0.6564232110977173
0.64410400390625
0.6346703767776489
Test Power of C2ST-D:  1.0
0.6904520392417908
0.683587372303009
0.6681573987007141
0.6552737951278687
0.6421405076980591
Test Power of C2ST-D:  1.0
0.688665509223938
0.6775110960006714
0.6535091996192932
0.6457645893096924
0.6366425156593323
Test Power of C2ST-D:  1.0
0.6868539452552795
0.680645763874054
0.6659998297691345
0.6591309905052185
0.6546128988265991
Test Power of C2ST-D:  1.0
0.6898893117904663
0.6827934384346008
0.6731371879577637
0.6580209136009216
0.65096116065979
Test Power of C2ST-D:  1.0
0.6902105808258057
0.6830378174781799
0.6715283393859863
0.6615831255912781
0.6601341366767883
Test Power of C2ST-D:  1.0
0.6904349327087402
0.6840952038764954
0.667689323425293
0.6540455222129822
0.6456117033958435
Test Power of C2ST-D:  1.0
0.6893795132637024
0.6781378984451294
0.6659033298492432
0.6480301022529602
0.6431300044059753
Test Power of C2ST-D:  1.0
0.6889640092849731
0.6808844208717346
0.6639847159385681
0.6527533531188965
0.6453531980514526
Test Power of C2ST-D:  1.0
0.6877310276031494
0.6818262338638306
0.6702178716659546
0.6545995473861694
0.6405254602432251
Test Power of C2ST-D:  1.0
0.6892826557159424
0.6801860332489014
0.6648561358451843
0.653242826461792
0.6419206261634827
Test Power of C2ST-D:  1.0
0.6904683709144592
0.681108295917511
0.6629244089126587
0.6538426876068115
0.651715099811554
Test Power of C2ST-D:  1.0
0.6900136470794678
0.6840046644210815
0.6660833358764648
0.6498491764068604
0.6406631469726562
Test Power of C2ST-D:  1.0
0.6894547939300537
0.6783521771430969
0.6710413098335266
0.6584118008613586
0.6591455340385437
Test Power of C2ST-D:  1.0
0.6885614991188049
0.6843470931053162
0.6767560839653015
0.6549530029296875
0.6473948359489441
Test Power of C2ST-D:  1.0
0.6852820515632629
0.6694469451904297
0.6612792015075684
0.6498895287513733
0.643814742565155
Test Power of C2ST-D:  1.0
0.6892613768577576
0.6836192607879639
0.6658576130867004
0.653130054473877
0.6401960253715515
Test Power of C2ST-D:  1.0
0.6876590251922607
0.6825746297836304
0.6629956364631653
0.6516989469528198
0.6554160118103027
Test Power of C2ST-D:  1.0
0.6904665231704712
0.6853084564208984
0.6624960899353027
0.6528699994087219
0.6456935405731201
Test Power of C2ST-D:  1.0
0.688373863697052
0.674065113067627
0.6629759073257446
0.6534320712089539
0.648984432220459
Test Power of C2ST-D:  1.0
0.6879000663757324
0.6826322078704834
0.664511501789093
0.652989387512207
0.6475201845169067
Test Power of C2ST-D:  1.0
0.689873218536377
0.6829751133918762
0.6694360375404358
0.6535607576370239
0.6461312770843506
Test Power of C2ST-D:  1.0
0.6891132593154907
0.679503858089447
0.6678781509399414
0.6582440733909607
0.6541067361831665
Test Power of C2ST-D:  1.0
0.6898700594902039
0.6827901601791382
0.6670055389404297
0.6565109491348267
0.6531657576560974
Test Power of C2ST-D:  1.0
0.6891710162162781
0.6766360402107239
0.6611958742141724
0.644941508769989
0.6353142857551575
Test Power of C2ST-D:  1.0
0.6889534592628479
0.6808054447174072
0.6666340231895447
0.6521009206771851
0.6380490064620972
Test Power of C2ST-D:  1.0
0.6885245442390442
0.6785972118377686
0.6656838059425354
0.6486776471138
0.6462234258651733
Test Power of C2ST-D:  1.0
0.6893810033798218
0.6844717264175415
0.6697202324867249
0.6549748778343201
0.645513653755188
Test Power of C2ST-D:  1.0
0.689700722694397
0.6825011968612671
0.6751290559768677
0.6566699743270874
0.6611469984054565
Test Power of C2ST-D:  1.0
0.690396785736084
0.6830154061317444
0.6679111123085022
0.6571242213249207
0.663108229637146
Test Power of C2ST-D:  1.0
0.6896915435791016
0.677901029586792
0.6642849445343018
0.6565280556678772
0.6572751402854919
Test Power of C2ST-D:  1.0
0.6899967789649963
0.6809949278831482
0.6625421047210693
0.6496453285217285
0.6444635391235352
Test Power of C2ST-D:  1.0
0.6893138885498047
0.6810030341148376
0.6675499081611633
0.6592980027198792
0.6591196060180664
Test Power of C2ST-D:  1.0
0.6860336661338806
0.6620637774467468
0.6552637815475464
0.6395297646522522
0.6296734809875488
Test Power of C2ST-D:  1.0
0.6888560056686401
0.6752089858055115
0.6652068495750427
0.6521994471549988
0.6421353816986084
Test Power of C2ST-D:  1.0
0.6893362402915955
0.6690289974212646
0.6600475311279297
0.6474546194076538
0.6381639242172241
Test Power of C2ST-D:  1.0
0.6888731718063354
0.6800258755683899
0.6654855012893677
0.6567069292068481
0.6462600827217102
Test Power of C2ST-D:  1.0
0.6893389225006104
0.6753116250038147
0.6610396504402161
0.643433690071106
0.6332239508628845
Test Power of C2ST-D:  1.0
0.688244640827179
0.6761553287506104
0.6623907685279846
0.6518965363502502
0.6441052556037903
Test Power of C2ST-D:  1.0
0.689338743686676
0.6835312247276306
0.6580200791358948
0.6475787162780762
0.641630232334137
Test Power of C2ST-D:  1.0
0.6907077431678772
0.6806239485740662
0.6567326784133911
0.6419395208358765
0.6296239495277405
Test Power of C2ST-D:  1.0
0.6894050240516663
0.6792309284210205
0.6679942011833191
0.654059648513794
0.6439757943153381
Test Power of C2ST-D:  1.0
0.6889771819114685
0.6820210814476013
0.6665385365486145
0.6516941785812378
0.6565338373184204
Test Power of C2ST-D:  1.0
0.689368724822998
0.684661328792572
0.6667100787162781
0.6523593664169312
0.6406896114349365
Test Power of C2ST-D:  0.98
0.6898210644721985
0.6847919821739197
0.6699007749557495
0.6501020789146423
0.6397274136543274
Test Power of C2ST-D:  1.0
0.6892831325531006
0.6812496781349182
0.6645498275756836
0.655855655670166
0.6494030952453613
Test Power of C2ST-D:  1.0
0.6898379921913147
0.6849460005760193
0.6727823615074158
0.6593618988990784
0.6546500325202942
Test Power of C2ST-D:  1.0
0.6876829862594604
0.6762194633483887
0.6664133071899414
0.6560223698616028
0.6430934071540833
Test Power of C2ST-D:  1.0
0.6893572211265564
0.6810901165008545
0.6710251569747925
0.6578034162521362
0.6421599388122559
Test Power of C2ST-D:  1.0
0.6877890825271606
0.680131733417511
0.6672331094741821
0.6560032367706299
0.6480294466018677
Test Power of C2ST-D:  1.0
0.6869961619377136
0.6755895614624023
0.6602675914764404
0.6557062268257141
0.6543080806732178
Test Power of C2ST-D:  1.0
0.6880477070808411
0.6816202998161316
0.6606987118721008
0.6467843055725098
0.6407236456871033
Test Power of C2ST-D:  1.0
0.6901686787605286
0.6801521182060242
0.6667800545692444
0.6541468501091003
0.6563287377357483
Test Power of C2ST-D:  1.0
0.689982533454895
0.6850695610046387
0.6653422117233276
0.6544547080993652
0.6587655544281006
Test Power of C2ST-D:  1.0
0.6899141669273376
0.6841502785682678
0.6726502180099487
0.655445396900177
0.6391093134880066
Test Power of C2ST-D:  1.0
0.6900639533996582
0.6799143552780151
0.6622434854507446
0.6533047556877136
0.6511218547821045
Test Power of C2ST-D:  1.0
0.689263105392456
0.6797962188720703
0.6661500930786133
0.6572290062904358
0.6582006216049194
Test Power of C2ST-D:  1.0
0.6870737075805664
0.6759798526763916
0.6527782678604126
0.6384323835372925
0.6268437504768372
Test Power of C2ST-D:  1.0
0.6897144317626953
0.6801270246505737
0.6666430830955505
0.6509032845497131
0.6436483263969421
Test Power of C2ST-D:  1.0
0.6864345669746399
0.6750510334968567
0.6633743643760681
0.655168890953064
0.6425401568412781
Test Power of C2ST-D:  1.0
0.6894218325614929
0.6827371716499329
0.6616606712341309
0.6495211720466614
0.6457937955856323
Test Power of C2ST-D:  1.0
0.6891947388648987
0.6837942600250244
0.6674611568450928
0.6580771803855896
0.6544413566589355
Test Power of C2ST-D:  1.0
0.6887008547782898
0.6810094714164734
0.6701287031173706
0.658024251461029
0.6488727331161499
Test Power of C2ST-D:  1.0
0.6890345811843872
0.6821113228797913
0.6634762287139893
0.6513516902923584
0.6414191126823425
Test Power of C2ST-D:  1.0
0.6885595917701721
0.6746405363082886
0.6605932116508484
0.6517297625541687
0.6545217037200928
Test Power of C2ST-D:  1.0
0.6875154376029968
0.6794911026954651
0.6659811735153198
0.651996374130249
0.6407134532928467
Test Power of C2ST-D:  1.0
0.6887848377227783
0.6742766499519348
0.6572727560997009
0.6422366499900818
0.6305440664291382
Test Power of C2ST-D:  1.0
0.6887487173080444
0.6832070350646973
0.6715275049209595
0.6585161685943604
0.6481910347938538
Test Power of C2ST-D:  1.0
0.6897646188735962
0.6831626296043396
0.6668452620506287
0.6506471037864685
0.6415179967880249
Test Power of C2ST-D:  1.0
0.6892904043197632
0.6837408542633057
0.6703060269355774
0.6539502739906311
0.6362432241439819
Test Power of C2ST-D:  1.0
0.6883014440536499
0.6788323521614075
0.6589903235435486
0.6441764235496521
0.6338780522346497
Test Power of C2ST-D:  1.0
0.6880208253860474
0.6844237446784973
0.6693826913833618
0.6557496190071106
0.6515210270881653
Test Power of C2ST-D:  1.0
0.6876358389854431
0.673730731010437
0.6604702472686768
0.6420584321022034
0.6325308680534363
Test Power of C2ST-D:  1.0
0.6900898218154907
0.686731219291687
0.6759166121482849
0.6615285277366638
0.6589081287384033
Test Power of C2ST-D:  1.0
0.6901084184646606
0.6838185787200928
0.6685463190078735
0.6540667414665222
0.6425763964653015
Test Power of C2ST-D:  1.0
0.6884068846702576
0.6841492652893066
0.66994309425354
0.6563131213188171
0.6538587808609009
Test Power of C2ST-D:  1.0
0.6878253817558289
0.6749737858772278
0.6634207963943481
0.6537298560142517
0.6607937812805176
Test Power of C2ST-D:  1.0
0.6895948052406311
0.6834412217140198
0.6700119972229004
0.6549534201622009
0.6554334759712219
Test Power of C2ST-D:  1.0
0.6888833045959473
0.6797447204589844
0.6678805947303772
0.6547955870628357
0.6421911716461182
Test Power of C2ST-D:  1.0
0.6904618740081787
0.6827976703643799
0.6626757979393005
0.6463924050331116
0.6338223814964294
Test Power of C2ST-D:  1.0
0.6866931915283203
0.6740269660949707
0.659419596195221
0.650617778301239
0.6407593488693237
Test Power of C2ST-D:  1.0
0.6900625824928284
0.6800781488418579
0.6646026968955994
0.6510944962501526
0.6400724649429321
Test Power of C2ST-D:  1.0
0.6898564696311951
0.6845337152481079
0.6629298329353333
0.650748610496521
0.6391777992248535
Test Power of C2ST-D:  1.0
0.6904900670051575
0.6806021332740784
0.666103720664978
0.656423807144165
0.6550977826118469
Test Power of C2ST-D:  1.0


=====================================================
Average test power at training size =  1250  :  0.9998
=====================================================



-----------------------------------------------

Finished with execution of c2st_HDGM.py script

-----------------------------------------------

Job ID           : 55091450
Cluster          : spartan
User/Project     : xunyet/punim2112
Nodes            : 1
Wall-clock time  : 02:40:43 / 1-00:00:00

Displaying overall resources usage from 2024-01-13 00:25:26 to 2024-01-13 03:06:09:

NODE            CPU#        TOT%   ( USR   / SYS   / WIO   / IDLE  ) 

spartan-gpgpu095 : 
                CPU# 1    : 26.7   (  26.0 /   0.7 /   0.0 /  73.3 ) 
                CPU# 2    : 30.4   (  29.6 /   0.8 /   0.0 /  69.6 ) 
                CPU# 3    : 18.0   (  17.1 /   0.9 /   0.0 /  82.0 ) 
                CPU# 4    : 28.2   (  27.4 /   0.8 /   0.0 /  71.8 ) 

                GPU# 1    : 23.1  


Allocated CPUs            : 4    
  CPUs with usage <25%    : 1    
  CPUs with usage <50%    : 3    
  CPUs with usage >50%    : 0    


Allocated GPUs            : 1    
  GPUs with usage <25%    : 1    
  GPUs with usage <50%    : 0    
  GPUs with usage >50%    : 0    

Memory used (RAM)         : 32.6%  [2801MB of 8590MB]

--------------------------------------------

