device: cuda:0
Epoch [60/320], Loss: 0.0001
Epoch [120/320], Loss: 0.0000
Epoch [180/320], Loss: 0.0000
Epoch [240/320], Loss: 0.0000
Epoch [300/320], Loss: 0.0006
0.6826989054679871
0.6822443604469299
0.6826631426811218
0.6826989054679871
0.6808269619941711
Test Power of C2ST-L:  1.0
Epoch [60/320], Loss: 0.0001
Epoch [120/320], Loss: 0.0012
Epoch [180/320], Loss: 0.0001
Epoch [240/320], Loss: 0.0000
Epoch [300/320], Loss: 0.0005
0.6814833283424377
0.6807751655578613
0.6814646124839783
0.6814141273498535
0.6797298789024353
Test Power of C2ST-L:  1.0
Epoch [60/320], Loss: 0.0018
Epoch [120/320], Loss: 0.0000
Epoch [180/320], Loss: 0.0000
Epoch [240/320], Loss: 0.0001
Epoch [300/320], Loss: 0.0000
0.6827598214149475
0.6808546185493469
0.6810036897659302
0.6810103058815002
0.6802237033843994
Test Power of C2ST-L:  1.0
Epoch [60/320], Loss: 0.0001
Epoch [120/320], Loss: 0.0000
Epoch [180/320], Loss: 0.0001
Epoch [240/320], Loss: 0.0000
Epoch [300/320], Loss: 0.0001
0.6831088066101074
0.6818098425865173
0.6831685304641724
0.6813347935676575
0.6801013350486755
Test Power of C2ST-L:  1.0
Epoch [60/320], Loss: 0.0001
Epoch [120/320], Loss: 0.0000
Epoch [180/320], Loss: 0.0000
Epoch [240/320], Loss: 0.0000
Epoch [300/320], Loss: 0.0005
0.6845712065696716
0.6839436888694763
0.6856531500816345
0.6840663552284241
0.682214081287384
Test Power of C2ST-L:  1.0
Epoch [60/320], Loss: 0.0002
Epoch [120/320], Loss: 0.0000
Epoch [180/320], Loss: 0.0012
Epoch [240/320], Loss: 0.0001
Epoch [300/320], Loss: 0.0001
0.6827583909034729
0.6821779608726501
0.6829507946968079
0.6820250749588013
0.6795542240142822
Test Power of C2ST-L:  1.0
Epoch [60/320], Loss: 0.0001
Epoch [120/320], Loss: 0.0002
Epoch [180/320], Loss: 0.0000
Epoch [240/320], Loss: 0.0000
Epoch [300/320], Loss: 0.0000
0.6834350824356079
0.6822525262832642
0.6839596033096313
0.6818777918815613
0.6807763576507568
Test Power of C2ST-L:  1.0
Epoch [60/320], Loss: 0.0001
Epoch [120/320], Loss: 0.0000
Epoch [180/320], Loss: 0.0003
Epoch [240/320], Loss: 0.0001
Epoch [300/320], Loss: 0.0000
0.6809948682785034
0.6801518797874451
0.6794545650482178
0.6800564527511597
0.6776900887489319
Test Power of C2ST-L:  1.0
Epoch [60/320], Loss: 0.0001
Epoch [120/320], Loss: 0.0001
Epoch [180/320], Loss: 0.0003
Epoch [240/320], Loss: 0.0000
Epoch [300/320], Loss: 0.0001
0.6832775473594666
0.6818455457687378
0.6828432083129883
0.6808604598045349
0.6797577738761902
Test Power of C2ST-L:  1.0
Epoch [60/320], Loss: 0.0001
Epoch [120/320], Loss: 0.0000
Epoch [180/320], Loss: 0.0000
Epoch [240/320], Loss: 0.0000
Epoch [300/320], Loss: 0.0000
0.6851937770843506
0.684121310710907
0.6843848824501038
0.6831971406936646
0.6814919710159302
Test Power of C2ST-L:  1.0
Epoch [60/320], Loss: 0.0006
Epoch [120/320], Loss: 0.0000
Epoch [180/320], Loss: 0.0000
Epoch [240/320], Loss: 0.0000
Epoch [300/320], Loss: 0.0000
0.6795362234115601
0.6791923642158508
0.6787948608398438
0.6764438152313232
0.6748074889183044
Test Power of C2ST-L:  1.0
Epoch [60/320], Loss: 0.0001
Epoch [120/320], Loss: 0.0004
Epoch [180/320], Loss: 0.0000
Epoch [240/320], Loss: 0.0000
Epoch [300/320], Loss: 0.0000
0.6849290132522583
0.6857749223709106
0.685127317905426
0.6833149790763855
0.6812339425086975
Test Power of C2ST-L:  1.0
Epoch [60/320], Loss: 0.0046
Epoch [120/320], Loss: 0.0004
Epoch [180/320], Loss: 0.0000
Epoch [240/320], Loss: 0.0000
Epoch [300/320], Loss: 0.0001
0.6804348826408386
0.6791383624076843
0.6802268624305725
0.6805573105812073
0.6777921319007874
Test Power of C2ST-L:  1.0
Epoch [60/320], Loss: 0.0001
Epoch [120/320], Loss: 0.0006
Epoch [180/320], Loss: 0.0001
Epoch [240/320], Loss: 0.0001
Epoch [300/320], Loss: 0.0000
0.6816795468330383
0.6823903918266296
0.6831365823745728
0.6792593002319336
0.6792131066322327
Test Power of C2ST-L:  1.0
Epoch [60/320], Loss: 0.0001
Epoch [120/320], Loss: 0.0000
Epoch [180/320], Loss: 0.0000
Epoch [240/320], Loss: 0.0001
Epoch [300/320], Loss: 0.0000
0.6803812384605408
0.6800454258918762
0.6798396706581116
0.6788538098335266
0.6778463125228882
Test Power of C2ST-L:  1.0
Epoch [60/320], Loss: 0.0002
Epoch [120/320], Loss: 0.0000
Epoch [180/320], Loss: 0.0000
Epoch [240/320], Loss: 0.0000
Epoch [300/320], Loss: 0.0000
0.6821410655975342
0.6825389266014099
0.683279812335968
0.6812293529510498
0.6794150471687317
Test Power of C2ST-L:  1.0
Epoch [60/320], Loss: 0.0001
Epoch [120/320], Loss: 0.0034
Epoch [180/320], Loss: 0.0000
Epoch [240/320], Loss: 0.0000
Epoch [300/320], Loss: 0.0001
0.6822077035903931
0.6816692352294922
0.6834366917610168
0.6808246374130249
0.6796870231628418
Test Power of C2ST-L:  1.0
Epoch [60/320], Loss: 0.0001
Epoch [120/320], Loss: 0.0000
Epoch [180/320], Loss: 0.0000
Epoch [240/320], Loss: 0.0000
Epoch [300/320], Loss: 0.0003
0.6829423308372498
0.6829203367233276
0.6828203201293945
0.6818652153015137
0.6803660988807678
Test Power of C2ST-L:  1.0
Epoch [60/320], Loss: 0.0046
Epoch [120/320], Loss: 0.0001
Epoch [180/320], Loss: 0.0001
Epoch [240/320], Loss: 0.0002
Epoch [300/320], Loss: 0.0000
0.6828950047492981
0.6834221482276917
0.6826364994049072
0.6819894313812256
0.6798569560050964
Test Power of C2ST-L:  1.0
Epoch [60/320], Loss: 0.0007
Epoch [120/320], Loss: 0.0000
Epoch [180/320], Loss: 0.0000
Epoch [240/320], Loss: 0.0000
Epoch [300/320], Loss: 0.0000
0.6830820441246033
0.6832590103149414
0.6824344992637634
0.6803862452507019
0.6783524751663208
Test Power of C2ST-L:  1.0
Epoch [60/320], Loss: 0.0001
Epoch [120/320], Loss: 0.0001
Epoch [180/320], Loss: 0.0000
Epoch [240/320], Loss: 0.0000
Epoch [300/320], Loss: 0.0000
0.6800776720046997
0.6801928281784058
0.6815617680549622
0.6780366897583008
0.6756581664085388
Test Power of C2ST-L:  1.0
Epoch [60/320], Loss: 0.0002
Epoch [120/320], Loss: 0.0000
Epoch [180/320], Loss: 0.0000
Epoch [240/320], Loss: 0.0000
Epoch [300/320], Loss: 0.0000
0.6835534572601318
0.6829801797866821
0.6836673617362976
0.6824000477790833
0.6806992888450623
Test Power of C2ST-L:  1.0
Epoch [60/320], Loss: 0.0002
Epoch [120/320], Loss: 0.0029
Epoch [180/320], Loss: 0.0000
Epoch [240/320], Loss: 0.0001
Epoch [300/320], Loss: 0.0003
0.6807224154472351
0.679423987865448
0.6806559562683105
0.6784868836402893
0.6776273846626282
Test Power of C2ST-L:  1.0
Epoch [60/320], Loss: 0.0007
Epoch [120/320], Loss: 0.0004
Epoch [180/320], Loss: 0.0000
Epoch [240/320], Loss: 0.0000
Epoch [300/320], Loss: 0.0001
0.6842584609985352
0.6836339235305786
0.6826170086860657
0.6814874410629272
0.6804327964782715
Test Power of C2ST-L:  1.0
Epoch [60/320], Loss: 0.0001
Epoch [120/320], Loss: 0.0000
Epoch [180/320], Loss: 0.0000
Epoch [240/320], Loss: 0.0000
Epoch [300/320], Loss: 0.0002
0.6855722665786743
0.6844726800918579
0.6842590570449829
0.6846993565559387
0.6829658150672913
Test Power of C2ST-L:  1.0
Epoch [60/320], Loss: 0.0004
Epoch [120/320], Loss: 0.0002
Epoch [180/320], Loss: 0.0000
Epoch [240/320], Loss: 0.0000
Epoch [300/320], Loss: 0.0000
0.6869522333145142
0.684933066368103
0.6845331192016602
0.6851467490196228
0.6828393340110779
Test Power of C2ST-L:  1.0
Epoch [60/320], Loss: 0.0001
Epoch [120/320], Loss: 0.0000
Epoch [180/320], Loss: 0.0000
Epoch [240/320], Loss: 0.0000
Epoch [300/320], Loss: 0.0004
0.6833428144454956
0.6828025579452515
0.6830191016197205
0.6807612180709839
0.6787551045417786
Test Power of C2ST-L:  1.0
Epoch [60/320], Loss: 0.0005
Epoch [120/320], Loss: 0.0000
Epoch [180/320], Loss: 0.0000
Epoch [240/320], Loss: 0.0000
Epoch [300/320], Loss: 0.0000
0.6867767572402954
0.6861781477928162
0.6851869225502014
0.6852986216545105
0.6839402914047241
Test Power of C2ST-L:  1.0
Epoch [60/320], Loss: 0.0006
Epoch [120/320], Loss: 0.0001
Epoch [180/320], Loss: 0.0000
Epoch [240/320], Loss: 0.0001
Epoch [300/320], Loss: 0.0002
0.6819478273391724
0.6811900734901428
0.6812859773635864
0.6811815500259399
0.6792023181915283
Test Power of C2ST-L:  1.0
Epoch [60/320], Loss: 0.0001
Epoch [120/320], Loss: 0.0000
Epoch [180/320], Loss: 0.0003
Epoch [240/320], Loss: 0.0001
Epoch [300/320], Loss: 0.0000
0.6806191205978394
0.6818481683731079
0.6818390488624573
0.6800521612167358
0.6784993410110474
Test Power of C2ST-L:  1.0
Epoch [60/320], Loss: 0.0001
Epoch [120/320], Loss: 0.0001
Epoch [180/320], Loss: 0.0004
Epoch [240/320], Loss: 0.0005
Epoch [300/320], Loss: 0.0001
0.6817801594734192
0.6819058060646057
0.6832411885261536
0.6790015697479248
0.6778576374053955
Test Power of C2ST-L:  1.0
Epoch [60/320], Loss: 0.0001
Epoch [120/320], Loss: 0.0001
Epoch [180/320], Loss: 0.0002
Epoch [240/320], Loss: 0.0000
Epoch [300/320], Loss: 0.0001
0.6823281049728394
0.6807711124420166
0.681272029876709
0.6809333562850952
0.6788933277130127
Test Power of C2ST-L:  1.0
Epoch [60/320], Loss: 0.0001
Epoch [120/320], Loss: 0.0001
Epoch [180/320], Loss: 0.0000
Epoch [240/320], Loss: 0.0000
Epoch [300/320], Loss: 0.0000
0.6839451789855957
0.6820818781852722
0.6833916306495667
0.681834876537323
0.680574893951416
Test Power of C2ST-L:  1.0
Epoch [60/320], Loss: 0.0001
Epoch [120/320], Loss: 0.0000
Epoch [180/320], Loss: 0.0000
Epoch [240/320], Loss: 0.0001
Epoch [300/320], Loss: 0.0000
0.6845104694366455
0.6836155652999878
0.6827495098114014
0.6825045943260193
0.6810246706008911
Test Power of C2ST-L:  1.0
Epoch [60/320], Loss: 0.0009
Epoch [120/320], Loss: 0.0000
Epoch [180/320], Loss: 0.0002
Epoch [240/320], Loss: 0.0000
Epoch [300/320], Loss: 0.0000
0.685590386390686
0.6847124099731445
0.68556809425354
0.6831231117248535
0.6819214820861816
Test Power of C2ST-L:  1.0
Epoch [60/320], Loss: 0.0002
Epoch [120/320], Loss: 0.0000
Epoch [180/320], Loss: 0.0003
Epoch [240/320], Loss: 0.0000
Epoch [300/320], Loss: 0.0000
0.6852445602416992
0.6840591430664062
0.6837804913520813
0.6826763153076172
0.680834949016571
Test Power of C2ST-L:  1.0
Epoch [60/320], Loss: 0.0001
Epoch [120/320], Loss: 0.0003
Epoch [180/320], Loss: 0.0000
Epoch [240/320], Loss: 0.0000
Epoch [300/320], Loss: 0.0000
0.6859784126281738
0.6846197843551636
0.6841885447502136
0.6846473813056946
0.6829336881637573
Test Power of C2ST-L:  1.0
Epoch [60/320], Loss: 0.0007
Epoch [120/320], Loss: 0.0000
Epoch [180/320], Loss: 0.0000
Epoch [240/320], Loss: 0.0002
Epoch [300/320], Loss: 0.0002
0.6844218969345093
0.6848287582397461
0.6855061650276184
0.6834128499031067
0.6818934679031372
Test Power of C2ST-L:  1.0
Epoch [60/320], Loss: 0.0002
Epoch [120/320], Loss: 0.0000
Epoch [180/320], Loss: 0.0000
Epoch [240/320], Loss: 0.0000
Epoch [300/320], Loss: 0.0001
0.6812357902526855
0.6800295114517212
0.6805775761604309
0.6770367622375488
0.676167905330658
Test Power of C2ST-L:  1.0
Epoch [60/320], Loss: 0.0001
Epoch [120/320], Loss: 0.0000
Epoch [180/320], Loss: 0.0014
Epoch [240/320], Loss: 0.0000
Epoch [300/320], Loss: 0.0000
0.6853964924812317
0.6856776475906372
0.6841346621513367
0.6843693256378174
0.6816423535346985
Test Power of C2ST-L:  1.0
Epoch [60/320], Loss: 0.0001
Epoch [120/320], Loss: 0.0001
Epoch [180/320], Loss: 0.0000
Epoch [240/320], Loss: 0.0000
Epoch [300/320], Loss: 0.0000
0.6829355359077454
0.682799220085144
0.6832277774810791
0.6823307871818542
0.6808632612228394
Test Power of C2ST-L:  1.0
Epoch [60/320], Loss: 0.0001
Epoch [120/320], Loss: 0.0003
Epoch [180/320], Loss: 0.0000
Epoch [240/320], Loss: 0.0001
Epoch [300/320], Loss: 0.0000
0.6799333691596985
0.6811324954032898
0.6798405051231384
0.6792998909950256
0.678188681602478
Test Power of C2ST-L:  1.0
Epoch [60/320], Loss: 0.0006
Epoch [120/320], Loss: 0.0001
Epoch [180/320], Loss: 0.0003
Epoch [240/320], Loss: 0.0000
Epoch [300/320], Loss: 0.0005
0.6812466979026794
0.6816734671592712
0.681905210018158
0.6807137131690979
0.6785600781440735
Test Power of C2ST-L:  1.0
Epoch [60/320], Loss: 0.0005
Epoch [120/320], Loss: 0.0012
Epoch [180/320], Loss: 0.0001
Epoch [240/320], Loss: 0.0000
Epoch [300/320], Loss: 0.0002
0.6841609477996826
0.6844111084938049
0.6837915182113647
0.6825682520866394
0.6799063086509705
Test Power of C2ST-L:  1.0
Epoch [60/320], Loss: 0.0001
Epoch [120/320], Loss: 0.0000
Epoch [180/320], Loss: 0.0000
Epoch [240/320], Loss: 0.0000
Epoch [300/320], Loss: 0.0000
0.6821990609169006
0.6810474395751953
0.6811416149139404
0.680841863155365
0.6790444850921631
Test Power of C2ST-L:  1.0
Epoch [60/320], Loss: 0.0001
Epoch [120/320], Loss: 0.0004
Epoch [180/320], Loss: 0.0000
Epoch [240/320], Loss: 0.0001
Epoch [300/320], Loss: 0.0000
0.6831346154212952
0.6835114359855652
0.6823692917823792
0.6817958354949951
0.6802927851676941
Test Power of C2ST-L:  1.0
Epoch [60/320], Loss: 0.0001
Epoch [120/320], Loss: 0.0001
Epoch [180/320], Loss: 0.0000
Epoch [240/320], Loss: 0.0001
Epoch [300/320], Loss: 0.0000
0.6866841316223145
0.6847978830337524
0.6849256157875061
0.6840000152587891
0.6823140382766724
Test Power of C2ST-L:  1.0
Epoch [60/320], Loss: 0.0000
Epoch [120/320], Loss: 0.0000
Epoch [180/320], Loss: 0.0005
Epoch [240/320], Loss: 0.0000
Epoch [300/320], Loss: 0.0001
0.6805045008659363
0.6798115968704224
0.6810500621795654
0.6798519492149353
0.6782402396202087
Test Power of C2ST-L:  1.0
Epoch [60/320], Loss: 0.0001
Epoch [120/320], Loss: 0.0002
Epoch [180/320], Loss: 0.0015
Epoch [240/320], Loss: 0.0018
Epoch [300/320], Loss: 0.0001
0.6829994916915894
0.6832031607627869
0.6833634376525879
0.6825504302978516
0.6800436973571777
Test Power of C2ST-L:  1.0
Epoch [60/320], Loss: 0.0005
Epoch [120/320], Loss: 0.0000
Epoch [180/320], Loss: 0.0000
Epoch [240/320], Loss: 0.0000
Epoch [300/320], Loss: 0.0002
0.6828778982162476
0.6821651458740234
0.6819267272949219
0.6820223927497864
0.6802623271942139
Test Power of C2ST-L:  1.0
Epoch [60/320], Loss: 0.0001
Epoch [120/320], Loss: 0.0001
Epoch [180/320], Loss: 0.0000
Epoch [240/320], Loss: 0.0000
Epoch [300/320], Loss: 0.0001
0.6841367483139038
0.6833977699279785
0.6829522252082825
0.6824121475219727
0.6806291937828064
Test Power of C2ST-L:  1.0
Epoch [60/320], Loss: 0.0007
Epoch [120/320], Loss: 0.0000
Epoch [180/320], Loss: 0.0000
Epoch [240/320], Loss: 0.0002
Epoch [300/320], Loss: 0.0000
0.6827342510223389
0.6823615431785583
0.6833680868148804
0.6822501420974731
0.6801459789276123
Test Power of C2ST-L:  1.0
Epoch [60/320], Loss: 0.0001
Epoch [120/320], Loss: 0.0000
Epoch [180/320], Loss: 0.0002
Epoch [240/320], Loss: 0.0000
Epoch [300/320], Loss: 0.0000
0.6837358474731445
0.6841259002685547
0.6838988065719604
0.6817545294761658
0.6805472373962402
Test Power of C2ST-L:  1.0
Epoch [60/320], Loss: 0.0001
Epoch [120/320], Loss: 0.0000
Epoch [180/320], Loss: 0.0002
Epoch [240/320], Loss: 0.0002
Epoch [300/320], Loss: 0.0000
0.6820955276489258
0.6815966367721558
0.6809529066085815
0.6794737577438354
0.6773421168327332
Test Power of C2ST-L:  1.0
Epoch [60/320], Loss: 0.0001
Epoch [120/320], Loss: 0.0000
Epoch [180/320], Loss: 0.0001
Epoch [240/320], Loss: 0.0000
Epoch [300/320], Loss: 0.0000
0.6849988698959351
0.6834267377853394
0.6837641000747681
0.6819006204605103
0.6798412799835205
Test Power of C2ST-L:  1.0
Epoch [60/320], Loss: 0.0001
Epoch [120/320], Loss: 0.0000
Epoch [180/320], Loss: 0.0006
Epoch [240/320], Loss: 0.0001
Epoch [300/320], Loss: 0.0000
0.6799954175949097
0.6776267290115356
0.6775445938110352
0.677665650844574
0.6760690212249756
Test Power of C2ST-L:  1.0
Epoch [60/320], Loss: 0.0003
Epoch [120/320], Loss: 0.0001
Epoch [180/320], Loss: 0.0000
Epoch [240/320], Loss: 0.0001
Epoch [300/320], Loss: 0.0000
0.6837647557258606
0.6822607517242432
0.682113528251648
0.6822175979614258
0.6808720231056213
Test Power of C2ST-L:  1.0
Epoch [60/320], Loss: 0.0002
Epoch [120/320], Loss: 0.0000
Epoch [180/320], Loss: 0.0001
Epoch [240/320], Loss: 0.0002
Epoch [300/320], Loss: 0.0000
0.6829519271850586
0.683265745639801
0.6828963160514832
0.681604266166687
0.6797564625740051
Test Power of C2ST-L:  1.0
Epoch [60/320], Loss: 0.0001
Epoch [120/320], Loss: 0.0001
Epoch [180/320], Loss: 0.0000
Epoch [240/320], Loss: 0.0001
Epoch [300/320], Loss: 0.0000
0.6779698729515076
0.677020251750946
0.675910472869873
0.6748437285423279
0.6729916334152222
Test Power of C2ST-L:  1.0
Epoch [60/320], Loss: 0.0001
Epoch [120/320], Loss: 0.0001
Epoch [180/320], Loss: 0.0001
Epoch [240/320], Loss: 0.0004
Epoch [300/320], Loss: 0.0001
0.6819542646408081
0.6818605661392212
0.6820089817047119
0.6815482378005981
0.6802778244018555
Test Power of C2ST-L:  1.0
Epoch [60/320], Loss: 0.0000
Epoch [120/320], Loss: 0.0002
Epoch [180/320], Loss: 0.0002
Epoch [240/320], Loss: 0.0000
Epoch [300/320], Loss: 0.0000
0.6846879720687866
0.683498203754425
0.683648407459259
0.6831789612770081
0.6805766820907593
Test Power of C2ST-L:  1.0
Epoch [60/320], Loss: 0.0001
Epoch [120/320], Loss: 0.0000
Epoch [180/320], Loss: 0.0000
Epoch [240/320], Loss: 0.0000
Epoch [300/320], Loss: 0.0002
0.6833428740501404
0.6825146079063416
0.6818792819976807
0.6828926801681519
0.6808071136474609
Test Power of C2ST-L:  1.0
Epoch [60/320], Loss: 0.0002
Epoch [120/320], Loss: 0.0003
Epoch [180/320], Loss: 0.0008
Epoch [240/320], Loss: 0.0000
Epoch [300/320], Loss: 0.0001
0.6826696395874023
0.6820196509361267
0.6816195249557495
0.6817372441291809
0.6801022291183472
Test Power of C2ST-L:  1.0
Epoch [60/320], Loss: 0.0001
Epoch [120/320], Loss: 0.0000
Epoch [180/320], Loss: 0.0003
Epoch [240/320], Loss: 0.0000
Epoch [300/320], Loss: 0.0000
0.6825816035270691
0.6817518472671509
0.6826784610748291
0.6824911832809448
0.6809605956077576
Test Power of C2ST-L:  1.0
Epoch [60/320], Loss: 0.0001
Epoch [120/320], Loss: 0.0007
Epoch [180/320], Loss: 0.0000
Epoch [240/320], Loss: 0.0000
Epoch [300/320], Loss: 0.0000
0.684949517250061
0.6838964819908142
0.6839808821678162
0.683979332447052
0.6822828054428101
Test Power of C2ST-L:  1.0
Epoch [60/320], Loss: 0.0005
Epoch [120/320], Loss: 0.0001
Epoch [180/320], Loss: 0.0000
Epoch [240/320], Loss: 0.0000
Epoch [300/320], Loss: 0.0000
0.6839865446090698
0.683230459690094
0.6840060353279114
0.6831691265106201
0.6811577081680298
Test Power of C2ST-L:  1.0
Epoch [60/320], Loss: 0.0001
Epoch [120/320], Loss: 0.0000
Epoch [180/320], Loss: 0.0000
Epoch [240/320], Loss: 0.0010
Epoch [300/320], Loss: 0.0001
0.6808111071586609
0.6813884377479553
0.6819481253623962
0.6787315607070923
0.6776233315467834
Test Power of C2ST-L:  1.0
Epoch [60/320], Loss: 0.0012
Epoch [120/320], Loss: 0.0000
Epoch [180/320], Loss: 0.0001
Epoch [240/320], Loss: 0.0000
Epoch [300/320], Loss: 0.0000
0.6837212443351746
0.6819234490394592
0.6813700199127197
0.6807755827903748
0.6793327331542969
Test Power of C2ST-L:  1.0
Epoch [60/320], Loss: 0.0001
Epoch [120/320], Loss: 0.0000
Epoch [180/320], Loss: 0.0000
Epoch [240/320], Loss: 0.0000
Epoch [300/320], Loss: 0.0000
0.6806545257568359
0.6816717982292175
0.6811079382896423
0.6801854372024536
0.6789522767066956
Test Power of C2ST-L:  1.0
Epoch [60/320], Loss: 0.0001
Epoch [120/320], Loss: 0.0000
Epoch [180/320], Loss: 0.0000
Epoch [240/320], Loss: 0.0001
Epoch [300/320], Loss: 0.0000
0.6822264790534973
0.6839346885681152
0.6815722584724426
0.6811116337776184
0.6798102855682373
Test Power of C2ST-L:  1.0
Epoch [60/320], Loss: 0.0002
Epoch [120/320], Loss: 0.0000
Epoch [180/320], Loss: 0.0001
Epoch [240/320], Loss: 0.0001
Epoch [300/320], Loss: 0.0001
0.6832755208015442
0.6829281449317932
0.6849040389060974
0.6812264919281006
0.6805764436721802
Test Power of C2ST-L:  1.0
Epoch [60/320], Loss: 0.0001
Epoch [120/320], Loss: 0.0017
Epoch [180/320], Loss: 0.0000
Epoch [240/320], Loss: 0.0000
Epoch [300/320], Loss: 0.0000
0.6791519522666931
0.6785968542098999
0.6786063313484192
0.6782837510108948
0.6770621538162231
Test Power of C2ST-L:  1.0
Epoch [60/320], Loss: 0.0001
Epoch [120/320], Loss: 0.0000
Epoch [180/320], Loss: 0.0000
Epoch [240/320], Loss: 0.0000
Epoch [300/320], Loss: 0.0003
0.6807098984718323
0.6810556054115295
0.6805871725082397
0.67873615026474
0.6772480010986328
Test Power of C2ST-L:  1.0
Epoch [60/320], Loss: 0.0001
Epoch [120/320], Loss: 0.0000
Epoch [180/320], Loss: 0.0000
Epoch [240/320], Loss: 0.0000
Epoch [300/320], Loss: 0.0001
0.684180736541748
0.682745099067688
0.6828263401985168
0.6823307871818542
0.6800047755241394
Test Power of C2ST-L:  1.0
Epoch [60/320], Loss: 0.0001
Epoch [120/320], Loss: 0.0000
Epoch [180/320], Loss: 0.0000
Epoch [240/320], Loss: 0.0000
Epoch [300/320], Loss: 0.0000
0.6817036271095276
0.6815639734268188
0.6815494894981384
0.6814700961112976
0.6795160174369812
Test Power of C2ST-L:  1.0
Epoch [60/320], Loss: 0.0001
Epoch [120/320], Loss: 0.0001
Epoch [180/320], Loss: 0.0000
Epoch [240/320], Loss: 0.0000
Epoch [300/320], Loss: 0.0000
0.6855527758598328
0.6845285296440125
0.684475302696228
0.6837347149848938
0.682442307472229
Test Power of C2ST-L:  1.0
Epoch [60/320], Loss: 0.0002
Epoch [120/320], Loss: 0.0001
Epoch [180/320], Loss: 0.0000
Epoch [240/320], Loss: 0.0000
Epoch [300/320], Loss: 0.0005
0.682051956653595
0.6815038323402405
0.6833835244178772
0.6799295544624329
0.6790605187416077
Test Power of C2ST-L:  1.0
Epoch [60/320], Loss: 0.0001
Epoch [120/320], Loss: 0.0000
Epoch [180/320], Loss: 0.0000
Epoch [240/320], Loss: 0.0000
Epoch [300/320], Loss: 0.0000
0.6862881779670715
0.683958113193512
0.682589590549469
0.6824889183044434
0.6800203919410706
Test Power of C2ST-L:  1.0
Epoch [60/320], Loss: 0.0001
Epoch [120/320], Loss: 0.0000
Epoch [180/320], Loss: 0.0002
Epoch [240/320], Loss: 0.0001
Epoch [300/320], Loss: 0.0002
0.6824566125869751
0.6821766495704651
0.6849009990692139
0.6809848546981812
0.680308997631073
Test Power of C2ST-L:  1.0
Epoch [60/320], Loss: 0.0001
Epoch [120/320], Loss: 0.0001
Epoch [180/320], Loss: 0.0001
Epoch [240/320], Loss: 0.0000
Epoch [300/320], Loss: 0.0000
0.6854651570320129
0.6844116449356079
0.6846560835838318
0.6821931004524231
0.6812750697135925
Test Power of C2ST-L:  1.0
Epoch [60/320], Loss: 0.0001
Epoch [120/320], Loss: 0.0001
Epoch [180/320], Loss: 0.0000
Epoch [240/320], Loss: 0.0000
Epoch [300/320], Loss: 0.0000
0.6841050982475281
0.6830089092254639
0.682929277420044
0.6827210187911987
0.6814274191856384
Test Power of C2ST-L:  1.0
Epoch [60/320], Loss: 0.0003
Epoch [120/320], Loss: 0.0000
Epoch [180/320], Loss: 0.0000
Epoch [240/320], Loss: 0.0001
Epoch [300/320], Loss: 0.0000
0.6837610602378845
0.6848047971725464
0.6828757524490356
0.6816980242729187
0.6798583269119263
Test Power of C2ST-L:  1.0
Epoch [60/320], Loss: 0.0001
Epoch [120/320], Loss: 0.0000
Epoch [180/320], Loss: 0.0000
Epoch [240/320], Loss: 0.0008
Epoch [300/320], Loss: 0.0001
0.6811543703079224
0.6808691024780273
0.6810342073440552
0.6809756755828857
0.679405927658081
Test Power of C2ST-L:  1.0
Epoch [60/320], Loss: 0.0002
Epoch [120/320], Loss: 0.0001
Epoch [180/320], Loss: 0.0000
Epoch [240/320], Loss: 0.0000
Epoch [300/320], Loss: 0.0000
0.6832196712493896
0.682009756565094
0.682089626789093
0.680942177772522
0.6791796088218689
Test Power of C2ST-L:  1.0
Epoch [60/320], Loss: 0.0001
Epoch [120/320], Loss: 0.0000
Epoch [180/320], Loss: 0.0000
Epoch [240/320], Loss: 0.0000
Epoch [300/320], Loss: 0.0000
0.6817718148231506
0.6808156967163086
0.6795386075973511
0.6798672080039978
0.678286612033844
Test Power of C2ST-L:  1.0
Epoch [60/320], Loss: 0.0001
Epoch [120/320], Loss: 0.0000
Epoch [180/320], Loss: 0.0000
Epoch [240/320], Loss: 0.0011
Epoch [300/320], Loss: 0.0000
0.6812746524810791
0.6807411313056946
0.6802432537078857
0.679074764251709
0.6771064400672913
Test Power of C2ST-L:  1.0
Epoch [60/320], Loss: 0.0001
Epoch [120/320], Loss: 0.0000
Epoch [180/320], Loss: 0.0000
Epoch [240/320], Loss: 0.0000
Epoch [300/320], Loss: 0.0000
0.6807200908660889
0.6794403791427612
0.6807325482368469
0.679283618927002
0.6783343553543091
Test Power of C2ST-L:  1.0
Epoch [60/320], Loss: 0.0001
Epoch [120/320], Loss: 0.0000
Epoch [180/320], Loss: 0.0008
Epoch [240/320], Loss: 0.0002
Epoch [300/320], Loss: 0.0000
0.6828953623771667
0.6821182370185852
0.6820201277732849
0.6817743182182312
0.6809591054916382
Test Power of C2ST-L:  1.0
Epoch [60/320], Loss: 0.0001
Epoch [120/320], Loss: 0.0000
Epoch [180/320], Loss: 0.0001
Epoch [240/320], Loss: 0.0000
Epoch [300/320], Loss: 0.0000
0.684150218963623
0.6841831803321838
0.6835194230079651
0.6821649670600891
0.6809030175209045
Test Power of C2ST-L:  1.0
Epoch [60/320], Loss: 0.0001
Epoch [120/320], Loss: 0.0000
Epoch [180/320], Loss: 0.0000
Epoch [240/320], Loss: 0.0003
Epoch [300/320], Loss: 0.0000
0.6869561672210693
0.6866744756698608
0.6864930391311646
0.686622142791748
0.6855390667915344
Test Power of C2ST-L:  1.0
Epoch [60/320], Loss: 0.0005
Epoch [120/320], Loss: 0.0001
Epoch [180/320], Loss: 0.0000
Epoch [240/320], Loss: 0.0000
Epoch [300/320], Loss: 0.0001
0.6774163246154785
0.6773053407669067
0.6758227348327637
0.6759012937545776
0.674932062625885
Test Power of C2ST-L:  1.0
Epoch [60/320], Loss: 0.0001
Epoch [120/320], Loss: 0.0003
Epoch [180/320], Loss: 0.0000
Epoch [240/320], Loss: 0.0001
Epoch [300/320], Loss: 0.0000
0.682171642780304
0.684805154800415
0.6838577389717102
0.6814298033714294
0.6801779270172119
Test Power of C2ST-L:  1.0
Epoch [60/320], Loss: 0.0005
Epoch [120/320], Loss: 0.0000
Epoch [180/320], Loss: 0.0000
Epoch [240/320], Loss: 0.0000
Epoch [300/320], Loss: 0.0001
0.6840370893478394
0.684424638748169
0.6835476160049438
0.6825198531150818
0.6811650991439819
Test Power of C2ST-L:  1.0
Epoch [60/320], Loss: 0.0001
Epoch [120/320], Loss: 0.0000
Epoch [180/320], Loss: 0.0004
Epoch [240/320], Loss: 0.0001
Epoch [300/320], Loss: 0.0001
0.6825482845306396
0.6823756098747253
0.6804777979850769
0.6781175136566162
0.6771275997161865
Test Power of C2ST-L:  1.0
Epoch [60/320], Loss: 0.0001
Epoch [120/320], Loss: 0.0000
Epoch [180/320], Loss: 0.0021
Epoch [240/320], Loss: 0.0001
Epoch [300/320], Loss: 0.0000
0.6805376410484314
0.6792992949485779
0.6789323091506958
0.6764207482337952
0.675117015838623
Test Power of C2ST-L:  1.0
Epoch [60/320], Loss: 0.0002
Epoch [120/320], Loss: 0.0000
Epoch [180/320], Loss: 0.0000
Epoch [240/320], Loss: 0.0000
Epoch [300/320], Loss: 0.0000
0.6819952726364136
0.680618405342102
0.6813271045684814
0.6804672479629517
0.6793753504753113
Test Power of C2ST-L:  1.0
Epoch [60/320], Loss: 0.0004
Epoch [120/320], Loss: 0.0001
Epoch [180/320], Loss: 0.0000
Epoch [240/320], Loss: 0.0000
Epoch [300/320], Loss: 0.0000
0.6817829608917236
0.681580662727356
0.6817228198051453
0.6814377903938293
0.6801481246948242
Test Power of C2ST-L:  1.0
Epoch [60/320], Loss: 0.0001
Epoch [120/320], Loss: 0.0002
Epoch [180/320], Loss: 0.0005
Epoch [240/320], Loss: 0.0000
Epoch [300/320], Loss: 0.0001
0.682603120803833
0.6820005774497986
0.6836295127868652
0.6817794442176819
0.6805337071418762
Test Power of C2ST-L:  1.0
Epoch [60/320], Loss: 0.0006
Epoch [120/320], Loss: 0.0000
Epoch [180/320], Loss: 0.0002
Epoch [240/320], Loss: 0.0000
Epoch [300/320], Loss: 0.0000
0.6813072562217712
0.6807929277420044
0.6809534430503845
0.6804744005203247
0.679479718208313
Test Power of C2ST-L:  1.0
Epoch [60/320], Loss: 0.0002
Epoch [120/320], Loss: 0.0003
Epoch [180/320], Loss: 0.0000
Epoch [240/320], Loss: 0.0000
Epoch [300/320], Loss: 0.0004
0.6845689415931702
0.6836427450180054
0.6836473345756531
0.6840203404426575
0.6821252703666687
Test Power of C2ST-L:  1.0


=====================================================
Average test power at training size =  1250  :  1.0
=====================================================



-----------------------------------------------

Finished with execution of c2st_semi_HDGM.py script

-----------------------------------------------

Job ID           : 55586052
Cluster          : spartan
User/Project     : xunyet/punim2112
Nodes            : 1
Wall-clock time  : 01:21:59 / 1-00:00:00

Displaying overall resources usage from 2024-02-02 20:17:53 to 2024-02-02 21:39:52:

NODE            CPU#        TOT%   ( USR   / SYS   / WIO   / IDLE  ) 

spartan-gpgpu096 : 
                CPU# 1    : 44.1   (  43.4 /   0.8 /   0.0 /  55.9 ) 
                CPU# 2    : 19.3   (  18.4 /   0.9 /   0.0 /  80.7 ) 
                CPU# 3    : 17.7   (  16.8 /   0.9 /   0.0 /  82.3 ) 
                CPU# 4    : 27.3   (  26.5 /   0.8 /   0.0 /  72.7 ) 

                GPU# 1    : 30.3  


Allocated CPUs            : 4    
  CPUs with usage <25%    : 2    
  CPUs with usage <50%    : 2    
  CPUs with usage >50%    : 0    


Allocated GPUs            : 1    
  GPUs with usage <25%    : 0    
  GPUs with usage <50%    : 1    
  GPUs with usage >50%    : 0    

Memory used (RAM)         : 32.6%  [2802MB of 8590MB]

--------------------------------------------

