device: cuda:0
Epoch [60/400], Loss: 0.0001
Epoch [120/400], Loss: 0.0000
Epoch [180/400], Loss: 0.0000
Epoch [240/400], Loss: 0.0000
Epoch [300/400], Loss: 0.0000
Epoch [360/400], Loss: 0.0001
0.6844195127487183
0.6856722831726074
0.6866915225982666
0.6827232241630554
0.6819388270378113
Test Power of C2ST-L:  1.0
Epoch [60/400], Loss: 0.0001
Epoch [120/400], Loss: 0.0002
Epoch [180/400], Loss: 0.0001
Epoch [240/400], Loss: 0.0000
Epoch [300/400], Loss: 0.0000
Epoch [360/400], Loss: 0.0001
0.6833949089050293
0.6873376965522766
0.6850944757461548
0.6817390322685242
0.6812269687652588
Test Power of C2ST-L:  1.0
Epoch [60/400], Loss: 0.0004
Epoch [120/400], Loss: 0.0003
Epoch [180/400], Loss: 0.0003
Epoch [240/400], Loss: 0.0009
Epoch [300/400], Loss: 0.0000
Epoch [360/400], Loss: 0.0001
0.6841589212417603
0.6870355606079102
0.6864989995956421
0.6825860738754272
0.6805537939071655
Test Power of C2ST-L:  1.0
Epoch [60/400], Loss: 0.0003
Epoch [120/400], Loss: 0.0011
Epoch [180/400], Loss: 0.0001
Epoch [240/400], Loss: 0.0000
Epoch [300/400], Loss: 0.0000
Epoch [360/400], Loss: 0.0005
0.6824958324432373
0.6857512593269348
0.6804314255714417
0.6779993772506714
0.6769464612007141
Test Power of C2ST-L:  1.0
Epoch [60/400], Loss: 0.0001
Epoch [120/400], Loss: 0.0004
Epoch [180/400], Loss: 0.0001
Epoch [240/400], Loss: 0.0000
Epoch [300/400], Loss: 0.0000
Epoch [360/400], Loss: 0.0001
0.6810739040374756
0.6810658574104309
0.677093505859375
0.6773197650909424
0.6744334101676941
Test Power of C2ST-L:  1.0
Epoch [60/400], Loss: 0.0001
Epoch [120/400], Loss: 0.0000
Epoch [180/400], Loss: 0.0000
Epoch [240/400], Loss: 0.0000
Epoch [300/400], Loss: 0.0000
Epoch [360/400], Loss: 0.0000
0.6808226108551025
0.682616114616394
0.6837655901908875
0.6801177859306335
0.6786224246025085
Test Power of C2ST-L:  1.0
Epoch [60/400], Loss: 0.0005
Epoch [120/400], Loss: 0.0000
Epoch [180/400], Loss: 0.0000
Epoch [240/400], Loss: 0.0000
Epoch [300/400], Loss: 0.0001
Epoch [360/400], Loss: 0.0000
0.6851139068603516
0.6870139241218567
0.6837626099586487
0.6820769309997559
0.6805841326713562
Test Power of C2ST-L:  1.0
Epoch [60/400], Loss: 0.0002
Epoch [120/400], Loss: 0.0001
Epoch [180/400], Loss: 0.0000
Epoch [240/400], Loss: 0.0000
Epoch [300/400], Loss: 0.0000
Epoch [360/400], Loss: 0.0000
0.6814614534378052
0.6835646033287048
0.6815947890281677
0.6788485050201416
0.6784931421279907
Test Power of C2ST-L:  1.0
Epoch [60/400], Loss: 0.0002
Epoch [120/400], Loss: 0.0001
Epoch [180/400], Loss: 0.0000
Epoch [240/400], Loss: 0.0000
Epoch [300/400], Loss: 0.0004
Epoch [360/400], Loss: 0.0001
0.6835208535194397
0.6850968599319458
0.6829700469970703
0.6802600026130676
0.6788456439971924
Test Power of C2ST-L:  1.0
Epoch [60/400], Loss: 0.0002
Epoch [120/400], Loss: 0.0003
Epoch [180/400], Loss: 0.0004
Epoch [240/400], Loss: 0.0000
Epoch [300/400], Loss: 0.0000
Epoch [360/400], Loss: 0.0000
0.6846989989280701
0.6862512826919556
0.6853064894676208
0.681755006313324
0.6812052726745605
Test Power of C2ST-L:  1.0
Epoch [60/400], Loss: 0.0002
Epoch [120/400], Loss: 0.0001
Epoch [180/400], Loss: 0.0000
Epoch [240/400], Loss: 0.0000
Epoch [300/400], Loss: 0.0011
Epoch [360/400], Loss: 0.0000
0.6814625263214111
0.6839495301246643
0.6802141070365906
0.680903971195221
0.6779921054840088
Test Power of C2ST-L:  1.0
Epoch [60/400], Loss: 0.0002
Epoch [120/400], Loss: 0.0001
Epoch [180/400], Loss: 0.0000
Epoch [240/400], Loss: 0.0000
Epoch [300/400], Loss: 0.0000
Epoch [360/400], Loss: 0.0001
0.6860998868942261
0.689353883266449
0.6865087747573853
0.6833048462867737
0.6828821301460266
Test Power of C2ST-L:  1.0
Epoch [60/400], Loss: 0.0001
Epoch [120/400], Loss: 0.0001
Epoch [180/400], Loss: 0.0000
Epoch [240/400], Loss: 0.0000
Epoch [300/400], Loss: 0.0015
Epoch [360/400], Loss: 0.0000
0.686115562915802
0.6882142424583435
0.688694417476654
0.6848112940788269
0.6837664246559143
Test Power of C2ST-L:  1.0
Epoch [60/400], Loss: 0.0002
Epoch [120/400], Loss: 0.0001
Epoch [180/400], Loss: 0.0000
Epoch [240/400], Loss: 0.0000
Epoch [300/400], Loss: 0.0000
Epoch [360/400], Loss: 0.0000
0.6837791204452515
0.6851049661636353
0.6849448084831238
0.6827114224433899
0.68095862865448
Test Power of C2ST-L:  1.0
Epoch [60/400], Loss: 0.0001
Epoch [120/400], Loss: 0.0000
Epoch [180/400], Loss: 0.0000
Epoch [240/400], Loss: 0.0004
Epoch [300/400], Loss: 0.0001
Epoch [360/400], Loss: 0.0000
0.6846909523010254
0.688271701335907
0.6864202618598938
0.6825329065322876
0.6812340021133423
Test Power of C2ST-L:  1.0
Epoch [60/400], Loss: 0.0001
Epoch [120/400], Loss: 0.0003
Epoch [180/400], Loss: 0.0000
Epoch [240/400], Loss: 0.0001
Epoch [300/400], Loss: 0.0000
Epoch [360/400], Loss: 0.0000
0.688323974609375
0.6908989548683167
0.6888082027435303
0.6858360171318054
0.6849508285522461
Test Power of C2ST-L:  1.0
Epoch [60/400], Loss: 0.0025
Epoch [120/400], Loss: 0.0038
Epoch [180/400], Loss: 0.0000
Epoch [240/400], Loss: 0.0001
Epoch [300/400], Loss: 0.0000
Epoch [360/400], Loss: 0.0000
0.6823365688323975
0.6847962737083435
0.683375895023346
0.678939938545227
0.6786873936653137
Test Power of C2ST-L:  1.0
Epoch [60/400], Loss: 0.0002
Epoch [120/400], Loss: 0.0000
Epoch [180/400], Loss: 0.0000
Epoch [240/400], Loss: 0.0000
Epoch [300/400], Loss: 0.0000
Epoch [360/400], Loss: 0.0000
0.6853112578392029
0.6890752911567688
0.6865313053131104
0.6836060881614685
0.6829828023910522
Test Power of C2ST-L:  1.0
Epoch [60/400], Loss: 0.0001
Epoch [120/400], Loss: 0.0003
Epoch [180/400], Loss: 0.0000
Epoch [240/400], Loss: 0.0001
Epoch [300/400], Loss: 0.0003
Epoch [360/400], Loss: 0.0000
0.6865171790122986
0.6884180903434753
0.6871895790100098
0.6834381818771362
0.6832325458526611
Test Power of C2ST-L:  1.0
Epoch [60/400], Loss: 0.0001
Epoch [120/400], Loss: 0.0000
Epoch [180/400], Loss: 0.0000
Epoch [240/400], Loss: 0.0003
Epoch [300/400], Loss: 0.0002
Epoch [360/400], Loss: 0.0003
0.6843982934951782
0.6868588328361511
0.6821198463439941
0.6824414134025574
0.6793717741966248
Test Power of C2ST-L:  1.0
Epoch [60/400], Loss: 0.0001
Epoch [120/400], Loss: 0.0000
Epoch [180/400], Loss: 0.0000
Epoch [240/400], Loss: 0.0000
Epoch [300/400], Loss: 0.0000
Epoch [360/400], Loss: 0.0001
0.6798508167266846
0.6847187876701355
0.6803557872772217
0.6773212552070618
0.6767807602882385
Test Power of C2ST-L:  1.0
Epoch [60/400], Loss: 0.0001
Epoch [120/400], Loss: 0.0000
Epoch [180/400], Loss: 0.0000
Epoch [240/400], Loss: 0.0001
Epoch [300/400], Loss: 0.0000
Epoch [360/400], Loss: 0.0008
0.6814979910850525
0.6840193867683411
0.683402419090271
0.6807749271392822
0.6804510354995728
Test Power of C2ST-L:  1.0
Epoch [60/400], Loss: 0.0001
Epoch [120/400], Loss: 0.0001
Epoch [180/400], Loss: 0.0001
Epoch [240/400], Loss: 0.0000
Epoch [300/400], Loss: 0.0001
Epoch [360/400], Loss: 0.0009
0.6813801527023315
0.6831567883491516
0.6797389984130859
0.6780856847763062
0.6760097146034241
Test Power of C2ST-L:  1.0
Epoch [60/400], Loss: 0.0003
Epoch [120/400], Loss: 0.0002
Epoch [180/400], Loss: 0.0005
Epoch [240/400], Loss: 0.0002
Epoch [300/400], Loss: 0.0001
Epoch [360/400], Loss: 0.0006
0.6806773543357849
0.6821798086166382
0.6801201701164246
0.6798086166381836
0.677509605884552
Test Power of C2ST-L:  1.0
Epoch [60/400], Loss: 0.0005
Epoch [120/400], Loss: 0.0008
Epoch [180/400], Loss: 0.0000
Epoch [240/400], Loss: 0.0000
Epoch [300/400], Loss: 0.0000
Epoch [360/400], Loss: 0.0000
0.6813725233078003
0.6822080016136169
0.6800816059112549
0.6772304177284241
0.6769945025444031
Test Power of C2ST-L:  1.0
Epoch [60/400], Loss: 0.0001
Epoch [120/400], Loss: 0.0003
Epoch [180/400], Loss: 0.0002
Epoch [240/400], Loss: 0.0000
Epoch [300/400], Loss: 0.0003
Epoch [360/400], Loss: 0.0001
0.6825620532035828
0.6844760775566101
0.6783953309059143
0.6823796629905701
0.6769201159477234
Test Power of C2ST-L:  1.0
Epoch [60/400], Loss: 0.0001
Epoch [120/400], Loss: 0.0001
Epoch [180/400], Loss: 0.0000
Epoch [240/400], Loss: 0.0000
Epoch [300/400], Loss: 0.0000
Epoch [360/400], Loss: 0.0001
0.6814132332801819
0.6842334866523743
0.6798347234725952
0.6803277134895325
0.6785638332366943
Test Power of C2ST-L:  1.0
Epoch [60/400], Loss: 0.0003
Epoch [120/400], Loss: 0.0003
Epoch [180/400], Loss: 0.0000
Epoch [240/400], Loss: 0.0000
Epoch [300/400], Loss: 0.0001
Epoch [360/400], Loss: 0.0000
0.684421956539154
0.685850977897644
0.6824262738227844
0.6833568811416626
0.6794345378875732
Test Power of C2ST-L:  1.0
Epoch [60/400], Loss: 0.0021
Epoch [120/400], Loss: 0.0008
Epoch [180/400], Loss: 0.0000
Epoch [240/400], Loss: 0.0007
Epoch [300/400], Loss: 0.0000
Epoch [360/400], Loss: 0.0001
0.6825779676437378
0.6850484013557434
0.6835690140724182
0.6796566247940063
0.6791236996650696
Test Power of C2ST-L:  1.0
Epoch [60/400], Loss: 0.0002
Epoch [120/400], Loss: 0.0030
Epoch [180/400], Loss: 0.0000
Epoch [240/400], Loss: 0.0001
Epoch [300/400], Loss: 0.0001
Epoch [360/400], Loss: 0.0001
0.6848846077919006
0.6853011250495911
0.6798852682113647
0.6819684505462646
0.6794612407684326
Test Power of C2ST-L:  1.0
Epoch [60/400], Loss: 0.0006
Epoch [120/400], Loss: 0.0000
Epoch [180/400], Loss: 0.0000
Epoch [240/400], Loss: 0.0061
Epoch [300/400], Loss: 0.0000
Epoch [360/400], Loss: 0.0000
0.68288254737854
0.687645673751831
0.6836786270141602
0.6811118721961975
0.6804758310317993
Test Power of C2ST-L:  1.0
Epoch [60/400], Loss: 0.0002
Epoch [120/400], Loss: 0.0007
Epoch [180/400], Loss: 0.0000
Epoch [240/400], Loss: 0.0023
Epoch [300/400], Loss: 0.0000
Epoch [360/400], Loss: 0.0009
0.6857267618179321
0.686410665512085
0.6860489249229431
0.6830236315727234
0.6826501488685608
Test Power of C2ST-L:  1.0
Epoch [60/400], Loss: 0.0001
Epoch [120/400], Loss: 0.0000
Epoch [180/400], Loss: 0.0000
Epoch [240/400], Loss: 0.0001
Epoch [300/400], Loss: 0.0003
Epoch [360/400], Loss: 0.0001
0.679865300655365
0.6823220252990723
0.6797980666160583
0.6785240769386292
0.6779600381851196
Test Power of C2ST-L:  1.0
Epoch [60/400], Loss: 0.0005
Epoch [120/400], Loss: 0.0001
Epoch [180/400], Loss: 0.0003
Epoch [240/400], Loss: 0.0000
Epoch [300/400], Loss: 0.0001
Epoch [360/400], Loss: 0.0000
0.6821836829185486
0.6845266222953796
0.6794948577880859
0.6806093454360962
0.6772812604904175
Test Power of C2ST-L:  1.0
Epoch [60/400], Loss: 0.0001
Epoch [120/400], Loss: 0.0001
Epoch [180/400], Loss: 0.0000
Epoch [240/400], Loss: 0.0002
Epoch [300/400], Loss: 0.0000
Epoch [360/400], Loss: 0.0000
0.6834436655044556
0.6868155598640442
0.6846662759780884
0.6835075616836548
0.6796143651008606
Test Power of C2ST-L:  1.0
Epoch [60/400], Loss: 0.0013
Epoch [120/400], Loss: 0.0000
Epoch [180/400], Loss: 0.0000
Epoch [240/400], Loss: 0.0000
Epoch [300/400], Loss: 0.0001
Epoch [360/400], Loss: 0.0002
0.6827115416526794
0.6831724643707275
0.681316077709198
0.6793081760406494
0.6786500215530396
Test Power of C2ST-L:  1.0
Epoch [60/400], Loss: 0.0001
Epoch [120/400], Loss: 0.0001
Epoch [180/400], Loss: 0.0001
Epoch [240/400], Loss: 0.0000
Epoch [300/400], Loss: 0.0004
Epoch [360/400], Loss: 0.0000
0.6859935522079468
0.6871845722198486
0.6832611560821533
0.6834630966186523
0.6801717877388
Test Power of C2ST-L:  1.0
Epoch [60/400], Loss: 0.0002
Epoch [120/400], Loss: 0.0002
Epoch [180/400], Loss: 0.0016
Epoch [240/400], Loss: 0.0000
Epoch [300/400], Loss: 0.0000
Epoch [360/400], Loss: 0.0001
0.6803054213523865
0.6823280453681946
0.678997278213501
0.6787126660346985
0.676780104637146
Test Power of C2ST-L:  1.0
Epoch [60/400], Loss: 0.0003
Epoch [120/400], Loss: 0.0000
Epoch [180/400], Loss: 0.0003
Epoch [240/400], Loss: 0.0000
Epoch [300/400], Loss: 0.0001
Epoch [360/400], Loss: 0.0002
0.6797174215316772
0.683654248714447
0.6809304356575012
0.6786729693412781
0.677086353302002
Test Power of C2ST-L:  1.0
Epoch [60/400], Loss: 0.0001
Epoch [120/400], Loss: 0.0001
Epoch [180/400], Loss: 0.0000
Epoch [240/400], Loss: 0.0000
Epoch [300/400], Loss: 0.0001
Epoch [360/400], Loss: 0.0000
0.6824392676353455
0.6834994554519653
0.6822616457939148
0.6787883043289185
0.6784727573394775
Test Power of C2ST-L:  0.0
Epoch [60/400], Loss: 0.0002
Epoch [120/400], Loss: 0.0001
Epoch [180/400], Loss: 0.0000
Epoch [240/400], Loss: 0.0000
Epoch [300/400], Loss: 0.0001
Epoch [360/400], Loss: 0.0002
0.6827313899993896
0.6865189671516418
0.6803416013717651
0.6818212866783142
0.6784951686859131
Test Power of C2ST-L:  1.0
Epoch [60/400], Loss: 0.0001
Epoch [120/400], Loss: 0.0001
Epoch [180/400], Loss: 0.0000
Epoch [240/400], Loss: 0.0000
Epoch [300/400], Loss: 0.0000
Epoch [360/400], Loss: 0.0000
0.6845296025276184
0.6864907145500183
0.6842993497848511
0.6817154884338379
0.6811779737472534
Test Power of C2ST-L:  1.0
Epoch [60/400], Loss: 0.0001
Epoch [120/400], Loss: 0.0000
Epoch [180/400], Loss: 0.0001
Epoch [240/400], Loss: 0.0000
Epoch [300/400], Loss: 0.0003
Epoch [360/400], Loss: 0.0000
0.6850190758705139
0.6858158111572266
0.6847190260887146
0.6811628937721252
0.6804981827735901
Test Power of C2ST-L:  1.0
Epoch [60/400], Loss: 0.0001
Epoch [120/400], Loss: 0.0001
Epoch [180/400], Loss: 0.0000
Epoch [240/400], Loss: 0.0000
Epoch [300/400], Loss: 0.0004
Epoch [360/400], Loss: 0.0000
0.6829763650894165
0.6854369640350342
0.6821475625038147
0.6809138655662537
0.6779610514640808
Test Power of C2ST-L:  1.0
Epoch [60/400], Loss: 0.0002
Epoch [120/400], Loss: 0.0012
Epoch [180/400], Loss: 0.0000
Epoch [240/400], Loss: 0.0000
Epoch [300/400], Loss: 0.0000
Epoch [360/400], Loss: 0.0000
0.6850391626358032
0.6887717247009277
0.6841607689857483
0.682151734828949
0.680691659450531
Test Power of C2ST-L:  1.0
Epoch [60/400], Loss: 0.0001
Epoch [120/400], Loss: 0.0001
Epoch [180/400], Loss: 0.0000
Epoch [240/400], Loss: 0.0001
Epoch [300/400], Loss: 0.0000
Epoch [360/400], Loss: 0.0000
0.6852450370788574
0.6877866387367249
0.6865342259407043
0.6833633184432983
0.6829125285148621
Test Power of C2ST-L:  1.0
Epoch [60/400], Loss: 0.0033
Epoch [120/400], Loss: 0.0000
Epoch [180/400], Loss: 0.0001
Epoch [240/400], Loss: 0.0000
Epoch [300/400], Loss: 0.0000
Epoch [360/400], Loss: 0.0000
0.6816809773445129
0.6843864917755127
0.6813863515853882
0.6778081059455872
0.6770401000976562
Test Power of C2ST-L:  1.0
Epoch [60/400], Loss: 0.0001
Epoch [120/400], Loss: 0.0002
Epoch [180/400], Loss: 0.0000
Epoch [240/400], Loss: 0.0001
Epoch [300/400], Loss: 0.0001
Epoch [360/400], Loss: 0.0001
0.6803889274597168
0.682600200176239
0.6791418194770813
0.6785451769828796
0.674672544002533
Test Power of C2ST-L:  1.0
Epoch [60/400], Loss: 0.0001
Epoch [120/400], Loss: 0.0000
Epoch [180/400], Loss: 0.0000
Epoch [240/400], Loss: 0.0003
Epoch [300/400], Loss: 0.0000
Epoch [360/400], Loss: 0.0000
0.681957483291626
0.6862308979034424
0.6831415891647339
0.6816998720169067
0.6798309087753296
Test Power of C2ST-L:  1.0
Epoch [60/400], Loss: 0.0001
Epoch [120/400], Loss: 0.0006
Epoch [180/400], Loss: 0.0000
Epoch [240/400], Loss: 0.0000
Epoch [300/400], Loss: 0.0003
Epoch [360/400], Loss: 0.0000
0.6820644736289978
0.6845857501029968
0.6782843470573425
0.679851233959198
0.6769314408302307
Test Power of C2ST-L:  1.0
Epoch [60/400], Loss: 0.0001
Epoch [120/400], Loss: 0.0001
Epoch [180/400], Loss: 0.0001
Epoch [240/400], Loss: 0.0000
Epoch [300/400], Loss: 0.0000
Epoch [360/400], Loss: 0.0000
0.6776297092437744
0.6799871325492859
0.6795204281806946
0.6769576072692871
0.6756672263145447
Test Power of C2ST-L:  1.0
Epoch [60/400], Loss: 0.0002
Epoch [120/400], Loss: 0.0000
Epoch [180/400], Loss: 0.0000
Epoch [240/400], Loss: 0.0000
Epoch [300/400], Loss: 0.0003
Epoch [360/400], Loss: 0.0005
0.6840569972991943
0.6872128844261169
0.6856234669685364
0.6823391318321228
0.6818597316741943
Test Power of C2ST-L:  1.0
Epoch [60/400], Loss: 0.0001
Epoch [120/400], Loss: 0.0001
Epoch [180/400], Loss: 0.0000
Epoch [240/400], Loss: 0.0000
Epoch [300/400], Loss: 0.0005
Epoch [360/400], Loss: 0.0000
0.6819028854370117
0.6850627064704895
0.681822657585144
0.6805356740951538
0.6794934868812561
Test Power of C2ST-L:  1.0
Epoch [60/400], Loss: 0.0001
Epoch [120/400], Loss: 0.0001
Epoch [180/400], Loss: 0.0000
Epoch [240/400], Loss: 0.0000
Epoch [300/400], Loss: 0.0000
Epoch [360/400], Loss: 0.0000
0.6805854439735413
0.6825581192970276
0.6813918352127075
0.6781489849090576
0.6778088212013245
Test Power of C2ST-L:  1.0
Epoch [60/400], Loss: 0.0026
Epoch [120/400], Loss: 0.0001
Epoch [180/400], Loss: 0.0000
Epoch [240/400], Loss: 0.0000
Epoch [300/400], Loss: 0.0000
Epoch [360/400], Loss: 0.0000
0.6793450117111206
0.6808775663375854
0.6764123439788818
0.6763590574264526
0.6739611029624939
Test Power of C2ST-L:  1.0
Epoch [60/400], Loss: 0.0001
Epoch [120/400], Loss: 0.0001
Epoch [180/400], Loss: 0.0000
Epoch [240/400], Loss: 0.0002
Epoch [300/400], Loss: 0.0000
Epoch [360/400], Loss: 0.0000
0.6844248175621033
0.6847047805786133
0.6839275360107422
0.6803867220878601
0.6800462603569031
Test Power of C2ST-L:  1.0
Epoch [60/400], Loss: 0.0001
Epoch [120/400], Loss: 0.0000
Epoch [180/400], Loss: 0.0002
Epoch [240/400], Loss: 0.0000
Epoch [300/400], Loss: 0.0000
Epoch [360/400], Loss: 0.0000
0.6845772862434387
0.688154399394989
0.6856154799461365
0.6828324794769287
0.6818390488624573
Test Power of C2ST-L:  1.0
Epoch [60/400], Loss: 0.0002
Epoch [120/400], Loss: 0.0010
Epoch [180/400], Loss: 0.0000
Epoch [240/400], Loss: 0.0001
Epoch [300/400], Loss: 0.0000
Epoch [360/400], Loss: 0.0000
0.6845262050628662
0.6881822347640991
0.6832024455070496
0.682157576084137
0.6795821785926819
Test Power of C2ST-L:  1.0
Epoch [60/400], Loss: 0.0003
Epoch [120/400], Loss: 0.0000
Epoch [180/400], Loss: 0.0000
Epoch [240/400], Loss: 0.0007
Epoch [300/400], Loss: 0.0000
Epoch [360/400], Loss: 0.0001
0.6794489622116089
0.6803190112113953
0.6750028133392334
0.676654577255249
0.674117922782898
Test Power of C2ST-L:  1.0
Epoch [60/400], Loss: 0.0009
Epoch [120/400], Loss: 0.0000
Epoch [180/400], Loss: 0.0000
Epoch [240/400], Loss: 0.0013
Epoch [300/400], Loss: 0.0000
Epoch [360/400], Loss: 0.0000
0.6786984205245972
0.6810424327850342
0.67928147315979
0.675201952457428
0.6746355295181274
Test Power of C2ST-L:  1.0
Epoch [60/400], Loss: 0.0001
Epoch [120/400], Loss: 0.0000
Epoch [180/400], Loss: 0.0000
Epoch [240/400], Loss: 0.0001
Epoch [300/400], Loss: 0.0000
Epoch [360/400], Loss: 0.0001
0.6792429685592651
0.6813859939575195
0.6801865696907043
0.6768526434898376
0.6762102246284485
Test Power of C2ST-L:  1.0
Epoch [60/400], Loss: 0.0001
Epoch [120/400], Loss: 0.0002
Epoch [180/400], Loss: 0.0002
Epoch [240/400], Loss: 0.0001
Epoch [300/400], Loss: 0.0000
Epoch [360/400], Loss: 0.0000
0.6830824017524719
0.6852514743804932
0.685011625289917
0.6811431646347046
0.6806925535202026
Test Power of C2ST-L:  1.0
Epoch [60/400], Loss: 0.0001
Epoch [120/400], Loss: 0.0000
Epoch [180/400], Loss: 0.0000
Epoch [240/400], Loss: 0.0000
Epoch [300/400], Loss: 0.0000
Epoch [360/400], Loss: 0.0000
0.6822078824043274
0.6828609704971313
0.6824215650558472
0.6803135275840759
0.6799668669700623
Test Power of C2ST-L:  1.0
Epoch [60/400], Loss: 0.0001
Epoch [120/400], Loss: 0.0000
Epoch [180/400], Loss: 0.0000
Epoch [240/400], Loss: 0.0000
Epoch [300/400], Loss: 0.0000
Epoch [360/400], Loss: 0.0002
0.6805724501609802
0.6827926635742188
0.677635133266449
0.6795256733894348
0.676482081413269
Test Power of C2ST-L:  1.0
Epoch [60/400], Loss: 0.0001
Epoch [120/400], Loss: 0.0004
Epoch [180/400], Loss: 0.0002
Epoch [240/400], Loss: 0.0000
Epoch [300/400], Loss: 0.0014
Epoch [360/400], Loss: 0.0004
0.6825185418128967
0.6850603222846985
0.6817612648010254
0.6789611577987671
0.6786586046218872
Test Power of C2ST-L:  1.0
Epoch [60/400], Loss: 0.0001
Epoch [120/400], Loss: 0.0001
Epoch [180/400], Loss: 0.0000
Epoch [240/400], Loss: 0.0000
Epoch [300/400], Loss: 0.0000
Epoch [360/400], Loss: 0.0000
0.6833992600440979
0.6873091459274292
0.685280442237854
0.6810860633850098
0.6807130575180054
Test Power of C2ST-L:  1.0
Epoch [60/400], Loss: 0.0001
Epoch [120/400], Loss: 0.0001
Epoch [180/400], Loss: 0.0000
Epoch [240/400], Loss: 0.0000
Epoch [300/400], Loss: 0.0001
Epoch [360/400], Loss: 0.0000
0.6833357214927673
0.6851460337638855
0.6832432746887207
0.6815221309661865
0.6805363893508911
Test Power of C2ST-L:  1.0
Epoch [60/400], Loss: 0.0001
Epoch [120/400], Loss: 0.0000
Epoch [180/400], Loss: 0.0009
Epoch [240/400], Loss: 0.0000
Epoch [300/400], Loss: 0.0002
Epoch [360/400], Loss: 0.0000
0.6865143179893494
0.6870890259742737
0.6859713196754456
0.6828404068946838
0.6824498176574707
Test Power of C2ST-L:  0.0
Epoch [60/400], Loss: 0.0004
Epoch [120/400], Loss: 0.0011
Epoch [180/400], Loss: 0.0000
Epoch [240/400], Loss: 0.0001
Epoch [300/400], Loss: 0.0002
Epoch [360/400], Loss: 0.0000
0.6808123588562012
0.683275043964386
0.6817061901092529
0.6790038347244263
0.677675187587738
Test Power of C2ST-L:  1.0
Epoch [60/400], Loss: 0.0004
Epoch [120/400], Loss: 0.0003
Epoch [180/400], Loss: 0.0000
Epoch [240/400], Loss: 0.0000
Epoch [300/400], Loss: 0.0000
Epoch [360/400], Loss: 0.0000
0.6820369362831116
0.6832349300384521
0.6827559471130371
0.6792353391647339
0.6789680123329163
Test Power of C2ST-L:  1.0
Epoch [60/400], Loss: 0.0001
Epoch [120/400], Loss: 0.0001
Epoch [180/400], Loss: 0.0000
Epoch [240/400], Loss: 0.0000
Epoch [300/400], Loss: 0.0001
Epoch [360/400], Loss: 0.0000
0.6820364594459534
0.6818132400512695
0.6804966926574707
0.6776133179664612
0.6758124232292175
Test Power of C2ST-L:  1.0
Epoch [60/400], Loss: 0.0006
Epoch [120/400], Loss: 0.0000
Epoch [180/400], Loss: 0.0000
Epoch [240/400], Loss: 0.0000
Epoch [300/400], Loss: 0.0010
Epoch [360/400], Loss: 0.0000
0.6821274757385254
0.6835073828697205
0.6837006211280823
0.6797571778297424
0.6795606017112732
Test Power of C2ST-L:  1.0
Epoch [60/400], Loss: 0.0001
Epoch [120/400], Loss: 0.0003
Epoch [180/400], Loss: 0.0001
Epoch [240/400], Loss: 0.0000
Epoch [300/400], Loss: 0.0001
Epoch [360/400], Loss: 0.0001
0.6814262866973877
0.6843367218971252
0.6804056167602539
0.6801086068153381
0.6759760975837708
Test Power of C2ST-L:  1.0
Epoch [60/400], Loss: 0.0002
Epoch [120/400], Loss: 0.0000
Epoch [180/400], Loss: 0.0000
Epoch [240/400], Loss: 0.0000
Epoch [300/400], Loss: 0.0002
Epoch [360/400], Loss: 0.0000
0.6829215884208679
0.6868530511856079
0.6824011206626892
0.6807167530059814
0.6782760620117188
Test Power of C2ST-L:  1.0
Epoch [60/400], Loss: 0.0001
Epoch [120/400], Loss: 0.0000
Epoch [180/400], Loss: 0.0000
Epoch [240/400], Loss: 0.0000
Epoch [300/400], Loss: 0.0000
Epoch [360/400], Loss: 0.0000
0.6852201223373413
0.6868436336517334
0.6866927742958069
0.6840122938156128
0.6837437152862549
Test Power of C2ST-L:  1.0
Epoch [60/400], Loss: 0.0002
Epoch [120/400], Loss: 0.0001
Epoch [180/400], Loss: 0.0000
Epoch [240/400], Loss: 0.0000
Epoch [300/400], Loss: 0.0000
Epoch [360/400], Loss: 0.0001
0.6829344630241394
0.6847074031829834
0.6848685145378113
0.6814298033714294
0.6801732182502747
Test Power of C2ST-L:  1.0
Epoch [60/400], Loss: 0.0001
Epoch [120/400], Loss: 0.0058
Epoch [180/400], Loss: 0.0000
Epoch [240/400], Loss: 0.0000
Epoch [300/400], Loss: 0.0001
Epoch [360/400], Loss: 0.0002
0.6845177412033081
0.6856873035430908
0.6849789619445801
0.68204665184021
0.681449830532074
Test Power of C2ST-L:  1.0
Epoch [60/400], Loss: 0.0001
Epoch [120/400], Loss: 0.0000
Epoch [180/400], Loss: 0.0000
Epoch [240/400], Loss: 0.0000
Epoch [300/400], Loss: 0.0004
Epoch [360/400], Loss: 0.0000
0.6845301985740662
0.6845548152923584
0.6835113167762756
0.6821048259735107
0.6808627843856812
Test Power of C2ST-L:  1.0
Epoch [60/400], Loss: 0.0002
Epoch [120/400], Loss: 0.0000
Epoch [180/400], Loss: 0.0000
Epoch [240/400], Loss: 0.0000
Epoch [300/400], Loss: 0.0000
Epoch [360/400], Loss: 0.0001
0.6837575435638428
0.6854405999183655
0.6815692782402039
0.6817710399627686
0.6797709465026855
Test Power of C2ST-L:  1.0
Epoch [60/400], Loss: 0.0005
Epoch [120/400], Loss: 0.0017
Epoch [180/400], Loss: 0.0000
Epoch [240/400], Loss: 0.0000
Epoch [300/400], Loss: 0.0001
Epoch [360/400], Loss: 0.0000
0.6805911064147949
0.6809197664260864
0.6769658923149109
0.6806725263595581
0.6756852269172668
Test Power of C2ST-L:  1.0
Epoch [60/400], Loss: 0.0002
Epoch [120/400], Loss: 0.0002
Epoch [180/400], Loss: 0.0003
Epoch [240/400], Loss: 0.0000
Epoch [300/400], Loss: 0.0000
Epoch [360/400], Loss: 0.0000
0.6863549947738647
0.6906582713127136
0.6878904700279236
0.6838125586509705
0.6836984753608704
Test Power of C2ST-L:  1.0
Epoch [60/400], Loss: 0.0001
Epoch [120/400], Loss: 0.0000
Epoch [180/400], Loss: 0.0000
Epoch [240/400], Loss: 0.0000
Epoch [300/400], Loss: 0.0001
Epoch [360/400], Loss: 0.0002
0.6829493641853333
0.6848475337028503
0.6838316917419434
0.6811608076095581
0.6806913614273071
Test Power of C2ST-L:  1.0
Epoch [60/400], Loss: 0.0001
Epoch [120/400], Loss: 0.0001
Epoch [180/400], Loss: 0.0000
Epoch [240/400], Loss: 0.0001
Epoch [300/400], Loss: 0.0001
Epoch [360/400], Loss: 0.0000
0.6839868426322937
0.687044620513916
0.6845811605453491
0.6813345551490784
0.6809952259063721
Test Power of C2ST-L:  1.0
Epoch [60/400], Loss: 0.0001
Epoch [120/400], Loss: 0.0000
Epoch [180/400], Loss: 0.0001
Epoch [240/400], Loss: 0.0003
Epoch [300/400], Loss: 0.0001
Epoch [360/400], Loss: 0.0001
0.6839534044265747
0.6842993497848511
0.6833280324935913
0.6824201941490173
0.6812689900398254
Test Power of C2ST-L:  1.0
Epoch [60/400], Loss: 0.0002
Epoch [120/400], Loss: 0.0001
Epoch [180/400], Loss: 0.0000
Epoch [240/400], Loss: 0.0001
Epoch [300/400], Loss: 0.0000
Epoch [360/400], Loss: 0.0000
0.6825389266014099
0.6838917136192322
0.684039294719696
0.680593729019165
0.6805029511451721
Test Power of C2ST-L:  1.0
Epoch [60/400], Loss: 0.0009
Epoch [120/400], Loss: 0.0002
Epoch [180/400], Loss: 0.0001
Epoch [240/400], Loss: 0.0000
Epoch [300/400], Loss: 0.0014
Epoch [360/400], Loss: 0.0000
0.6836962699890137
0.6868991255760193
0.6825467348098755
0.6822476387023926
0.6788756251335144
Test Power of C2ST-L:  1.0
Epoch [60/400], Loss: 0.0001
Epoch [120/400], Loss: 0.0000
Epoch [180/400], Loss: 0.0001
Epoch [240/400], Loss: 0.0000
Epoch [300/400], Loss: 0.0000
Epoch [360/400], Loss: 0.0004
0.6789126992225647
0.6824264526367188
0.6790089011192322
0.6769715547561646
0.6756020188331604
Test Power of C2ST-L:  1.0
Epoch [60/400], Loss: 0.0002
Epoch [120/400], Loss: 0.0001
Epoch [180/400], Loss: 0.0000
Epoch [240/400], Loss: 0.0000
Epoch [300/400], Loss: 0.0000
Epoch [360/400], Loss: 0.0000
0.6860392093658447
0.6888633370399475
0.6860331892967224
0.6847118735313416
0.6836844086647034
Test Power of C2ST-L:  1.0
Epoch [60/400], Loss: 0.0011
Epoch [120/400], Loss: 0.0001
Epoch [180/400], Loss: 0.0000
Epoch [240/400], Loss: 0.0000
Epoch [300/400], Loss: 0.0003
Epoch [360/400], Loss: 0.0004
0.6800837516784668
0.6816611886024475
0.6815636157989502
0.6783899664878845
0.6778542399406433
Test Power of C2ST-L:  1.0
Epoch [60/400], Loss: 0.0005
Epoch [120/400], Loss: 0.0000
Epoch [180/400], Loss: 0.0000
Epoch [240/400], Loss: 0.0000
Epoch [300/400], Loss: 0.0000
Epoch [360/400], Loss: 0.0000
0.6848412156105042
0.6873226165771484
0.685833752155304
0.6830127835273743
0.6823709011077881
Test Power of C2ST-L:  1.0
Epoch [60/400], Loss: 0.0001
Epoch [120/400], Loss: 0.0002
Epoch [180/400], Loss: 0.0002
Epoch [240/400], Loss: 0.0001
Epoch [300/400], Loss: 0.0000
Epoch [360/400], Loss: 0.0001
0.681982159614563
0.6826996207237244
0.6803834438323975
0.6777326464653015
0.6765539646148682
Test Power of C2ST-L:  1.0
Epoch [60/400], Loss: 0.0003
Epoch [120/400], Loss: 0.0001
Epoch [180/400], Loss: 0.0001
Epoch [240/400], Loss: 0.0000
Epoch [300/400], Loss: 0.0000
Epoch [360/400], Loss: 0.0000
0.6811951994895935
0.683732271194458
0.6829423904418945
0.679972767829895
0.6787479519844055
Test Power of C2ST-L:  1.0
Epoch [60/400], Loss: 0.0015
Epoch [120/400], Loss: 0.0001
Epoch [180/400], Loss: 0.0001
Epoch [240/400], Loss: 0.0001
Epoch [300/400], Loss: 0.0000
Epoch [360/400], Loss: 0.0000
0.6794894337654114
0.6831062436103821
0.6800587773323059
0.6777106523513794
0.6774442791938782
Test Power of C2ST-L:  1.0
Epoch [60/400], Loss: 0.0001
Epoch [120/400], Loss: 0.0001
Epoch [180/400], Loss: 0.0000
Epoch [240/400], Loss: 0.0000
Epoch [300/400], Loss: 0.0001
Epoch [360/400], Loss: 0.0000
0.6827445030212402
0.6845720410346985
0.6842703819274902
0.6816911101341248
0.6813387870788574
Test Power of C2ST-L:  1.0
Epoch [60/400], Loss: 0.0001
Epoch [120/400], Loss: 0.0001
Epoch [180/400], Loss: 0.0000
Epoch [240/400], Loss: 0.0000
Epoch [300/400], Loss: 0.0000
Epoch [360/400], Loss: 0.0001
0.6813175082206726
0.6849993467330933
0.6809438467025757
0.6821756958961487
0.6779544353485107
Test Power of C2ST-L:  1.0
Epoch [60/400], Loss: 0.0001
Epoch [120/400], Loss: 0.0001
Epoch [180/400], Loss: 0.0003
Epoch [240/400], Loss: 0.0001
Epoch [300/400], Loss: 0.0001
Epoch [360/400], Loss: 0.0003
0.6797164678573608
0.6830466389656067
0.6786366105079651
0.6791129112243652
0.6754342913627625
Test Power of C2ST-L:  1.0
Epoch [60/400], Loss: 0.0002
Epoch [120/400], Loss: 0.0000
Epoch [180/400], Loss: 0.0002
Epoch [240/400], Loss: 0.0000
Epoch [300/400], Loss: 0.0000
Epoch [360/400], Loss: 0.0006
0.6836085319519043
0.6859282851219177
0.6839424967765808
0.6824237108230591
0.6809642314910889
Test Power of C2ST-L:  1.0
Epoch [60/400], Loss: 0.0027
Epoch [120/400], Loss: 0.0001
Epoch [180/400], Loss: 0.0000
Epoch [240/400], Loss: 0.0000
Epoch [300/400], Loss: 0.0000
Epoch [360/400], Loss: 0.0006
0.6814833879470825
0.6809859871864319
0.6807015538215637
0.6770958304405212
0.6764217019081116
Test Power of C2ST-L:  1.0
Epoch [60/400], Loss: 0.0001
Epoch [120/400], Loss: 0.0001
Epoch [180/400], Loss: 0.0001
Epoch [240/400], Loss: 0.0001
Epoch [300/400], Loss: 0.0003
Epoch [360/400], Loss: 0.0000
0.6808082461357117
0.6826772689819336
0.6813440322875977
0.6780487298965454
0.6777105927467346
Test Power of C2ST-L:  1.0
Epoch [60/400], Loss: 0.0001
Epoch [120/400], Loss: 0.0001
Epoch [180/400], Loss: 0.0001
Epoch [240/400], Loss: 0.0000
Epoch [300/400], Loss: 0.0002
Epoch [360/400], Loss: 0.0000
0.681227445602417
0.6821907162666321
0.6839056611061096
0.6798467040061951
0.6794139742851257
Test Power of C2ST-L:  1.0


=====================================================
Average test power at training size =  1000  :  0.98
=====================================================



-----------------------------------------------

Finished with execution of c2st_semi_HDGM.py script

-----------------------------------------------

Job ID           : 55586051
Cluster          : spartan
User/Project     : xunyet/punim2112
Nodes            : 1
Wall-clock time  : 01:10:38 / 1-00:00:00

Displaying overall resources usage from 2024-02-02 20:17:46 to 2024-02-02 21:28:24:

NODE            CPU#        TOT%   ( USR   / SYS   / WIO   / IDLE  ) 

spartan-gpgpu094 : 
                CPU# 1    : 28.6   (  28.0 /   0.6 /   0.0 /  71.4 ) 
                CPU# 2    : 22.5   (  21.8 /   0.6 /   0.0 /  77.5 ) 
                CPU# 3    : 23.6   (  23.0 /   0.6 /   0.0 /  76.4 ) 
                CPU# 4    : 29.2   (  28.7 /   0.5 /   0.0 /  70.8 ) 

                GPU# 1    : 30.9  


Allocated CPUs            : 4    
  CPUs with usage <25%    : 2    
  CPUs with usage <50%    : 2    
  CPUs with usage >50%    : 0    


Allocated GPUs            : 1    
  GPUs with usage <25%    : 0    
  GPUs with usage <50%    : 1    
  GPUs with usage >50%    : 0    

Memory used (RAM)         : 26.0%  [2238MB of 8590MB]

--------------------------------------------

