device: cuda:0
0.6904657483100891
0.6794070601463318
0.6587628126144409
0.6528951525688171
0.6468037962913513
Test Power of C2ST-L:  1.0
0.6887587308883667
0.6873647570610046
0.6859310269355774
0.6811608076095581
0.6695469617843628
Test Power of C2ST-L:  1.0
0.686856210231781
0.6858026385307312
0.6837393641471863
0.6777204275131226
0.6722872853279114
Test Power of C2ST-L:  0.0
0.6902287602424622
0.6850647926330566
0.6729219555854797
0.6607309579849243
0.6562033891677856
Test Power of C2ST-L:  1.0
0.6865962743759155
0.6731247305870056
0.661447286605835
0.6535816788673401
0.6506672501564026
Test Power of C2ST-L:  1.0
0.6915653347969055
0.6896660923957825
0.6813785433769226
0.6576608419418335
0.6516613960266113
Test Power of C2ST-L:  0.0
0.6910266876220703
0.6889589428901672
0.6828870177268982
0.6766248345375061
0.6689879894256592
Test Power of C2ST-L:  1.0
0.6876181364059448
0.6817517876625061
0.6746768951416016
0.6678075194358826
0.6752407550811768
Test Power of C2ST-L:  0.0
0.6810519695281982
0.6731001138687134
0.6668076515197754
0.6571753025054932
0.6513468027114868
Test Power of C2ST-L:  0.0
0.6863839626312256
0.685279130935669
0.683620810508728
0.6782559156417847
0.6731051206588745
Test Power of C2ST-L:  1.0
0.6841744780540466
0.6808364391326904
0.6718734502792358
0.6604779958724976
0.6539764404296875
Test Power of C2ST-L:  0.0
0.6879699230194092
0.6858217716217041
0.6812183856964111
0.6764049530029297
0.6730782389640808
Test Power of C2ST-L:  0.0
0.6908879280090332
0.6842560172080994
0.6766788959503174
0.6743998527526855
0.6711835861206055
Test Power of C2ST-L:  1.0
0.6920105218887329
0.6906242966651917
0.679782509803772
0.671131432056427
0.662631630897522
Test Power of C2ST-L:  0.0
0.6896212100982666
0.688279926776886
0.6812937259674072
0.6745206713676453
0.6711936593055725
Test Power of C2ST-L:  0.0
0.6917843818664551
0.6838405728340149
0.6765419244766235
0.6750956177711487
0.6719145774841309
Test Power of C2ST-L:  0.0
0.6907449960708618
0.6880823969841003
0.6780694127082825
0.6723218560218811
0.669623851776123
Test Power of C2ST-L:  0.0
0.6871140599250793
0.6834613084793091
0.6735731959342957
0.6637734770774841
0.6626496911048889
Test Power of C2ST-L:  1.0
0.6871117353439331
0.6822222471237183
0.6768951416015625
0.6747924089431763
0.6736670136451721
Test Power of C2ST-L:  0.0
0.6776001453399658
0.6606506109237671
0.649080753326416
0.6421303749084473
0.6379515528678894
Test Power of C2ST-L:  0.0
0.6881757974624634
0.6845085024833679
0.6667002439498901
0.6463032364845276
0.6367701292037964
Test Power of C2ST-L:  0.0
0.6915709376335144
0.6873912811279297
0.6617681980133057
0.6548616886138916
0.6479465961456299
Test Power of C2ST-L:  1.0
0.6876404881477356
0.6830140352249146
0.6687248945236206
0.6644729971885681
0.6616289615631104
Test Power of C2ST-L:  1.0
0.6886922717094421
0.6874375939369202
0.6829293370246887
0.6811131238937378
0.6745352745056152
Test Power of C2ST-L:  0.0
0.6899378895759583
0.6889747381210327
0.681632936000824
0.6671186089515686
0.6532983183860779
Test Power of C2ST-L:  0.0
0.6854143738746643
0.6730619072914124
0.6632024049758911
0.6597389578819275
0.654682457447052
Test Power of C2ST-L:  0.0
0.6902389526367188
0.6864675283432007
0.6769739985466003
0.6703420281410217
0.6660557985305786
Test Power of C2ST-L:  1.0
0.6855933666229248
0.6809852719306946
0.6704541444778442
0.6649808883666992
0.6627906560897827
Test Power of C2ST-L:  0.0
0.6859585046768188
0.6839666962623596
0.6806790232658386
0.6683545112609863
0.6623234748840332
Test Power of C2ST-L:  1.0
0.6889556646347046
0.6789442300796509
0.6722751259803772
0.666572093963623
0.66275954246521
Test Power of C2ST-L:  0.0
0.6906408667564392
0.6768861413002014
0.6652012467384338
0.659001886844635
0.6536440253257751
Test Power of C2ST-L:  1.0
0.6891175508499146
0.6802025437355042
0.6720479726791382
0.6628915667533875
0.6855056285858154
Test Power of C2ST-L:  1.0
0.6901867389678955
0.6889336705207825
0.6853519678115845
0.6780097484588623
0.6739121079444885
Test Power of C2ST-L:  0.0
0.6845340132713318
0.6835753917694092
0.6822437644004822
0.6743701696395874
0.6629620790481567
Test Power of C2ST-L:  0.0
0.6905815601348877
0.6819990277290344
0.67550128698349
0.6704787611961365
0.6659198999404907
Test Power of C2ST-L:  1.0
0.6849492192268372
0.6832030415534973
0.675593912601471
0.6643357276916504
0.6606387495994568
Test Power of C2ST-L:  0.0
0.689788818359375
0.6864553689956665
0.6702309846878052
0.6590791344642639
0.6458429098129272
Test Power of C2ST-L:  1.0
0.6864691376686096
0.6833802461624146
0.6724982857704163
0.6692796349525452
0.666078507900238
Test Power of C2ST-L:  0.0
0.6875395774841309
0.6871721148490906
0.6861748695373535
0.6814780235290527
0.6786354184150696
Test Power of C2ST-L:  0.0
0.6835344433784485
0.6816775798797607
0.6744816303253174
0.657418429851532
0.6538554430007935
Test Power of C2ST-L:  0.0
0.6843063831329346
0.6707940697669983
0.66275954246521
0.6584761142730713
0.6550451517105103
Test Power of C2ST-L:  1.0
0.6855409741401672
0.6793003678321838
0.655722975730896
0.6515865325927734
0.6498890519142151
Test Power of C2ST-L:  1.0
0.6800902485847473
0.6707945466041565
0.6620618104934692
0.6527083516120911
0.6684116721153259
Test Power of C2ST-L:  0.0
0.6870865821838379
0.6864456534385681
0.6844530701637268
0.6989427804946899
0.6661719679832458
Test Power of C2ST-L:  1.0
0.6896365880966187
0.6814324855804443
0.6660807132720947
0.65516197681427
0.6484224796295166
Test Power of C2ST-L:  1.0
0.6873311400413513
0.684215784072876
0.6695830821990967
0.66277676820755
0.685393750667572
Test Power of C2ST-L:  0.0
0.6874814629554749
0.6853048205375671
0.6846067309379578
0.6830746531486511
0.6818603873252869
Test Power of C2ST-L:  0.0
0.6884990930557251
0.6875971555709839
0.6859365105628967
0.6753953695297241
0.6720556616783142
Test Power of C2ST-L:  1.0
0.6917569637298584
0.6902751922607422
0.6734602451324463
0.6676254272460938
0.6662905216217041
Test Power of C2ST-L:  1.0
0.6918030381202698
0.6895573735237122
0.6838708519935608
0.6807950735092163
0.6780899167060852
Test Power of C2ST-L:  0.0
0.687732458114624
0.6855992674827576
0.6773697137832642
0.6700090169906616
0.6672319173812866
Test Power of C2ST-L:  1.0
0.6877350807189941
0.685050368309021
0.6768448948860168
0.674266517162323
0.6725636720657349
Test Power of C2ST-L:  0.0
0.685623824596405
0.6461458206176758
0.6375656723976135
0.630781352519989
0.6221281290054321
Test Power of C2ST-L:  1.0
0.6914437413215637
0.6869200468063354
0.6760157942771912
0.6718395948410034
0.6542485952377319
Test Power of C2ST-L:  0.0
0.6882600784301758
0.6846614480018616
0.6689877510070801
0.6678782105445862
0.6672852039337158
Test Power of C2ST-L:  1.0
0.6885314583778381
0.682993471622467
0.6735262274742126
0.6679990887641907
0.6599478721618652
Test Power of C2ST-L:  0.0
0.6897347569465637
0.6752008199691772
0.6412136554718018
0.6307345032691956
0.6263530254364014
Test Power of C2ST-L:  0.0
0.6895423531532288
0.6850911974906921
0.6700501441955566
0.6610714793205261
0.6578606367111206
Test Power of C2ST-L:  1.0
0.6897355318069458
0.6871468424797058
0.6838521361351013
0.681629478931427
0.6799548268318176
Test Power of C2ST-L:  0.0
0.6888831853866577
0.6861863136291504
0.6809194684028625
0.6684024930000305
0.66004478931427
Test Power of C2ST-L:  0.0
0.690418004989624
0.6886281371116638
0.6734392642974854
0.6665832996368408
0.6655718088150024
Test Power of C2ST-L:  0.0
0.6919488310813904
0.6867635846138
0.6708377599716187
0.6662460565567017
0.6627029180526733
Test Power of C2ST-L:  1.0
0.6875397562980652
0.6851362586021423
0.6751615405082703
0.6866335868835449
0.6676681041717529
Test Power of C2ST-L:  0.0
0.685590922832489
0.6741524934768677
0.6675165891647339
0.6756404042243958
0.6658692359924316
Test Power of C2ST-L:  0.0
0.6908673644065857
0.6807737946510315
0.6686145067214966
0.6604253649711609
0.657880425453186
Test Power of C2ST-L:  1.0
0.6914693713188171
0.6884996294975281
0.6735197305679321
0.6675001382827759
0.6654595136642456
Test Power of C2ST-L:  0.0
0.6868436932563782
0.6784186959266663
0.6710039377212524
0.6676762104034424
0.659476637840271
Test Power of C2ST-L:  0.0
0.6885642409324646
0.687778651714325
0.6840025186538696
0.676254391670227
0.6660001277923584
Test Power of C2ST-L:  0.0
0.6922407150268555
0.6903923153877258
0.6837872862815857
0.6738258600234985
0.6693897247314453
Test Power of C2ST-L:  1.0
0.6870739459991455
0.6830723881721497
0.6734710931777954
0.6679194569587708
0.6659006476402283
Test Power of C2ST-L:  0.0
0.686860978603363
0.6809103488922119
0.6763227581977844
0.6710562705993652
0.6692545413970947
Test Power of C2ST-L:  0.0
0.689321756362915
0.6879047155380249
0.6841208338737488
0.6648010015487671
0.6522729992866516
Test Power of C2ST-L:  0.0
0.6891515851020813
0.6881066560745239
0.681214451789856
0.678082287311554
0.6765614748001099
Test Power of C2ST-L:  0.0
0.6877106428146362
0.6861007213592529
0.6812289953231812
0.6745004057884216
0.6680120825767517
Test Power of C2ST-L:  0.0
0.676176130771637
0.6668296456336975
0.6555994749069214
0.6534172296524048
0.6521125435829163
Test Power of C2ST-L:  0.0
0.6809770464897156
0.6758600473403931
0.665706217288971
0.6542138457298279
0.6495974063873291
Test Power of C2ST-L:  1.0
0.6901573538780212
0.6835641264915466
0.6686714291572571
0.6619375944137573
0.6623789072036743
Test Power of C2ST-L:  1.0
0.688694417476654
0.6818867325782776
0.6659388542175293
0.6603223085403442
0.6576511263847351
Test Power of C2ST-L:  0.0
0.6822085380554199
0.6795244216918945
0.675386369228363
0.6660673022270203
0.6626924872398376
Test Power of C2ST-L:  0.0
0.6904841065406799
0.689558207988739
0.6839190125465393
0.6768429279327393
0.6740849614143372
Test Power of C2ST-L:  1.0
0.6891199946403503
0.6817989349365234
0.6677945852279663
0.665082573890686
0.663638174533844
Test Power of C2ST-L:  1.0
0.6862800717353821
0.6828114986419678
0.671444833278656
0.6654111742973328
0.661342978477478
Test Power of C2ST-L:  1.0
0.6887244582176208
0.6841022372245789
0.6706216931343079
0.662078320980072
0.6574290990829468
Test Power of C2ST-L:  0.0
0.6844462752342224
0.6818382143974304
0.6757421493530273
0.6739463210105896
0.6694074869155884
Test Power of C2ST-L:  0.0
0.6851731538772583
0.6514269113540649
0.6388728618621826
0.6343874335289001
0.6305974125862122
Test Power of C2ST-L:  1.0
0.6847202777862549
0.6810585856437683
0.675602376461029
0.6728870868682861
0.669751763343811
Test Power of C2ST-L:  0.0
0.6880204081535339
0.6795652508735657
0.666317343711853
0.6626304984092712
0.6602721810340881
Test Power of C2ST-L:  0.0
0.6879722476005554
0.6860791444778442
0.6840562224388123
0.6816274523735046
0.6803657412528992
Test Power of C2ST-L:  0.0
0.6898261308670044
0.6872801780700684
0.6804890632629395
0.6789175868034363
0.6767736673355103
Test Power of C2ST-L:  0.0
0.6866918206214905
0.6853235960006714
0.6764700412750244
0.6738317012786865
0.6684669256210327
Test Power of C2ST-L:  0.0
0.6876150965690613
0.6846762299537659
0.6824184656143188
0.6803133487701416
0.6774582862854004
Test Power of C2ST-L:  0.0
0.6919984817504883
0.6855728030204773
0.6760317087173462
0.6564929485321045
0.6402192711830139
Test Power of C2ST-L:  0.0
0.687838613986969
0.6870784163475037
0.6834642887115479
0.677548348903656
0.6740427017211914
Test Power of C2ST-L:  1.0
0.6904460191726685
0.6762385368347168
0.6524317860603333
0.6366024017333984
0.6295274496078491
Test Power of C2ST-L:  1.0
0.6913456320762634
0.6898645758628845
0.6872163414955139
0.6840020418167114
0.6794611811637878
Test Power of C2ST-L:  0.0
0.689573347568512
0.6862256526947021
0.6716558933258057
0.6658831238746643
0.6636971235275269
Test Power of C2ST-L:  1.0
0.6871285438537598
0.6809317469596863
0.6752156615257263
0.6735997796058655
0.6703812479972839
Test Power of C2ST-L:  1.0
0.6905102729797363
0.6846687197685242
0.676321268081665
0.6725060343742371
0.6705995798110962
Test Power of C2ST-L:  0.0
0.6844871044158936
0.6823927760124207
0.6674889326095581
0.6580662131309509
0.653805673122406
Test Power of C2ST-L:  0.0
0.68897944688797
0.6861668229103088
0.6802261471748352
0.6734901666641235
0.6675963401794434
Test Power of C2ST-L:  1.0


=====================================================
Average test power at training size =  125  :  0.4
=====================================================


0.6919812560081482
0.6865735650062561
0.6667808890342712
0.6656036972999573
0.6646192669868469
Test Power of C2ST-L:  1.0
0.6918516159057617
0.6827423572540283
0.6716280579566956
0.6690637469291687
0.6725919842720032
Test Power of C2ST-L:  1.0
0.6895398497581482
0.6870990991592407
0.6775876879692078
0.6737318634986877
0.6738395094871521
Test Power of C2ST-L:  1.0
0.6903387308120728
0.6895304322242737
0.6867765188217163
0.6720579266548157
0.6678876876831055
Test Power of C2ST-L:  1.0
0.6917163729667664
0.6906657814979553
0.6830587983131409
0.6774420738220215
0.6783071160316467
Test Power of C2ST-L:  0.0
0.6914620399475098
0.668726921081543
0.6624392867088318
0.661264181137085
0.6604551672935486
Test Power of C2ST-L:  1.0
0.6905403733253479
0.6885725259780884
0.6818996071815491
0.676223635673523
0.674670934677124
Test Power of C2ST-L:  0.0
0.6918359398841858
0.6895203590393066
0.6793824434280396
0.671865701675415
0.6704146862030029
Test Power of C2ST-L:  1.0
0.6924874186515808
0.6904533505439758
0.6834716796875
0.681512713432312
0.681170642375946
Test Power of C2ST-L:  1.0
0.6906362175941467
0.687866747379303
0.6762152910232544
0.6729707717895508
0.670937716960907
Test Power of C2ST-L:  1.0
0.6905863285064697
0.6868705153465271
0.6738963723182678
0.6763849854469299
0.6709607839584351
Test Power of C2ST-L:  1.0
0.6917532682418823
0.691277265548706
0.6873679161071777
0.683364748954773
0.6817527413368225
Test Power of C2ST-L:  1.0
0.6909579634666443
0.6897842288017273
0.6822289824485779
0.6780686378479004
0.6751969456672668
Test Power of C2ST-L:  0.0
0.6888272762298584
0.6883164644241333
0.6853554844856262
0.6742095947265625
0.6721003651618958
Test Power of C2ST-L:  1.0
0.6901596188545227
0.6896975636482239
0.6857654452323914
0.679177463054657
0.6713594794273376
Test Power of C2ST-L:  1.0
0.6912974715232849
0.6858760714530945
0.6719262003898621
0.6675726771354675
0.6646661758422852
Test Power of C2ST-L:  1.0
0.6906644701957703
0.6834623217582703
0.6754308938980103
0.6704491972923279
0.6686372756958008
Test Power of C2ST-L:  1.0
0.6889680624008179
0.6832324266433716
0.6768109202384949
0.6753396987915039
0.6736093759536743
Test Power of C2ST-L:  1.0
0.6911700963973999
0.6901686191558838
0.6819175481796265
0.6799639463424683
0.6822183728218079
Test Power of C2ST-L:  1.0
0.6888315677642822
0.6809505820274353
0.6663482785224915
0.6621115207672119
0.660441517829895
Test Power of C2ST-L:  1.0
0.6914506554603577
0.6877135634422302
0.6798850893974304
0.6734682321548462
0.6715971827507019
Test Power of C2ST-L:  0.0
0.6920203566551208
0.6884422898292542
0.6844770312309265
0.6821370720863342
0.6793699264526367
Test Power of C2ST-L:  1.0
0.6920652985572815
0.6851775646209717
0.6726433038711548
0.6703755259513855
0.6686305403709412
Test Power of C2ST-L:  1.0
0.6916285157203674
0.6905709505081177
0.6872381567955017
0.6854876279830933
0.6830335259437561
Test Power of C2ST-L:  1.0
0.6905625462532043
0.6855000257492065
0.6733742356300354
0.6685172319412231
0.6666874289512634
Test Power of C2ST-L:  1.0
0.6888571381568909
0.6827212572097778
0.6700799465179443
0.6668795347213745
0.6657221913337708
Test Power of C2ST-L:  1.0
0.6864844560623169
0.6833232045173645
0.6807630062103271
0.6795651912689209
0.6783736944198608
Test Power of C2ST-L:  1.0
0.690625786781311
0.6875051259994507
0.6758018136024475
0.6691504716873169
0.6679439544677734
Test Power of C2ST-L:  1.0
0.6913917660713196
0.6890824437141418
0.6804693937301636
0.6782235503196716
0.677804708480835
Test Power of C2ST-L:  1.0
0.6901309490203857
0.6882073283195496
0.6747578382492065
0.6698958277702332
0.6685169339179993
Test Power of C2ST-L:  1.0
0.6909241676330566
0.6786961555480957
0.6733987927436829
0.6703686118125916
0.6701027154922485
Test Power of C2ST-L:  1.0
0.6903529763221741
0.6764557361602783
0.6677150726318359
0.6614604592323303
0.6587125062942505
Test Power of C2ST-L:  1.0
0.6902379989624023
0.6854248046875
0.6692033410072327
0.6676123738288879
0.6667481660842896
Test Power of C2ST-L:  1.0
0.6900089383125305
0.6859360933303833
0.6798038482666016
0.6778693795204163
0.6768025755882263
Test Power of C2ST-L:  0.0
0.6890872120857239
0.6870737075805664
0.6783471703529358
0.676737904548645
0.6752356290817261
Test Power of C2ST-L:  1.0
0.6910889148712158
0.6899491548538208
0.6812838912010193
0.6779937148094177
0.6772775650024414
Test Power of C2ST-L:  0.0
0.6900882124900818
0.6786695122718811
0.6689621806144714
0.6678496599197388
0.6667349338531494
Test Power of C2ST-L:  1.0
0.6912872195243835
0.6889450550079346
0.6842604279518127
0.683086097240448
0.6796895265579224
Test Power of C2ST-L:  0.0
0.6920236349105835
0.6881589889526367
0.6735609173774719
0.6662861108779907
0.663922131061554
Test Power of C2ST-L:  1.0
0.6904580593109131
0.6889840364456177
0.6818468570709229
0.6754578948020935
0.6729400157928467
Test Power of C2ST-L:  1.0
0.6914519667625427
0.6877146363258362
0.6766581535339355
0.673220157623291
0.6715491414070129
Test Power of C2ST-L:  1.0
0.6878936886787415
0.6796995401382446
0.6649237275123596
0.6626527309417725
0.6611941456794739
Test Power of C2ST-L:  1.0
0.6924099326133728
0.691516101360321
0.6846413016319275
0.676160991191864
0.6726999282836914
Test Power of C2ST-L:  1.0
0.6901170015335083
0.6846253275871277
0.67221599817276
0.6678037643432617
0.6667284965515137
Test Power of C2ST-L:  1.0
0.6903364062309265
0.6898335814476013
0.6874535083770752
0.6834286451339722
0.6798264384269714
Test Power of C2ST-L:  1.0
0.6918314695358276
0.6899564862251282
0.6806733012199402
0.6755217909812927
0.6736571192741394
Test Power of C2ST-L:  1.0
0.6906526684761047
0.6811331510543823
0.6662147045135498
0.6641941070556641
0.663150429725647
Test Power of C2ST-L:  1.0
0.691958487033844
0.6872327923774719
0.668421745300293
0.6667563319206238
0.6664465069770813
Test Power of C2ST-L:  1.0
0.6910481452941895
0.6860613822937012
0.6740326881408691
0.6699807047843933
0.6664366722106934
Test Power of C2ST-L:  1.0
0.6877380609512329
0.6801849603652954
0.6693033576011658
0.6656810641288757
0.6636284589767456
Test Power of C2ST-L:  1.0
0.6893052458763123
0.6881140470504761
0.6829173564910889
0.6736169457435608
0.6705189347267151
Test Power of C2ST-L:  1.0
0.6910518407821655
0.6902279257774353
0.6828439235687256
0.6756829023361206
0.6719840168952942
Test Power of C2ST-L:  1.0
0.6910390853881836
0.6874892115592957
0.6768624782562256
0.6751887202262878
0.6737489700317383
Test Power of C2ST-L:  1.0
0.6903743743896484
0.6893105506896973
0.6848223805427551
0.6761058568954468
0.67263263463974
Test Power of C2ST-L:  1.0
0.6923398971557617
0.6773543953895569
0.6717526912689209
0.6707845330238342
0.6704661250114441
Test Power of C2ST-L:  1.0
0.6913201808929443
0.6866645216941833
0.6718796491622925
0.6694302558898926
0.6677941679954529
Test Power of C2ST-L:  1.0
0.6897532939910889
0.6893154382705688
0.6887496113777161
0.6867509484291077
0.681287407875061
Test Power of C2ST-L:  1.0
0.6917338371276855
0.6911250352859497
0.6882880926132202
0.6844684481620789
0.680747389793396
Test Power of C2ST-L:  1.0
0.6916565895080566
0.6905142068862915
0.6871418356895447
0.6768832206726074
0.6711918115615845
Test Power of C2ST-L:  1.0
0.6901834011077881
0.6882960200309753
0.683383584022522
0.6809079051017761
0.6787157654762268
Test Power of C2ST-L:  1.0
0.6919434666633606
0.6908975839614868
0.6865143775939941
0.68291836977005
0.6804965734481812
Test Power of C2ST-L:  1.0
0.6895779371261597
0.6855819225311279
0.6751049757003784
0.6726696491241455
0.6669967174530029
Test Power of C2ST-L:  1.0
0.6915429830551147
0.6899110078811646
0.6732642650604248
0.6677185297012329
0.6654112935066223
Test Power of C2ST-L:  1.0
0.6916864514350891
0.690233588218689
0.6816756725311279
0.6732496619224548
0.6697143316268921
Test Power of C2ST-L:  1.0
0.6918430924415588
0.6894634962081909
0.6835827827453613
0.6784999370574951
0.6787564754486084
Test Power of C2ST-L:  1.0
0.6917394995689392
0.6911355257034302
0.6865386962890625
0.6833314895629883
0.6906203627586365
Test Power of C2ST-L:  1.0
0.6888489723205566
0.6884461045265198
0.6864757537841797
0.682125449180603
0.678321123123169
Test Power of C2ST-L:  0.0
0.6914118528366089
0.6905242204666138
0.6838513612747192
0.6814492344856262
0.6786113977432251
Test Power of C2ST-L:  1.0
0.6891676783561707
0.6887931227684021
0.687101423740387
0.6784136295318604
0.6735754013061523
Test Power of C2ST-L:  1.0
0.6912432312965393
0.6856073141098022
0.6748828291893005
0.6715566515922546
0.6676759123802185
Test Power of C2ST-L:  1.0
0.6909406185150146
0.6845961213111877
0.6796188950538635
0.6771525740623474
0.6741267442703247
Test Power of C2ST-L:  1.0
0.6894643306732178
0.6823582649230957
0.6725300550460815
0.6688867807388306
0.6679567694664001
Test Power of C2ST-L:  1.0
0.6903573274612427
0.6898488402366638
0.688573956489563
0.6819607615470886
0.6765520572662354
Test Power of C2ST-L:  1.0
0.6915976405143738
0.6907984018325806
0.6859562397003174
0.682662308216095
0.6818403601646423
Test Power of C2ST-L:  1.0
0.6912142038345337
0.6860553622245789
0.6752657890319824
0.6726183295249939
0.6693190932273865
Test Power of C2ST-L:  1.0
0.6879151463508606
0.6826072931289673
0.6717685461044312
0.6650955677032471
0.6715146899223328
Test Power of C2ST-L:  1.0
0.6896671056747437
0.6871947050094604
0.6800726652145386
0.6747397184371948
0.6718132495880127
Test Power of C2ST-L:  1.0
0.6903495192527771
0.6878601908683777
0.6784127354621887
0.6750818490982056
0.6754893660545349
Test Power of C2ST-L:  1.0
0.6905050277709961
0.6854250431060791
0.6782611012458801
0.6686232089996338
0.6661877632141113
Test Power of C2ST-L:  1.0
0.6913785338401794
0.6878304481506348
0.6809361577033997
0.6769585609436035
0.6878019571304321
Test Power of C2ST-L:  1.0
0.6900387406349182
0.6845002174377441
0.6742216348648071
0.6700829267501831
0.6673025488853455
Test Power of C2ST-L:  1.0
0.6875848174095154
0.683483898639679
0.6681308150291443
0.6591145396232605
0.6581394672393799
Test Power of C2ST-L:  1.0
0.6902809739112854
0.6892792582511902
0.6826493144035339
0.6810292601585388
0.6808926463127136
Test Power of C2ST-L:  1.0
0.6922351717948914
0.6900966167449951
0.6817575097084045
0.6743564009666443
0.6704395413398743
Test Power of C2ST-L:  1.0
0.6913139820098877
0.6868634223937988
0.6786568760871887
0.6741331815719604
0.673446536064148
Test Power of C2ST-L:  1.0
0.6916937828063965
0.6904661059379578
0.6840447783470154
0.678953230381012
0.6780610084533691
Test Power of C2ST-L:  1.0
0.6886979937553406
0.6842774748802185
0.6712872385978699
0.6669881939888
0.6630033850669861
Test Power of C2ST-L:  1.0
0.6901302933692932
0.6868175268173218
0.6817812919616699
0.6791249513626099
0.6764736771583557
Test Power of C2ST-L:  1.0
0.6917693018913269
0.6886439919471741
0.6820865273475647
0.6799333691596985
0.6791006326675415
Test Power of C2ST-L:  1.0
0.6910099387168884
0.6890824437141418
0.6843703389167786
0.6773442029953003
0.6749705076217651
Test Power of C2ST-L:  1.0
0.6922688484191895
0.691712498664856
0.6861566305160522
0.6748967170715332
0.6717929244041443
Test Power of C2ST-L:  0.0
0.6901143193244934
0.6849592924118042
0.6783600449562073
0.6757879257202148
0.6691480875015259
Test Power of C2ST-L:  1.0
0.6902508735656738
0.6889146566390991
0.683137834072113
0.6795092821121216
0.677743136882782
Test Power of C2ST-L:  1.0
0.6871481537818909
0.6840077042579651
0.6661733388900757
0.6614131927490234
0.6615942120552063
Test Power of C2ST-L:  1.0
0.689990758895874
0.6881635189056396
0.6805021166801453
0.6783647537231445
0.6769075989723206
Test Power of C2ST-L:  1.0
0.6905099749565125
0.6858872771263123
0.6707993149757385
0.6677002310752869
0.6667121052742004
Test Power of C2ST-L:  1.0
0.6921812891960144
0.6800562739372253
0.6680688261985779
0.6676245331764221
0.6657045483589172
Test Power of C2ST-L:  1.0
0.6882450580596924
0.6847689151763916
0.6805925369262695
0.6761739253997803
0.6743239164352417
Test Power of C2ST-L:  1.0
0.6899880766868591
0.6867427825927734
0.676153302192688
0.6705853939056396
0.667360782623291
Test Power of C2ST-L:  1.0
0.6918702721595764
0.690541684627533
0.6815513372421265
0.6759659647941589
0.6703725457191467
Test Power of C2ST-L:  1.0


=====================================================
Average test power at training size =  250  :  0.91
=====================================================


0.6925370693206787
0.6916887164115906
0.6850426197052002
0.6814862489700317
0.6806292533874512
Test Power of C2ST-L:  1.0
0.6925681829452515
0.6913338899612427
0.6862339973449707
0.682503879070282
0.6801576614379883
Test Power of C2ST-L:  1.0
0.6919562220573425
0.689873456954956
0.6830964088439941
0.6782533526420593
0.677682101726532
Test Power of C2ST-L:  1.0
0.691817581653595
0.6873417496681213
0.6797391772270203
0.6776626110076904
0.6763788461685181
Test Power of C2ST-L:  1.0
0.6911867260932922
0.6871776580810547
0.6761239171028137
0.6723012328147888
0.6716234087944031
Test Power of C2ST-L:  1.0
0.6925062537193298
0.6914604902267456
0.6849513649940491
0.6830349564552307
0.6819654107093811
Test Power of C2ST-L:  1.0
0.6917099952697754
0.6892598271369934
0.6726840734481812
0.6692801713943481
0.6684545874595642
Test Power of C2ST-L:  1.0
0.6915073990821838
0.6901155114173889
0.6869201064109802
0.6848271489143372
0.6830055117607117
Test Power of C2ST-L:  1.0
0.6910578012466431
0.6896412372589111
0.6850555539131165
0.6827651858329773
0.6790616512298584
Test Power of C2ST-L:  1.0
0.6903155446052551
0.6853724122047424
0.6760027408599854
0.6729059815406799
0.6726729273796082
Test Power of C2ST-L:  1.0
0.6920132637023926
0.688264012336731
0.6810418963432312
0.6786739230155945
0.6779032349586487
Test Power of C2ST-L:  1.0
0.692328691482544
0.6913965940475464
0.6840187311172485
0.6815009117126465
0.680832028388977
Test Power of C2ST-L:  1.0
0.6927024722099304
0.6916593313217163
0.6817906498908997
0.678040623664856
0.6773800849914551
Test Power of C2ST-L:  1.0
0.6908437013626099
0.6895774602890015
0.6817342042922974
0.6776757836341858
0.676234245300293
Test Power of C2ST-L:  1.0
0.691977322101593
0.6911337971687317
0.6885640025138855
0.6872689723968506
0.7021593451499939
Test Power of C2ST-L:  1.0
0.6922435760498047
0.6915382146835327
0.68359375
0.6758918166160583
0.6757023334503174
Test Power of C2ST-L:  1.0
0.692573606967926
0.6916456818580627
0.6857763528823853
0.6827900409698486
0.6820893287658691
Test Power of C2ST-L:  1.0
0.6925973892211914
0.6910340785980225
0.6846716403961182
0.6805329918861389
0.6791206002235413
Test Power of C2ST-L:  1.0
0.6908736228942871
0.6881498694419861
0.6762475967407227
0.6727081537246704
0.6719948649406433
Test Power of C2ST-L:  1.0
0.6915390491485596
0.6870948672294617
0.6728136539459229
0.6713117361068726
0.6705793142318726
Test Power of C2ST-L:  1.0
0.6913447380065918
0.6894139051437378
0.6754446029663086
0.6725768446922302
0.672370970249176
Test Power of C2ST-L:  1.0
0.6919199228286743
0.6879721879959106
0.6747463941574097
0.6712982058525085
0.6700302958488464
Test Power of C2ST-L:  1.0
0.6920730471611023
0.6908248662948608
0.6841739416122437
0.6821960210800171
0.6817342638969421
Test Power of C2ST-L:  1.0
0.690395176410675
0.6872830986976624
0.6783345937728882
0.6770284175872803
0.6768220067024231
Test Power of C2ST-L:  1.0
0.6909719109535217
0.6882599592208862
0.6800344586372375
0.6788868308067322
0.6784605979919434
Test Power of C2ST-L:  1.0
0.6922279596328735
0.6862595677375793
0.67535400390625
0.6747365593910217
0.6744848489761353
Test Power of C2ST-L:  1.0
0.6924117207527161
0.6910176873207092
0.683174729347229
0.6823455691337585
0.6817986369132996
Test Power of C2ST-L:  1.0
0.69233238697052
0.6900991201400757
0.6827906966209412
0.6782524585723877
0.6772703528404236
Test Power of C2ST-L:  1.0
0.6914554834365845
0.6883885264396667
0.6790867447853088
0.6771070957183838
0.676563024520874
Test Power of C2ST-L:  1.0
0.6925429701805115
0.691652774810791
0.6844345927238464
0.6765332818031311
0.6755892038345337
Test Power of C2ST-L:  1.0
0.6915305852890015
0.6895967721939087
0.6804297566413879
0.6768935918807983
0.6763083338737488
Test Power of C2ST-L:  1.0
0.6920273303985596
0.6905964612960815
0.6844467520713806
0.6795658469200134
0.6777870059013367
Test Power of C2ST-L:  1.0
0.6911030411720276
0.6890023946762085
0.6842994093894958
0.680543065071106
0.6776643395423889
Test Power of C2ST-L:  1.0
0.6926168203353882
0.6922110319137573
0.6909128427505493
0.6872419714927673
0.6845289468765259
Test Power of C2ST-L:  1.0
0.6916457414627075
0.6898722648620605
0.6839513182640076
0.6833993792533875
0.6827698349952698
Test Power of C2ST-L:  1.0
0.6909140944480896
0.6893380880355835
0.6826011538505554
0.680972695350647
0.6798736453056335
Test Power of C2ST-L:  1.0
0.6920597553253174
0.6910615563392639
0.6815236210823059
0.678085207939148
0.6774354577064514
Test Power of C2ST-L:  1.0
0.6916654109954834
0.6891821622848511
0.6800424456596375
0.6753766536712646
0.673614501953125
Test Power of C2ST-L:  1.0
0.6916369199752808
0.6908321976661682
0.6866917014122009
0.6837982535362244
0.6828775405883789
Test Power of C2ST-L:  1.0
0.692428708076477
0.691088080406189
0.6857291460037231
0.6836715340614319
0.6832805275917053
Test Power of C2ST-L:  1.0
0.6912885308265686
0.6890347003936768
0.6832358837127686
0.6775310635566711
0.6761760711669922
Test Power of C2ST-L:  1.0
0.6917543411254883
0.6895758509635925
0.6855191588401794
0.6834930777549744
0.6879733800888062
Test Power of C2ST-L:  1.0
0.6924250721931458
0.6903595328330994
0.6836003661155701
0.6806662082672119
0.6794562935829163
Test Power of C2ST-L:  1.0
0.6915405988693237
0.6891630291938782
0.6793798208236694
0.6777119040489197
0.6765755414962769
Test Power of C2ST-L:  1.0
0.6919792890548706
0.6901413798332214
0.6784862279891968
0.6724172830581665
0.6710168719291687
Test Power of C2ST-L:  1.0
0.6913759112358093
0.6901275515556335
0.6846506595611572
0.6814467906951904
0.680966854095459
Test Power of C2ST-L:  1.0
0.6913231611251831
0.6905852556228638
0.6867952346801758
0.6839461922645569
0.6826977133750916
Test Power of C2ST-L:  1.0
0.6921472549438477
0.6913428902626038
0.6850121021270752
0.67959064245224
0.6781460642814636
Test Power of C2ST-L:  1.0
0.6924539804458618
0.6900320649147034
0.6823153495788574
0.679071307182312
0.678251326084137
Test Power of C2ST-L:  1.0
0.6925196647644043
0.6914729475975037
0.6804012060165405
0.6764428019523621
0.676100492477417
Test Power of C2ST-L:  1.0
0.6924691796302795
0.6918793320655823
0.6873915791511536
0.6842465996742249
0.6827400922775269
Test Power of C2ST-L:  1.0
0.6908633708953857
0.6875812411308289
0.6783993244171143
0.6763689517974854
0.6739624738693237
Test Power of C2ST-L:  1.0
0.6926600933074951
0.692059338092804
0.6895304918289185
0.6879464387893677
0.6870070099830627
Test Power of C2ST-L:  1.0
0.6920205354690552
0.6897004842758179
0.6816809773445129
0.6795753836631775
0.6793062090873718
Test Power of C2ST-L:  1.0
0.69261634349823
0.6918458938598633
0.6890416741371155
0.6852958798408508
0.6834670901298523
Test Power of C2ST-L:  1.0
0.6900609135627747
0.6884289979934692
0.6791311502456665
0.6747113466262817
0.6736598610877991
Test Power of C2ST-L:  1.0
0.6912362575531006
0.689497172832489
0.6816264986991882
0.6762668490409851
0.6756769418716431
Test Power of C2ST-L:  1.0
0.6922286748886108
0.6907888054847717
0.684288740158081
0.6780957579612732
0.6767793893814087
Test Power of C2ST-L:  1.0
0.6907169818878174
0.6881601214408875
0.6810876131057739
0.6795030832290649
0.6793262362480164
Test Power of C2ST-L:  1.0
0.6926661133766174
0.6886615753173828
0.6813817024230957
0.679712176322937
0.6787015199661255
Test Power of C2ST-L:  1.0
0.6915134787559509
0.6903657913208008
0.6853471994400024
0.6795934438705444
0.6802072525024414
Test Power of C2ST-L:  1.0
0.6925941705703735
0.6902512311935425
0.6756291389465332
0.6729143261909485
0.6714464426040649
Test Power of C2ST-L:  1.0
0.6922363638877869
0.6881805062294006
0.6794410943984985
0.6774689555168152
0.6763826012611389
Test Power of C2ST-L:  1.0
0.6922376155853271
0.689149022102356
0.6823557615280151
0.6790263056755066
0.6768160462379456
Test Power of C2ST-L:  1.0
0.6925933361053467
0.6913112998008728
0.6848427653312683
0.6834367513656616
0.6830824017524719
Test Power of C2ST-L:  1.0
0.6918628215789795
0.688024640083313
0.6814083456993103
0.6798843741416931
0.678692638874054
Test Power of C2ST-L:  1.0
0.6917188167572021
0.6914315819740295
0.6910308599472046
0.6886858940124512
0.6844682693481445
Test Power of C2ST-L:  1.0
0.6914631128311157
0.687624454498291
0.681502640247345
0.6802769303321838
0.6794130802154541
Test Power of C2ST-L:  1.0
0.6910432577133179
0.6900473833084106
0.6828474402427673
0.6774315237998962
0.6734135150909424
Test Power of C2ST-L:  1.0
0.6919980049133301
0.689155101776123
0.6838812232017517
0.6816977262496948
0.6807494163513184
Test Power of C2ST-L:  1.0
0.6916959881782532
0.68953537940979
0.682962954044342
0.6825338006019592
0.6823352575302124
Test Power of C2ST-L:  1.0
0.6910141110420227
0.6858441829681396
0.6808178424835205
0.6777142286300659
0.6770849823951721
Test Power of C2ST-L:  1.0
0.6926095485687256
0.6884103417396545
0.6819612979888916
0.6769136786460876
0.6760143041610718
Test Power of C2ST-L:  1.0
0.6919190287590027
0.6897528171539307
0.6821704506874084
0.6791809797286987
0.677760124206543
Test Power of C2ST-L:  1.0
0.6918335556983948
0.6905184388160706
0.6837996244430542
0.6785363554954529
0.6762346029281616
Test Power of C2ST-L:  1.0
0.6920210123062134
0.6909400224685669
0.6856392621994019
0.681602418422699
0.6808979511260986
Test Power of C2ST-L:  1.0
0.6919822096824646
0.6907163262367249
0.6819208860397339
0.6775742173194885
0.6763208508491516
Test Power of C2ST-L:  1.0
0.6916012167930603
0.6888824105262756
0.6787853240966797
0.6760355830192566
0.6752440333366394
Test Power of C2ST-L:  1.0
0.6918743848800659
0.6891726851463318
0.6787824034690857
0.6752667427062988
0.6745574474334717
Test Power of C2ST-L:  1.0
0.6927714943885803
0.6921574473381042
0.6828059554100037
0.6779226064682007
0.6772003769874573
Test Power of C2ST-L:  1.0
0.6923767328262329
0.6915331482887268
0.684666633605957
0.6766847372055054
0.674595832824707
Test Power of C2ST-L:  1.0
0.6920806169509888
0.6872907876968384
0.6752212047576904
0.6706578135490417
0.6698656678199768
Test Power of C2ST-L:  1.0
0.6915187835693359
0.6912254691123962
0.6899895071983337
0.6843553781509399
0.6812688112258911
Test Power of C2ST-L:  1.0
0.6912211179733276
0.6888250708580017
0.6812277436256409
0.6791115403175354
0.678429365158081
Test Power of C2ST-L:  1.0
0.6924087405204773
0.6915990710258484
0.6872328519821167
0.682694673538208
0.6819929480552673
Test Power of C2ST-L:  1.0
0.6913041472434998
0.6900002956390381
0.6831482648849487
0.6804909110069275
0.6798270344734192
Test Power of C2ST-L:  1.0
0.6911465525627136
0.6903873682022095
0.685317873954773
0.6832900047302246
0.6820042133331299
Test Power of C2ST-L:  1.0
0.6910714507102966
0.6879592537879944
0.6829047203063965
0.6814297437667847
0.680242657661438
Test Power of C2ST-L:  1.0
0.6922308802604675
0.6888172626495361
0.6816661953926086
0.6778555512428284
0.6772991418838501
Test Power of C2ST-L:  1.0
0.6912105679512024
0.6876803636550903
0.6812511682510376
0.6800326108932495
0.6787295341491699
Test Power of C2ST-L:  1.0
0.6914348602294922
0.6904363036155701
0.685092568397522
0.6819349527359009
0.6801512241363525
Test Power of C2ST-L:  1.0
0.6916158199310303
0.690278172492981
0.6853530406951904
0.6822232604026794
0.6819255352020264
Test Power of C2ST-L:  1.0
0.6923518776893616
0.6913661360740662
0.684272825717926
0.681632399559021
0.68043452501297
Test Power of C2ST-L:  1.0
0.6923801302909851
0.6919196844100952
0.6887614130973816
0.6841005086898804
0.6813052892684937
Test Power of C2ST-L:  1.0
0.692922830581665
0.6924998760223389
0.6876366138458252
0.6784073710441589
0.6772294044494629
Test Power of C2ST-L:  1.0
0.6924079656600952
0.6915487051010132
0.6861055493354797
0.6852564811706543
0.6849460601806641
Test Power of C2ST-L:  1.0
0.6911436915397644
0.6906488537788391
0.689691424369812
0.6842739582061768
0.6804858446121216
Test Power of C2ST-L:  1.0
0.6918116211891174
0.6895272135734558
0.6777567863464355
0.6760596632957458
0.6752828359603882
Test Power of C2ST-L:  1.0
0.6923804879188538
0.6911642551422119
0.6845335364341736
0.6787843704223633
0.6782323122024536
Test Power of C2ST-L:  1.0
0.6922404170036316
0.6905167102813721
0.6853023767471313
0.6813063621520996
0.6791921854019165
Test Power of C2ST-L:  1.0


=====================================================
Average test power at training size =  500  :  1.0
=====================================================


0.6955419778823853
0.6862096190452576
0.6819877624511719
0.6818965077400208
0.6815841197967529
Test Power of C2ST-L:  1.0
0.6928161382675171
0.682432234287262
0.6792400479316711
0.680822491645813
0.6813763380050659
Test Power of C2ST-L:  1.0
0.6948493719100952
0.6868005394935608
0.6825361251831055
0.6827818155288696
0.6839402914047241
Test Power of C2ST-L:  1.0
0.695433497428894
0.6867777705192566
0.6833174824714661
0.684782862663269
0.6846227049827576
Test Power of C2ST-L:  1.0
0.6951785683631897
0.6840510964393616
0.6802464723587036
0.6832522749900818
0.6845892071723938
Test Power of C2ST-L:  1.0
0.6929821968078613
0.6855014562606812
0.6834928393363953
0.6842846870422363
0.6845647096633911
Test Power of C2ST-L:  1.0
0.6946892738342285
0.689242422580719
0.6822898983955383
0.682650089263916
0.683986485004425
Test Power of C2ST-L:  1.0
0.6948381066322327
0.6851862668991089
0.6787784695625305
0.6791543960571289
0.6798937320709229
Test Power of C2ST-L:  1.0
0.6955234408378601
0.6892049312591553
0.6820539832115173
0.6830945611000061
0.683111310005188
Test Power of C2ST-L:  1.0
0.6946250200271606
0.6855753064155579
0.6789174675941467
0.6793882250785828
0.6783466935157776
Test Power of C2ST-L:  1.0
0.6946876645088196
0.6868524551391602
0.680735170841217
0.682170569896698
0.6823700666427612
Test Power of C2ST-L:  1.0
0.6952443718910217
0.686910092830658
0.6815677285194397
0.6849889159202576
0.6838838458061218
Test Power of C2ST-L:  1.0
0.6965826153755188
0.69021075963974
0.6863742470741272
0.6880506277084351
0.6882157325744629
Test Power of C2ST-L:  1.0
0.695298969745636
0.6889386177062988
0.6823886036872864
0.6824845671653748
0.6837278604507446
Test Power of C2ST-L:  1.0
0.6959399580955505
0.6872885823249817
0.6858099699020386
0.6859330534934998
0.6852405667304993
Test Power of C2ST-L:  1.0
0.6953639984130859
0.68768310546875
0.6815494894981384
0.6830766797065735
0.6835331916809082
Test Power of C2ST-L:  1.0
0.6956047415733337
0.6884817481040955
0.6813533306121826
0.681919515132904
0.6821677088737488
Test Power of C2ST-L:  1.0
0.6954666972160339
0.6884863972663879
0.682651162147522
0.6844533681869507
0.6832268238067627
Test Power of C2ST-L:  1.0
0.6938431262969971
0.6808497905731201
0.6762658953666687
0.6764855980873108
0.6780496835708618
Test Power of C2ST-L:  1.0
0.6965835094451904
0.6883949637413025
0.6845843195915222
0.6855278611183167
0.685190737247467
Test Power of C2ST-L:  1.0
0.6964226961135864
0.689754068851471
0.685392439365387
0.6836040019989014
0.683611273765564
Test Power of C2ST-L:  1.0
0.6935099363327026
0.6817167401313782
0.6771036982536316
0.6780543327331543
0.6790897846221924
Test Power of C2ST-L:  1.0
0.695661723613739
0.6875106692314148
0.683912992477417
0.68186354637146
0.6809415817260742
Test Power of C2ST-L:  1.0
0.6952164769172668
0.6866180300712585
0.6797356605529785
0.6811786890029907
0.6810719966888428
Test Power of C2ST-L:  1.0
0.6961268186569214
0.6899545788764954
0.6870847344398499
0.6883321404457092
0.689150333404541
Test Power of C2ST-L:  1.0
0.6953046917915344
0.686025857925415
0.680677592754364
0.6829257607460022
0.683197021484375
Test Power of C2ST-L:  1.0
0.6954011917114258
0.6888116598129272
0.6811968684196472
0.6813992261886597
0.6816462278366089
Test Power of C2ST-L:  1.0
0.6971161961555481
0.6902698278427124
0.6858083605766296
0.6860053539276123
0.6874455809593201
Test Power of C2ST-L:  1.0
0.6950850486755371
0.6849148869514465
0.6785764694213867
0.6792898178100586
0.675826370716095
Test Power of C2ST-L:  1.0
0.6942150592803955
0.6852946877479553
0.6802047491073608
0.6814391016960144
0.6813706159591675
Test Power of C2ST-L:  1.0
0.695489764213562
0.6886544823646545
0.6826984286308289
0.6829565167427063
0.6833658218383789
Test Power of C2ST-L:  1.0
0.6954767107963562
0.6858052015304565
0.6848986744880676
0.6870079040527344
0.6877007484436035
Test Power of C2ST-L:  1.0
0.6951310038566589
0.6875595450401306
0.682338535785675
0.6826704740524292
0.6840014457702637
Test Power of C2ST-L:  1.0
0.6954169273376465
0.6904940605163574
0.6810904145240784
0.6798880100250244
0.6793206930160522
Test Power of C2ST-L:  1.0
0.6957352757453918
0.6851364970207214
0.679875910282135
0.680782675743103
0.6795816421508789
Test Power of C2ST-L:  1.0
0.6959614157676697
0.6861268877983093
0.67897629737854
0.6807199120521545
0.6797080039978027
Test Power of C2ST-L:  1.0
0.6933332681655884
0.6881332993507385
0.6824607253074646
0.6819878220558167
0.6835317611694336
Test Power of C2ST-L:  1.0
0.6952789425849915
0.6861189007759094
0.6792358756065369
0.6800078749656677
0.6819418668746948
Test Power of C2ST-L:  1.0
0.6967191696166992
0.6905714273452759
0.6874271631240845
0.6880319118499756
0.6886853575706482
Test Power of C2ST-L:  1.0
0.6957849860191345
0.6880431175231934
0.6824495196342468
0.6830334663391113
0.6843180060386658
Test Power of C2ST-L:  1.0
0.6948825120925903
0.6881333589553833
0.6812185049057007
0.6828368902206421
0.6842585206031799
Test Power of C2ST-L:  1.0
0.6957564949989319
0.6898857355117798
0.6837384700775146
0.6843149662017822
0.6839682459831238
Test Power of C2ST-L:  1.0
0.695754885673523
0.6864654421806335
0.6817461252212524
0.6836349368095398
0.6826067566871643
Test Power of C2ST-L:  1.0
0.6966504454612732
0.6881954073905945
0.6859788298606873
0.6898719072341919
0.6890454292297363
Test Power of C2ST-L:  1.0
0.6947638392448425
0.6826178431510925
0.6772102117538452
0.6789708733558655
0.6799892783164978
Test Power of C2ST-L:  1.0
0.6927164793014526
0.6879178285598755
0.6838748455047607
0.6855890154838562
0.6870714426040649
Test Power of C2ST-L:  1.0
0.6936353445053101
0.6878430247306824
0.6819135546684265
0.6816278696060181
0.682870626449585
Test Power of C2ST-L:  1.0
0.6955975890159607
0.6904810667037964
0.6838020086288452
0.6840296983718872
0.6844546794891357
Test Power of C2ST-L:  1.0
0.6957541704177856
0.6868571043014526
0.6804942488670349
0.6823348999023438
0.6813161373138428
Test Power of C2ST-L:  1.0
0.6953779458999634
0.6836904287338257
0.6803541779518127
0.6817795634269714
0.68104088306427
Test Power of C2ST-L:  1.0
0.6946312785148621
0.6854327917098999
0.6814895272254944
0.6819512248039246
0.6838434934616089
Test Power of C2ST-L:  1.0
0.6943596005439758
0.6839630007743835
0.6767375469207764
0.6777030229568481
0.6783000826835632
Test Power of C2ST-L:  1.0
0.6956537961959839
0.6886549592018127
0.6823955774307251
0.6850833296775818
0.6850886940956116
Test Power of C2ST-L:  1.0
0.6950026750564575
0.6885421276092529
0.6832384467124939
0.68487948179245
0.684654712677002
Test Power of C2ST-L:  1.0
0.6960862874984741
0.6873047947883606
0.6789064407348633
0.6790009140968323
0.6791609525680542
Test Power of C2ST-L:  1.0
0.6941449642181396
0.6864767074584961
0.6851539611816406
0.6863769292831421
0.6881151795387268
Test Power of C2ST-L:  1.0
0.6951724290847778
0.6871377825737
0.6822411417961121
0.6831586360931396
0.6834346652030945
Test Power of C2ST-L:  1.0
0.6960859298706055
0.6884399652481079
0.6833751797676086
0.686688244342804
0.6853553652763367
Test Power of C2ST-L:  1.0
0.696091890335083
0.6876723766326904
0.6836045980453491
0.6854384541511536
0.6864113807678223
Test Power of C2ST-L:  1.0
0.6959386467933655
0.6886721253395081
0.6828792095184326
0.6817755103111267
0.6818748116493225
Test Power of C2ST-L:  1.0
0.696297824382782
0.687892496585846
0.6807741522789001
0.6820158958435059
0.6841990351676941
Test Power of C2ST-L:  1.0
0.6960238218307495
0.6888246536254883
0.683893620967865
0.6859804391860962
0.6868906021118164
Test Power of C2ST-L:  1.0
0.6963806748390198
0.6887832283973694
0.6844013929367065
0.6871026754379272
0.6879631280899048
Test Power of C2ST-L:  1.0
0.6940805912017822
0.6877052187919617
0.6827904582023621
0.6838523745536804
0.6842761039733887
Test Power of C2ST-L:  1.0
0.694344162940979
0.6878969073295593
0.684755802154541
0.6858696341514587
0.6860637068748474
Test Power of C2ST-L:  1.0
0.6961126327514648
0.6866804957389832
0.6811849474906921
0.6823824048042297
0.6849748492240906
Test Power of C2ST-L:  1.0
0.6955481171607971
0.6855965256690979
0.6795065402984619
0.6801773905754089
0.6819947957992554
Test Power of C2ST-L:  1.0
0.695203959941864
0.6876563429832458
0.6810847520828247
0.682900607585907
0.6838948726654053
Test Power of C2ST-L:  1.0
0.6911525130271912
0.6826769113540649
0.6784361600875854
0.6799476742744446
0.6793909668922424
Test Power of C2ST-L:  1.0
0.6963728070259094
0.6882117390632629
0.6820610165596008
0.6830382347106934
0.6840949058532715
Test Power of C2ST-L:  1.0
0.6956873536109924
0.6876347661018372
0.6858553290367126
0.6904110312461853
0.6896838545799255
Test Power of C2ST-L:  1.0
0.6954559683799744
0.6847161650657654
0.681701123714447
0.6827913522720337
0.6842196583747864
Test Power of C2ST-L:  1.0
0.6951923966407776
0.6876711249351501
0.6815679669380188
0.6819325685501099
0.6829972267150879
Test Power of C2ST-L:  1.0
0.6945545077323914
0.6862503886222839
0.6810038089752197
0.6810171604156494
0.6837287545204163
Test Power of C2ST-L:  1.0
0.6951289176940918
0.6868598461151123
0.6815316677093506
0.6810191869735718
0.6790940761566162
Test Power of C2ST-L:  1.0
0.6947923898696899
0.6884039044380188
0.6818391680717468
0.6837360858917236
0.6838645935058594
Test Power of C2ST-L:  1.0
0.6947500705718994
0.6882683634757996
0.6825199723243713
0.6844295263290405
0.6846718788146973
Test Power of C2ST-L:  1.0
0.6959089636802673
0.6902850866317749
0.6873594522476196
0.683687686920166
0.6840269565582275
Test Power of C2ST-L:  1.0
0.6953136324882507
0.6862215399742126
0.6808297038078308
0.6809542775154114
0.6815041303634644
Test Power of C2ST-L:  1.0
0.6953643560409546
0.6874055862426758
0.6795058846473694
0.6804194450378418
0.6807394623756409
Test Power of C2ST-L:  1.0
0.6958110332489014
0.6828725337982178
0.6794312000274658
0.6813850402832031
0.6809030175209045
Test Power of C2ST-L:  1.0
0.6951247453689575
0.6838419437408447
0.6797163486480713
0.6809486150741577
0.6816877722740173
Test Power of C2ST-L:  1.0
0.6955728530883789
0.6855791211128235
0.6791715621948242
0.6819019317626953
0.6804753541946411
Test Power of C2ST-L:  1.0
0.695681631565094
0.689708411693573
0.6836866140365601
0.683798611164093
0.6834139823913574
Test Power of C2ST-L:  1.0
0.6959683299064636
0.6857477426528931
0.6815288662910461
0.6810159683227539
0.6814915537834167
Test Power of C2ST-L:  1.0
0.6949162483215332
0.6829102635383606
0.6774634122848511
0.6807877421379089
0.6800281405448914
Test Power of C2ST-L:  1.0
0.6952412128448486
0.6840648055076599
0.6783633828163147
0.6802339553833008
0.6801295280456543
Test Power of C2ST-L:  1.0
0.6959538459777832
0.6861594915390015
0.6800222992897034
0.6803693771362305
0.6810240745544434
Test Power of C2ST-L:  1.0
0.6960094571113586
0.688533365726471
0.6810333132743835
0.6820473074913025
0.6821326613426208
Test Power of C2ST-L:  1.0
0.6961511373519897
0.6901957392692566
0.6836158037185669
0.6846720576286316
0.6845331788063049
Test Power of C2ST-L:  1.0
0.6959526538848877
0.6883417963981628
0.6832987666130066
0.6824745535850525
0.6829820275306702
Test Power of C2ST-L:  1.0
0.6960544586181641
0.6849251985549927
0.6782543659210205
0.6807105541229248
0.6816449165344238
Test Power of C2ST-L:  1.0
0.6964172124862671
0.6885265111923218
0.6827521324157715
0.683336079120636
0.6830037236213684
Test Power of C2ST-L:  1.0
0.694322407245636
0.6853698492050171
0.6813437342643738
0.6832016706466675
0.6832292675971985
Test Power of C2ST-L:  1.0
0.6942198872566223
0.6857497692108154
0.6814281940460205
0.6812801361083984
0.68262779712677
Test Power of C2ST-L:  1.0
0.6931567192077637
0.6871268153190613
0.6847673058509827
0.6855849623680115
0.6866437792778015
Test Power of C2ST-L:  1.0
0.6960479617118835
0.6873433589935303
0.6823944449424744
0.6819469928741455
0.6833286285400391
Test Power of C2ST-L:  1.0
0.6943826675415039
0.6886580586433411
0.6828292608261108
0.6821619272232056
0.6820930242538452
Test Power of C2ST-L:  1.0
0.6931716203689575
0.685551106929779
0.6783881187438965
0.6788702607154846
0.6820129752159119
Test Power of C2ST-L:  1.0
0.6951968669891357
0.6840874552726746
0.6775073409080505
0.6777129769325256
0.6779041886329651
Test Power of C2ST-L:  1.0


=====================================================
Average test power at training size =  750  :  1.0
=====================================================


0.6918021440505981
0.6868153214454651
0.684679388999939
0.6844086050987244
0.683391273021698
Test Power of C2ST-L:  1.0
0.6915120482444763
0.6833577752113342
0.6826732158660889
0.6828166842460632
0.6806412935256958
Test Power of C2ST-L:  1.0
0.6929721236228943
0.6864333748817444
0.6831138134002686
0.6841243505477905
0.6826061010360718
Test Power of C2ST-L:  1.0
0.6917216181755066
0.6819111704826355
0.6802448630332947
0.6800069212913513
0.6787968873977661
Test Power of C2ST-L:  1.0
0.6922695636749268
0.678479790687561
0.6767334938049316
0.6769507527351379
0.6758984327316284
Test Power of C2ST-L:  1.0
0.6923895478248596
0.6844133734703064
0.6815819144248962
0.6814627647399902
0.6798746585845947
Test Power of C2ST-L:  1.0
0.691630482673645
0.6853674054145813
0.6821006536483765
0.6823574900627136
0.6812350749969482
Test Power of C2ST-L:  1.0
0.6907090544700623
0.6828103065490723
0.6802458167076111
0.6812281012535095
0.6797597408294678
Test Power of C2ST-L:  1.0
0.6929799318313599
0.6844964623451233
0.6815213561058044
0.6816319823265076
0.6805281639099121
Test Power of C2ST-L:  1.0
0.6922144889831543
0.6854063868522644
0.6835020780563354
0.6839845776557922
0.6823090314865112
Test Power of C2ST-L:  1.0
0.6907032132148743
0.6825811266899109
0.6803275346755981
0.680185079574585
0.6791045665740967
Test Power of C2ST-L:  1.0
0.6923615336418152
0.6869301199913025
0.6853582859039307
0.6850365996360779
0.6835004687309265
Test Power of C2ST-L:  1.0
0.6929395794868469
0.6870754361152649
0.685269296169281
0.6855477094650269
0.6842885613441467
Test Power of C2ST-L:  1.0
0.692058265209198
0.6839131712913513
0.682166337966919
0.6833232641220093
0.6815661191940308
Test Power of C2ST-L:  1.0
0.6928006410598755
0.6851456165313721
0.6830838918685913
0.683836042881012
0.6822673678398132
Test Power of C2ST-L:  1.0
0.692493200302124
0.6917845010757446
0.6892345547676086
0.688920259475708
0.6870506405830383
Test Power of C2ST-L:  1.0
0.6925852298736572
0.6859113574028015
0.6815260648727417
0.6817907691001892
0.6803803443908691
Test Power of C2ST-L:  1.0
0.692456066608429
0.6858345866203308
0.6841941475868225
0.684712290763855
0.6835658550262451
Test Power of C2ST-L:  1.0
0.6926745176315308
0.6875649094581604
0.6860489845275879
0.6855283379554749
0.683914065361023
Test Power of C2ST-L:  1.0
0.6928781270980835
0.6845679879188538
0.6825804114341736
0.6817014813423157
0.6802852153778076
Test Power of C2ST-L:  1.0
0.6906061172485352
0.6823306083679199
0.6791509985923767
0.679370105266571
0.6781322360038757
Test Power of C2ST-L:  1.0
0.692318856716156
0.6832700371742249
0.6807804107666016
0.6812223196029663
0.6803315877914429
Test Power of C2ST-L:  1.0
0.6915281414985657
0.6811742186546326
0.6794723868370056
0.6801400184631348
0.6784843802452087
Test Power of C2ST-L:  1.0
0.691262423992157
0.6799054145812988
0.6790316700935364
0.6793854236602783
0.6781498193740845
Test Power of C2ST-L:  1.0
0.6909430623054504
0.6820182204246521
0.6791762113571167
0.6790308952331543
0.6780070662498474
Test Power of C2ST-L:  1.0
0.6914443969726562
0.6820328235626221
0.6793112754821777
0.6795262694358826
0.6781123876571655
Test Power of C2ST-L:  1.0
0.6926112771034241
0.6830460429191589
0.6794220805168152
0.6802037358283997
0.6787248253822327
Test Power of C2ST-L:  1.0
0.6928468346595764
0.6855615973472595
0.6821826696395874
0.682040810585022
0.6808428764343262
Test Power of C2ST-L:  1.0
0.6929164528846741
0.686402440071106
0.6813238859176636
0.6819832921028137
0.6801163554191589
Test Power of C2ST-L:  1.0
0.6922341585159302
0.6880612969398499
0.6831077933311462
0.6826825737953186
0.6809803247451782
Test Power of C2ST-L:  1.0
0.691101610660553
0.6836415529251099
0.6827471852302551
0.684690535068512
0.6822713017463684
Test Power of C2ST-L:  1.0
0.6923871636390686
0.6876826882362366
0.6854976415634155
0.6854472756385803
0.6840729713439941
Test Power of C2ST-L:  1.0
0.6903637647628784
0.6801524758338928
0.6785919070243835
0.6783985495567322
0.6777592301368713
Test Power of C2ST-L:  1.0
0.6899318099021912
0.6798121929168701
0.6788010597229004
0.679377019405365
0.6778180599212646
Test Power of C2ST-L:  1.0
0.6926639080047607
0.685804545879364
0.6833521127700806
0.6838456988334656
0.6823548078536987
Test Power of C2ST-L:  1.0
0.6919971108436584
0.6836553812026978
0.6810576319694519
0.6804903745651245
0.6786165237426758
Test Power of C2ST-L:  1.0
0.6930249929428101
0.6881295442581177
0.6840609312057495
0.6843259930610657
0.6825169324874878
Test Power of C2ST-L:  1.0
0.6920498013496399
0.6807277798652649
0.678503155708313
0.6784764528274536
0.677314281463623
Test Power of C2ST-L:  1.0
0.6924882531166077
0.6810758709907532
0.6790290474891663
0.6802345514297485
0.6778438687324524
Test Power of C2ST-L:  1.0
0.6915680766105652
0.6847512722015381
0.6808767914772034
0.6810008883476257
0.679054856300354
Test Power of C2ST-L:  1.0
0.6924676299095154
0.6822729110717773
0.6798977851867676
0.6806429028511047
0.6789928078651428
Test Power of C2ST-L:  1.0
0.6928187012672424
0.6853259205818176
0.6824579834938049
0.6830919981002808
0.6817566752433777
Test Power of C2ST-L:  1.0
0.6926391124725342
0.6851413249969482
0.6817836761474609
0.6829379200935364
0.6812154054641724
Test Power of C2ST-L:  1.0
0.6907583475112915
0.6853286623954773
0.6835718154907227
0.6821346879005432
0.6805709004402161
Test Power of C2ST-L:  1.0
0.6918991804122925
0.6854926347732544
0.6834833025932312
0.6833093762397766
0.6815778017044067
Test Power of C2ST-L:  1.0
0.6917275190353394
0.6854038238525391
0.6850828528404236
0.6859299540519714
0.6840117573738098
Test Power of C2ST-L:  1.0
0.6924927234649658
0.6847116947174072
0.6801625490188599
0.6809822916984558
0.6788790225982666
Test Power of C2ST-L:  1.0
0.6915420889854431
0.6814871430397034
0.6782437562942505
0.6781513094902039
0.6773370504379272
Test Power of C2ST-L:  1.0
0.6920721530914307
0.6830182671546936
0.6815872192382812
0.6825451850891113
0.6805173754692078
Test Power of C2ST-L:  1.0
0.6913460493087769
0.6812865734100342
0.6802441477775574
0.6817038655281067
0.6794655919075012
Test Power of C2ST-L:  1.0
0.6922643780708313
0.6782721877098083
0.6770780682563782
0.6776909232139587
0.67626953125
Test Power of C2ST-L:  1.0
0.6927997469902039
0.6855043172836304
0.6841636300086975
0.6849064826965332
0.6832451820373535
Test Power of C2ST-L:  1.0
0.6926152110099792
0.6840050220489502
0.6811767816543579
0.6815437078475952
0.6802089810371399
Test Power of C2ST-L:  1.0
0.6913321018218994
0.680754542350769
0.6801273822784424
0.6801934242248535
0.6791437268257141
Test Power of C2ST-L:  1.0
0.6900639533996582
0.6804085373878479
0.6786069273948669
0.678475022315979
0.6772287487983704
Test Power of C2ST-L:  1.0
0.6924006342887878
0.6861855387687683
0.6813684105873108
0.6814188957214355
0.6805258989334106
Test Power of C2ST-L:  1.0
0.6929066777229309
0.6856977343559265
0.6846667528152466
0.6853760480880737
0.6836863160133362
Test Power of C2ST-L:  1.0
0.692800760269165
0.6869090795516968
0.684717059135437
0.6844022274017334
0.6828378438949585
Test Power of C2ST-L:  1.0
0.6912760734558105
0.6789536476135254
0.6764960289001465
0.6757082939147949
0.6750120520591736
Test Power of C2ST-L:  1.0
0.6905231475830078
0.6783193349838257
0.6758185625076294
0.6773986220359802
0.6753004193305969
Test Power of C2ST-L:  1.0
0.6911858916282654
0.6805115938186646
0.6794484257698059
0.6803834438323975
0.6781706213951111
Test Power of C2ST-L:  1.0
0.6928567290306091
0.6863831877708435
0.6838756203651428
0.68369060754776
0.6821730732917786
Test Power of C2ST-L:  1.0
0.6912932395935059
0.6822708249092102
0.6813241839408875
0.6819967031478882
0.6807786226272583
Test Power of C2ST-L:  1.0
0.6930804252624512
0.6837571859359741
0.6789931058883667
0.6789609789848328
0.6776750087738037
Test Power of C2ST-L:  1.0
0.6926689743995667
0.6831873655319214
0.6797770857810974
0.6800854206085205
0.679049551486969
Test Power of C2ST-L:  1.0
0.6918361186981201
0.6838263273239136
0.6826193332672119
0.6821513175964355
0.6808327436447144
Test Power of C2ST-L:  1.0
0.6926450729370117
0.6850593090057373
0.6821199655532837
0.6821199059486389
0.6810857057571411
Test Power of C2ST-L:  1.0
0.6926668882369995
0.6875017285346985
0.6845734715461731
0.6853323578834534
0.6833781599998474
Test Power of C2ST-L:  1.0
0.6909230351448059
0.6821048855781555
0.6800145506858826
0.6804414391517639
0.6790565848350525
Test Power of C2ST-L:  1.0
0.6923002600669861
0.6836774349212646
0.6811122894287109
0.6810915470123291
0.6797631978988647
Test Power of C2ST-L:  1.0
0.6920933723449707
0.6829465627670288
0.6805919408798218
0.6810261011123657
0.6792297959327698
Test Power of C2ST-L:  1.0
0.69236159324646
0.6828535199165344
0.6811046004295349
0.6820276975631714
0.6802709102630615
Test Power of C2ST-L:  1.0
0.6922425627708435
0.6810116171836853
0.6792539358139038
0.6798102855682373
0.6784585118293762
Test Power of C2ST-L:  1.0
0.6927427053451538
0.683034360408783
0.6809544563293457
0.681799054145813
0.6800240278244019
Test Power of C2ST-L:  1.0
0.6927906274795532
0.6865024566650391
0.6850427985191345
0.6854705810546875
0.6845095157623291
Test Power of C2ST-L:  1.0
0.6925163865089417
0.6877771019935608
0.6843403577804565
0.6848323941230774
0.6833704710006714
Test Power of C2ST-L:  1.0
0.6925312876701355
0.6881387829780579
0.6858840584754944
0.6863415241241455
0.6849504709243774
Test Power of C2ST-L:  1.0
0.6926532983779907
0.6871457695960999
0.6832034587860107
0.6827605366706848
0.681701123714447
Test Power of C2ST-L:  1.0
0.6927158832550049
0.6844107508659363
0.6821865439414978
0.6809656023979187
0.6796793341636658
Test Power of C2ST-L:  1.0
0.687852680683136
0.680660605430603
0.6780716776847839
0.6781136989593506
0.676834225654602
Test Power of C2ST-L:  1.0
0.6915797591209412
0.6874021291732788
0.6855664253234863
0.6857340335845947
0.6841112375259399
Test Power of C2ST-L:  1.0
0.6922398805618286
0.6855491399765015
0.6822375059127808
0.6825599074363708
0.6813372373580933
Test Power of C2ST-L:  1.0
0.6923739910125732
0.6849353313446045
0.682239294052124
0.6827186346054077
0.6813443899154663
Test Power of C2ST-L:  1.0
0.693215012550354
0.6872611045837402
0.6839503049850464
0.6842707395553589
0.6829305291175842
Test Power of C2ST-L:  1.0
0.6929591298103333
0.685063898563385
0.6816123127937317
0.6821303367614746
0.6806439161300659
Test Power of C2ST-L:  1.0
0.6921136975288391
0.6839638948440552
0.6812715530395508
0.682049036026001
0.6803104877471924
Test Power of C2ST-L:  1.0
0.6917256712913513
0.6798837184906006
0.677706241607666
0.677705705165863
0.6766530871391296
Test Power of C2ST-L:  1.0
0.6933794617652893
0.6911335587501526
0.6858026385307312
0.6859140992164612
0.6842086911201477
Test Power of C2ST-L:  1.0
0.6902731657028198
0.6808324456214905
0.6796448230743408
0.680575430393219
0.6789807081222534
Test Power of C2ST-L:  1.0
0.6929439306259155
0.6856324076652527
0.6840634346008301
0.685644268989563
0.6832130551338196
Test Power of C2ST-L:  1.0
0.692429780960083
0.6822230219841003
0.6790149211883545
0.6793245077133179
0.6778262853622437
Test Power of C2ST-L:  1.0
0.6927021741867065
0.6826974749565125
0.6804341077804565
0.6814068555831909
0.6798053979873657
Test Power of C2ST-L:  1.0
0.6908134818077087
0.6802006363868713
0.6783641576766968
0.6785731911659241
0.6778467893600464
Test Power of C2ST-L:  1.0
0.6923642158508301
0.6846965551376343
0.6830278635025024
0.6843510866165161
0.6820849776268005
Test Power of C2ST-L:  1.0
0.6898737549781799
0.6821607947349548
0.681404709815979
0.6813104152679443
0.6800588369369507
Test Power of C2ST-L:  1.0
0.6907767653465271
0.6798248887062073
0.679101824760437
0.6798543930053711
0.6785346269607544
Test Power of C2ST-L:  1.0
0.6922333240509033
0.6827635765075684
0.6815311312675476
0.6818870902061462
0.6804506182670593
Test Power of C2ST-L:  1.0
0.6919889450073242
0.6817924976348877
0.6787000894546509
0.6791962385177612
0.6781812906265259
Test Power of C2ST-L:  1.0
0.6914861798286438
0.6827009320259094
0.6802219152450562
0.6797952651977539
0.6787562370300293
Test Power of C2ST-L:  1.0
0.6921398639678955
0.6820109486579895
0.6808639168739319
0.681769609451294
0.6798268556594849
Test Power of C2ST-L:  1.0


=====================================================
Average test power at training size =  1000  :  1.0
=====================================================


0.6914017796516418
0.6850716471672058
0.6824120283126831
0.6821303963661194
0.6821322441101074
Test Power of C2ST-L:  1.0
0.6919193267822266
0.6824606657028198
0.6807965040206909
0.6804617643356323
0.6804360151290894
Test Power of C2ST-L:  1.0
0.6896021962165833
0.682131290435791
0.6811044216156006
0.680736243724823
0.6807137727737427
Test Power of C2ST-L:  1.0
0.687660813331604
0.6850205659866333
0.6817147731781006
0.6808010339736938
0.6802945733070374
Test Power of C2ST-L:  1.0
0.692267119884491
0.686804473400116
0.6831990480422974
0.682797908782959
0.682769238948822
Test Power of C2ST-L:  1.0
0.6924732327461243
0.6838626265525818
0.68204665184021
0.6820406913757324
0.6819415092468262
Test Power of C2ST-L:  1.0
0.6919715404510498
0.6871046423912048
0.682364284992218
0.6817688941955566
0.6815128922462463
Test Power of C2ST-L:  1.0
0.6839374899864197
0.6811624765396118
0.6794450283050537
0.6793228983879089
0.6790584325790405
Test Power of C2ST-L:  1.0
0.6899619698524475
0.6852145791053772
0.6813344955444336
0.6810820698738098
0.6807787418365479
Test Power of C2ST-L:  1.0
0.693041980266571
0.6860688328742981
0.6831240653991699
0.6827971339225769
0.6829090714454651
Test Power of C2ST-L:  1.0
0.6886919140815735
0.6801352500915527
0.6783453822135925
0.6780272722244263
0.6777594685554504
Test Power of C2ST-L:  1.0
0.6929874420166016
0.688057541847229
0.6844040751457214
0.6840111613273621
0.6839984655380249
Test Power of C2ST-L:  1.0
0.6906600594520569
0.6803140640258789
0.6790159940719604
0.6788222789764404
0.6792258024215698
Test Power of C2ST-L:  1.0
0.691640317440033
0.6814051866531372
0.6802319288253784
0.6797701120376587
0.6793935894966125
Test Power of C2ST-L:  1.0
0.6838458776473999
0.6826562881469727
0.679686427116394
0.6788067817687988
0.6785855889320374
Test Power of C2ST-L:  1.0
0.6916669607162476
0.6842190623283386
0.6822782158851624
0.6817976236343384
0.6815123558044434
Test Power of C2ST-L:  1.0
0.6871352791786194
0.6823283433914185
0.6806507706642151
0.6801374554634094
0.6799229383468628
Test Power of C2ST-L:  1.0
0.6915960907936096
0.684569239616394
0.6819082498550415
0.6809645295143127
0.6805868744850159
Test Power of C2ST-L:  1.0
0.6890565752983093
0.6830803155899048
0.6816310882568359
0.6813406944274902
0.6810786128044128
Test Power of C2ST-L:  1.0
0.6915446519851685
0.6815886497497559
0.680159866809845
0.6797696948051453
0.6797059774398804
Test Power of C2ST-L:  1.0
0.6855491995811462
0.6804785132408142
0.6788312792778015
0.6781290769577026
0.6777567863464355
Test Power of C2ST-L:  1.0
0.6913378238677979
0.6866915822029114
0.6826979517936707
0.6827054619789124
0.6824660301208496
Test Power of C2ST-L:  1.0
0.6865900158882141
0.681302547454834
0.6796994209289551
0.6794967651367188
0.6792286038398743
Test Power of C2ST-L:  1.0
0.6907811760902405
0.6857687830924988
0.6839310526847839
0.6830454468727112
0.6827223300933838
Test Power of C2ST-L:  1.0
0.6921055912971497
0.6869465708732605
0.6845343708992004
0.6840478181838989
0.6837583780288696
Test Power of C2ST-L:  1.0
0.6928499341011047
0.687744677066803
0.6848206520080566
0.6842550039291382
0.6841896176338196
Test Power of C2ST-L:  1.0
0.6913881897926331
0.6841393113136292
0.6816912889480591
0.6813482642173767
0.6810345649719238
Test Power of C2ST-L:  1.0
0.6925554871559143
0.6883286833763123
0.685797929763794
0.6857382655143738
0.6859480142593384
Test Power of C2ST-L:  1.0
0.6916746497154236
0.6821562051773071
0.6808410882949829
0.6806115508079529
0.6804931163787842
Test Power of C2ST-L:  1.0
0.6913955211639404
0.6829240918159485
0.6805418729782104
0.6799150109291077
0.6795269250869751
Test Power of C2ST-L:  1.0
0.6891886591911316
0.6815140843391418
0.6801974773406982
0.6800409555435181
0.6798357367515564
Test Power of C2ST-L:  1.0
0.6920893788337708
0.6858457326889038
0.6807658076286316
0.6803286075592041
0.6796718835830688
Test Power of C2ST-L:  1.0
0.6921499967575073
0.6837921738624573
0.6812806725502014
0.6809112429618835
0.6806297302246094
Test Power of C2ST-L:  1.0
0.6905065178871155
0.6849517226219177
0.6821241974830627
0.6817282438278198
0.6818948984146118
Test Power of C2ST-L:  1.0
0.6924113631248474
0.6861675381660461
0.6839345693588257
0.6839177012443542
0.6833152174949646
Test Power of C2ST-L:  1.0
0.6901552081108093
0.6876338124275208
0.6832509636878967
0.6829009652137756
0.6827194094657898
Test Power of C2ST-L:  1.0
0.6919092535972595
0.6866954565048218
0.6840366125106812
0.6839795112609863
0.6836360096931458
Test Power of C2ST-L:  1.0
0.6923997402191162
0.6853273510932922
0.6831904649734497
0.6827677488327026
0.6825804114341736
Test Power of C2ST-L:  1.0
0.6886997818946838
0.6800022721290588
0.6785640716552734
0.6780223250389099
0.677836000919342
Test Power of C2ST-L:  1.0
0.6925227642059326
0.6861804723739624
0.6827241778373718
0.682456910610199
0.6823905110359192
Test Power of C2ST-L:  1.0
0.6918490529060364
0.6842466592788696
0.6815798282623291
0.6815364360809326
0.6815354228019714
Test Power of C2ST-L:  1.0
0.6854755878448486
0.682429313659668
0.67903733253479
0.6787464022636414
0.6784892678260803
Test Power of C2ST-L:  1.0
0.6877622008323669
0.6814711093902588
0.6800603270530701
0.6797999143600464
0.6797237992286682
Test Power of C2ST-L:  1.0
0.6869861483573914
0.685064971446991
0.6826592087745667
0.6821936368942261
0.6820037364959717
Test Power of C2ST-L:  1.0
0.6894758343696594
0.6822893023490906
0.6806475520133972
0.6805487275123596
0.6804644465446472
Test Power of C2ST-L:  1.0
0.6855078935623169
0.6852750778198242
0.6820388436317444
0.6817700862884521
0.6816088557243347
Test Power of C2ST-L:  1.0
0.6921974420547485
0.6884165406227112
0.6853946447372437
0.6849996447563171
0.685075581073761
Test Power of C2ST-L:  1.0
0.6860278248786926
0.6812686324119568
0.6793252825737
0.6794751882553101
0.6789098978042603
Test Power of C2ST-L:  1.0
0.6897217035293579
0.684331476688385
0.6817320585250854
0.6814149618148804
0.6811647415161133
Test Power of C2ST-L:  1.0
0.6877323985099792
0.6849440336227417
0.6821343898773193
0.681871771812439
0.6819876432418823
Test Power of C2ST-L:  1.0
0.6913816332817078
0.6851632595062256
0.6832972764968872
0.6822065711021423
0.6819337606430054
Test Power of C2ST-L:  1.0
0.6891303062438965
0.6835708022117615
0.6815632581710815
0.6814260482788086
0.6812548041343689
Test Power of C2ST-L:  1.0
0.6891010403633118
0.6835691928863525
0.6818003058433533
0.6816550493240356
0.6814672946929932
Test Power of C2ST-L:  1.0
0.6872541308403015
0.680554986000061
0.6795139312744141
0.6792829036712646
0.6791461706161499
Test Power of C2ST-L:  1.0
0.690742015838623
0.6861274242401123
0.6826310753822327
0.6820801496505737
0.6817048788070679
Test Power of C2ST-L:  1.0
0.6882912516593933
0.679247260093689
0.6778344511985779
0.6770400404930115
0.67642742395401
Test Power of C2ST-L:  1.0
0.6884785890579224
0.683795154094696
0.6821131706237793
0.6819734573364258
0.6818863749504089
Test Power of C2ST-L:  1.0
0.6925026178359985
0.6831658482551575
0.6816684603691101
0.6813837885856628
0.680901050567627
Test Power of C2ST-L:  1.0
0.6843158006668091
0.6807445287704468
0.6769105792045593
0.6766469478607178
0.6766788959503174
Test Power of C2ST-L:  1.0
0.690849244594574
0.6841448545455933
0.6811176538467407
0.6807147264480591
0.6807391047477722
Test Power of C2ST-L:  1.0
0.6901384592056274
0.6856875419616699
0.6832108497619629
0.6828093528747559
0.6826202273368835
Test Power of C2ST-L:  1.0
0.6905651092529297
0.6865487098693848
0.6820516586303711
0.6818163990974426
0.6817421317100525
Test Power of C2ST-L:  1.0
0.6880592703819275
0.6835756301879883
0.6814565062522888
0.681093692779541
0.6807225346565247
Test Power of C2ST-L:  1.0
0.69049471616745
0.6851654648780823
0.6814363598823547
0.681419849395752
0.6815057396888733
Test Power of C2ST-L:  1.0
0.691087543964386
0.6860836148262024
0.6835315823554993
0.6830744743347168
0.6831226348876953
Test Power of C2ST-L:  1.0
0.6925756335258484
0.6874909996986389
0.6825133562088013
0.6820197701454163
0.6819507479667664
Test Power of C2ST-L:  1.0
0.6924993395805359
0.6809882521629333
0.680178165435791
0.6800115704536438
0.6796017289161682
Test Power of C2ST-L:  1.0
0.6902511715888977
0.6831747889518738
0.6812925338745117
0.6809297204017639
0.6807796359062195
Test Power of C2ST-L:  1.0
0.6906102299690247
0.6807557940483093
0.6792190670967102
0.6790696978569031
0.6787006855010986
Test Power of C2ST-L:  1.0
0.6918579339981079
0.6816712617874146
0.6813010573387146
0.6811824440956116
0.6809985637664795
Test Power of C2ST-L:  1.0
0.6904736161231995
0.6841700673103333
0.6821845769882202
0.6817003488540649
0.6812165975570679
Test Power of C2ST-L:  1.0
0.6865711212158203
0.6795092225074768
0.679141640663147
0.6785047650337219
0.6783186197280884
Test Power of C2ST-L:  1.0
0.6894416213035583
0.6811991930007935
0.6791412830352783
0.6787554621696472
0.6783377528190613
Test Power of C2ST-L:  1.0
0.6920225024223328
0.6860957145690918
0.6828290820121765
0.6824020743370056
0.6822166442871094
Test Power of C2ST-L:  1.0
0.6868687272071838
0.6826769113540649
0.6811180114746094
0.6807978749275208
0.6805995106697083
Test Power of C2ST-L:  1.0
0.6925128102302551
0.6863119602203369
0.684248149394989
0.6841261386871338
0.6842659115791321
Test Power of C2ST-L:  1.0
0.6914186477661133
0.6822276711463928
0.6809307336807251
0.6803771257400513
0.6800534129142761
Test Power of C2ST-L:  1.0
0.6920852661132812
0.6865007877349854
0.6842377185821533
0.6837173700332642
0.6834895610809326
Test Power of C2ST-L:  1.0
0.6857928037643433
0.6853098273277283
0.6811763644218445
0.6806672811508179
0.680385947227478
Test Power of C2ST-L:  1.0
0.692933976650238
0.6862229704856873
0.683715283870697
0.6834644079208374
0.6835301518440247
Test Power of C2ST-L:  1.0
0.692192554473877
0.6858474016189575
0.6831445097923279
0.6829031705856323
0.6827888488769531
Test Power of C2ST-L:  1.0
0.6929393410682678
0.6869696378707886
0.6818612813949585
0.6814097762107849
0.6816047430038452
Test Power of C2ST-L:  1.0
0.6889148950576782
0.6837364435195923
0.6813562512397766
0.6809729337692261
0.6806002855300903
Test Power of C2ST-L:  1.0
0.6918426752090454
0.6835441589355469
0.6811826825141907
0.6808918118476868
0.6811388731002808
Test Power of C2ST-L:  1.0
0.689585268497467
0.6829702854156494
0.6803336143493652
0.6802438497543335
0.6800134778022766
Test Power of C2ST-L:  1.0
0.6851167678833008
0.6799712777137756
0.678440511226654
0.6780608892440796
0.6780073046684265
Test Power of C2ST-L:  1.0
0.6909055113792419
0.6815834045410156
0.6792827844619751
0.6790981888771057
0.6791563630104065
Test Power of C2ST-L:  1.0
0.6902887225151062
0.682473361492157
0.6817247271537781
0.6814560294151306
0.68158358335495
Test Power of C2ST-L:  1.0
0.6907918453216553
0.6846902966499329
0.6819967031478882
0.6814122796058655
0.6811219453811646
Test Power of C2ST-L:  1.0
0.6928455829620361
0.6900237798690796
0.68660968542099
0.6863992214202881
0.68654865026474
Test Power of C2ST-L:  1.0
0.6849104762077332
0.6793199181556702
0.6769403219223022
0.6763436794281006
0.6759597659111023
Test Power of C2ST-L:  1.0
0.6924786567687988
0.6822143793106079
0.6811838150024414
0.6814888119697571
0.6802451014518738
Test Power of C2ST-L:  1.0
0.6920561790466309
0.6859292984008789
0.6834864020347595
0.6831201910972595
0.682868480682373
Test Power of C2ST-L:  1.0
0.6899336576461792
0.6819069981575012
0.6799739599227905
0.6793236136436462
0.6787949800491333
Test Power of C2ST-L:  1.0
0.6864639520645142
0.6822811961174011
0.6782468557357788
0.677903413772583
0.6772952675819397
Test Power of C2ST-L:  1.0
0.6920883655548096
0.6843687295913696
0.6808314919471741
0.680762767791748
0.6803537607192993
Test Power of C2ST-L:  1.0
0.6878337860107422
0.6822316646575928
0.6806047558784485
0.6803734302520752
0.6803693175315857
Test Power of C2ST-L:  1.0
0.687340259552002
0.6847948431968689
0.6814221143722534
0.6811344027519226
0.6809059977531433
Test Power of C2ST-L:  1.0
0.6855881214141846
0.6819199919700623
0.680275559425354
0.6802129149436951
0.6802099943161011
Test Power of C2ST-L:  1.0
0.6925290822982788
0.6864146590232849
0.6837122440338135
0.6837316155433655
0.6836631298065186
Test Power of C2ST-L:  1.0


=====================================================
Average test power at training size =  1250  :  1.0
=====================================================



-----------------------------------------------

Finished with execution of c2st_HDGM.py script

-----------------------------------------------

Job ID           : 54971841
Cluster          : spartan
User/Project     : xunyet/punim2112
Nodes            : 1
Wall-clock time  : 03:15:32 / 1-00:00:00

Displaying overall resources usage from 2024-01-08 11:01:47 to 2024-01-08 14:17:19:

NODE            CPU#        TOT%   ( USR   / SYS   / WIO   / IDLE  ) 

spartan-gpgpu078 : 
                CPU# 1    : 26.6   (  26.4 /   0.2 /   0.0 /  73.4 ) 
                CPU# 2    : 21.5   (  21.4 /   0.2 /   0.0 /  78.5 ) 
                CPU# 3    : 23.3   (  23.1 /   0.2 /   0.0 /  76.7 ) 
                CPU# 4    : 28.6   (  28.4 /   0.2 /   0.0 /  71.4 ) 

                GPU# 1    : 12.2  


Allocated CPUs            : 4    
  CPUs with usage <25%    : 2    
  CPUs with usage <50%    : 2    
  CPUs with usage >50%    : 0    


Allocated GPUs            : 1    
  GPUs with usage <25%    : 1    
  GPUs with usage <50%    : 0    
  GPUs with usage >50%    : 0    

Memory used (RAM)         : 27.2%  [2335MB of 8590MB]

--------------------------------------------

